[0.024s] Invoking command in '/home/yue/robot/build/handpose_publisher': CMAKE_PREFIX_PATH=/opt/ros/humble /usr/bin/cmake /home/yue/robot/src/handpose_publisher -DCMAKE_INSTALL_PREFIX=/home/yue/robot/install/handpose_publisher
[0.211s] -- The C compiler identification is GNU 11.4.0
[0.348s] -- The CXX compiler identification is GNU 11.4.0
[0.366s] -- Detecting C compiler ABI info
[0.534s] -- Detecting C compiler ABI info - done
[0.562s] -- Check for working C compiler: /usr/bin/cc - skipped
[0.634s] -- Detecting C compile features
[0.635s] -- Detecting C compile features - done
[0.646s] -- Detecting CXX compiler ABI info
[0.832s] -- Detecting CXX compiler ABI info - done
[0.853s] -- Check for working CXX compiler: /usr/bin/c++ - skipped
[0.854s] -- Detecting CXX compile features
[0.854s] -- Detecting CXX compile features - done
[0.927s] -- Found ament_cmake: 1.3.12 (/opt/ros/humble/share/ament_cmake/cmake)
[1.285s] -- Found Python3: /usr/bin/python3 (found version "3.10.12") found components: Interpreter 
[1.491s] -- Found rclcpp: 16.0.15 (/opt/ros/humble/share/rclcpp/cmake)
[1.583s] -- Found rosidl_generator_c: 3.1.7 (/opt/ros/humble/share/rosidl_generator_c/cmake)
[1.592s] -- Found rosidl_adapter: 3.1.7 (/opt/ros/humble/share/rosidl_adapter/cmake)
[1.607s] -- Found rosidl_generator_cpp: 3.1.7 (/opt/ros/humble/share/rosidl_generator_cpp/cmake)
[1.634s] -- Using all available rosidl_typesupport_c: rosidl_typesupport_fastrtps_c;rosidl_typesupport_introspection_c
[1.663s] -- Using all available rosidl_typesupport_cpp: rosidl_typesupport_fastrtps_cpp;rosidl_typesupport_introspection_cpp
[1.747s] -- Found rmw_implementation_cmake: 6.1.2 (/opt/ros/humble/share/rmw_implementation_cmake/cmake)
[1.751s] -- Found rmw_fastrtps_cpp: 6.2.8 (/opt/ros/humble/share/rmw_fastrtps_cpp/cmake)
[1.929s] -- Found OpenSSL: /usr/lib/aarch64-linux-gnu/libcrypto.so (found version "3.0.2")  
[1.984s] -- Found FastRTPS: /opt/ros/humble/include  
[2.078s] -- Using RMW implementation 'rmw_fastrtps_cpp' as default
[2.092s] -- Looking for pthread.h
[2.266s] -- Looking for pthread.h - found
[2.267s] -- Performing Test CMAKE_HAVE_LIBC_PTHREAD
[2.447s] -- Performing Test CMAKE_HAVE_LIBC_PTHREAD - Success
[2.450s] -- Found Threads: TRUE  
[2.621s] -- Found geometry_msgs: 4.9.0 (/opt/ros/humble/share/geometry_msgs/cmake)
[2.651s] -- Found rosidl_default_generators: 1.2.0 (/opt/ros/humble/share/rosidl_default_generators/cmake)
[3.434s] -- Found ament_cmake_ros: 0.10.0 (/opt/ros/humble/share/ament_cmake_ros/cmake)
[4.498s] -- Using all available rosidl_typesupport_c: rosidl_typesupport_fastrtps_c;rosidl_typesupport_introspection_c
[4.925s] -- Using all available rosidl_typesupport_cpp: rosidl_typesupport_fastrtps_cpp;rosidl_typesupport_introspection_cpp
[5.010s] -- Found PythonInterp: /usr/bin/python3 (found suitable version "3.10.12", minimum required is "3.6") 
[5.014s] -- Found python_cmake_module: 0.10.0 (/opt/ros/humble/share/python_cmake_module/cmake)
[5.083s] -- Found PythonLibs: /usr/lib/aarch64-linux-gnu/libpython3.10.so (found suitable version "3.10.12", minimum required is "3.5") 
[5.084s] -- Using PYTHON_EXECUTABLE: /usr/bin/python3
[5.084s] -- Using PYTHON_INCLUDE_DIRS: /usr/include/python3.10
[5.085s] -- Using PYTHON_LIBRARIES: /usr/lib/aarch64-linux-gnu/libpython3.10.so
[5.133s] -- Found PythonExtra: .so  
[5.295s] -- LEAP_INCLUDE = /opt/ultraleap/LeapSDK/include
[5.295s] -- LEAP_LIBDIR  = /opt/ultraleap/LeapSDK/lib
[5.296s] -- Found LeapC include: /opt/ultraleap/LeapSDK/include
[5.296s] -- Found LeapC library: /opt/ultraleap/LeapSDK/lib/libLeapC.so
[5.315s] -- Configuring done
[5.397s] -- Generating done
[5.422s] -- Build files have been written to: /home/yue/robot/build/handpose_publisher
[5.459s] Invoked command in '/home/yue/robot/build/handpose_publisher' returned '0': CMAKE_PREFIX_PATH=/opt/ros/humble /usr/bin/cmake /home/yue/robot/src/handpose_publisher -DCMAKE_INSTALL_PREFIX=/home/yue/robot/install/handpose_publisher
[5.465s] Invoking command in '/home/yue/robot/build/handpose_publisher': CMAKE_PREFIX_PATH=/opt/ros/humble /usr/bin/cmake --build /home/yue/robot/build/handpose_publisher -- -j6 -l6
[5.550s] [  3%] [34m[1mGenerating C code for ROS interfaces[0m
[5.580s] [  6%] [34m[1mGenerating C++ code for ROS interfaces[0m
[5.586s] [  6%] Built target ament_cmake_python_copy_handpose_publisher
[6.081s] running egg_info
[6.084s] creating handpose_publisher.egg-info
[6.084s] writing handpose_publisher.egg-info/PKG-INFO
[6.085s] writing dependency_links to handpose_publisher.egg-info/dependency_links.txt
[6.085s] writing top-level names to handpose_publisher.egg-info/top_level.txt
[6.091s] writing manifest file 'handpose_publisher.egg-info/SOURCES.txt'
[6.091s] reading manifest file 'handpose_publisher.egg-info/SOURCES.txt'
[6.092s] writing manifest file 'handpose_publisher.egg-info/SOURCES.txt'
[6.147s] [  9%] [32mBuilding C object CMakeFiles/handpose_publisher__rosidl_generator_c.dir/rosidl_generator_c/handpose_publisher/msg/detail/hand_flange__functions.c.o[0m
[6.158s] [  9%] Built target handpose_publisher__cpp
[6.175s] [  9%] Built target ament_cmake_python_build_handpose_publisher_egg
[6.184s] [ 15%] [34m[1mGenerating C++ type support for eProsima Fast-RTPS[0m
[6.185s] [ 15%] [34m[1mGenerating C++ introspection for ROS interfaces[0m
[6.193s] [ 18%] [34m[1mGenerating C++ type support dispatch for ROS interfaces[0m
[6.307s] [ 21%] [32m[1mLinking C shared library libhandpose_publisher__rosidl_generator_c.so[0m
[6.404s] [ 21%] Built target handpose_publisher__rosidl_generator_c
[6.429s] [ 24%] [34m[1mGenerating C type support for eProsima Fast-RTPS[0m
[6.439s] [ 27%] [34m[1mGenerating C introspection for ROS interfaces[0m
[6.445s] [ 30%] [34m[1mGenerating C type support dispatch for ROS interfaces[0m
[6.808s] [ 33%] [32mBuilding CXX object CMakeFiles/handpose_publisher__rosidl_typesupport_cpp.dir/rosidl_typesupport_cpp/handpose_publisher/msg/hand_flange__type_support.cpp.o[0m
[6.810s] [ 36%] [32mBuilding CXX object CMakeFiles/handpose_publisher__rosidl_typesupport_introspection_cpp.dir/rosidl_typesupport_introspection_cpp/handpose_publisher/msg/detail/hand_flange__type_support.cpp.o[0m
[6.997s] [ 39%] [32mBuilding CXX object CMakeFiles/handpose_publisher__rosidl_typesupport_fastrtps_cpp.dir/rosidl_typesupport_fastrtps_cpp/handpose_publisher/msg/detail/dds_fastrtps/hand_flange__type_support.cpp.o[0m
[7.023s] [ 42%] [32mBuilding CXX object CMakeFiles/handpose_publisher__rosidl_typesupport_fastrtps_c.dir/rosidl_typesupport_fastrtps_c/handpose_publisher/msg/detail/hand_flange__type_support_c.cpp.o[0m
[7.064s] [ 45%] [32mBuilding CXX object CMakeFiles/handpose_publisher__rosidl_typesupport_c.dir/rosidl_typesupport_c/handpose_publisher/msg/hand_flange__type_support.cpp.o[0m
[7.123s] [ 48%] [32mBuilding C object CMakeFiles/handpose_publisher__rosidl_typesupport_introspection_c.dir/rosidl_typesupport_introspection_c/handpose_publisher/msg/detail/hand_flange__type_support.c.o[0m
[7.225s] [ 51%] [32m[1mLinking CXX shared library libhandpose_publisher__rosidl_typesupport_c.so[0m
[7.261s] [ 54%] [32m[1mLinking C shared library libhandpose_publisher__rosidl_typesupport_introspection_c.so[0m
[7.500s] [ 54%] Built target handpose_publisher__rosidl_typesupport_c
[7.501s] [ 54%] Built target handpose_publisher__rosidl_typesupport_introspection_c
[7.788s] [ 57%] [32m[1mLinking CXX shared library libhandpose_publisher__rosidl_typesupport_cpp.so[0m
[7.895s] [ 57%] Built target handpose_publisher__rosidl_typesupport_cpp
[7.966s] [ 60%] [32mBuilding CXX object CMakeFiles/leap_handpose_publisher.dir/src/leap_handpose_publisher.cpp.o[0m
[7.979s] [ 63%] [32m[1mLinking CXX shared library libhandpose_publisher__rosidl_typesupport_introspection_cpp.so[0m
[8.013s] [ 66%] [32m[1mLinking CXX shared library libhandpose_publisher__rosidl_typesupport_fastrtps_c.so[0m
[8.141s] [ 66%] Built target handpose_publisher__rosidl_typesupport_introspection_cpp
[8.159s] [ 69%] [32m[1mLinking CXX shared library libhandpose_publisher__rosidl_typesupport_fastrtps_cpp.so[0m
[8.237s] [ 69%] Built target handpose_publisher__rosidl_typesupport_fastrtps_c
[8.347s] [ 69%] Built target handpose_publisher__rosidl_typesupport_fastrtps_cpp
[8.396s] [ 69%] Built target handpose_publisher
[8.444s] [ 72%] [34m[1mGenerating Python code for ROS interfaces[0m
[9.130s] [ 72%] Built target handpose_publisher__py
[9.173s] [ 75%] [32mBuilding C object CMakeFiles/handpose_publisher__rosidl_generator_py.dir/rosidl_generator_py/handpose_publisher/msg/_hand_flange_s.c.o[0m
[9.418s] [ 78%] [32m[1mLinking C shared library rosidl_generator_py/handpose_publisher/libhandpose_publisher__rosidl_generator_py.so[0m
[9.516s] [ 78%] Built target handpose_publisher__rosidl_generator_py
[9.561s] [ 84%] [32mBuilding C object CMakeFiles/handpose_publisher__rosidl_typesupport_fastrtps_c__pyext.dir/rosidl_generator_py/handpose_publisher/_handpose_publisher_s.ep.rosidl_typesupport_fastrtps_c.c.o[0m
[9.561s] [ 84%] [32mBuilding C object CMakeFiles/handpose_publisher__rosidl_typesupport_introspection_c__pyext.dir/rosidl_generator_py/handpose_publisher/_handpose_publisher_s.ep.rosidl_typesupport_introspection_c.c.o[0m
[9.564s] [ 87%] [32mBuilding C object CMakeFiles/handpose_publisher__rosidl_typesupport_c__pyext.dir/rosidl_generator_py/handpose_publisher/_handpose_publisher_s.ep.rosidl_typesupport_c.c.o[0m
[9.831s] [ 90%] [32m[1mLinking C shared library rosidl_generator_py/handpose_publisher/handpose_publisher_s__rosidl_typesupport_fastrtps_c.cpython-310-aarch64-linux-gnu.so[0m
[9.836s] [ 93%] [32m[1mLinking C shared library rosidl_generator_py/handpose_publisher/handpose_publisher_s__rosidl_typesupport_c.cpython-310-aarch64-linux-gnu.so[0m
[9.850s] [ 96%] [32m[1mLinking C shared library rosidl_generator_py/handpose_publisher/handpose_publisher_s__rosidl_typesupport_introspection_c.cpython-310-aarch64-linux-gnu.so[0m
[9.918s] [ 96%] Built target handpose_publisher__rosidl_typesupport_fastrtps_c__pyext
[9.924s] [ 96%] Built target handpose_publisher__rosidl_typesupport_c__pyext
[9.941s] [ 96%] Built target handpose_publisher__rosidl_typesupport_introspection_c__pyext
[18.436s] [100%] [32m[1mLinking CXX executable leap_handpose_publisher[0m
[18.946s] [100%] Built target leap_handpose_publisher
[18.996s] Invoked command in '/home/yue/robot/build/handpose_publisher' returned '0': CMAKE_PREFIX_PATH=/opt/ros/humble /usr/bin/cmake --build /home/yue/robot/build/handpose_publisher -- -j6 -l6
[19.033s] Invoking command in '/home/yue/robot/build/handpose_publisher': CMAKE_PREFIX_PATH=/opt/ros/humble /usr/bin/cmake --install /home/yue/robot/build/handpose_publisher
[19.064s] -- Install configuration: ""
[19.065s] -- Installing: /home/yue/robot/install/handpose_publisher/share/ament_index/resource_index/rosidl_interfaces/handpose_publisher
[19.066s] -- Installing: /home/yue/robot/install/handpose_publisher/include/handpose_publisher/handpose_publisher
[19.067s] -- Installing: /home/yue/robot/install/handpose_publisher/include/handpose_publisher/handpose_publisher/msg
[19.067s] -- Installing: /home/yue/robot/install/handpose_publisher/include/handpose_publisher/handpose_publisher/msg/detail
[19.067s] -- Installing: /home/yue/robot/install/handpose_publisher/include/handpose_publisher/handpose_publisher/msg/detail/hand_flange__struct.h
[19.068s] -- Installing: /home/yue/robot/install/handpose_publisher/include/handpose_publisher/handpose_publisher/msg/detail/hand_flange__functions.h
[19.068s] -- Installing: /home/yue/robot/install/handpose_publisher/include/handpose_publisher/handpose_publisher/msg/detail/hand_flange__functions.c
[19.069s] -- Installing: /home/yue/robot/install/handpose_publisher/include/handpose_publisher/handpose_publisher/msg/detail/hand_flange__type_support.h
[19.069s] -- Installing: /home/yue/robot/install/handpose_publisher/include/handpose_publisher/handpose_publisher/msg/rosidl_generator_c__visibility_control.h
[19.069s] -- Installing: /home/yue/robot/install/handpose_publisher/include/handpose_publisher/handpose_publisher/msg/hand_flange.h
[19.071s] -- Installing: /home/yue/robot/install/handpose_publisher/share/handpose_publisher/environment/library_path.sh
[19.071s] -- Installing: /home/yue/robot/install/handpose_publisher/share/handpose_publisher/environment/library_path.dsv
[19.072s] -- Installing: /home/yue/robot/install/handpose_publisher/lib/libhandpose_publisher__rosidl_generator_c.so
[19.073s] -- Set runtime path of "/home/yue/robot/install/handpose_publisher/lib/libhandpose_publisher__rosidl_generator_c.so" to ""
[19.074s] -- Up-to-date: /home/yue/robot/install/handpose_publisher/include/handpose_publisher/handpose_publisher
[19.074s] -- Up-to-date: /home/yue/robot/install/handpose_publisher/include/handpose_publisher/handpose_publisher/msg
[19.075s] -- Up-to-date: /home/yue/robot/install/handpose_publisher/include/handpose_publisher/handpose_publisher/msg/detail
[19.075s] -- Installing: /home/yue/robot/install/handpose_publisher/include/handpose_publisher/handpose_publisher/msg/detail/hand_flange__rosidl_typesupport_fastrtps_c.h
[19.075s] -- Installing: /home/yue/robot/install/handpose_publisher/include/handpose_publisher/handpose_publisher/msg/rosidl_typesupport_fastrtps_c__visibility_control.h
[19.075s] -- Installing: /home/yue/robot/install/handpose_publisher/lib/libhandpose_publisher__rosidl_typesupport_fastrtps_c.so
[19.077s] -- Set runtime path of "/home/yue/robot/install/handpose_publisher/lib/libhandpose_publisher__rosidl_typesupport_fastrtps_c.so" to ""
[19.077s] -- Up-to-date: /home/yue/robot/install/handpose_publisher/include/handpose_publisher/handpose_publisher
[19.077s] -- Up-to-date: /home/yue/robot/install/handpose_publisher/include/handpose_publisher/handpose_publisher/msg
[19.077s] -- Up-to-date: /home/yue/robot/install/handpose_publisher/include/handpose_publisher/handpose_publisher/msg/detail
[19.077s] -- Installing: /home/yue/robot/install/handpose_publisher/include/handpose_publisher/handpose_publisher/msg/detail/hand_flange__type_support.hpp
[19.077s] -- Installing: /home/yue/robot/install/handpose_publisher/include/handpose_publisher/handpose_publisher/msg/detail/hand_flange__traits.hpp
[19.077s] -- Installing: /home/yue/robot/install/handpose_publisher/include/handpose_publisher/handpose_publisher/msg/detail/hand_flange__builder.hpp
[19.078s] -- Installing: /home/yue/robot/install/handpose_publisher/include/handpose_publisher/handpose_publisher/msg/detail/hand_flange__struct.hpp
[19.078s] -- Installing: /home/yue/robot/install/handpose_publisher/include/handpose_publisher/handpose_publisher/msg/rosidl_generator_cpp__visibility_control.hpp
[19.078s] -- Installing: /home/yue/robot/install/handpose_publisher/include/handpose_publisher/handpose_publisher/msg/hand_flange.hpp
[19.079s] -- Up-to-date: /home/yue/robot/install/handpose_publisher/include/handpose_publisher/handpose_publisher
[19.079s] -- Up-to-date: /home/yue/robot/install/handpose_publisher/include/handpose_publisher/handpose_publisher/msg
[19.080s] -- Up-to-date: /home/yue/robot/install/handpose_publisher/include/handpose_publisher/handpose_publisher/msg/detail
[19.080s] -- Installing: /home/yue/robot/install/handpose_publisher/include/handpose_publisher/handpose_publisher/msg/detail/hand_flange__rosidl_typesupport_fastrtps_cpp.hpp
[19.080s] -- Installing: /home/yue/robot/install/handpose_publisher/include/handpose_publisher/handpose_publisher/msg/detail/dds_fastrtps
[19.080s] -- Installing: /home/yue/robot/install/handpose_publisher/include/handpose_publisher/handpose_publisher/msg/rosidl_typesupport_fastrtps_cpp__visibility_control.h
[19.080s] -- Installing: /home/yue/robot/install/handpose_publisher/lib/libhandpose_publisher__rosidl_typesupport_fastrtps_cpp.so
[19.081s] -- Set runtime path of "/home/yue/robot/install/handpose_publisher/lib/libhandpose_publisher__rosidl_typesupport_fastrtps_cpp.so" to ""
[19.081s] -- Up-to-date: /home/yue/robot/install/handpose_publisher/include/handpose_publisher/handpose_publisher
[19.081s] -- Up-to-date: /home/yue/robot/install/handpose_publisher/include/handpose_publisher/handpose_publisher/msg
[19.081s] -- Up-to-date: /home/yue/robot/install/handpose_publisher/include/handpose_publisher/handpose_publisher/msg/detail
[19.082s] -- Installing: /home/yue/robot/install/handpose_publisher/include/handpose_publisher/handpose_publisher/msg/detail/hand_flange__rosidl_typesupport_introspection_c.h
[19.082s] -- Installing: /home/yue/robot/install/handpose_publisher/include/handpose_publisher/handpose_publisher/msg/detail/hand_flange__type_support.c
[19.082s] -- Installing: /home/yue/robot/install/handpose_publisher/include/handpose_publisher/handpose_publisher/msg/rosidl_typesupport_introspection_c__visibility_control.h
[19.083s] -- Installing: /home/yue/robot/install/handpose_publisher/lib/libhandpose_publisher__rosidl_typesupport_introspection_c.so
[19.084s] -- Set runtime path of "/home/yue/robot/install/handpose_publisher/lib/libhandpose_publisher__rosidl_typesupport_introspection_c.so" to ""
[19.084s] -- Installing: /home/yue/robot/install/handpose_publisher/lib/libhandpose_publisher__rosidl_typesupport_c.so
[19.085s] -- Set runtime path of "/home/yue/robot/install/handpose_publisher/lib/libhandpose_publisher__rosidl_typesupport_c.so" to ""
[19.086s] -- Up-to-date: /home/yue/robot/install/handpose_publisher/include/handpose_publisher/handpose_publisher
[19.086s] -- Up-to-date: /home/yue/robot/install/handpose_publisher/include/handpose_publisher/handpose_publisher/msg
[19.086s] -- Up-to-date: /home/yue/robot/install/handpose_publisher/include/handpose_publisher/handpose_publisher/msg/detail
[19.087s] -- Installing: /home/yue/robot/install/handpose_publisher/include/handpose_publisher/handpose_publisher/msg/detail/hand_flange__rosidl_typesupport_introspection_cpp.hpp
[19.087s] -- Installing: /home/yue/robot/install/handpose_publisher/include/handpose_publisher/handpose_publisher/msg/detail/hand_flange__type_support.cpp
[19.088s] -- Installing: /home/yue/robot/install/handpose_publisher/lib/libhandpose_publisher__rosidl_typesupport_introspection_cpp.so
[19.088s] -- Set runtime path of "/home/yue/robot/install/handpose_publisher/lib/libhandpose_publisher__rosidl_typesupport_introspection_cpp.so" to ""
[19.089s] -- Installing: /home/yue/robot/install/handpose_publisher/lib/libhandpose_publisher__rosidl_typesupport_cpp.so
[19.089s] -- Set runtime path of "/home/yue/robot/install/handpose_publisher/lib/libhandpose_publisher__rosidl_typesupport_cpp.so" to ""
[19.089s] -- Installing: /home/yue/robot/install/handpose_publisher/share/handpose_publisher/environment/pythonpath.sh
[19.090s] -- Installing: /home/yue/robot/install/handpose_publisher/share/handpose_publisher/environment/pythonpath.dsv
[19.090s] -- Installing: /home/yue/robot/install/handpose_publisher/local/lib/python3.10/dist-packages/handpose_publisher-0.1.0-py3.10.egg-info
[19.090s] -- Installing: /home/yue/robot/install/handpose_publisher/local/lib/python3.10/dist-packages/handpose_publisher-0.1.0-py3.10.egg-info/dependency_links.txt
[19.091s] -- Installing: /home/yue/robot/install/handpose_publisher/local/lib/python3.10/dist-packages/handpose_publisher-0.1.0-py3.10.egg-info/top_level.txt
[19.091s] -- Installing: /home/yue/robot/install/handpose_publisher/local/lib/python3.10/dist-packages/handpose_publisher-0.1.0-py3.10.egg-info/PKG-INFO
[19.091s] -- Installing: /home/yue/robot/install/handpose_publisher/local/lib/python3.10/dist-packages/handpose_publisher-0.1.0-py3.10.egg-info/SOURCES.txt
[19.092s] -- Installing: /home/yue/robot/install/handpose_publisher/local/lib/python3.10/dist-packages/handpose_publisher
[19.092s] -- Installing: /home/yue/robot/install/handpose_publisher/local/lib/python3.10/dist-packages/handpose_publisher/libhandpose_publisher__rosidl_generator_py.so
[19.092s] -- Installing: /home/yue/robot/install/handpose_publisher/local/lib/python3.10/dist-packages/handpose_publisher/handpose_publisher_s__rosidl_typesupport_introspection_c.cpython-310-aarch64-linux-gnu.so
[19.092s] -- Installing: /home/yue/robot/install/handpose_publisher/local/lib/python3.10/dist-packages/handpose_publisher/_handpose_publisher_s.ep.rosidl_typesupport_introspection_c.c
[19.093s] -- Installing: /home/yue/robot/install/handpose_publisher/local/lib/python3.10/dist-packages/handpose_publisher/_handpose_publisher_s.ep.rosidl_typesupport_c.c
[19.093s] -- Installing: /home/yue/robot/install/handpose_publisher/local/lib/python3.10/dist-packages/handpose_publisher/__init__.py
[19.093s] -- Installing: /home/yue/robot/install/handpose_publisher/local/lib/python3.10/dist-packages/handpose_publisher/_handpose_publisher_s.ep.rosidl_typesupport_fastrtps_c.c
[19.094s] -- Installing: /home/yue/robot/install/handpose_publisher/local/lib/python3.10/dist-packages/handpose_publisher/handpose_publisher_s__rosidl_typesupport_c.cpython-310-aarch64-linux-gnu.so
[19.094s] -- Installing: /home/yue/robot/install/handpose_publisher/local/lib/python3.10/dist-packages/handpose_publisher/handpose_publisher_s__rosidl_typesupport_fastrtps_c.cpython-310-aarch64-linux-gnu.so
[19.094s] -- Installing: /home/yue/robot/install/handpose_publisher/local/lib/python3.10/dist-packages/handpose_publisher/msg
[19.098s] -- Installing: /home/yue/robot/install/handpose_publisher/local/lib/python3.10/dist-packages/handpose_publisher/msg/_hand_flange_s.c
[19.098s] -- Installing: /home/yue/robot/install/handpose_publisher/local/lib/python3.10/dist-packages/handpose_publisher/msg/_hand_flange.py
[19.098s] -- Installing: /home/yue/robot/install/handpose_publisher/local/lib/python3.10/dist-packages/handpose_publisher/msg/__init__.py
[19.179s] Listing '/home/yue/robot/install/handpose_publisher/local/lib/python3.10/dist-packages/handpose_publisher'...
[19.179s] Compiling '/home/yue/robot/install/handpose_publisher/local/lib/python3.10/dist-packages/handpose_publisher/__init__.py'...
[19.180s] Listing '/home/yue/robot/install/handpose_publisher/local/lib/python3.10/dist-packages/handpose_publisher/msg'...
[19.180s] Compiling '/home/yue/robot/install/handpose_publisher/local/lib/python3.10/dist-packages/handpose_publisher/msg/__init__.py'...
[19.180s] Compiling '/home/yue/robot/install/handpose_publisher/local/lib/python3.10/dist-packages/handpose_publisher/msg/_hand_flange.py'...
[19.196s] -- Installing: /home/yue/robot/install/handpose_publisher/local/lib/python3.10/dist-packages/handpose_publisher/handpose_publisher_s__rosidl_typesupport_fastrtps_c.cpython-310-aarch64-linux-gnu.so
[19.196s] -- Set runtime path of "/home/yue/robot/install/handpose_publisher/local/lib/python3.10/dist-packages/handpose_publisher/handpose_publisher_s__rosidl_typesupport_fastrtps_c.cpython-310-aarch64-linux-gnu.so" to ""
[19.196s] -- Installing: /home/yue/robot/install/handpose_publisher/local/lib/python3.10/dist-packages/handpose_publisher/handpose_publisher_s__rosidl_typesupport_introspection_c.cpython-310-aarch64-linux-gnu.so
[19.196s] -- Set runtime path of "/home/yue/robot/install/handpose_publisher/local/lib/python3.10/dist-packages/handpose_publisher/handpose_publisher_s__rosidl_typesupport_introspection_c.cpython-310-aarch64-linux-gnu.so" to ""
[19.197s] -- Installing: /home/yue/robot/install/handpose_publisher/local/lib/python3.10/dist-packages/handpose_publisher/handpose_publisher_s__rosidl_typesupport_c.cpython-310-aarch64-linux-gnu.so
[19.197s] -- Set runtime path of "/home/yue/robot/install/handpose_publisher/local/lib/python3.10/dist-packages/handpose_publisher/handpose_publisher_s__rosidl_typesupport_c.cpython-310-aarch64-linux-gnu.so" to ""
[19.197s] -- Installing: /home/yue/robot/install/handpose_publisher/lib/libhandpose_publisher__rosidl_generator_py.so
[19.198s] -- Set runtime path of "/home/yue/robot/install/handpose_publisher/lib/libhandpose_publisher__rosidl_generator_py.so" to ""
[19.198s] -- Installing: /home/yue/robot/install/handpose_publisher/share/handpose_publisher/msg/HandFlange.idl
[19.199s] -- Installing: /home/yue/robot/install/handpose_publisher/share/handpose_publisher/msg/HandFlange.msg
[19.199s] -- Installing: /home/yue/robot/install/handpose_publisher/lib/handpose_publisher/leap_handpose_publisher
[19.205s] -- Set runtime path of "/home/yue/robot/install/handpose_publisher/lib/handpose_publisher/leap_handpose_publisher" to "/opt/ultraleap/LeapSDK/lib"
[19.205s] -- Up-to-date: /home/yue/robot/install/handpose_publisher/share/handpose_publisher/msg
[19.206s] -- Up-to-date: /home/yue/robot/install/handpose_publisher/share/handpose_publisher/msg/HandFlange.msg
[19.206s] -- Installing: /home/yue/robot/install/handpose_publisher/share/ament_index/resource_index/package_run_dependencies/handpose_publisher
[19.207s] -- Installing: /home/yue/robot/install/handpose_publisher/share/ament_index/resource_index/parent_prefix_path/handpose_publisher
[19.208s] -- Installing: /home/yue/robot/install/handpose_publisher/share/handpose_publisher/environment/ament_prefix_path.sh
[19.209s] -- Installing: /home/yue/robot/install/handpose_publisher/share/handpose_publisher/environment/ament_prefix_path.dsv
[19.209s] -- Installing: /home/yue/robot/install/handpose_publisher/share/handpose_publisher/environment/path.sh
[19.209s] -- Installing: /home/yue/robot/install/handpose_publisher/share/handpose_publisher/environment/path.dsv
[19.210s] -- Installing: /home/yue/robot/install/handpose_publisher/share/handpose_publisher/local_setup.bash
[19.210s] -- Installing: /home/yue/robot/install/handpose_publisher/share/handpose_publisher/local_setup.sh
[19.211s] -- Installing: /home/yue/robot/install/handpose_publisher/share/handpose_publisher/local_setup.zsh
[19.211s] -- Installing: /home/yue/robot/install/handpose_publisher/share/handpose_publisher/local_setup.dsv
[19.212s] -- Installing: /home/yue/robot/install/handpose_publisher/share/handpose_publisher/package.dsv
[19.213s] -- Installing: /home/yue/robot/install/handpose_publisher/share/ament_index/resource_index/packages/handpose_publisher
[19.213s] -- Installing: /home/yue/robot/install/handpose_publisher/share/handpose_publisher/cmake/export_handpose_publisher__rosidl_generator_cExport.cmake
[19.214s] -- Installing: /home/yue/robot/install/handpose_publisher/share/handpose_publisher/cmake/export_handpose_publisher__rosidl_generator_cExport-noconfig.cmake
[19.214s] -- Installing: /home/yue/robot/install/handpose_publisher/share/handpose_publisher/cmake/export_handpose_publisher__rosidl_typesupport_fastrtps_cExport.cmake
[19.215s] -- Installing: /home/yue/robot/install/handpose_publisher/share/handpose_publisher/cmake/export_handpose_publisher__rosidl_typesupport_fastrtps_cExport-noconfig.cmake
[19.216s] -- Installing: /home/yue/robot/install/handpose_publisher/share/handpose_publisher/cmake/export_handpose_publisher__rosidl_generator_cppExport.cmake
[19.218s] -- Installing: /home/yue/robot/install/handpose_publisher/share/handpose_publisher/cmake/export_handpose_publisher__rosidl_typesupport_fastrtps_cppExport.cmake
[19.220s] -- Installing: /home/yue/robot/install/handpose_publisher/share/handpose_publisher/cmake/export_handpose_publisher__rosidl_typesupport_fastrtps_cppExport-noconfig.cmake
[19.221s] -- Installing: /home/yue/robot/install/handpose_publisher/share/handpose_publisher/cmake/handpose_publisher__rosidl_typesupport_introspection_cExport.cmake
[19.222s] -- Installing: /home/yue/robot/install/handpose_publisher/share/handpose_publisher/cmake/handpose_publisher__rosidl_typesupport_introspection_cExport-noconfig.cmake
[19.223s] -- Installing: /home/yue/robot/install/handpose_publisher/share/handpose_publisher/cmake/handpose_publisher__rosidl_typesupport_cExport.cmake
[19.224s] -- Installing: /home/yue/robot/install/handpose_publisher/share/handpose_publisher/cmake/handpose_publisher__rosidl_typesupport_cExport-noconfig.cmake
[19.225s] -- Installing: /home/yue/robot/install/handpose_publisher/share/handpose_publisher/cmake/handpose_publisher__rosidl_typesupport_introspection_cppExport.cmake
[19.225s] -- Installing: /home/yue/robot/install/handpose_publisher/share/handpose_publisher/cmake/handpose_publisher__rosidl_typesupport_introspection_cppExport-noconfig.cmake
[19.226s] -- Installing: /home/yue/robot/install/handpose_publisher/share/handpose_publisher/cmake/handpose_publisher__rosidl_typesupport_cppExport.cmake
[19.226s] -- Installing: /home/yue/robot/install/handpose_publisher/share/handpose_publisher/cmake/handpose_publisher__rosidl_typesupport_cppExport-noconfig.cmake
[19.227s] -- Installing: /home/yue/robot/install/handpose_publisher/share/handpose_publisher/cmake/export_handpose_publisher__rosidl_generator_pyExport.cmake
[19.227s] -- Installing: /home/yue/robot/install/handpose_publisher/share/handpose_publisher/cmake/export_handpose_publisher__rosidl_generator_pyExport-noconfig.cmake
[19.228s] -- Installing: /home/yue/robot/install/handpose_publisher/share/handpose_publisher/cmake/rosidl_cmake-extras.cmake
[19.232s] -- Installing: /home/yue/robot/install/handpose_publisher/share/handpose_publisher/cmake/ament_cmake_export_dependencies-extras.cmake
[19.232s] -- Installing: /home/yue/robot/install/handpose_publisher/share/handpose_publisher/cmake/ament_cmake_export_include_directories-extras.cmake
[19.233s] -- Installing: /home/yue/robot/install/handpose_publisher/share/handpose_publisher/cmake/ament_cmake_export_libraries-extras.cmake
[19.234s] -- Installing: /home/yue/robot/install/handpose_publisher/share/handpose_publisher/cmake/ament_cmake_export_targets-extras.cmake
[19.234s] -- Installing: /home/yue/robot/install/handpose_publisher/share/handpose_publisher/cmake/rosidl_cmake_export_typesupport_targets-extras.cmake
[19.234s] -- Installing: /home/yue/robot/install/handpose_publisher/share/handpose_publisher/cmake/rosidl_cmake_export_typesupport_libraries-extras.cmake
[19.234s] -- Installing: /home/yue/robot/install/handpose_publisher/share/handpose_publisher/cmake/handpose_publisherConfig.cmake
[19.236s] -- Installing: /home/yue/robot/install/handpose_publisher/share/handpose_publisher/cmake/handpose_publisherConfig-version.cmake
[19.236s] -- Installing: /home/yue/robot/install/handpose_publisher/share/handpose_publisher/package.xml
[19.248s] Invoked command in '/home/yue/robot/build/handpose_publisher' returned '0': CMAKE_PREFIX_PATH=/opt/ros/humble /usr/bin/cmake --install /home/yue/robot/build/handpose_publisher
