[0.064s] Invoking command in '/home/yue/robot/build/piper_description': CMAKE_PREFIX_PATH=${CMAKE_PREFIX_PATH}:/opt/ros/humble /usr/bin/cmake --build /home/yue/robot/build/piper_description -- -j6 -l6
[1.403s] Invoked command in '/home/yue/robot/build/piper_description' returned '0': CMAKE_PREFIX_PATH=${CMAKE_PREFIX_PATH}:/opt/ros/humble /usr/bin/cmake --build /home/yue/robot/build/piper_description -- -j6 -l6
[1.405s] Invoking command in '/home/yue/robot/build/piper_description': CMAKE_PREFIX_PATH=${CMAKE_PREFIX_PATH}:/opt/ros/humble /usr/bin/cmake --install /home/yue/robot/build/piper_description
[1.455s] -- Install configuration: ""
[1.456s] -- Up-to-date: /home/yue/robot/install/piper_description/share/piper_description/launch
[1.456s] -- Up-to-date: /home/yue/robot/install/piper_description/share/piper_description/launch/piper_no_gripper
[1.456s] -- Up-to-date: /home/yue/robot/install/piper_description/share/piper_description/launch/piper_no_gripper/display_no_gripper_urdf.launch.py
[1.456s] -- Up-to-date: /home/yue/robot/install/piper_description/share/piper_description/launch/piper_no_gripper/display_no_gripper_urdf_follow.launch.py
[1.456s] -- Up-to-date: /home/yue/robot/install/piper_description/share/piper_description/launch/piper_no_gripper/display_no_gripper_xacro.launch.py
[1.456s] -- Up-to-date: /home/yue/robot/install/piper_description/share/piper_description/launch/piper_with_teach
[1.456s] -- Up-to-date: /home/yue/robot/install/piper_description/share/piper_description/launch/piper_with_teach/display_with_teach_urdf.launch.py
[1.456s] -- Up-to-date: /home/yue/robot/install/piper_description/share/piper_description/launch/piper_with_gripper
[1.457s] -- Up-to-date: /home/yue/robot/install/piper_description/share/piper_description/launch/piper_with_gripper/display_urdf.launch.py
[1.457s] -- Up-to-date: /home/yue/robot/install/piper_description/share/piper_description/launch/piper_with_gripper/display_xacro.launch.py
[1.457s] -- Up-to-date: /home/yue/robot/install/piper_description/share/piper_description/launch/piper_with_gripper/display_urdf_follow.launch.py
[1.457s] -- Up-to-date: /home/yue/robot/install/piper_description/share/piper_description/meshes
[1.457s] -- Up-to-date: /home/yue/robot/install/piper_description/share/piper_description/meshes/link2.STL
[1.457s] -- Up-to-date: /home/yue/robot/install/piper_description/share/piper_description/meshes/teach_link7.STL
[1.457s] -- Up-to-date: /home/yue/robot/install/piper_description/share/piper_description/meshes/gripper_base.STL
[1.457s] -- Up-to-date: /home/yue/robot/install/piper_description/share/piper_description/meshes/link5.STL
[1.457s] -- Up-to-date: /home/yue/robot/install/piper_description/share/piper_description/meshes/teach_link8.STL
[1.458s] -- Up-to-date: /home/yue/robot/install/piper_description/share/piper_description/meshes/link8.STL
[1.460s] -- Up-to-date: /home/yue/robot/install/piper_description/share/piper_description/meshes/teach_base.STL
[1.461s] -- Up-to-date: /home/yue/robot/install/piper_description/share/piper_description/meshes/base_link.STL
[1.461s] -- Up-to-date: /home/yue/robot/install/piper_description/share/piper_description/meshes/link4.STL
[1.461s] -- Up-to-date: /home/yue/robot/install/piper_description/share/piper_description/meshes/link7.STL
[1.461s] -- Up-to-date: /home/yue/robot/install/piper_description/share/piper_description/meshes/link6.STL
[1.461s] -- Up-to-date: /home/yue/robot/install/piper_description/share/piper_description/meshes/link1.STL
[1.462s] -- Up-to-date: /home/yue/robot/install/piper_description/share/piper_description/meshes/link3.STL
[1.462s] -- Up-to-date: /home/yue/robot/install/piper_description/share/piper_description/rviz
[1.462s] -- Up-to-date: /home/yue/robot/install/piper_description/share/piper_description/rviz/piper_ctrl.rviz
[1.462s] -- Up-to-date: /home/yue/robot/install/piper_description/share/piper_description/rviz/piper_no_gripper.rviz
[1.462s] -- Up-to-date: /home/yue/robot/install/piper_description/share/piper_description/urdf
[1.462s] -- Up-to-date: /home/yue/robot/install/piper_description/share/piper_description/urdf/piper_description_with_teach.urdf
[1.462s] -- Up-to-date: /home/yue/robot/install/piper_description/share/piper_description/urdf/piper_no_gripper_description_gazebo.xacro
[1.463s] -- Up-to-date: /home/yue/robot/install/piper_description/share/piper_description/urdf/piper_description_gazebo.xacro
[1.463s] -- Up-to-date: /home/yue/robot/install/piper_description/share/piper_description/urdf/piper_description.xacro
[1.463s] -- Up-to-date: /home/yue/robot/install/piper_description/share/piper_description/urdf/piper_description.urdf
[1.463s] -- Up-to-date: /home/yue/robot/install/piper_description/share/piper_description/urdf/piper_no_gripper_description_old.urdf
[1.466s] -- Up-to-date: /home/yue/robot/install/piper_description/share/piper_description/urdf/piper_no_gripper_description.xacro
[1.467s] -- Up-to-date: /home/yue/robot/install/piper_description/share/piper_description/urdf/piper_no_gripper_description.urdf
[1.485s] -- Up-to-date: /home/yue/robot/install/piper_description/share/piper_description/urdf/piper_description_old.urdf
[1.485s] -- Up-to-date: /home/yue/robot/install/piper_description/share/piper_description/mujoco_model
[1.486s] -- Up-to-date: /home/yue/robot/install/piper_description/share/piper_description/mujoco_model/piper_no_gripper_description.xml
[1.486s] -- Up-to-date: /home/yue/robot/install/piper_description/share/piper_description/mujoco_model/piper_description.xml
[1.486s] -- Up-to-date: /home/yue/robot/install/piper_description/share/ament_index/resource_index/package_run_dependencies/piper_description
[1.486s] -- Up-to-date: /home/yue/robot/install/piper_description/share/ament_index/resource_index/parent_prefix_path/piper_description
[1.486s] -- Up-to-date: /home/yue/robot/install/piper_description/share/piper_description/environment/ament_prefix_path.sh
[1.486s] -- Up-to-date: /home/yue/robot/install/piper_description/share/piper_description/environment/ament_prefix_path.dsv
[1.486s] -- Up-to-date: /home/yue/robot/install/piper_description/share/piper_description/environment/path.sh
[1.486s] -- Up-to-date: /home/yue/robot/install/piper_description/share/piper_description/environment/path.dsv
[1.487s] -- Up-to-date: /home/yue/robot/install/piper_description/share/piper_description/local_setup.bash
[1.487s] -- Up-to-date: /home/yue/robot/install/piper_description/share/piper_description/local_setup.sh
[1.487s] -- Up-to-date: /home/yue/robot/install/piper_description/share/piper_description/local_setup.zsh
[1.487s] -- Up-to-date: /home/yue/robot/install/piper_description/share/piper_description/local_setup.dsv
[1.487s] -- Up-to-date: /home/yue/robot/install/piper_description/share/piper_description/package.dsv
[1.487s] -- Up-to-date: /home/yue/robot/install/piper_description/share/ament_index/resource_index/packages/piper_description
[1.487s] -- Up-to-date: /home/yue/robot/install/piper_description/share/piper_description/cmake/piper_descriptionConfig.cmake
[1.487s] -- Up-to-date: /home/yue/robot/install/piper_description/share/piper_description/cmake/piper_descriptionConfig-version.cmake
[1.488s] -- Up-to-date: /home/yue/robot/install/piper_description/share/piper_description/package.xml
[1.532s] Invoked command in '/home/yue/robot/build/piper_description' returned '0': CMAKE_PREFIX_PATH=${CMAKE_PREFIX_PATH}:/opt/ros/humble /usr/bin/cmake --install /home/yue/robot/build/piper_description
