[0.119s] Invoking command in '/home/yue/robot/build/piper_with_gripper_moveit': AMENT_PREFIX_PATH=/home/yue/robot/install/piper_description:${AMENT_PREFIX_PATH} CMAKE_PREFIX_PATH=/home/yue/robot/install/piper_description:/home/yue/robot/install/handpose_publisher:/opt/ros/humble /usr/bin/cmake /home/yue/robot/src/Piper_ros/src/piper_moveit/piper_with_gripper_moveit -DCMAKE_INSTALL_PREFIX=/home/yue/robot/install/piper_with_gripper_moveit
[0.291s] -- The C compiler identification is GNU 11.4.0
[0.560s] -- The CXX compiler identification is GNU 11.4.0
[0.583s] -- Detecting C compiler ABI info
[0.860s] -- Detecting C compiler ABI info - done
[0.875s] -- Check for working C compiler: /usr/bin/cc - skipped
[0.876s] -- Detecting C compile features
[0.876s] -- Detecting C compile features - done
[0.890s] -- Detecting CXX compiler ABI info
[1.139s] -- Detecting CXX compiler ABI info - done
[1.152s] -- Check for working CXX compiler: /usr/bin/c++ - skipped
[1.152s] -- Detecting CXX compile features
[1.153s] -- Detecting CXX compile features - done
[1.157s] -- Found ament_cmake: 1.3.12 (/opt/ros/humble/share/ament_cmake/cmake)
[1.523s] -- Found Python3: /usr/bin/python3 (found version "3.10.12") found components: Interpreter 
[1.937s] -- Configuring done
[1.946s] -- Generating done
[1.949s] -- Build files have been written to: /home/yue/robot/build/piper_with_gripper_moveit
[1.992s] Invoked command in '/home/yue/robot/build/piper_with_gripper_moveit' returned '0': AMENT_PREFIX_PATH=/home/yue/robot/install/piper_description:${AMENT_PREFIX_PATH} CMAKE_PREFIX_PATH=/home/yue/robot/install/piper_description:/home/yue/robot/install/handpose_publisher:/opt/ros/humble /usr/bin/cmake /home/yue/robot/src/Piper_ros/src/piper_moveit/piper_with_gripper_moveit -DCMAKE_INSTALL_PREFIX=/home/yue/robot/install/piper_with_gripper_moveit
[1.994s] Invoking command in '/home/yue/robot/build/piper_with_gripper_moveit': AMENT_PREFIX_PATH=/home/yue/robot/install/piper_description:${AMENT_PREFIX_PATH} CMAKE_PREFIX_PATH=/home/yue/robot/install/piper_description:/home/yue/robot/install/handpose_publisher:/opt/ros/humble /usr/bin/cmake --build /home/yue/robot/build/piper_with_gripper_moveit -- -j6 -l6
[2.101s] Invoked command in '/home/yue/robot/build/piper_with_gripper_moveit' returned '0': AMENT_PREFIX_PATH=/home/yue/robot/install/piper_description:${AMENT_PREFIX_PATH} CMAKE_PREFIX_PATH=/home/yue/robot/install/piper_description:/home/yue/robot/install/handpose_publisher:/opt/ros/humble /usr/bin/cmake --build /home/yue/robot/build/piper_with_gripper_moveit -- -j6 -l6
[2.102s] Invoking command in '/home/yue/robot/build/piper_with_gripper_moveit': AMENT_PREFIX_PATH=/home/yue/robot/install/piper_description:${AMENT_PREFIX_PATH} CMAKE_PREFIX_PATH=/home/yue/robot/install/piper_description:/home/yue/robot/install/handpose_publisher:/opt/ros/humble /usr/bin/cmake --install /home/yue/robot/build/piper_with_gripper_moveit
[2.118s] -- Install configuration: ""
[2.118s] -- Installing: /home/yue/robot/install/piper_with_gripper_moveit/share/ament_index/resource_index/package_run_dependencies/piper_with_gripper_moveit
[2.118s] -- Installing: /home/yue/robot/install/piper_with_gripper_moveit/share/ament_index/resource_index/parent_prefix_path/piper_with_gripper_moveit
[2.119s] -- Installing: /home/yue/robot/install/piper_with_gripper_moveit/share/piper_with_gripper_moveit/environment/ament_prefix_path.sh
[2.119s] -- Installing: /home/yue/robot/install/piper_with_gripper_moveit/share/piper_with_gripper_moveit/environment/ament_prefix_path.dsv
[2.119s] -- Installing: /home/yue/robot/install/piper_with_gripper_moveit/share/piper_with_gripper_moveit/environment/path.sh
[2.119s] -- Installing: /home/yue/robot/install/piper_with_gripper_moveit/share/piper_with_gripper_moveit/environment/path.dsv
[2.119s] -- Installing: /home/yue/robot/install/piper_with_gripper_moveit/share/piper_with_gripper_moveit/local_setup.bash
[2.119s] -- Installing: /home/yue/robot/install/piper_with_gripper_moveit/share/piper_with_gripper_moveit/local_setup.sh
[2.120s] -- Installing: /home/yue/robot/install/piper_with_gripper_moveit/share/piper_with_gripper_moveit/local_setup.zsh
[2.120s] -- Installing: /home/yue/robot/install/piper_with_gripper_moveit/share/piper_with_gripper_moveit/local_setup.dsv
[2.120s] -- Installing: /home/yue/robot/install/piper_with_gripper_moveit/share/piper_with_gripper_moveit/package.dsv
[2.121s] -- Installing: /home/yue/robot/install/piper_with_gripper_moveit/share/ament_index/resource_index/packages/piper_with_gripper_moveit
[2.121s] -- Installing: /home/yue/robot/install/piper_with_gripper_moveit/share/piper_with_gripper_moveit/cmake/piper_with_gripper_moveitConfig.cmake
[2.121s] -- Installing: /home/yue/robot/install/piper_with_gripper_moveit/share/piper_with_gripper_moveit/cmake/piper_with_gripper_moveitConfig-version.cmake
[2.122s] -- Installing: /home/yue/robot/install/piper_with_gripper_moveit/share/piper_with_gripper_moveit/package.xml
[2.122s] -- Installing: /home/yue/robot/install/piper_with_gripper_moveit/share/piper_with_gripper_moveit/launch
[2.122s] -- Installing: /home/yue/robot/install/piper_with_gripper_moveit/share/piper_with_gripper_moveit/launch/moveit_rviz.launch.py
[2.122s] -- Installing: /home/yue/robot/install/piper_with_gripper_moveit/share/piper_with_gripper_moveit/launch/static_virtual_joint_tfs.launch.py
[2.122s] -- Installing: /home/yue/robot/install/piper_with_gripper_moveit/share/piper_with_gripper_moveit/launch/demo.launch.py
[2.123s] -- Installing: /home/yue/robot/install/piper_with_gripper_moveit/share/piper_with_gripper_moveit/launch/setup_assistant.launch.py
[2.123s] -- Installing: /home/yue/robot/install/piper_with_gripper_moveit/share/piper_with_gripper_moveit/launch/warehouse_db.launch.py
[2.123s] -- Installing: /home/yue/robot/install/piper_with_gripper_moveit/share/piper_with_gripper_moveit/launch/rsp.launch.py
[2.123s] -- Installing: /home/yue/robot/install/piper_with_gripper_moveit/share/piper_with_gripper_moveit/launch/spawn_controllers.launch.py
[2.123s] -- Installing: /home/yue/robot/install/piper_with_gripper_moveit/share/piper_with_gripper_moveit/launch/move_group.launch.py
[2.123s] -- Installing: /home/yue/robot/install/piper_with_gripper_moveit/share/piper_with_gripper_moveit/launch/piper_moveit.launch.py
[2.129s] -- Installing: /home/yue/robot/install/piper_with_gripper_moveit/share/piper_with_gripper_moveit/config
[2.130s] -- Installing: /home/yue/robot/install/piper_with_gripper_moveit/share/piper_with_gripper_moveit/config/kinematics.yaml
[2.176s] -- Installing: /home/yue/robot/install/piper_with_gripper_moveit/share/piper_with_gripper_moveit/config/piper.srdf
[2.176s] -- Installing: /home/yue/robot/install/piper_with_gripper_moveit/share/piper_with_gripper_moveit/config/piper.urdf.xacro
[2.176s] -- Installing: /home/yue/robot/install/piper_with_gripper_moveit/share/piper_with_gripper_moveit/config/moveit_controllers.yaml
[2.176s] -- Installing: /home/yue/robot/install/piper_with_gripper_moveit/share/piper_with_gripper_moveit/config/joint_limits.yaml
[2.177s] -- Installing: /home/yue/robot/install/piper_with_gripper_moveit/share/piper_with_gripper_moveit/config/initial_positions.yaml
[2.177s] -- Installing: /home/yue/robot/install/piper_with_gripper_moveit/share/piper_with_gripper_moveit/config/sensors_3d.yaml
[2.177s] -- Installing: /home/yue/robot/install/piper_with_gripper_moveit/share/piper_with_gripper_moveit/config/pilz_cartesian_limits.yaml
[2.177s] -- Installing: /home/yue/robot/install/piper_with_gripper_moveit/share/piper_with_gripper_moveit/config/ros2_controllers.yaml
[2.177s] -- Installing: /home/yue/robot/install/piper_with_gripper_moveit/share/piper_with_gripper_moveit/config/piper.ros2_control.xacro
[2.179s] -- Installing: /home/yue/robot/install/piper_with_gripper_moveit/share/piper_with_gripper_moveit/config/moveit.rviz
[2.180s] -- Installing: /home/yue/robot/install/piper_with_gripper_moveit/share/piper_with_gripper_moveit/.setup_assistant
[2.189s] Invoked command in '/home/yue/robot/build/piper_with_gripper_moveit' returned '0': AMENT_PREFIX_PATH=/home/yue/robot/install/piper_description:${AMENT_PREFIX_PATH} CMAKE_PREFIX_PATH=/home/yue/robot/install/piper_description:/home/yue/robot/install/handpose_publisher:/opt/ros/humble /usr/bin/cmake --install /home/yue/robot/build/piper_with_gripper_moveit
