[1.846s] Invoking command in '/home/yue/robot/src/Piper_ros/src/piper': PYTHONPATH=/home/yue/robot/build/piper/prefix_override:/usr/lib/python3/dist-packages/colcon_core/task/python/colcon_distutils_commands:/home/yue/robot/install/piper/lib/python3.10/site-packages:${PYTHONPATH} /usr/bin/python3 -W ignore:setup.py install is deprecated -W ignore:easy_install command is deprecated setup.py egg_info --egg-base ../../../../build/piper build --build-base /home/yue/robot/build/piper/build install --record /home/yue/robot/build/piper/install.log --single-version-externally-managed install_data
[2.335s] running egg_info
[2.337s] writing ../../../../build/piper/piper.egg-info/PKG-INFO
[2.339s] writing dependency_links to ../../../../build/piper/piper.egg-info/dependency_links.txt
[2.339s] writing entry points to ../../../../build/piper/piper.egg-info/entry_points.txt
[2.339s] writing requirements to ../../../../build/piper/piper.egg-info/requires.txt
[2.340s] writing top-level names to ../../../../build/piper/piper.egg-info/top_level.txt
[2.344s] reading manifest file '../../../../build/piper/piper.egg-info/SOURCES.txt'
[2.344s] adding license file 'LICENSE'
[2.344s] writing manifest file '../../../../build/piper/piper.egg-info/SOURCES.txt'
[2.345s] running build
[2.345s] running build_py
[2.345s] running install
[2.346s] running install_lib
[2.349s] running install_data
[2.349s] running install_egg_info
[2.353s] removing '/home/yue/robot/install/piper/lib/python3.10/site-packages/piper-0.0.0-py3.10.egg-info' (and everything under it)
[2.353s] Copying ../../../../build/piper/piper.egg-info to /home/yue/robot/install/piper/lib/python3.10/site-packages/piper-0.0.0-py3.10.egg-info
[2.355s] running install_scripts
[2.397s] Installing piper_read_slave_joint script to /home/yue/robot/install/piper/lib/piper
[2.397s] Installing piper_single_ctrl script to /home/yue/robot/install/piper/lib/piper
[2.397s] writing list of installed files to '/home/yue/robot/build/piper/install.log'
[2.468s] Invoked command in '/home/yue/robot/src/Piper_ros/src/piper' returned '0': PYTHONPATH=/home/yue/robot/build/piper/prefix_override:/usr/lib/python3/dist-packages/colcon_core/task/python/colcon_distutils_commands:/home/yue/robot/install/piper/lib/python3.10/site-packages:${PYTHONPATH} /usr/bin/python3 -W ignore:setup.py install is deprecated -W ignore:easy_install command is deprecated setup.py egg_info --egg-base ../../../../build/piper build --build-base /home/yue/robot/build/piper/build install --record /home/yue/robot/build/piper/install.log --single-version-externally-managed install_data
