[0.046s] Invoking command in '/home/yue/robot/build/piper_mujoco': CMAKE_PREFIX_PATH=${CMAKE_PREFIX_PATH}:/opt/ros/humble /usr/bin/cmake /home/yue/robot/src/Piper_ros/src/piper_sim/piper_mujoco -DCMAKE_INSTALL_PREFIX=/home/yue/robot/install/piper_mujoco
[0.179s] -- The C compiler identification is GNU 11.4.0
[0.308s] -- The CXX compiler identification is GNU 11.4.0
[0.333s] -- Detecting C compiler ABI info
[0.705s] -- Detecting C compiler ABI info - done
[0.719s] -- Check for working C compiler: /usr/bin/cc - skipped
[0.720s] -- Detecting C compile features
[0.720s] -- Detecting C compile features - done
[0.731s] -- Detecting CXX compiler ABI info
[1.057s] -- Detecting CXX compiler ABI info - done
[1.078s] -- Check for working CXX compiler: /usr/bin/c++ - skipped
[1.078s] -- Detecting CXX compile features
[1.078s] -- Detecting CXX compile features - done
[1.088s] -- Found ament_cmake: 1.3.12 (/opt/ros/humble/share/ament_cmake/cmake)
[1.701s] -- Found Python3: /usr/bin/python3 (found version "3.10.12") found components: Interpreter 
[1.918s] -- Found rclpy: 3.3.17 (/opt/ros/humble/share/rclpy/cmake)
[1.923s] -- Found std_msgs: 4.9.0 (/opt/ros/humble/share/std_msgs/cmake)
[2.039s] -- Found rosidl_generator_c: 3.1.7 (/opt/ros/humble/share/rosidl_generator_c/cmake)
[2.053s] -- Found rosidl_adapter: 3.1.7 (/opt/ros/humble/share/rosidl_adapter/cmake)
[2.093s] -- Found rosidl_generator_cpp: 3.1.7 (/opt/ros/humble/share/rosidl_generator_cpp/cmake)
[2.160s] -- Using all available rosidl_typesupport_c: rosidl_typesupport_fastrtps_c;rosidl_typesupport_introspection_c
[2.247s] -- Using all available rosidl_typesupport_cpp: rosidl_typesupport_fastrtps_cpp;rosidl_typesupport_introspection_cpp
[2.518s] -- Configuring done
[2.530s] -- Generating done
[2.542s] -- Build files have been written to: /home/yue/robot/build/piper_mujoco
[2.559s] Invoked command in '/home/yue/robot/build/piper_mujoco' returned '0': CMAKE_PREFIX_PATH=${CMAKE_PREFIX_PATH}:/opt/ros/humble /usr/bin/cmake /home/yue/robot/src/Piper_ros/src/piper_sim/piper_mujoco -DCMAKE_INSTALL_PREFIX=/home/yue/robot/install/piper_mujoco
[2.562s] Invoking command in '/home/yue/robot/build/piper_mujoco': CMAKE_PREFIX_PATH=${CMAKE_PREFIX_PATH}:/opt/ros/humble /usr/bin/cmake --build /home/yue/robot/build/piper_mujoco -- -j6 -l6
[2.653s] Invoked command in '/home/yue/robot/build/piper_mujoco' returned '0': CMAKE_PREFIX_PATH=${CMAKE_PREFIX_PATH}:/opt/ros/humble /usr/bin/cmake --build /home/yue/robot/build/piper_mujoco -- -j6 -l6
[2.654s] Invoking command in '/home/yue/robot/build/piper_mujoco': CMAKE_PREFIX_PATH=${CMAKE_PREFIX_PATH}:/opt/ros/humble /usr/bin/cmake --install /home/yue/robot/build/piper_mujoco
[2.666s] -- Install configuration: ""
[2.667s] -- Installing: /home/yue/robot/install/piper_mujoco/lib/piper_mujoco/piper_mujoco_ctrl.py
[2.670s] -- Installing: /home/yue/robot/install/piper_mujoco/lib/piper_mujoco/piper_no_gripper_mujoco_ctrl.py
[2.674s] -- Installing: /home/yue/robot/install/piper_mujoco/share/ament_index/resource_index/package_run_dependencies/piper_mujoco
[2.681s] -- Installing: /home/yue/robot/install/piper_mujoco/share/ament_index/resource_index/parent_prefix_path/piper_mujoco
[2.686s] -- Installing: /home/yue/robot/install/piper_mujoco/share/piper_mujoco/environment/ament_prefix_path.sh
[2.688s] -- Installing: /home/yue/robot/install/piper_mujoco/share/piper_mujoco/environment/ament_prefix_path.dsv
[2.690s] -- Installing: /home/yue/robot/install/piper_mujoco/share/piper_mujoco/environment/path.sh
[2.692s] -- Installing: /home/yue/robot/install/piper_mujoco/share/piper_mujoco/environment/path.dsv
[2.696s] -- Installing: /home/yue/robot/install/piper_mujoco/share/piper_mujoco/local_setup.bash
[2.697s] -- Installing: /home/yue/robot/install/piper_mujoco/share/piper_mujoco/local_setup.sh
[2.699s] -- Installing: /home/yue/robot/install/piper_mujoco/share/piper_mujoco/local_setup.zsh
[2.700s] -- Installing: /home/yue/robot/install/piper_mujoco/share/piper_mujoco/local_setup.dsv
[2.700s] -- Installing: /home/yue/robot/install/piper_mujoco/share/piper_mujoco/package.dsv
[2.701s] -- Installing: /home/yue/robot/install/piper_mujoco/share/ament_index/resource_index/packages/piper_mujoco
[2.701s] -- Installing: /home/yue/robot/install/piper_mujoco/share/piper_mujoco/cmake/piper_mujocoConfig.cmake
[2.701s] -- Installing: /home/yue/robot/install/piper_mujoco/share/piper_mujoco/cmake/piper_mujocoConfig-version.cmake
[2.701s] -- Installing: /home/yue/robot/install/piper_mujoco/share/piper_mujoco/package.xml
[2.717s] Invoked command in '/home/yue/robot/build/piper_mujoco' returned '0': CMAKE_PREFIX_PATH=${CMAKE_PREFIX_PATH}:/opt/ros/humble /usr/bin/cmake --install /home/yue/robot/build/piper_mujoco
