[0.069s] Invoking command in '/home/yue/robot/build/piper_no_gripper_moveit': AMENT_PREFIX_PATH=/home/yue/robot/install/piper_description:${AMENT_PREFIX_PATH} CMAKE_PREFIX_PATH=/home/yue/robot/install/piper_description:/home/yue/robot/install/handpose_publisher:/opt/ros/humble /usr/bin/cmake /home/yue/robot/src/Piper_ros/src/piper_moveit/piper_no_gripper_moveit -DCMAKE_INSTALL_PREFIX=/home/yue/robot/install/piper_no_gripper_moveit
[0.467s] -- The C compiler identification is GNU 11.4.0
[0.817s] -- The CXX compiler identification is GNU 11.4.0
[0.832s] -- Detecting C compiler ABI info
[1.182s] -- Detecting C compiler ABI info - done
[1.213s] -- Check for working C compiler: /usr/bin/cc - skipped
[1.214s] -- Detecting C compile features
[1.214s] -- Detecting C compile features - done
[1.235s] -- Detecting CXX compiler ABI info
[1.495s] -- Detecting CXX compiler ABI info - done
[1.508s] -- Check for working CXX compiler: /usr/bin/c++ - skipped
[1.511s] -- Detecting CXX compile features
[1.511s] -- Detecting CXX compile features - done
[1.517s] -- Found ament_cmake: 1.3.12 (/opt/ros/humble/share/ament_cmake/cmake)
[1.916s] -- Found Python3: /usr/bin/python3 (found version "3.10.12") found components: Interpreter 
[2.338s] -- Configuring done
[2.344s] -- Generating done
[2.348s] -- Build files have been written to: /home/yue/robot/build/piper_no_gripper_moveit
[2.361s] Invoked command in '/home/yue/robot/build/piper_no_gripper_moveit' returned '0': AMENT_PREFIX_PATH=/home/yue/robot/install/piper_description:${AMENT_PREFIX_PATH} CMAKE_PREFIX_PATH=/home/yue/robot/install/piper_description:/home/yue/robot/install/handpose_publisher:/opt/ros/humble /usr/bin/cmake /home/yue/robot/src/Piper_ros/src/piper_moveit/piper_no_gripper_moveit -DCMAKE_INSTALL_PREFIX=/home/yue/robot/install/piper_no_gripper_moveit
[2.378s] Invoking command in '/home/yue/robot/build/piper_no_gripper_moveit': AMENT_PREFIX_PATH=/home/yue/robot/install/piper_description:${AMENT_PREFIX_PATH} CMAKE_PREFIX_PATH=/home/yue/robot/install/piper_description:/home/yue/robot/install/handpose_publisher:/opt/ros/humble /usr/bin/cmake --build /home/yue/robot/build/piper_no_gripper_moveit -- -j6 -l6
[2.495s] Invoked command in '/home/yue/robot/build/piper_no_gripper_moveit' returned '0': AMENT_PREFIX_PATH=/home/yue/robot/install/piper_description:${AMENT_PREFIX_PATH} CMAKE_PREFIX_PATH=/home/yue/robot/install/piper_description:/home/yue/robot/install/handpose_publisher:/opt/ros/humble /usr/bin/cmake --build /home/yue/robot/build/piper_no_gripper_moveit -- -j6 -l6
[2.497s] Invoking command in '/home/yue/robot/build/piper_no_gripper_moveit': AMENT_PREFIX_PATH=/home/yue/robot/install/piper_description:${AMENT_PREFIX_PATH} CMAKE_PREFIX_PATH=/home/yue/robot/install/piper_description:/home/yue/robot/install/handpose_publisher:/opt/ros/humble /usr/bin/cmake --install /home/yue/robot/build/piper_no_gripper_moveit
[2.524s] -- Install configuration: ""
[2.527s] -- Installing: /home/yue/robot/install/piper_no_gripper_moveit/share/ament_index/resource_index/package_run_dependencies/piper_no_gripper_moveit
[2.529s] -- Installing: /home/yue/robot/install/piper_no_gripper_moveit/share/ament_index/resource_index/parent_prefix_path/piper_no_gripper_moveit
[2.531s] -- Installing: /home/yue/robot/install/piper_no_gripper_moveit/share/piper_no_gripper_moveit/environment/ament_prefix_path.sh
[2.533s] -- Installing: /home/yue/robot/install/piper_no_gripper_moveit/share/piper_no_gripper_moveit/environment/ament_prefix_path.dsv
[2.534s] -- Installing: /home/yue/robot/install/piper_no_gripper_moveit/share/piper_no_gripper_moveit/environment/path.sh
[2.535s] -- Installing: /home/yue/robot/install/piper_no_gripper_moveit/share/piper_no_gripper_moveit/environment/path.dsv
[2.537s] -- Installing: /home/yue/robot/install/piper_no_gripper_moveit/share/piper_no_gripper_moveit/local_setup.bash
[2.538s] -- Installing: /home/yue/robot/install/piper_no_gripper_moveit/share/piper_no_gripper_moveit/local_setup.sh
[2.540s] -- Installing: /home/yue/robot/install/piper_no_gripper_moveit/share/piper_no_gripper_moveit/local_setup.zsh
[2.541s] -- Installing: /home/yue/robot/install/piper_no_gripper_moveit/share/piper_no_gripper_moveit/local_setup.dsv
[2.541s] -- Installing: /home/yue/robot/install/piper_no_gripper_moveit/share/piper_no_gripper_moveit/package.dsv
[2.543s] -- Installing: /home/yue/robot/install/piper_no_gripper_moveit/share/ament_index/resource_index/packages/piper_no_gripper_moveit
[2.543s] -- Installing: /home/yue/robot/install/piper_no_gripper_moveit/share/piper_no_gripper_moveit/cmake/piper_no_gripper_moveitConfig.cmake
[2.543s] -- Installing: /home/yue/robot/install/piper_no_gripper_moveit/share/piper_no_gripper_moveit/cmake/piper_no_gripper_moveitConfig-version.cmake
[2.543s] -- Installing: /home/yue/robot/install/piper_no_gripper_moveit/share/piper_no_gripper_moveit/package.xml
[2.543s] -- Installing: /home/yue/robot/install/piper_no_gripper_moveit/share/piper_no_gripper_moveit/launch
[2.546s] -- Installing: /home/yue/robot/install/piper_no_gripper_moveit/share/piper_no_gripper_moveit/launch/moveit_rviz.launch.py
[2.547s] -- Installing: /home/yue/robot/install/piper_no_gripper_moveit/share/piper_no_gripper_moveit/launch/static_virtual_joint_tfs.launch.py
[2.547s] -- Installing: /home/yue/robot/install/piper_no_gripper_moveit/share/piper_no_gripper_moveit/launch/demo.launch.py
[2.547s] -- Installing: /home/yue/robot/install/piper_no_gripper_moveit/share/piper_no_gripper_moveit/launch/setup_assistant.launch.py
[2.547s] -- Installing: /home/yue/robot/install/piper_no_gripper_moveit/share/piper_no_gripper_moveit/launch/warehouse_db.launch.py
[2.547s] -- Installing: /home/yue/robot/install/piper_no_gripper_moveit/share/piper_no_gripper_moveit/launch/rsp.launch.py
[2.547s] -- Installing: /home/yue/robot/install/piper_no_gripper_moveit/share/piper_no_gripper_moveit/launch/spawn_controllers.launch.py
[2.547s] -- Installing: /home/yue/robot/install/piper_no_gripper_moveit/share/piper_no_gripper_moveit/launch/move_group.launch.py
[2.548s] -- Installing: /home/yue/robot/install/piper_no_gripper_moveit/share/piper_no_gripper_moveit/launch/piper_moveit.launch.py
[2.548s] -- Installing: /home/yue/robot/install/piper_no_gripper_moveit/share/piper_no_gripper_moveit/config
[2.548s] -- Installing: /home/yue/robot/install/piper_no_gripper_moveit/share/piper_no_gripper_moveit/config/kinematics.yaml
[2.567s] -- Installing: /home/yue/robot/install/piper_no_gripper_moveit/share/piper_no_gripper_moveit/config/piper.srdf
[2.567s] -- Installing: /home/yue/robot/install/piper_no_gripper_moveit/share/piper_no_gripper_moveit/config/piper.urdf.xacro
[2.568s] -- Installing: /home/yue/robot/install/piper_no_gripper_moveit/share/piper_no_gripper_moveit/config/moveit_controllers.yaml
[2.569s] -- Installing: /home/yue/robot/install/piper_no_gripper_moveit/share/piper_no_gripper_moveit/config/joint_limits.yaml
[2.570s] -- Installing: /home/yue/robot/install/piper_no_gripper_moveit/share/piper_no_gripper_moveit/config/initial_positions.yaml
[2.571s] -- Installing: /home/yue/robot/install/piper_no_gripper_moveit/share/piper_no_gripper_moveit/config/pilz_cartesian_limits.yaml
[2.573s] -- Installing: /home/yue/robot/install/piper_no_gripper_moveit/share/piper_no_gripper_moveit/config/ros2_controllers.yaml
[2.573s] -- Installing: /home/yue/robot/install/piper_no_gripper_moveit/share/piper_no_gripper_moveit/config/piper.ros2_control.xacro
[2.574s] -- Installing: /home/yue/robot/install/piper_no_gripper_moveit/share/piper_no_gripper_moveit/config/moveit.rviz
[2.574s] -- Installing: /home/yue/robot/install/piper_no_gripper_moveit/share/piper_no_gripper_moveit/.setup_assistant
[2.582s] Invoked command in '/home/yue/robot/build/piper_no_gripper_moveit' returned '0': AMENT_PREFIX_PATH=/home/yue/robot/install/piper_description:${AMENT_PREFIX_PATH} CMAKE_PREFIX_PATH=/home/yue/robot/install/piper_description:/home/yue/robot/install/handpose_publisher:/opt/ros/humble /usr/bin/cmake --install /home/yue/robot/build/piper_no_gripper_moveit
