[0.218s] DEBUG:colcon:Command line arguments: ['/usr/bin/colcon', 'build', '--packages-select', 'piper_msgs', 'piper', 'piper_handpose_controller']
[0.219s] DEBUG:colcon:Parsed command line arguments: Namespace(log_base=None, log_level=None, verb_name='build', build_base='build', install_base='install', merge_install=False, symlink_install=False, test_result_base=None, continue_on_error=False, executor='parallel', parallel_workers=6, event_handlers=None, ignore_user_meta=False, metas=['./colcon.meta'], base_paths=['.'], packages_ignore=None, packages_ignore_regex=None, paths=None, packages_up_to=None, packages_up_to_regex=None, packages_above=None, packages_above_and_dependencies=None, packages_above_depth=None, packages_select_by_dep=None, packages_skip_by_dep=None, packages_skip_up_to=None, packages_select_build_failed=False, packages_skip_build_finished=False, packages_select_test_failures=False, packages_skip_test_passed=False, packages_select=['piper_msgs', 'piper', 'piper_handpose_controller'], packages_skip=None, packages_select_regex=None, packages_skip_regex=None, packages_start=None, packages_end=None, allow_overriding=[], cmake_args=None, cmake_target=None, cmake_target_skip_unavailable=False, cmake_clean_cache=False, cmake_clean_first=False, cmake_force_configure=False, ament_cmake_args=None, catkin_cmake_args=None, catkin_skip_building_tests=False, verb_parser=<colcon_defaults.argument_parser.defaults.DefaultArgumentsDecorator object at 0xffffb5b09f00>, verb_extension=<colcon_core.verb.build.BuildVerb object at 0xffffb5b099f0>, main=<bound method BuildVerb.main of <colcon_core.verb.build.BuildVerb object at 0xffffb5b099f0>>)
[0.555s] Level 1:colcon.colcon_core.package_discovery:discover_packages(colcon_meta) check parameters
[0.556s] Level 1:colcon.colcon_core.package_discovery:discover_packages(recursive) check parameters
[0.556s] Level 1:colcon.colcon_core.package_discovery:discover_packages(ignore) check parameters
[0.556s] Level 1:colcon.colcon_core.package_discovery:discover_packages(path) check parameters
[0.556s] Level 1:colcon.colcon_core.package_discovery:discover_packages(colcon_meta) discover
[0.556s] Level 1:colcon.colcon_core.package_discovery:discover_packages(recursive) discover
[0.556s] INFO:colcon.colcon_core.package_discovery:Crawling recursively for packages in '/home/yue/robot'
[0.556s] Level 1:colcon.colcon_core.package_identification:_identify(.) by extensions ['ignore', 'ignore_ament_install']
[0.557s] Level 1:colcon.colcon_core.package_identification:_identify(.) by extension 'ignore'
[0.557s] Level 1:colcon.colcon_core.package_identification:_identify(.) by extension 'ignore_ament_install'
[0.557s] Level 1:colcon.colcon_core.package_identification:_identify(.) by extensions ['colcon_pkg']
[0.557s] Level 1:colcon.colcon_core.package_identification:_identify(.) by extension 'colcon_pkg'
[0.557s] Level 1:colcon.colcon_core.package_identification:_identify(.) by extensions ['colcon_meta']
[0.557s] Level 1:colcon.colcon_core.package_identification:_identify(.) by extension 'colcon_meta'
[0.557s] Level 1:colcon.colcon_core.package_identification:_identify(.) by extensions ['ros']
[0.557s] Level 1:colcon.colcon_core.package_identification:_identify(.) by extension 'ros'
[0.580s] Level 1:colcon.colcon_core.package_identification:_identify(.) by extensions ['cmake', 'python']
[0.580s] Level 1:colcon.colcon_core.package_identification:_identify(.) by extension 'cmake'
[0.580s] Level 1:colcon.colcon_core.package_identification:_identify(.) by extension 'python'
[0.581s] Level 1:colcon.colcon_core.package_identification:_identify(.) by extensions ['python_setup_py']
[0.581s] Level 1:colcon.colcon_core.package_identification:_identify(.) by extension 'python_setup_py'
[0.581s] Level 1:colcon.colcon_core.package_identification:_identify(build) by extensions ['ignore', 'ignore_ament_install']
[0.581s] Level 1:colcon.colcon_core.package_identification:_identify(build) by extension 'ignore'
[0.581s] Level 1:colcon.colcon_core.package_identification:_identify(build) ignored
[0.582s] Level 1:colcon.colcon_core.package_identification:_identify(install) by extensions ['ignore', 'ignore_ament_install']
[0.582s] Level 1:colcon.colcon_core.package_identification:_identify(install) by extension 'ignore'
[0.582s] Level 1:colcon.colcon_core.package_identification:_identify(install) ignored
[0.583s] Level 1:colcon.colcon_core.package_identification:_identify(log) by extensions ['ignore', 'ignore_ament_install']
[0.583s] Level 1:colcon.colcon_core.package_identification:_identify(log) by extension 'ignore'
[0.583s] Level 1:colcon.colcon_core.package_identification:_identify(log) ignored
[0.583s] Level 1:colcon.colcon_core.package_identification:_identify(src) by extensions ['ignore', 'ignore_ament_install']
[0.583s] Level 1:colcon.colcon_core.package_identification:_identify(src) by extension 'ignore'
[0.583s] Level 1:colcon.colcon_core.package_identification:_identify(src) by extension 'ignore_ament_install'
[0.584s] Level 1:colcon.colcon_core.package_identification:_identify(src) by extensions ['colcon_pkg']
[0.584s] Level 1:colcon.colcon_core.package_identification:_identify(src) by extension 'colcon_pkg'
[0.584s] Level 1:colcon.colcon_core.package_identification:_identify(src) by extensions ['colcon_meta']
[0.584s] Level 1:colcon.colcon_core.package_identification:_identify(src) by extension 'colcon_meta'
[0.584s] Level 1:colcon.colcon_core.package_identification:_identify(src) by extensions ['ros']
[0.584s] Level 1:colcon.colcon_core.package_identification:_identify(src) by extension 'ros'
[0.584s] Level 1:colcon.colcon_core.package_identification:_identify(src) by extensions ['cmake', 'python']
[0.584s] Level 1:colcon.colcon_core.package_identification:_identify(src) by extension 'cmake'
[0.584s] Level 1:colcon.colcon_core.package_identification:_identify(src) by extension 'python'
[0.584s] Level 1:colcon.colcon_core.package_identification:_identify(src) by extensions ['python_setup_py']
[0.584s] Level 1:colcon.colcon_core.package_identification:_identify(src) by extension 'python_setup_py'
[0.585s] Level 1:colcon.colcon_core.package_identification:_identify(src/Piper_ros) by extensions ['ignore', 'ignore_ament_install']
[0.585s] Level 1:colcon.colcon_core.package_identification:_identify(src/Piper_ros) by extension 'ignore'
[0.585s] Level 1:colcon.colcon_core.package_identification:_identify(src/Piper_ros) by extension 'ignore_ament_install'
[0.585s] Level 1:colcon.colcon_core.package_identification:_identify(src/Piper_ros) by extensions ['colcon_pkg']
[0.585s] Level 1:colcon.colcon_core.package_identification:_identify(src/Piper_ros) by extension 'colcon_pkg'
[0.585s] Level 1:colcon.colcon_core.package_identification:_identify(src/Piper_ros) by extensions ['colcon_meta']
[0.585s] Level 1:colcon.colcon_core.package_identification:_identify(src/Piper_ros) by extension 'colcon_meta'
[0.585s] Level 1:colcon.colcon_core.package_identification:_identify(src/Piper_ros) by extensions ['ros']
[0.585s] Level 1:colcon.colcon_core.package_identification:_identify(src/Piper_ros) by extension 'ros'
[0.585s] Level 1:colcon.colcon_core.package_identification:_identify(src/Piper_ros) by extensions ['cmake', 'python']
[0.586s] Level 1:colcon.colcon_core.package_identification:_identify(src/Piper_ros) by extension 'cmake'
[0.586s] Level 1:colcon.colcon_core.package_identification:_identify(src/Piper_ros) by extension 'python'
[0.586s] Level 1:colcon.colcon_core.package_identification:_identify(src/Piper_ros) by extensions ['python_setup_py']
[0.586s] Level 1:colcon.colcon_core.package_identification:_identify(src/Piper_ros) by extension 'python_setup_py'
[0.586s] Level 1:colcon.colcon_core.package_identification:_identify(src/Piper_ros/asserts) by extensions ['ignore', 'ignore_ament_install']
[0.586s] Level 1:colcon.colcon_core.package_identification:_identify(src/Piper_ros/asserts) by extension 'ignore'
[0.586s] Level 1:colcon.colcon_core.package_identification:_identify(src/Piper_ros/asserts) by extension 'ignore_ament_install'
[0.586s] Level 1:colcon.colcon_core.package_identification:_identify(src/Piper_ros/asserts) by extensions ['colcon_pkg']
[0.586s] Level 1:colcon.colcon_core.package_identification:_identify(src/Piper_ros/asserts) by extension 'colcon_pkg'
[0.587s] Level 1:colcon.colcon_core.package_identification:_identify(src/Piper_ros/asserts) by extensions ['colcon_meta']
[0.587s] Level 1:colcon.colcon_core.package_identification:_identify(src/Piper_ros/asserts) by extension 'colcon_meta'
[0.587s] Level 1:colcon.colcon_core.package_identification:_identify(src/Piper_ros/asserts) by extensions ['ros']
[0.587s] Level 1:colcon.colcon_core.package_identification:_identify(src/Piper_ros/asserts) by extension 'ros'
[0.587s] Level 1:colcon.colcon_core.package_identification:_identify(src/Piper_ros/asserts) by extensions ['cmake', 'python']
[0.587s] Level 1:colcon.colcon_core.package_identification:_identify(src/Piper_ros/asserts) by extension 'cmake'
[0.587s] Level 1:colcon.colcon_core.package_identification:_identify(src/Piper_ros/asserts) by extension 'python'
[0.587s] Level 1:colcon.colcon_core.package_identification:_identify(src/Piper_ros/asserts) by extensions ['python_setup_py']
[0.587s] Level 1:colcon.colcon_core.package_identification:_identify(src/Piper_ros/asserts) by extension 'python_setup_py'
[0.587s] Level 1:colcon.colcon_core.package_identification:_identify(src/Piper_ros/asserts/pictures) by extensions ['ignore', 'ignore_ament_install']
[0.588s] Level 1:colcon.colcon_core.package_identification:_identify(src/Piper_ros/asserts/pictures) by extension 'ignore'
[0.588s] Level 1:colcon.colcon_core.package_identification:_identify(src/Piper_ros/asserts/pictures) by extension 'ignore_ament_install'
[0.588s] Level 1:colcon.colcon_core.package_identification:_identify(src/Piper_ros/asserts/pictures) by extensions ['colcon_pkg']
[0.588s] Level 1:colcon.colcon_core.package_identification:_identify(src/Piper_ros/asserts/pictures) by extension 'colcon_pkg'
[0.588s] Level 1:colcon.colcon_core.package_identification:_identify(src/Piper_ros/asserts/pictures) by extensions ['colcon_meta']
[0.588s] Level 1:colcon.colcon_core.package_identification:_identify(src/Piper_ros/asserts/pictures) by extension 'colcon_meta'
[0.588s] Level 1:colcon.colcon_core.package_identification:_identify(src/Piper_ros/asserts/pictures) by extensions ['ros']
[0.588s] Level 1:colcon.colcon_core.package_identification:_identify(src/Piper_ros/asserts/pictures) by extension 'ros'
[0.589s] Level 1:colcon.colcon_core.package_identification:_identify(src/Piper_ros/asserts/pictures) by extensions ['cmake', 'python']
[0.589s] Level 1:colcon.colcon_core.package_identification:_identify(src/Piper_ros/asserts/pictures) by extension 'cmake'
[0.589s] Level 1:colcon.colcon_core.package_identification:_identify(src/Piper_ros/asserts/pictures) by extension 'python'
[0.589s] Level 1:colcon.colcon_core.package_identification:_identify(src/Piper_ros/asserts/pictures) by extensions ['python_setup_py']
[0.589s] Level 1:colcon.colcon_core.package_identification:_identify(src/Piper_ros/asserts/pictures) by extension 'python_setup_py'
[0.589s] Level 1:colcon.colcon_core.package_identification:_identify(src/Piper_ros/build) by extensions ['ignore', 'ignore_ament_install']
[0.589s] Level 1:colcon.colcon_core.package_identification:_identify(src/Piper_ros/build) by extension 'ignore'
[0.590s] Level 1:colcon.colcon_core.package_identification:_identify(src/Piper_ros/build) ignored
[0.590s] Level 1:colcon.colcon_core.package_identification:_identify(src/Piper_ros/install) by extensions ['ignore', 'ignore_ament_install']
[0.590s] Level 1:colcon.colcon_core.package_identification:_identify(src/Piper_ros/install) by extension 'ignore'
[0.590s] Level 1:colcon.colcon_core.package_identification:_identify(src/Piper_ros/install) ignored
[0.591s] Level 1:colcon.colcon_core.package_identification:_identify(src/Piper_ros/log) by extensions ['ignore', 'ignore_ament_install']
[0.591s] Level 1:colcon.colcon_core.package_identification:_identify(src/Piper_ros/log) by extension 'ignore'
[0.591s] Level 1:colcon.colcon_core.package_identification:_identify(src/Piper_ros/log) ignored
[0.591s] Level 1:colcon.colcon_core.package_identification:_identify(src/Piper_ros/src) by extensions ['ignore', 'ignore_ament_install']
[0.591s] Level 1:colcon.colcon_core.package_identification:_identify(src/Piper_ros/src) by extension 'ignore'
[0.591s] Level 1:colcon.colcon_core.package_identification:_identify(src/Piper_ros/src) by extension 'ignore_ament_install'
[0.591s] Level 1:colcon.colcon_core.package_identification:_identify(src/Piper_ros/src) by extensions ['colcon_pkg']
[0.591s] Level 1:colcon.colcon_core.package_identification:_identify(src/Piper_ros/src) by extension 'colcon_pkg'
[0.592s] Level 1:colcon.colcon_core.package_identification:_identify(src/Piper_ros/src) by extensions ['colcon_meta']
[0.592s] Level 1:colcon.colcon_core.package_identification:_identify(src/Piper_ros/src) by extension 'colcon_meta'
[0.592s] Level 1:colcon.colcon_core.package_identification:_identify(src/Piper_ros/src) by extensions ['ros']
[0.592s] Level 1:colcon.colcon_core.package_identification:_identify(src/Piper_ros/src) by extension 'ros'
[0.592s] Level 1:colcon.colcon_core.package_identification:_identify(src/Piper_ros/src) by extensions ['cmake', 'python']
[0.592s] Level 1:colcon.colcon_core.package_identification:_identify(src/Piper_ros/src) by extension 'cmake'
[0.592s] Level 1:colcon.colcon_core.package_identification:_identify(src/Piper_ros/src) by extension 'python'
[0.592s] Level 1:colcon.colcon_core.package_identification:_identify(src/Piper_ros/src) by extensions ['python_setup_py']
[0.592s] Level 1:colcon.colcon_core.package_identification:_identify(src/Piper_ros/src) by extension 'python_setup_py'
[0.592s] Level 1:colcon.colcon_core.package_identification:_identify(src/Piper_ros/src/piper) by extensions ['ignore', 'ignore_ament_install']
[0.593s] Level 1:colcon.colcon_core.package_identification:_identify(src/Piper_ros/src/piper) by extension 'ignore'
[0.593s] Level 1:colcon.colcon_core.package_identification:_identify(src/Piper_ros/src/piper) by extension 'ignore_ament_install'
[0.593s] Level 1:colcon.colcon_core.package_identification:_identify(src/Piper_ros/src/piper) by extensions ['colcon_pkg']
[0.593s] Level 1:colcon.colcon_core.package_identification:_identify(src/Piper_ros/src/piper) by extension 'colcon_pkg'
[0.593s] Level 1:colcon.colcon_core.package_identification:_identify(src/Piper_ros/src/piper) by extensions ['colcon_meta']
[0.593s] Level 1:colcon.colcon_core.package_identification:_identify(src/Piper_ros/src/piper) by extension 'colcon_meta'
[0.593s] Level 1:colcon.colcon_core.package_identification:_identify(src/Piper_ros/src/piper) by extensions ['ros']
[0.593s] Level 1:colcon.colcon_core.package_identification:_identify(src/Piper_ros/src/piper) by extension 'ros'
[0.598s] DEBUG:colcon.colcon_core.package_identification:Package 'src/Piper_ros/src/piper' with type 'ros.ament_python' and name 'piper'
[0.599s] Level 1:colcon.colcon_core.package_identification:_identify(src/Piper_ros/src/piper_description) by extensions ['ignore', 'ignore_ament_install']
[0.599s] Level 1:colcon.colcon_core.package_identification:_identify(src/Piper_ros/src/piper_description) by extension 'ignore'
[0.599s] Level 1:colcon.colcon_core.package_identification:_identify(src/Piper_ros/src/piper_description) by extension 'ignore_ament_install'
[0.599s] Level 1:colcon.colcon_core.package_identification:_identify(src/Piper_ros/src/piper_description) by extensions ['colcon_pkg']
[0.599s] Level 1:colcon.colcon_core.package_identification:_identify(src/Piper_ros/src/piper_description) by extension 'colcon_pkg'
[0.600s] Level 1:colcon.colcon_core.package_identification:_identify(src/Piper_ros/src/piper_description) by extensions ['colcon_meta']
[0.600s] Level 1:colcon.colcon_core.package_identification:_identify(src/Piper_ros/src/piper_description) by extension 'colcon_meta'
[0.600s] Level 1:colcon.colcon_core.package_identification:_identify(src/Piper_ros/src/piper_description) by extensions ['ros']
[0.600s] Level 1:colcon.colcon_core.package_identification:_identify(src/Piper_ros/src/piper_description) by extension 'ros'
[0.601s] DEBUG:colcon.colcon_core.package_identification:Package 'src/Piper_ros/src/piper_description' with type 'ros.ament_cmake' and name 'piper_description'
[0.601s] Level 1:colcon.colcon_core.package_identification:_identify(src/Piper_ros/src/piper_humble) by extensions ['ignore', 'ignore_ament_install']
[0.601s] Level 1:colcon.colcon_core.package_identification:_identify(src/Piper_ros/src/piper_humble) by extension 'ignore'
[0.601s] Level 1:colcon.colcon_core.package_identification:_identify(src/Piper_ros/src/piper_humble) by extension 'ignore_ament_install'
[0.602s] Level 1:colcon.colcon_core.package_identification:_identify(src/Piper_ros/src/piper_humble) by extensions ['colcon_pkg']
[0.602s] Level 1:colcon.colcon_core.package_identification:_identify(src/Piper_ros/src/piper_humble) by extension 'colcon_pkg'
[0.602s] Level 1:colcon.colcon_core.package_identification:_identify(src/Piper_ros/src/piper_humble) by extensions ['colcon_meta']
[0.602s] Level 1:colcon.colcon_core.package_identification:_identify(src/Piper_ros/src/piper_humble) by extension 'colcon_meta'
[0.602s] Level 1:colcon.colcon_core.package_identification:_identify(src/Piper_ros/src/piper_humble) by extensions ['ros']
[0.602s] Level 1:colcon.colcon_core.package_identification:_identify(src/Piper_ros/src/piper_humble) by extension 'ros'
[0.603s] DEBUG:colcon.colcon_core.package_identification:Package 'src/Piper_ros/src/piper_humble' with type 'ros.ament_cmake' and name 'piper_humble'
[0.603s] Level 1:colcon.colcon_core.package_identification:_identify(src/Piper_ros/src/piper_moveit) by extensions ['ignore', 'ignore_ament_install']
[0.603s] Level 1:colcon.colcon_core.package_identification:_identify(src/Piper_ros/src/piper_moveit) by extension 'ignore'
[0.604s] Level 1:colcon.colcon_core.package_identification:_identify(src/Piper_ros/src/piper_moveit) by extension 'ignore_ament_install'
[0.604s] Level 1:colcon.colcon_core.package_identification:_identify(src/Piper_ros/src/piper_moveit) by extensions ['colcon_pkg']
[0.604s] Level 1:colcon.colcon_core.package_identification:_identify(src/Piper_ros/src/piper_moveit) by extension 'colcon_pkg'
[0.604s] Level 1:colcon.colcon_core.package_identification:_identify(src/Piper_ros/src/piper_moveit) by extensions ['colcon_meta']
[0.604s] Level 1:colcon.colcon_core.package_identification:_identify(src/Piper_ros/src/piper_moveit) by extension 'colcon_meta'
[0.604s] Level 1:colcon.colcon_core.package_identification:_identify(src/Piper_ros/src/piper_moveit) by extensions ['ros']
[0.604s] Level 1:colcon.colcon_core.package_identification:_identify(src/Piper_ros/src/piper_moveit) by extension 'ros'
[0.604s] Level 1:colcon.colcon_core.package_identification:_identify(src/Piper_ros/src/piper_moveit) by extensions ['cmake', 'python']
[0.604s] Level 1:colcon.colcon_core.package_identification:_identify(src/Piper_ros/src/piper_moveit) by extension 'cmake'
[0.604s] Level 1:colcon.colcon_core.package_identification:_identify(src/Piper_ros/src/piper_moveit) by extension 'python'
[0.605s] Level 1:colcon.colcon_core.package_identification:_identify(src/Piper_ros/src/piper_moveit) by extensions ['python_setup_py']
[0.605s] Level 1:colcon.colcon_core.package_identification:_identify(src/Piper_ros/src/piper_moveit) by extension 'python_setup_py'
[0.605s] Level 1:colcon.colcon_core.package_identification:_identify(src/Piper_ros/src/piper_moveit/piper_no_gripper_moveit) by extensions ['ignore', 'ignore_ament_install']
[0.605s] Level 1:colcon.colcon_core.package_identification:_identify(src/Piper_ros/src/piper_moveit/piper_no_gripper_moveit) by extension 'ignore'
[0.605s] Level 1:colcon.colcon_core.package_identification:_identify(src/Piper_ros/src/piper_moveit/piper_no_gripper_moveit) by extension 'ignore_ament_install'
[0.605s] Level 1:colcon.colcon_core.package_identification:_identify(src/Piper_ros/src/piper_moveit/piper_no_gripper_moveit) by extensions ['colcon_pkg']
[0.605s] Level 1:colcon.colcon_core.package_identification:_identify(src/Piper_ros/src/piper_moveit/piper_no_gripper_moveit) by extension 'colcon_pkg'
[0.605s] Level 1:colcon.colcon_core.package_identification:_identify(src/Piper_ros/src/piper_moveit/piper_no_gripper_moveit) by extensions ['colcon_meta']
[0.605s] Level 1:colcon.colcon_core.package_identification:_identify(src/Piper_ros/src/piper_moveit/piper_no_gripper_moveit) by extension 'colcon_meta'
[0.606s] Level 1:colcon.colcon_core.package_identification:_identify(src/Piper_ros/src/piper_moveit/piper_no_gripper_moveit) by extensions ['ros']
[0.606s] Level 1:colcon.colcon_core.package_identification:_identify(src/Piper_ros/src/piper_moveit/piper_no_gripper_moveit) by extension 'ros'
[0.607s] DEBUG:colcon.colcon_core.package_identification:Package 'src/Piper_ros/src/piper_moveit/piper_no_gripper_moveit' with type 'ros.ament_cmake' and name 'piper_no_gripper_moveit'
[0.607s] Level 1:colcon.colcon_core.package_identification:_identify(src/Piper_ros/src/piper_moveit/piper_with_gripper_moveit) by extensions ['ignore', 'ignore_ament_install']
[0.608s] Level 1:colcon.colcon_core.package_identification:_identify(src/Piper_ros/src/piper_moveit/piper_with_gripper_moveit) by extension 'ignore'
[0.608s] Level 1:colcon.colcon_core.package_identification:_identify(src/Piper_ros/src/piper_moveit/piper_with_gripper_moveit) by extension 'ignore_ament_install'
[0.608s] Level 1:colcon.colcon_core.package_identification:_identify(src/Piper_ros/src/piper_moveit/piper_with_gripper_moveit) by extensions ['colcon_pkg']
[0.608s] Level 1:colcon.colcon_core.package_identification:_identify(src/Piper_ros/src/piper_moveit/piper_with_gripper_moveit) by extension 'colcon_pkg'
[0.608s] Level 1:colcon.colcon_core.package_identification:_identify(src/Piper_ros/src/piper_moveit/piper_with_gripper_moveit) by extensions ['colcon_meta']
[0.608s] Level 1:colcon.colcon_core.package_identification:_identify(src/Piper_ros/src/piper_moveit/piper_with_gripper_moveit) by extension 'colcon_meta'
[0.608s] Level 1:colcon.colcon_core.package_identification:_identify(src/Piper_ros/src/piper_moveit/piper_with_gripper_moveit) by extensions ['ros']
[0.608s] Level 1:colcon.colcon_core.package_identification:_identify(src/Piper_ros/src/piper_moveit/piper_with_gripper_moveit) by extension 'ros'
[0.610s] DEBUG:colcon.colcon_core.package_identification:Package 'src/Piper_ros/src/piper_moveit/piper_with_gripper_moveit' with type 'ros.ament_cmake' and name 'piper_with_gripper_moveit'
[0.610s] Level 1:colcon.colcon_core.package_identification:_identify(src/Piper_ros/src/piper_msgs) by extensions ['ignore', 'ignore_ament_install']
[0.610s] Level 1:colcon.colcon_core.package_identification:_identify(src/Piper_ros/src/piper_msgs) by extension 'ignore'
[0.610s] Level 1:colcon.colcon_core.package_identification:_identify(src/Piper_ros/src/piper_msgs) by extension 'ignore_ament_install'
[0.611s] Level 1:colcon.colcon_core.package_identification:_identify(src/Piper_ros/src/piper_msgs) by extensions ['colcon_pkg']
[0.611s] Level 1:colcon.colcon_core.package_identification:_identify(src/Piper_ros/src/piper_msgs) by extension 'colcon_pkg'
[0.611s] Level 1:colcon.colcon_core.package_identification:_identify(src/Piper_ros/src/piper_msgs) by extensions ['colcon_meta']
[0.611s] Level 1:colcon.colcon_core.package_identification:_identify(src/Piper_ros/src/piper_msgs) by extension 'colcon_meta'
[0.611s] Level 1:colcon.colcon_core.package_identification:_identify(src/Piper_ros/src/piper_msgs) by extensions ['ros']
[0.611s] Level 1:colcon.colcon_core.package_identification:_identify(src/Piper_ros/src/piper_msgs) by extension 'ros'
[0.612s] DEBUG:colcon.colcon_core.package_identification:Package 'src/Piper_ros/src/piper_msgs' with type 'ros.ament_cmake' and name 'piper_msgs'
[0.612s] Level 1:colcon.colcon_core.package_identification:_identify(src/Piper_ros/src/piper_sim) by extensions ['ignore', 'ignore_ament_install']
[0.613s] Level 1:colcon.colcon_core.package_identification:_identify(src/Piper_ros/src/piper_sim) by extension 'ignore'
[0.613s] Level 1:colcon.colcon_core.package_identification:_identify(src/Piper_ros/src/piper_sim) by extension 'ignore_ament_install'
[0.613s] Level 1:colcon.colcon_core.package_identification:_identify(src/Piper_ros/src/piper_sim) by extensions ['colcon_pkg']
[0.613s] Level 1:colcon.colcon_core.package_identification:_identify(src/Piper_ros/src/piper_sim) by extension 'colcon_pkg'
[0.613s] Level 1:colcon.colcon_core.package_identification:_identify(src/Piper_ros/src/piper_sim) by extensions ['colcon_meta']
[0.613s] Level 1:colcon.colcon_core.package_identification:_identify(src/Piper_ros/src/piper_sim) by extension 'colcon_meta'
[0.613s] Level 1:colcon.colcon_core.package_identification:_identify(src/Piper_ros/src/piper_sim) by extensions ['ros']
[0.613s] Level 1:colcon.colcon_core.package_identification:_identify(src/Piper_ros/src/piper_sim) by extension 'ros'
[0.613s] Level 1:colcon.colcon_core.package_identification:_identify(src/Piper_ros/src/piper_sim) by extensions ['cmake', 'python']
[0.614s] Level 1:colcon.colcon_core.package_identification:_identify(src/Piper_ros/src/piper_sim) by extension 'cmake'
[0.614s] Level 1:colcon.colcon_core.package_identification:_identify(src/Piper_ros/src/piper_sim) by extension 'python'
[0.614s] Level 1:colcon.colcon_core.package_identification:_identify(src/Piper_ros/src/piper_sim) by extensions ['python_setup_py']
[0.614s] Level 1:colcon.colcon_core.package_identification:_identify(src/Piper_ros/src/piper_sim) by extension 'python_setup_py'
[0.614s] Level 1:colcon.colcon_core.package_identification:_identify(src/Piper_ros/src/piper_sim/piper_gazebo) by extensions ['ignore', 'ignore_ament_install']
[0.614s] Level 1:colcon.colcon_core.package_identification:_identify(src/Piper_ros/src/piper_sim/piper_gazebo) by extension 'ignore'
[0.614s] Level 1:colcon.colcon_core.package_identification:_identify(src/Piper_ros/src/piper_sim/piper_gazebo) by extension 'ignore_ament_install'
[0.614s] Level 1:colcon.colcon_core.package_identification:_identify(src/Piper_ros/src/piper_sim/piper_gazebo) by extensions ['colcon_pkg']
[0.614s] Level 1:colcon.colcon_core.package_identification:_identify(src/Piper_ros/src/piper_sim/piper_gazebo) by extension 'colcon_pkg'
[0.615s] Level 1:colcon.colcon_core.package_identification:_identify(src/Piper_ros/src/piper_sim/piper_gazebo) by extensions ['colcon_meta']
[0.615s] Level 1:colcon.colcon_core.package_identification:_identify(src/Piper_ros/src/piper_sim/piper_gazebo) by extension 'colcon_meta'
[0.615s] Level 1:colcon.colcon_core.package_identification:_identify(src/Piper_ros/src/piper_sim/piper_gazebo) by extensions ['ros']
[0.615s] Level 1:colcon.colcon_core.package_identification:_identify(src/Piper_ros/src/piper_sim/piper_gazebo) by extension 'ros'
[0.616s] DEBUG:colcon.colcon_core.package_identification:Package 'src/Piper_ros/src/piper_sim/piper_gazebo' with type 'ros.ament_cmake' and name 'piper_gazebo'
[0.616s] Level 1:colcon.colcon_core.package_identification:_identify(src/Piper_ros/src/piper_sim/piper_mujoco) by extensions ['ignore', 'ignore_ament_install']
[0.616s] Level 1:colcon.colcon_core.package_identification:_identify(src/Piper_ros/src/piper_sim/piper_mujoco) by extension 'ignore'
[0.616s] Level 1:colcon.colcon_core.package_identification:_identify(src/Piper_ros/src/piper_sim/piper_mujoco) by extension 'ignore_ament_install'
[0.616s] Level 1:colcon.colcon_core.package_identification:_identify(src/Piper_ros/src/piper_sim/piper_mujoco) by extensions ['colcon_pkg']
[0.617s] Level 1:colcon.colcon_core.package_identification:_identify(src/Piper_ros/src/piper_sim/piper_mujoco) by extension 'colcon_pkg'
[0.617s] Level 1:colcon.colcon_core.package_identification:_identify(src/Piper_ros/src/piper_sim/piper_mujoco) by extensions ['colcon_meta']
[0.617s] Level 1:colcon.colcon_core.package_identification:_identify(src/Piper_ros/src/piper_sim/piper_mujoco) by extension 'colcon_meta'
[0.617s] Level 1:colcon.colcon_core.package_identification:_identify(src/Piper_ros/src/piper_sim/piper_mujoco) by extensions ['ros']
[0.617s] Level 1:colcon.colcon_core.package_identification:_identify(src/Piper_ros/src/piper_sim/piper_mujoco) by extension 'ros'
[0.618s] DEBUG:colcon.colcon_core.package_identification:Package 'src/Piper_ros/src/piper_sim/piper_mujoco' with type 'ros.ament_cmake' and name 'piper_mujoco'
[0.618s] Level 1:colcon.colcon_core.package_identification:_identify(src/handpose_publisher) by extensions ['ignore', 'ignore_ament_install']
[0.618s] Level 1:colcon.colcon_core.package_identification:_identify(src/handpose_publisher) by extension 'ignore'
[0.618s] Level 1:colcon.colcon_core.package_identification:_identify(src/handpose_publisher) by extension 'ignore_ament_install'
[0.618s] Level 1:colcon.colcon_core.package_identification:_identify(src/handpose_publisher) by extensions ['colcon_pkg']
[0.618s] Level 1:colcon.colcon_core.package_identification:_identify(src/handpose_publisher) by extension 'colcon_pkg'
[0.619s] Level 1:colcon.colcon_core.package_identification:_identify(src/handpose_publisher) by extensions ['colcon_meta']
[0.619s] Level 1:colcon.colcon_core.package_identification:_identify(src/handpose_publisher) by extension 'colcon_meta'
[0.619s] Level 1:colcon.colcon_core.package_identification:_identify(src/handpose_publisher) by extensions ['ros']
[0.619s] Level 1:colcon.colcon_core.package_identification:_identify(src/handpose_publisher) by extension 'ros'
[0.620s] DEBUG:colcon.colcon_core.package_identification:Package 'src/handpose_publisher' with type 'ros.ament_cmake' and name 'handpose_publisher'
[0.620s] Level 1:colcon.colcon_core.package_identification:_identify(src/handpose_visualizer) by extensions ['ignore', 'ignore_ament_install']
[0.620s] Level 1:colcon.colcon_core.package_identification:_identify(src/handpose_visualizer) by extension 'ignore'
[0.621s] Level 1:colcon.colcon_core.package_identification:_identify(src/handpose_visualizer) by extension 'ignore_ament_install'
[0.621s] Level 1:colcon.colcon_core.package_identification:_identify(src/handpose_visualizer) by extensions ['colcon_pkg']
[0.621s] Level 1:colcon.colcon_core.package_identification:_identify(src/handpose_visualizer) by extension 'colcon_pkg'
[0.621s] Level 1:colcon.colcon_core.package_identification:_identify(src/handpose_visualizer) by extensions ['colcon_meta']
[0.621s] Level 1:colcon.colcon_core.package_identification:_identify(src/handpose_visualizer) by extension 'colcon_meta'
[0.621s] Level 1:colcon.colcon_core.package_identification:_identify(src/handpose_visualizer) by extensions ['ros']
[0.621s] Level 1:colcon.colcon_core.package_identification:_identify(src/handpose_visualizer) by extension 'ros'
[0.622s] DEBUG:colcon.colcon_core.package_identification:Failed to parse potential ROS package manifest in'src/handpose_visualizer': Error(s) in package 'src/handpose_visualizer/package.xml':
The manifest contains invalid XML:
no element found: line 1, column 0
[0.622s] Level 1:colcon.colcon_core.package_identification:_identify(src/handpose_visualizer) by extensions ['cmake', 'python']
[0.622s] Level 1:colcon.colcon_core.package_identification:_identify(src/handpose_visualizer) by extension 'cmake'
[0.622s] Level 1:colcon.colcon_core.package_identification:_identify(src/handpose_visualizer) by extension 'python'
[0.622s] DEBUG:colcon.colcon_core.package_identification:Python package in 'src/handpose_visualizer' passes arguments to the setup() function which requires a different identification extension than 'python'
[0.622s] Level 1:colcon.colcon_core.package_identification:_identify(src/handpose_visualizer) by extensions ['python_setup_py']
[0.622s] Level 1:colcon.colcon_core.package_identification:_identify(src/handpose_visualizer) by extension 'python_setup_py'
[1.208s] DEBUG:colcon.colcon_core.package_identification:Package 'src/handpose_visualizer' with type 'python' and name 'handpose_visualizer'
[1.208s] Level 1:colcon.colcon_core.package_identification:_identify(src/piper_handpose_controller) by extensions ['ignore', 'ignore_ament_install']
[1.209s] Level 1:colcon.colcon_core.package_identification:_identify(src/piper_handpose_controller) by extension 'ignore'
[1.209s] Level 1:colcon.colcon_core.package_identification:_identify(src/piper_handpose_controller) by extension 'ignore_ament_install'
[1.209s] Level 1:colcon.colcon_core.package_identification:_identify(src/piper_handpose_controller) by extensions ['colcon_pkg']
[1.209s] Level 1:colcon.colcon_core.package_identification:_identify(src/piper_handpose_controller) by extension 'colcon_pkg'
[1.209s] Level 1:colcon.colcon_core.package_identification:_identify(src/piper_handpose_controller) by extensions ['colcon_meta']
[1.209s] Level 1:colcon.colcon_core.package_identification:_identify(src/piper_handpose_controller) by extension 'colcon_meta'
[1.209s] Level 1:colcon.colcon_core.package_identification:_identify(src/piper_handpose_controller) by extensions ['ros']
[1.209s] Level 1:colcon.colcon_core.package_identification:_identify(src/piper_handpose_controller) by extension 'ros'
[1.211s] DEBUG:colcon.colcon_core.package_identification:Package 'src/piper_handpose_controller' with type 'ros.ament_python' and name 'piper_handpose_controller'
[1.212s] Level 1:colcon.colcon_core.package_discovery:discover_packages(recursive) using defaults
[1.212s] Level 1:colcon.colcon_core.package_discovery:discover_packages(ignore) discover
[1.212s] Level 1:colcon.colcon_core.package_discovery:discover_packages(ignore) using defaults
[1.212s] Level 1:colcon.colcon_core.package_discovery:discover_packages(path) discover
[1.212s] Level 1:colcon.colcon_core.package_discovery:discover_packages(path) using defaults
[1.294s] INFO:colcon.colcon_core.package_selection:Skipping not selected package 'handpose_publisher' in 'src/handpose_publisher'
[1.295s] INFO:colcon.colcon_core.package_selection:Skipping not selected package 'handpose_visualizer' in 'src/handpose_visualizer'
[1.295s] INFO:colcon.colcon_core.package_selection:Skipping not selected package 'piper_description' in 'src/Piper_ros/src/piper_description'
[1.295s] INFO:colcon.colcon_core.package_selection:Skipping not selected package 'piper_gazebo' in 'src/Piper_ros/src/piper_sim/piper_gazebo'
[1.295s] INFO:colcon.colcon_core.package_selection:Skipping not selected package 'piper_humble' in 'src/Piper_ros/src/piper_humble'
[1.295s] INFO:colcon.colcon_core.package_selection:Skipping not selected package 'piper_mujoco' in 'src/Piper_ros/src/piper_sim/piper_mujoco'
[1.295s] INFO:colcon.colcon_core.package_selection:Skipping not selected package 'piper_no_gripper_moveit' in 'src/Piper_ros/src/piper_moveit/piper_no_gripper_moveit'
[1.295s] INFO:colcon.colcon_core.package_selection:Skipping not selected package 'piper_with_gripper_moveit' in 'src/Piper_ros/src/piper_moveit/piper_with_gripper_moveit'
[1.296s] Level 1:colcon.colcon_core.package_discovery:discover_packages(prefix_path) check parameters
[1.296s] Level 1:colcon.colcon_core.package_discovery:discover_packages(prefix_path) discover
[1.301s] DEBUG:colcon.colcon_installed_package_information.package_discovery:Found 11 installed packages in /home/yue/robot/install
[1.304s] DEBUG:colcon.colcon_installed_package_information.package_discovery:Found 313 installed packages in /opt/ros/humble
[1.307s] Level 1:colcon.colcon_core.package_discovery:discover_packages(prefix_path) using defaults
[1.386s] Level 5:colcon.colcon_core.verb:set package 'piper' build argument 'cmake_args' from command line to 'None'
[1.387s] Level 5:colcon.colcon_core.verb:set package 'piper' build argument 'cmake_target' from command line to 'None'
[1.387s] Level 5:colcon.colcon_core.verb:set package 'piper' build argument 'cmake_target_skip_unavailable' from command line to 'False'
[1.387s] Level 5:colcon.colcon_core.verb:set package 'piper' build argument 'cmake_clean_cache' from command line to 'False'
[1.387s] Level 5:colcon.colcon_core.verb:set package 'piper' build argument 'cmake_clean_first' from command line to 'False'
[1.387s] Level 5:colcon.colcon_core.verb:set package 'piper' build argument 'cmake_force_configure' from command line to 'False'
[1.387s] Level 5:colcon.colcon_core.verb:set package 'piper' build argument 'ament_cmake_args' from command line to 'None'
[1.387s] Level 5:colcon.colcon_core.verb:set package 'piper' build argument 'catkin_cmake_args' from command line to 'None'
[1.387s] Level 5:colcon.colcon_core.verb:set package 'piper' build argument 'catkin_skip_building_tests' from command line to 'False'
[1.387s] DEBUG:colcon.colcon_core.verb:Building package 'piper' with the following arguments: {'ament_cmake_args': None, 'build_base': '/home/yue/robot/build/piper', 'catkin_cmake_args': None, 'catkin_skip_building_tests': False, 'cmake_args': None, 'cmake_clean_cache': False, 'cmake_clean_first': False, 'cmake_force_configure': False, 'cmake_target': None, 'cmake_target_skip_unavailable': False, 'install_base': '/home/yue/robot/install/piper', 'merge_install': False, 'path': '/home/yue/robot/src/Piper_ros/src/piper', 'symlink_install': False, 'test_result_base': None}
[1.388s] Level 5:colcon.colcon_core.verb:set package 'piper_msgs' build argument 'cmake_args' from command line to 'None'
[1.388s] Level 5:colcon.colcon_core.verb:set package 'piper_msgs' build argument 'cmake_target' from command line to 'None'
[1.388s] Level 5:colcon.colcon_core.verb:set package 'piper_msgs' build argument 'cmake_target_skip_unavailable' from command line to 'False'
[1.388s] Level 5:colcon.colcon_core.verb:set package 'piper_msgs' build argument 'cmake_clean_cache' from command line to 'False'
[1.388s] Level 5:colcon.colcon_core.verb:set package 'piper_msgs' build argument 'cmake_clean_first' from command line to 'False'
[1.388s] Level 5:colcon.colcon_core.verb:set package 'piper_msgs' build argument 'cmake_force_configure' from command line to 'False'
[1.388s] Level 5:colcon.colcon_core.verb:set package 'piper_msgs' build argument 'ament_cmake_args' from command line to 'None'
[1.388s] Level 5:colcon.colcon_core.verb:set package 'piper_msgs' build argument 'catkin_cmake_args' from command line to 'None'
[1.388s] Level 5:colcon.colcon_core.verb:set package 'piper_msgs' build argument 'catkin_skip_building_tests' from command line to 'False'
[1.388s] DEBUG:colcon.colcon_core.verb:Building package 'piper_msgs' with the following arguments: {'ament_cmake_args': None, 'build_base': '/home/yue/robot/build/piper_msgs', 'catkin_cmake_args': None, 'catkin_skip_building_tests': False, 'cmake_args': None, 'cmake_clean_cache': False, 'cmake_clean_first': False, 'cmake_force_configure': False, 'cmake_target': None, 'cmake_target_skip_unavailable': False, 'install_base': '/home/yue/robot/install/piper_msgs', 'merge_install': False, 'path': '/home/yue/robot/src/Piper_ros/src/piper_msgs', 'symlink_install': False, 'test_result_base': None}
[1.389s] Level 5:colcon.colcon_core.verb:set package 'piper_handpose_controller' build argument 'cmake_args' from command line to 'None'
[1.389s] Level 5:colcon.colcon_core.verb:set package 'piper_handpose_controller' build argument 'cmake_target' from command line to 'None'
[1.389s] Level 5:colcon.colcon_core.verb:set package 'piper_handpose_controller' build argument 'cmake_target_skip_unavailable' from command line to 'False'
[1.389s] Level 5:colcon.colcon_core.verb:set package 'piper_handpose_controller' build argument 'cmake_clean_cache' from command line to 'False'
[1.389s] Level 5:colcon.colcon_core.verb:set package 'piper_handpose_controller' build argument 'cmake_clean_first' from command line to 'False'
[1.389s] Level 5:colcon.colcon_core.verb:set package 'piper_handpose_controller' build argument 'cmake_force_configure' from command line to 'False'
[1.389s] Level 5:colcon.colcon_core.verb:set package 'piper_handpose_controller' build argument 'ament_cmake_args' from command line to 'None'
[1.389s] Level 5:colcon.colcon_core.verb:set package 'piper_handpose_controller' build argument 'catkin_cmake_args' from command line to 'None'
[1.389s] Level 5:colcon.colcon_core.verb:set package 'piper_handpose_controller' build argument 'catkin_skip_building_tests' from command line to 'False'
[1.389s] DEBUG:colcon.colcon_core.verb:Building package 'piper_handpose_controller' with the following arguments: {'ament_cmake_args': None, 'build_base': '/home/yue/robot/build/piper_handpose_controller', 'catkin_cmake_args': None, 'catkin_skip_building_tests': False, 'cmake_args': None, 'cmake_clean_cache': False, 'cmake_clean_first': False, 'cmake_force_configure': False, 'cmake_target': None, 'cmake_target_skip_unavailable': False, 'install_base': '/home/yue/robot/install/piper_handpose_controller', 'merge_install': False, 'path': '/home/yue/robot/src/piper_handpose_controller', 'symlink_install': False, 'test_result_base': None}
[1.390s] INFO:colcon.colcon_core.executor:Executing jobs using 'parallel' executor
[1.392s] DEBUG:colcon.colcon_parallel_executor.executor.parallel:run_until_complete
[1.393s] INFO:colcon.colcon_ros.task.ament_cmake.build:Building ROS package in '/home/yue/robot/src/Piper_ros/src/piper_msgs' with build type 'ament_cmake'
[1.393s] INFO:colcon.colcon_cmake.task.cmake.build:Building CMake package in '/home/yue/robot/src/Piper_ros/src/piper_msgs'
[1.399s] INFO:colcon.colcon_core.plugin_system:Skipping extension 'colcon_core.shell.bat': Not used on non-Windows systems
[1.400s] INFO:colcon.colcon_core.shell:Skip shell extension 'powershell' for command environment: Not usable outside of PowerShell
[1.400s] DEBUG:colcon.colcon_core.shell:Skip shell extension 'dsv' for command environment
[1.409s] INFO:colcon.colcon_ros.task.ament_python.build:Building ROS package in '/home/yue/robot/src/Piper_ros/src/piper' with build type 'ament_python'
[1.410s] Level 1:colcon.colcon_core.shell:create_environment_hook('piper', 'ament_prefix_path')
[1.410s] INFO:colcon.colcon_core.shell:Creating environment hook '/home/yue/robot/install/piper/share/piper/hook/ament_prefix_path.ps1'
[1.412s] INFO:colcon.colcon_core.shell:Creating environment descriptor '/home/yue/robot/install/piper/share/piper/hook/ament_prefix_path.dsv'
[1.413s] INFO:colcon.colcon_core.shell:Creating environment hook '/home/yue/robot/install/piper/share/piper/hook/ament_prefix_path.sh'
[1.414s] INFO:colcon.colcon_core.shell:Skip shell extension 'powershell' for command environment: Not usable outside of PowerShell
[1.414s] DEBUG:colcon.colcon_core.shell:Skip shell extension 'dsv' for command environment
[1.428s] DEBUG:colcon.colcon_core.event_handler.log_command:Invoking command in '/home/yue/robot/build/piper_msgs': CMAKE_PREFIX_PATH=${CMAKE_PREFIX_PATH}:/home/yue/robot/install/piper_handpose_controller:/home/yue/robot/install/piper:/opt/ros/humble /usr/bin/cmake --build /home/yue/robot/build/piper_msgs -- -j6 -l6
[2.060s] INFO:colcon.colcon_core.task.python.build:Building Python package in '/home/yue/robot/src/Piper_ros/src/piper'
[2.061s] INFO:colcon.colcon_core.shell:Skip shell extension 'powershell' for command environment: Not usable outside of PowerShell
[2.061s] DEBUG:colcon.colcon_core.shell:Skip shell extension 'dsv' for command environment
[2.328s] DEBUG:colcon.colcon_core.event_handler.log_command:Invoked command in '/home/yue/robot/build/piper_msgs' returned '0': CMAKE_PREFIX_PATH=${CMAKE_PREFIX_PATH}:/home/yue/robot/install/piper_handpose_controller:/home/yue/robot/install/piper:/opt/ros/humble /usr/bin/cmake --build /home/yue/robot/build/piper_msgs -- -j6 -l6
[2.360s] DEBUG:colcon.colcon_core.event_handler.log_command:Invoking command in '/home/yue/robot/build/piper_msgs': CMAKE_PREFIX_PATH=${CMAKE_PREFIX_PATH}:/home/yue/robot/install/piper_handpose_controller:/home/yue/robot/install/piper:/opt/ros/humble /usr/bin/cmake --install /home/yue/robot/build/piper_msgs
[2.522s] Level 1:colcon.colcon_core.environment:create_environment_scripts_only(piper_msgs)
[2.524s] DEBUG:colcon.colcon_core.event_handler.log_command:Invoked command in '/home/yue/robot/build/piper_msgs' returned '0': CMAKE_PREFIX_PATH=${CMAKE_PREFIX_PATH}:/home/yue/robot/install/piper_handpose_controller:/home/yue/robot/install/piper:/opt/ros/humble /usr/bin/cmake --install /home/yue/robot/build/piper_msgs
[2.532s] Level 1:colcon.colcon_core.environment:checking '/home/yue/robot/install/piper_msgs' for CMake module files
[2.534s] Level 1:colcon.colcon_core.environment:checking '/home/yue/robot/install/piper_msgs' for CMake config files
[2.537s] Level 1:colcon.colcon_core.shell:create_environment_hook('piper_msgs', 'cmake_prefix_path')
[2.538s] INFO:colcon.colcon_core.shell:Creating environment hook '/home/yue/robot/install/piper_msgs/share/piper_msgs/hook/cmake_prefix_path.ps1'
[2.544s] INFO:colcon.colcon_core.shell:Creating environment descriptor '/home/yue/robot/install/piper_msgs/share/piper_msgs/hook/cmake_prefix_path.dsv'
[2.545s] INFO:colcon.colcon_core.shell:Creating environment hook '/home/yue/robot/install/piper_msgs/share/piper_msgs/hook/cmake_prefix_path.sh'
[2.548s] Level 1:colcon.colcon_core.environment:checking '/home/yue/robot/install/piper_msgs/lib'
[2.548s] Level 1:colcon.colcon_core.shell:create_environment_hook('piper_msgs', 'ld_library_path_lib')
[2.549s] INFO:colcon.colcon_core.shell:Creating environment hook '/home/yue/robot/install/piper_msgs/share/piper_msgs/hook/ld_library_path_lib.ps1'
[2.551s] INFO:colcon.colcon_core.shell:Creating environment descriptor '/home/yue/robot/install/piper_msgs/share/piper_msgs/hook/ld_library_path_lib.dsv'
[2.552s] INFO:colcon.colcon_core.shell:Creating environment hook '/home/yue/robot/install/piper_msgs/share/piper_msgs/hook/ld_library_path_lib.sh'
[2.554s] Level 1:colcon.colcon_core.environment:checking '/home/yue/robot/install/piper_msgs/bin'
[2.554s] Level 1:colcon.colcon_core.environment:checking '/home/yue/robot/install/piper_msgs/lib/pkgconfig/piper_msgs.pc'
[2.555s] Level 1:colcon.colcon_core.environment:checking '/home/yue/robot/install/piper_msgs/lib/python3.10/site-packages'
[2.556s] Level 1:colcon.colcon_core.environment:checking '/home/yue/robot/install/piper_msgs/bin'
[2.557s] INFO:colcon.colcon_core.shell:Creating package script '/home/yue/robot/install/piper_msgs/share/piper_msgs/package.ps1'
[2.560s] INFO:colcon.colcon_core.shell:Creating package descriptor '/home/yue/robot/install/piper_msgs/share/piper_msgs/package.dsv'
[2.564s] INFO:colcon.colcon_core.shell:Creating package script '/home/yue/robot/install/piper_msgs/share/piper_msgs/package.sh'
[2.567s] INFO:colcon.colcon_core.shell:Creating package script '/home/yue/robot/install/piper_msgs/share/piper_msgs/package.bash'
[2.569s] INFO:colcon.colcon_core.shell:Creating package script '/home/yue/robot/install/piper_msgs/share/piper_msgs/package.zsh'
[2.572s] Level 1:colcon.colcon_core.environment:create_file_with_runtime_dependencies(/home/yue/robot/install/piper_msgs/share/colcon-core/packages/piper_msgs)
[2.574s] Level 1:colcon.colcon_core.environment:create_environment_scripts_only(piper_msgs)
[2.575s] Level 1:colcon.colcon_core.environment:checking '/home/yue/robot/install/piper_msgs' for CMake module files
[2.577s] Level 1:colcon.colcon_core.environment:checking '/home/yue/robot/install/piper_msgs' for CMake config files
[2.578s] Level 1:colcon.colcon_core.shell:create_environment_hook('piper_msgs', 'cmake_prefix_path')
[2.579s] INFO:colcon.colcon_core.shell:Creating environment hook '/home/yue/robot/install/piper_msgs/share/piper_msgs/hook/cmake_prefix_path.ps1'
[2.581s] INFO:colcon.colcon_core.shell:Creating environment descriptor '/home/yue/robot/install/piper_msgs/share/piper_msgs/hook/cmake_prefix_path.dsv'
[2.582s] INFO:colcon.colcon_core.shell:Creating environment hook '/home/yue/robot/install/piper_msgs/share/piper_msgs/hook/cmake_prefix_path.sh'
[2.585s] Level 1:colcon.colcon_core.environment:checking '/home/yue/robot/install/piper_msgs/lib'
[2.585s] Level 1:colcon.colcon_core.shell:create_environment_hook('piper_msgs', 'ld_library_path_lib')
[2.586s] INFO:colcon.colcon_core.shell:Creating environment hook '/home/yue/robot/install/piper_msgs/share/piper_msgs/hook/ld_library_path_lib.ps1'
[2.587s] INFO:colcon.colcon_core.shell:Creating environment descriptor '/home/yue/robot/install/piper_msgs/share/piper_msgs/hook/ld_library_path_lib.dsv'
[2.588s] INFO:colcon.colcon_core.shell:Creating environment hook '/home/yue/robot/install/piper_msgs/share/piper_msgs/hook/ld_library_path_lib.sh'
[2.589s] Level 1:colcon.colcon_core.environment:checking '/home/yue/robot/install/piper_msgs/bin'
[2.589s] Level 1:colcon.colcon_core.environment:checking '/home/yue/robot/install/piper_msgs/lib/pkgconfig/piper_msgs.pc'
[2.590s] Level 1:colcon.colcon_core.environment:checking '/home/yue/robot/install/piper_msgs/lib/python3.10/site-packages'
[2.590s] Level 1:colcon.colcon_core.environment:checking '/home/yue/robot/install/piper_msgs/bin'
[2.591s] INFO:colcon.colcon_core.shell:Creating package script '/home/yue/robot/install/piper_msgs/share/piper_msgs/package.ps1'
[2.592s] INFO:colcon.colcon_core.shell:Creating package descriptor '/home/yue/robot/install/piper_msgs/share/piper_msgs/package.dsv'
[2.593s] INFO:colcon.colcon_core.shell:Creating package script '/home/yue/robot/install/piper_msgs/share/piper_msgs/package.sh'
[2.594s] INFO:colcon.colcon_core.shell:Creating package script '/home/yue/robot/install/piper_msgs/share/piper_msgs/package.bash'
[2.595s] INFO:colcon.colcon_core.shell:Creating package script '/home/yue/robot/install/piper_msgs/share/piper_msgs/package.zsh'
[2.596s] Level 1:colcon.colcon_core.environment:create_file_with_runtime_dependencies(/home/yue/robot/install/piper_msgs/share/colcon-core/packages/piper_msgs)
[2.599s] INFO:colcon.colcon_ros.task.ament_python.build:Building ROS package in '/home/yue/robot/src/piper_handpose_controller' with build type 'ament_python'
[2.605s] Level 1:colcon.colcon_core.shell:create_environment_hook('piper_handpose_controller', 'ament_prefix_path')
[2.606s] INFO:colcon.colcon_core.shell:Creating environment hook '/home/yue/robot/install/piper_handpose_controller/share/piper_handpose_controller/hook/ament_prefix_path.ps1'
[2.613s] INFO:colcon.colcon_core.shell:Creating environment descriptor '/home/yue/robot/install/piper_handpose_controller/share/piper_handpose_controller/hook/ament_prefix_path.dsv'
[2.614s] INFO:colcon.colcon_core.shell:Creating environment hook '/home/yue/robot/install/piper_handpose_controller/share/piper_handpose_controller/hook/ament_prefix_path.sh'
[2.622s] INFO:colcon.colcon_core.shell:Skip shell extension 'powershell' for command environment: Not usable outside of PowerShell
[2.622s] DEBUG:colcon.colcon_core.shell:Skip shell extension 'dsv' for command environment
[3.244s] INFO:colcon.colcon_core.task.python.build:Building Python package in '/home/yue/robot/src/piper_handpose_controller'
[3.245s] INFO:colcon.colcon_core.shell:Skip shell extension 'powershell' for command environment: Not usable outside of PowerShell
[3.245s] DEBUG:colcon.colcon_core.shell:Skip shell extension 'dsv' for command environment
[3.256s] DEBUG:colcon.colcon_core.event_handler.log_command:Invoking command in '/home/yue/robot/src/Piper_ros/src/piper': PYTHONPATH=/home/yue/robot/build/piper/prefix_override:/usr/lib/python3/dist-packages/colcon_core/task/python/colcon_distutils_commands:/home/yue/robot/install/piper/lib/python3.10/site-packages:${PYTHONPATH} /usr/bin/python3 -W ignore:setup.py install is deprecated -W ignore:easy_install command is deprecated setup.py egg_info --egg-base ../../../../build/piper build --build-base /home/yue/robot/build/piper/build install --record /home/yue/robot/build/piper/install.log --single-version-externally-managed install_data
[3.877s] Level 1:colcon.colcon_core.environment:checking '/home/yue/robot/install/piper' for CMake module files
[3.878s] DEBUG:colcon.colcon_core.event_handler.log_command:Invoked command in '/home/yue/robot/src/Piper_ros/src/piper' returned '0': PYTHONPATH=/home/yue/robot/build/piper/prefix_override:/usr/lib/python3/dist-packages/colcon_core/task/python/colcon_distutils_commands:/home/yue/robot/install/piper/lib/python3.10/site-packages:${PYTHONPATH} /usr/bin/python3 -W ignore:setup.py install is deprecated -W ignore:easy_install command is deprecated setup.py egg_info --egg-base ../../../../build/piper build --build-base /home/yue/robot/build/piper/build install --record /home/yue/robot/build/piper/install.log --single-version-externally-managed install_data
[3.878s] Level 1:colcon.colcon_core.environment:checking '/home/yue/robot/install/piper' for CMake config files
[3.879s] Level 1:colcon.colcon_core.environment:checking '/home/yue/robot/install/piper/lib'
[3.879s] Level 1:colcon.colcon_core.environment:checking '/home/yue/robot/install/piper/bin'
[3.880s] Level 1:colcon.colcon_core.environment:checking '/home/yue/robot/install/piper/lib/pkgconfig/piper.pc'
[3.880s] Level 1:colcon.colcon_core.environment:checking '/home/yue/robot/install/piper/lib/python3.10/site-packages'
[3.880s] Level 1:colcon.colcon_core.shell:create_environment_hook('piper', 'pythonpath')
[3.881s] INFO:colcon.colcon_core.shell:Creating environment hook '/home/yue/robot/install/piper/share/piper/hook/pythonpath.ps1'
[3.882s] INFO:colcon.colcon_core.shell:Creating environment descriptor '/home/yue/robot/install/piper/share/piper/hook/pythonpath.dsv'
[3.883s] INFO:colcon.colcon_core.shell:Creating environment hook '/home/yue/robot/install/piper/share/piper/hook/pythonpath.sh'
[3.884s] Level 1:colcon.colcon_core.environment:checking '/home/yue/robot/install/piper/bin'
[3.884s] Level 1:colcon.colcon_core.environment:create_environment_scripts_only(piper)
[3.885s] INFO:colcon.colcon_core.shell:Creating package script '/home/yue/robot/install/piper/share/piper/package.ps1'
[3.887s] INFO:colcon.colcon_core.shell:Creating package descriptor '/home/yue/robot/install/piper/share/piper/package.dsv'
[3.888s] INFO:colcon.colcon_core.shell:Creating package script '/home/yue/robot/install/piper/share/piper/package.sh'
[3.889s] INFO:colcon.colcon_core.shell:Creating package script '/home/yue/robot/install/piper/share/piper/package.bash'
[3.890s] INFO:colcon.colcon_core.shell:Creating package script '/home/yue/robot/install/piper/share/piper/package.zsh'
[3.891s] Level 1:colcon.colcon_core.environment:create_file_with_runtime_dependencies(/home/yue/robot/install/piper/share/colcon-core/packages/piper)
[4.025s] DEBUG:colcon.colcon_core.event_handler.log_command:Invoking command in '/home/yue/robot/src/piper_handpose_controller': CMAKE_PREFIX_PATH=/home/yue/robot/install/piper_msgs:/home/yue/robot/install/piper_with_gripper_moveit:/home/yue/robot/install/piper_no_gripper_moveit:/home/yue/robot/install/piper_mujoco:/home/yue/robot/install/piper_humble:/home/yue/robot/install/piper_gazebo:/home/yue/robot/install/piper_description:/home/yue/robot/install/handpose_publisher PYTHONPATH=/home/yue/robot/build/piper_handpose_controller/prefix_override:/usr/lib/python3/dist-packages/colcon_core/task/python/colcon_distutils_commands:/home/yue/robot/install/piper_handpose_controller/lib/python3.10/site-packages:${PYTHONPATH} /usr/bin/python3 -W ignore:setup.py install is deprecated -W ignore:easy_install command is deprecated setup.py egg_info --egg-base ../../build/piper_handpose_controller build --build-base /home/yue/robot/build/piper_handpose_controller/build install --record /home/yue/robot/build/piper_handpose_controller/install.log --single-version-externally-managed install_data
[4.674s] Level 1:colcon.colcon_core.environment:checking '/home/yue/robot/install/piper_handpose_controller' for CMake module files
[4.676s] DEBUG:colcon.colcon_core.event_handler.log_command:Invoked command in '/home/yue/robot/src/piper_handpose_controller' returned '0': CMAKE_PREFIX_PATH=/home/yue/robot/install/piper_msgs:/home/yue/robot/install/piper_with_gripper_moveit:/home/yue/robot/install/piper_no_gripper_moveit:/home/yue/robot/install/piper_mujoco:/home/yue/robot/install/piper_humble:/home/yue/robot/install/piper_gazebo:/home/yue/robot/install/piper_description:/home/yue/robot/install/handpose_publisher PYTHONPATH=/home/yue/robot/build/piper_handpose_controller/prefix_override:/usr/lib/python3/dist-packages/colcon_core/task/python/colcon_distutils_commands:/home/yue/robot/install/piper_handpose_controller/lib/python3.10/site-packages:${PYTHONPATH} /usr/bin/python3 -W ignore:setup.py install is deprecated -W ignore:easy_install command is deprecated setup.py egg_info --egg-base ../../build/piper_handpose_controller build --build-base /home/yue/robot/build/piper_handpose_controller/build install --record /home/yue/robot/build/piper_handpose_controller/install.log --single-version-externally-managed install_data
[4.677s] Level 1:colcon.colcon_core.environment:checking '/home/yue/robot/install/piper_handpose_controller' for CMake config files
[4.679s] Level 1:colcon.colcon_core.environment:checking '/home/yue/robot/install/piper_handpose_controller/lib'
[4.679s] Level 1:colcon.colcon_core.environment:checking '/home/yue/robot/install/piper_handpose_controller/bin'
[4.679s] Level 1:colcon.colcon_core.environment:checking '/home/yue/robot/install/piper_handpose_controller/lib/pkgconfig/piper_handpose_controller.pc'
[4.679s] Level 1:colcon.colcon_core.environment:checking '/home/yue/robot/install/piper_handpose_controller/lib/python3.10/site-packages'
[4.679s] Level 1:colcon.colcon_core.shell:create_environment_hook('piper_handpose_controller', 'pythonpath')
[4.680s] INFO:colcon.colcon_core.shell:Creating environment hook '/home/yue/robot/install/piper_handpose_controller/share/piper_handpose_controller/hook/pythonpath.ps1'
[4.682s] INFO:colcon.colcon_core.shell:Creating environment descriptor '/home/yue/robot/install/piper_handpose_controller/share/piper_handpose_controller/hook/pythonpath.dsv'
[4.683s] INFO:colcon.colcon_core.shell:Creating environment hook '/home/yue/robot/install/piper_handpose_controller/share/piper_handpose_controller/hook/pythonpath.sh'
[4.684s] Level 1:colcon.colcon_core.environment:checking '/home/yue/robot/install/piper_handpose_controller/bin'
[4.684s] Level 1:colcon.colcon_core.environment:create_environment_scripts_only(piper_handpose_controller)
[4.685s] INFO:colcon.colcon_core.shell:Creating package script '/home/yue/robot/install/piper_handpose_controller/share/piper_handpose_controller/package.ps1'
[4.686s] INFO:colcon.colcon_core.shell:Creating package descriptor '/home/yue/robot/install/piper_handpose_controller/share/piper_handpose_controller/package.dsv'
[4.687s] INFO:colcon.colcon_core.shell:Creating package script '/home/yue/robot/install/piper_handpose_controller/share/piper_handpose_controller/package.sh'
[4.689s] INFO:colcon.colcon_core.shell:Creating package script '/home/yue/robot/install/piper_handpose_controller/share/piper_handpose_controller/package.bash'
[4.691s] INFO:colcon.colcon_core.shell:Creating package script '/home/yue/robot/install/piper_handpose_controller/share/piper_handpose_controller/package.zsh'
[4.692s] Level 1:colcon.colcon_core.environment:create_file_with_runtime_dependencies(/home/yue/robot/install/piper_handpose_controller/share/colcon-core/packages/piper_handpose_controller)
[4.693s] DEBUG:colcon.colcon_parallel_executor.executor.parallel:closing loop
[4.694s] DEBUG:colcon.colcon_parallel_executor.executor.parallel:loop closed
[4.695s] DEBUG:colcon.colcon_parallel_executor.executor.parallel:run_until_complete finished with '0'
[4.696s] DEBUG:colcon.colcon_core.event_reactor:joining thread
[4.714s] INFO:colcon.colcon_core.plugin_system:Skipping extension 'colcon_notification.desktop_notification.terminal_notifier': Not used on non-Darwin systems
[4.715s] INFO:colcon.colcon_core.plugin_system:Skipping extension 'colcon_notification.desktop_notification.win32': Not used on non-Windows systems
[4.715s] INFO:colcon.colcon_notification.desktop_notification:Sending desktop notification using 'notify2'
[4.759s] DEBUG:colcon.colcon_core.event_reactor:joined thread
[4.761s] INFO:colcon.colcon_core.shell:Creating prefix script '/home/yue/robot/install/local_setup.ps1'
[4.764s] INFO:colcon.colcon_core.shell:Creating prefix util module '/home/yue/robot/install/_local_setup_util_ps1.py'
[4.768s] INFO:colcon.colcon_core.shell:Creating prefix chain script '/home/yue/robot/install/setup.ps1'
[4.774s] INFO:colcon.colcon_core.shell:Creating prefix script '/home/yue/robot/install/local_setup.sh'
[4.781s] INFO:colcon.colcon_core.shell:Creating prefix util module '/home/yue/robot/install/_local_setup_util_sh.py'
[4.784s] INFO:colcon.colcon_core.shell:Creating prefix chain script '/home/yue/robot/install/setup.sh'
[4.791s] INFO:colcon.colcon_core.shell:Creating prefix script '/home/yue/robot/install/local_setup.bash'
[4.793s] INFO:colcon.colcon_core.shell:Creating prefix chain script '/home/yue/robot/install/setup.bash'
[4.798s] INFO:colcon.colcon_core.shell:Creating prefix script '/home/yue/robot/install/local_setup.zsh'
[4.799s] INFO:colcon.colcon_core.shell:Creating prefix chain script '/home/yue/robot/install/setup.zsh'
