[0.296s] DEBUG:colcon:Command line arguments: ['/usr/bin/colcon', 'build']
[0.296s] DEBUG:colcon:Parsed command line arguments: Namespace(log_base=None, log_level=None, verb_name='build', build_base='build', install_base='install', merge_install=False, symlink_install=False, test_result_base=None, continue_on_error=False, executor='parallel', parallel_workers=6, event_handlers=None, ignore_user_meta=False, metas=['./colcon.meta'], base_paths=['.'], packages_ignore=None, packages_ignore_regex=None, paths=None, packages_up_to=None, packages_up_to_regex=None, packages_above=None, packages_above_and_dependencies=None, packages_above_depth=None, packages_select_by_dep=None, packages_skip_by_dep=None, packages_skip_up_to=None, packages_select_build_failed=False, packages_skip_build_finished=False, packages_select_test_failures=False, packages_skip_test_passed=False, packages_select=None, packages_skip=None, packages_select_regex=None, packages_skip_regex=None, packages_start=None, packages_end=None, allow_overriding=[], cmake_args=None, cmake_target=None, cmake_target_skip_unavailable=False, cmake_clean_cache=False, cmake_clean_first=False, cmake_force_configure=False, ament_cmake_args=None, catkin_cmake_args=None, catkin_skip_building_tests=False, verb_parser=<colcon_defaults.argument_parser.defaults.DefaultArgumentsDecorator object at 0xffffac350ac0>, verb_extension=<colcon_core.verb.build.BuildVerb object at 0xffffac3505b0>, main=<bound method BuildVerb.main of <colcon_core.verb.build.BuildVerb object at 0xffffac3505b0>>)
[0.799s] Level 1:colcon.colcon_core.package_discovery:discover_packages(colcon_meta) check parameters
[0.799s] Level 1:colcon.colcon_core.package_discovery:discover_packages(recursive) check parameters
[0.799s] Level 1:colcon.colcon_core.package_discovery:discover_packages(ignore) check parameters
[0.799s] Level 1:colcon.colcon_core.package_discovery:discover_packages(path) check parameters
[0.800s] Level 1:colcon.colcon_core.package_discovery:discover_packages(colcon_meta) discover
[0.800s] Level 1:colcon.colcon_core.package_discovery:discover_packages(recursive) discover
[0.800s] INFO:colcon.colcon_core.package_discovery:Crawling recursively for packages in '/home/yue/robot'
[0.800s] Level 1:colcon.colcon_core.package_identification:_identify(.) by extensions ['ignore', 'ignore_ament_install']
[0.800s] Level 1:colcon.colcon_core.package_identification:_identify(.) by extension 'ignore'
[0.801s] Level 1:colcon.colcon_core.package_identification:_identify(.) by extension 'ignore_ament_install'
[0.801s] Level 1:colcon.colcon_core.package_identification:_identify(.) by extensions ['colcon_pkg']
[0.801s] Level 1:colcon.colcon_core.package_identification:_identify(.) by extension 'colcon_pkg'
[0.801s] Level 1:colcon.colcon_core.package_identification:_identify(.) by extensions ['colcon_meta']
[0.801s] Level 1:colcon.colcon_core.package_identification:_identify(.) by extension 'colcon_meta'
[0.801s] Level 1:colcon.colcon_core.package_identification:_identify(.) by extensions ['ros']
[0.802s] Level 1:colcon.colcon_core.package_identification:_identify(.) by extension 'ros'
[0.832s] Level 1:colcon.colcon_core.package_identification:_identify(.) by extensions ['cmake', 'python']
[0.832s] Level 1:colcon.colcon_core.package_identification:_identify(.) by extension 'cmake'
[0.832s] Level 1:colcon.colcon_core.package_identification:_identify(.) by extension 'python'
[0.833s] Level 1:colcon.colcon_core.package_identification:_identify(.) by extensions ['python_setup_py']
[0.833s] Level 1:colcon.colcon_core.package_identification:_identify(.) by extension 'python_setup_py'
[0.833s] Level 1:colcon.colcon_core.package_identification:_identify(build) by extensions ['ignore', 'ignore_ament_install']
[0.833s] Level 1:colcon.colcon_core.package_identification:_identify(build) by extension 'ignore'
[0.833s] Level 1:colcon.colcon_core.package_identification:_identify(build) ignored
[0.834s] Level 1:colcon.colcon_core.package_identification:_identify(install) by extensions ['ignore', 'ignore_ament_install']
[0.834s] Level 1:colcon.colcon_core.package_identification:_identify(install) by extension 'ignore'
[0.834s] Level 1:colcon.colcon_core.package_identification:_identify(install) ignored
[0.834s] Level 1:colcon.colcon_core.package_identification:_identify(log) by extensions ['ignore', 'ignore_ament_install']
[0.835s] Level 1:colcon.colcon_core.package_identification:_identify(log) by extension 'ignore'
[0.835s] Level 1:colcon.colcon_core.package_identification:_identify(log) ignored
[0.835s] Level 1:colcon.colcon_core.package_identification:_identify(src) by extensions ['ignore', 'ignore_ament_install']
[0.835s] Level 1:colcon.colcon_core.package_identification:_identify(src) by extension 'ignore'
[0.835s] Level 1:colcon.colcon_core.package_identification:_identify(src) by extension 'ignore_ament_install'
[0.836s] Level 1:colcon.colcon_core.package_identification:_identify(src) by extensions ['colcon_pkg']
[0.836s] Level 1:colcon.colcon_core.package_identification:_identify(src) by extension 'colcon_pkg'
[0.836s] Level 1:colcon.colcon_core.package_identification:_identify(src) by extensions ['colcon_meta']
[0.836s] Level 1:colcon.colcon_core.package_identification:_identify(src) by extension 'colcon_meta'
[0.836s] Level 1:colcon.colcon_core.package_identification:_identify(src) by extensions ['ros']
[0.836s] Level 1:colcon.colcon_core.package_identification:_identify(src) by extension 'ros'
[0.836s] Level 1:colcon.colcon_core.package_identification:_identify(src) by extensions ['cmake', 'python']
[0.836s] Level 1:colcon.colcon_core.package_identification:_identify(src) by extension 'cmake'
[0.836s] Level 1:colcon.colcon_core.package_identification:_identify(src) by extension 'python'
[0.837s] Level 1:colcon.colcon_core.package_identification:_identify(src) by extensions ['python_setup_py']
[0.837s] Level 1:colcon.colcon_core.package_identification:_identify(src) by extension 'python_setup_py'
[0.837s] Level 1:colcon.colcon_core.package_identification:_identify(src/handpose_publisher) by extensions ['ignore', 'ignore_ament_install']
[0.837s] Level 1:colcon.colcon_core.package_identification:_identify(src/handpose_publisher) by extension 'ignore'
[0.837s] Level 1:colcon.colcon_core.package_identification:_identify(src/handpose_publisher) by extension 'ignore_ament_install'
[0.837s] Level 1:colcon.colcon_core.package_identification:_identify(src/handpose_publisher) by extensions ['colcon_pkg']
[0.838s] Level 1:colcon.colcon_core.package_identification:_identify(src/handpose_publisher) by extension 'colcon_pkg'
[0.838s] Level 1:colcon.colcon_core.package_identification:_identify(src/handpose_publisher) by extensions ['colcon_meta']
[0.838s] Level 1:colcon.colcon_core.package_identification:_identify(src/handpose_publisher) by extension 'colcon_meta'
[0.838s] Level 1:colcon.colcon_core.package_identification:_identify(src/handpose_publisher) by extensions ['ros']
[0.838s] Level 1:colcon.colcon_core.package_identification:_identify(src/handpose_publisher) by extension 'ros'
[0.844s] DEBUG:colcon.colcon_core.package_identification:Package 'src/handpose_publisher' with type 'ros.ament_cmake' and name 'handpose_publisher'
[0.844s] Level 1:colcon.colcon_core.package_identification:_identify(src/handpose_visualizer) by extensions ['ignore', 'ignore_ament_install']
[0.844s] Level 1:colcon.colcon_core.package_identification:_identify(src/handpose_visualizer) by extension 'ignore'
[0.845s] Level 1:colcon.colcon_core.package_identification:_identify(src/handpose_visualizer) by extension 'ignore_ament_install'
[0.845s] Level 1:colcon.colcon_core.package_identification:_identify(src/handpose_visualizer) by extensions ['colcon_pkg']
[0.845s] Level 1:colcon.colcon_core.package_identification:_identify(src/handpose_visualizer) by extension 'colcon_pkg'
[0.845s] Level 1:colcon.colcon_core.package_identification:_identify(src/handpose_visualizer) by extensions ['colcon_meta']
[0.845s] Level 1:colcon.colcon_core.package_identification:_identify(src/handpose_visualizer) by extension 'colcon_meta'
[0.845s] Level 1:colcon.colcon_core.package_identification:_identify(src/handpose_visualizer) by extensions ['ros']
[0.845s] Level 1:colcon.colcon_core.package_identification:_identify(src/handpose_visualizer) by extension 'ros'
[0.846s] DEBUG:colcon.colcon_core.package_identification:Failed to parse potential ROS package manifest in'src/handpose_visualizer': Error(s) in package 'src/handpose_visualizer/package.xml':
The manifest contains invalid XML:
no element found: line 1, column 0
[0.846s] Level 1:colcon.colcon_core.package_identification:_identify(src/handpose_visualizer) by extensions ['cmake', 'python']
[0.846s] Level 1:colcon.colcon_core.package_identification:_identify(src/handpose_visualizer) by extension 'cmake'
[0.846s] Level 1:colcon.colcon_core.package_identification:_identify(src/handpose_visualizer) by extension 'python'
[0.847s] DEBUG:colcon.colcon_core.package_identification:Python package in 'src/handpose_visualizer' passes arguments to the setup() function which requires a different identification extension than 'python'
[0.847s] Level 1:colcon.colcon_core.package_identification:_identify(src/handpose_visualizer) by extensions ['python_setup_py']
[0.847s] Level 1:colcon.colcon_core.package_identification:_identify(src/handpose_visualizer) by extension 'python_setup_py'
[1.360s] DEBUG:colcon.colcon_core.package_identification:Package 'src/handpose_visualizer' with type 'python' and name 'handpose_visualizer'
[1.360s] Level 1:colcon.colcon_core.package_discovery:discover_packages(recursive) using defaults
[1.361s] Level 1:colcon.colcon_core.package_discovery:discover_packages(ignore) discover
[1.361s] Level 1:colcon.colcon_core.package_discovery:discover_packages(ignore) using defaults
[1.361s] Level 1:colcon.colcon_core.package_discovery:discover_packages(path) discover
[1.361s] Level 1:colcon.colcon_core.package_discovery:discover_packages(path) using defaults
[1.452s] Level 1:colcon.colcon_core.package_discovery:discover_packages(prefix_path) check parameters
[1.452s] Level 1:colcon.colcon_core.package_discovery:discover_packages(prefix_path) discover
[1.458s] DEBUG:colcon.colcon_installed_package_information.package_discovery:Found 2 installed packages in /home/yue/robot/install
[1.461s] DEBUG:colcon.colcon_installed_package_information.package_discovery:Found 271 installed packages in /opt/ros/humble
[1.468s] Level 1:colcon.colcon_core.package_discovery:discover_packages(prefix_path) using defaults
[1.617s] Level 5:colcon.colcon_core.verb:set package 'handpose_publisher' build argument 'cmake_args' from command line to 'None'
[1.617s] Level 5:colcon.colcon_core.verb:set package 'handpose_publisher' build argument 'cmake_target' from command line to 'None'
[1.617s] Level 5:colcon.colcon_core.verb:set package 'handpose_publisher' build argument 'cmake_target_skip_unavailable' from command line to 'False'
[1.617s] Level 5:colcon.colcon_core.verb:set package 'handpose_publisher' build argument 'cmake_clean_cache' from command line to 'False'
[1.617s] Level 5:colcon.colcon_core.verb:set package 'handpose_publisher' build argument 'cmake_clean_first' from command line to 'False'
[1.617s] Level 5:colcon.colcon_core.verb:set package 'handpose_publisher' build argument 'cmake_force_configure' from command line to 'False'
[1.618s] Level 5:colcon.colcon_core.verb:set package 'handpose_publisher' build argument 'ament_cmake_args' from command line to 'None'
[1.618s] Level 5:colcon.colcon_core.verb:set package 'handpose_publisher' build argument 'catkin_cmake_args' from command line to 'None'
[1.618s] Level 5:colcon.colcon_core.verb:set package 'handpose_publisher' build argument 'catkin_skip_building_tests' from command line to 'False'
[1.618s] DEBUG:colcon.colcon_core.verb:Building package 'handpose_publisher' with the following arguments: {'ament_cmake_args': None, 'build_base': '/home/yue/robot/build/handpose_publisher', 'catkin_cmake_args': None, 'catkin_skip_building_tests': False, 'cmake_args': None, 'cmake_clean_cache': False, 'cmake_clean_first': False, 'cmake_force_configure': False, 'cmake_target': None, 'cmake_target_skip_unavailable': False, 'install_base': '/home/yue/robot/install/handpose_publisher', 'merge_install': False, 'path': '/home/yue/robot/src/handpose_publisher', 'symlink_install': False, 'test_result_base': None}
[1.618s] Level 5:colcon.colcon_core.verb:set package 'handpose_visualizer' build argument 'cmake_args' from command line to 'None'
[1.618s] Level 5:colcon.colcon_core.verb:set package 'handpose_visualizer' build argument 'cmake_target' from command line to 'None'
[1.619s] Level 5:colcon.colcon_core.verb:set package 'handpose_visualizer' build argument 'cmake_target_skip_unavailable' from command line to 'False'
[1.619s] Level 5:colcon.colcon_core.verb:set package 'handpose_visualizer' build argument 'cmake_clean_cache' from command line to 'False'
[1.619s] Level 5:colcon.colcon_core.verb:set package 'handpose_visualizer' build argument 'cmake_clean_first' from command line to 'False'
[1.619s] Level 5:colcon.colcon_core.verb:set package 'handpose_visualizer' build argument 'cmake_force_configure' from command line to 'False'
[1.619s] Level 5:colcon.colcon_core.verb:set package 'handpose_visualizer' build argument 'ament_cmake_args' from command line to 'None'
[1.619s] Level 5:colcon.colcon_core.verb:set package 'handpose_visualizer' build argument 'catkin_cmake_args' from command line to 'None'
[1.619s] Level 5:colcon.colcon_core.verb:set package 'handpose_visualizer' build argument 'catkin_skip_building_tests' from command line to 'False'
[1.619s] DEBUG:colcon.colcon_core.verb:Building package 'handpose_visualizer' with the following arguments: {'ament_cmake_args': None, 'build_base': '/home/yue/robot/build/handpose_visualizer', 'catkin_cmake_args': None, 'catkin_skip_building_tests': False, 'cmake_args': None, 'cmake_clean_cache': False, 'cmake_clean_first': False, 'cmake_force_configure': False, 'cmake_target': None, 'cmake_target_skip_unavailable': False, 'install_base': '/home/yue/robot/install/handpose_visualizer', 'merge_install': False, 'path': '/home/yue/robot/src/handpose_visualizer', 'symlink_install': False, 'test_result_base': None}
[1.619s] INFO:colcon.colcon_core.executor:Executing jobs using 'parallel' executor
[1.622s] DEBUG:colcon.colcon_parallel_executor.executor.parallel:run_until_complete
[1.623s] INFO:colcon.colcon_ros.task.ament_cmake.build:Building ROS package in '/home/yue/robot/src/handpose_publisher' with build type 'ament_cmake'
[1.623s] INFO:colcon.colcon_cmake.task.cmake.build:Building CMake package in '/home/yue/robot/src/handpose_publisher'
[1.631s] INFO:colcon.colcon_core.plugin_system:Skipping extension 'colcon_core.shell.bat': Not used on non-Windows systems
[1.631s] INFO:colcon.colcon_core.shell:Skip shell extension 'powershell' for command environment: Not usable outside of PowerShell
[1.631s] DEBUG:colcon.colcon_core.shell:Skip shell extension 'dsv' for command environment
[1.638s] INFO:colcon.colcon_core.task.python.build:Building Python package in '/home/yue/robot/src/handpose_visualizer'
[1.639s] INFO:colcon.colcon_core.shell:Skip shell extension 'powershell' for command environment: Not usable outside of PowerShell
[1.639s] DEBUG:colcon.colcon_core.shell:Skip shell extension 'dsv' for command environment
[1.652s] DEBUG:colcon.colcon_core.event_handler.log_command:Invoking command in '/home/yue/robot/build/handpose_publisher': CMAKE_PREFIX_PATH=${CMAKE_PREFIX_PATH}:/opt/ros/humble /usr/bin/cmake --build /home/yue/robot/build/handpose_publisher -- -j6 -l6
[3.134s] DEBUG:colcon.colcon_core.event_handler.log_command:Invoking command in '/home/yue/robot/src/handpose_visualizer': PYTHONPATH=/home/yue/robot/build/handpose_visualizer/prefix_override:/usr/lib/python3/dist-packages/colcon_core/task/python/colcon_distutils_commands:/home/yue/robot/install/handpose_visualizer/lib/python3.10/site-packages:${PYTHONPATH} /usr/bin/python3 -W ignore:setup.py install is deprecated -W ignore:easy_install command is deprecated setup.py egg_info --egg-base ../../build/handpose_visualizer build --build-base /home/yue/robot/build/handpose_visualizer/build install --record /home/yue/robot/build/handpose_visualizer/install.log --single-version-externally-managed
[3.806s] DEBUG:colcon.colcon_core.event_handler.log_command:Invoked command in '/home/yue/robot/src/handpose_visualizer' returned '0': PYTHONPATH=/home/yue/robot/build/handpose_visualizer/prefix_override:/usr/lib/python3/dist-packages/colcon_core/task/python/colcon_distutils_commands:/home/yue/robot/install/handpose_visualizer/lib/python3.10/site-packages:${PYTHONPATH} /usr/bin/python3 -W ignore:setup.py install is deprecated -W ignore:easy_install command is deprecated setup.py egg_info --egg-base ../../build/handpose_visualizer build --build-base /home/yue/robot/build/handpose_visualizer/build install --record /home/yue/robot/build/handpose_visualizer/install.log --single-version-externally-managed
[3.816s] Level 1:colcon.colcon_core.environment:checking '/home/yue/robot/install/handpose_visualizer' for CMake module files
[3.818s] Level 1:colcon.colcon_core.environment:checking '/home/yue/robot/install/handpose_visualizer' for CMake config files
[3.820s] Level 1:colcon.colcon_core.environment:checking '/home/yue/robot/install/handpose_visualizer/lib'
[3.821s] Level 1:colcon.colcon_core.environment:checking '/home/yue/robot/install/handpose_visualizer/bin'
[3.822s] Level 1:colcon.colcon_core.shell:create_environment_hook('handpose_visualizer', 'path')
[3.823s] INFO:colcon.colcon_core.shell:Creating environment hook '/home/yue/robot/install/handpose_visualizer/share/handpose_visualizer/hook/path.ps1'
[3.825s] INFO:colcon.colcon_core.shell:Creating environment descriptor '/home/yue/robot/install/handpose_visualizer/share/handpose_visualizer/hook/path.dsv'
[3.831s] INFO:colcon.colcon_core.shell:Creating environment hook '/home/yue/robot/install/handpose_visualizer/share/handpose_visualizer/hook/path.sh'
[3.834s] Level 1:colcon.colcon_core.environment:checking '/home/yue/robot/install/handpose_visualizer/lib/pkgconfig/handpose_visualizer.pc'
[3.836s] Level 1:colcon.colcon_core.environment:checking '/home/yue/robot/install/handpose_visualizer/lib/python3.10/site-packages'
[3.836s] Level 1:colcon.colcon_core.shell:create_environment_hook('handpose_visualizer', 'pythonpath')
[3.837s] INFO:colcon.colcon_core.shell:Creating environment hook '/home/yue/robot/install/handpose_visualizer/share/handpose_visualizer/hook/pythonpath.ps1'
[3.838s] INFO:colcon.colcon_core.shell:Creating environment descriptor '/home/yue/robot/install/handpose_visualizer/share/handpose_visualizer/hook/pythonpath.dsv'
[3.843s] INFO:colcon.colcon_core.shell:Creating environment hook '/home/yue/robot/install/handpose_visualizer/share/handpose_visualizer/hook/pythonpath.sh'
[3.845s] Level 1:colcon.colcon_core.environment:checking '/home/yue/robot/install/handpose_visualizer/bin'
[3.845s] Level 1:colcon.colcon_core.shell:create_environment_hook('handpose_visualizer', 'pythonscriptspath')
[3.846s] INFO:colcon.colcon_core.shell:Creating environment hook '/home/yue/robot/install/handpose_visualizer/share/handpose_visualizer/hook/pythonscriptspath.ps1'
[3.848s] INFO:colcon.colcon_core.shell:Creating environment descriptor '/home/yue/robot/install/handpose_visualizer/share/handpose_visualizer/hook/pythonscriptspath.dsv'
[3.849s] INFO:colcon.colcon_core.shell:Creating environment hook '/home/yue/robot/install/handpose_visualizer/share/handpose_visualizer/hook/pythonscriptspath.sh'
[3.850s] Level 1:colcon.colcon_core.environment:create_environment_scripts_only(handpose_visualizer)
[3.851s] INFO:colcon.colcon_core.shell:Creating package script '/home/yue/robot/install/handpose_visualizer/share/handpose_visualizer/package.ps1'
[3.853s] INFO:colcon.colcon_core.shell:Creating package descriptor '/home/yue/robot/install/handpose_visualizer/share/handpose_visualizer/package.dsv'
[3.855s] INFO:colcon.colcon_core.shell:Creating package script '/home/yue/robot/install/handpose_visualizer/share/handpose_visualizer/package.sh'
[3.857s] INFO:colcon.colcon_core.shell:Creating package script '/home/yue/robot/install/handpose_visualizer/share/handpose_visualizer/package.bash'
[3.859s] INFO:colcon.colcon_core.shell:Creating package script '/home/yue/robot/install/handpose_visualizer/share/handpose_visualizer/package.zsh'
[3.863s] Level 1:colcon.colcon_core.environment:create_file_with_runtime_dependencies(/home/yue/robot/install/handpose_visualizer/share/colcon-core/packages/handpose_visualizer)
[12.675s] DEBUG:colcon.colcon_core.event_handler.log_command:Invoked command in '/home/yue/robot/build/handpose_publisher' returned '0': CMAKE_PREFIX_PATH=${CMAKE_PREFIX_PATH}:/opt/ros/humble /usr/bin/cmake --build /home/yue/robot/build/handpose_publisher -- -j6 -l6
[12.704s] DEBUG:colcon.colcon_core.event_handler.log_command:Invoking command in '/home/yue/robot/build/handpose_publisher': CMAKE_PREFIX_PATH=${CMAKE_PREFIX_PATH}:/opt/ros/humble /usr/bin/cmake --install /home/yue/robot/build/handpose_publisher
[12.891s] Level 1:colcon.colcon_core.environment:create_environment_scripts_only(handpose_publisher)
[12.892s] Level 1:colcon.colcon_core.environment:checking '/home/yue/robot/install/handpose_publisher' for CMake module files
[12.894s] DEBUG:colcon.colcon_core.event_handler.log_command:Invoked command in '/home/yue/robot/build/handpose_publisher' returned '0': CMAKE_PREFIX_PATH=${CMAKE_PREFIX_PATH}:/opt/ros/humble /usr/bin/cmake --install /home/yue/robot/build/handpose_publisher
[12.895s] Level 1:colcon.colcon_core.environment:checking '/home/yue/robot/install/handpose_publisher' for CMake config files
[12.896s] Level 1:colcon.colcon_core.shell:create_environment_hook('handpose_publisher', 'cmake_prefix_path')
[12.897s] INFO:colcon.colcon_core.shell:Creating environment hook '/home/yue/robot/install/handpose_publisher/share/handpose_publisher/hook/cmake_prefix_path.ps1'
[12.898s] INFO:colcon.colcon_core.shell:Creating environment descriptor '/home/yue/robot/install/handpose_publisher/share/handpose_publisher/hook/cmake_prefix_path.dsv'
[12.899s] INFO:colcon.colcon_core.shell:Creating environment hook '/home/yue/robot/install/handpose_publisher/share/handpose_publisher/hook/cmake_prefix_path.sh'
[12.900s] Level 1:colcon.colcon_core.environment:checking '/home/yue/robot/install/handpose_publisher/lib'
[12.901s] Level 1:colcon.colcon_core.shell:create_environment_hook('handpose_publisher', 'ld_library_path_lib')
[12.901s] INFO:colcon.colcon_core.shell:Creating environment hook '/home/yue/robot/install/handpose_publisher/share/handpose_publisher/hook/ld_library_path_lib.ps1'
[12.902s] INFO:colcon.colcon_core.shell:Creating environment descriptor '/home/yue/robot/install/handpose_publisher/share/handpose_publisher/hook/ld_library_path_lib.dsv'
[12.903s] INFO:colcon.colcon_core.shell:Creating environment hook '/home/yue/robot/install/handpose_publisher/share/handpose_publisher/hook/ld_library_path_lib.sh'
[12.904s] Level 1:colcon.colcon_core.environment:checking '/home/yue/robot/install/handpose_publisher/bin'
[12.904s] Level 1:colcon.colcon_core.environment:checking '/home/yue/robot/install/handpose_publisher/lib/pkgconfig/handpose_publisher.pc'
[12.904s] Level 1:colcon.colcon_core.environment:checking '/home/yue/robot/install/handpose_publisher/lib/python3.10/site-packages'
[12.905s] Level 1:colcon.colcon_core.environment:checking '/home/yue/robot/install/handpose_publisher/bin'
[12.905s] INFO:colcon.colcon_core.shell:Creating package script '/home/yue/robot/install/handpose_publisher/share/handpose_publisher/package.ps1'
[12.907s] INFO:colcon.colcon_core.shell:Creating package descriptor '/home/yue/robot/install/handpose_publisher/share/handpose_publisher/package.dsv'
[12.908s] INFO:colcon.colcon_core.shell:Creating package script '/home/yue/robot/install/handpose_publisher/share/handpose_publisher/package.sh'
[12.908s] INFO:colcon.colcon_core.shell:Creating package script '/home/yue/robot/install/handpose_publisher/share/handpose_publisher/package.bash'
[12.909s] INFO:colcon.colcon_core.shell:Creating package script '/home/yue/robot/install/handpose_publisher/share/handpose_publisher/package.zsh'
[12.910s] Level 1:colcon.colcon_core.environment:create_file_with_runtime_dependencies(/home/yue/robot/install/handpose_publisher/share/colcon-core/packages/handpose_publisher)
[12.912s] Level 1:colcon.colcon_core.environment:create_environment_scripts_only(handpose_publisher)
[12.913s] Level 1:colcon.colcon_core.environment:checking '/home/yue/robot/install/handpose_publisher' for CMake module files
[12.915s] Level 1:colcon.colcon_core.environment:checking '/home/yue/robot/install/handpose_publisher' for CMake config files
[12.916s] Level 1:colcon.colcon_core.shell:create_environment_hook('handpose_publisher', 'cmake_prefix_path')
[12.917s] INFO:colcon.colcon_core.shell:Creating environment hook '/home/yue/robot/install/handpose_publisher/share/handpose_publisher/hook/cmake_prefix_path.ps1'
[12.918s] INFO:colcon.colcon_core.shell:Creating environment descriptor '/home/yue/robot/install/handpose_publisher/share/handpose_publisher/hook/cmake_prefix_path.dsv'
[12.919s] INFO:colcon.colcon_core.shell:Creating environment hook '/home/yue/robot/install/handpose_publisher/share/handpose_publisher/hook/cmake_prefix_path.sh'
[12.920s] Level 1:colcon.colcon_core.environment:checking '/home/yue/robot/install/handpose_publisher/lib'
[12.921s] Level 1:colcon.colcon_core.shell:create_environment_hook('handpose_publisher', 'ld_library_path_lib')
[12.921s] INFO:colcon.colcon_core.shell:Creating environment hook '/home/yue/robot/install/handpose_publisher/share/handpose_publisher/hook/ld_library_path_lib.ps1'
[12.922s] INFO:colcon.colcon_core.shell:Creating environment descriptor '/home/yue/robot/install/handpose_publisher/share/handpose_publisher/hook/ld_library_path_lib.dsv'
[12.923s] INFO:colcon.colcon_core.shell:Creating environment hook '/home/yue/robot/install/handpose_publisher/share/handpose_publisher/hook/ld_library_path_lib.sh'
[12.924s] Level 1:colcon.colcon_core.environment:checking '/home/yue/robot/install/handpose_publisher/bin'
[12.924s] Level 1:colcon.colcon_core.environment:checking '/home/yue/robot/install/handpose_publisher/lib/pkgconfig/handpose_publisher.pc'
[12.925s] Level 1:colcon.colcon_core.environment:checking '/home/yue/robot/install/handpose_publisher/lib/python3.10/site-packages'
[12.925s] Level 1:colcon.colcon_core.environment:checking '/home/yue/robot/install/handpose_publisher/bin'
[12.926s] INFO:colcon.colcon_core.shell:Creating package script '/home/yue/robot/install/handpose_publisher/share/handpose_publisher/package.ps1'
[12.927s] INFO:colcon.colcon_core.shell:Creating package descriptor '/home/yue/robot/install/handpose_publisher/share/handpose_publisher/package.dsv'
[12.928s] INFO:colcon.colcon_core.shell:Creating package script '/home/yue/robot/install/handpose_publisher/share/handpose_publisher/package.sh'
[12.930s] INFO:colcon.colcon_core.shell:Creating package script '/home/yue/robot/install/handpose_publisher/share/handpose_publisher/package.bash'
[12.931s] INFO:colcon.colcon_core.shell:Creating package script '/home/yue/robot/install/handpose_publisher/share/handpose_publisher/package.zsh'
[12.932s] Level 1:colcon.colcon_core.environment:create_file_with_runtime_dependencies(/home/yue/robot/install/handpose_publisher/share/colcon-core/packages/handpose_publisher)
[12.933s] DEBUG:colcon.colcon_parallel_executor.executor.parallel:closing loop
[12.934s] DEBUG:colcon.colcon_parallel_executor.executor.parallel:loop closed
[12.935s] DEBUG:colcon.colcon_parallel_executor.executor.parallel:run_until_complete finished with '0'
[12.935s] DEBUG:colcon.colcon_core.event_reactor:joining thread
[12.953s] INFO:colcon.colcon_core.plugin_system:Skipping extension 'colcon_notification.desktop_notification.terminal_notifier': Not used on non-Darwin systems
[12.953s] INFO:colcon.colcon_core.plugin_system:Skipping extension 'colcon_notification.desktop_notification.win32': Not used on non-Windows systems
[12.953s] INFO:colcon.colcon_notification.desktop_notification:Sending desktop notification using 'notify2'
[13.009s] DEBUG:colcon.colcon_core.event_reactor:joined thread
[13.010s] INFO:colcon.colcon_core.shell:Creating prefix script '/home/yue/robot/install/local_setup.ps1'
[13.014s] INFO:colcon.colcon_core.shell:Creating prefix util module '/home/yue/robot/install/_local_setup_util_ps1.py'
[13.018s] INFO:colcon.colcon_core.shell:Creating prefix chain script '/home/yue/robot/install/setup.ps1'
[13.022s] INFO:colcon.colcon_core.shell:Creating prefix script '/home/yue/robot/install/local_setup.sh'
[13.024s] INFO:colcon.colcon_core.shell:Creating prefix util module '/home/yue/robot/install/_local_setup_util_sh.py'
[13.028s] INFO:colcon.colcon_core.shell:Creating prefix chain script '/home/yue/robot/install/setup.sh'
[13.033s] INFO:colcon.colcon_core.shell:Creating prefix script '/home/yue/robot/install/local_setup.bash'
[13.034s] INFO:colcon.colcon_core.shell:Creating prefix chain script '/home/yue/robot/install/setup.bash'
[13.040s] INFO:colcon.colcon_core.shell:Creating prefix script '/home/yue/robot/install/local_setup.zsh'
[13.041s] INFO:colcon.colcon_core.shell:Creating prefix chain script '/home/yue/robot/install/setup.zsh'
