[  2%] Built target piper_msgs__cpp
[ 12%] Built target piper_msgs__rosidl_generator_c
[ 12%] Built target ament_cmake_python_copy_piper_msgs
[ 29%] Built target piper_msgs__rosidl_typesupport_cpp
[ 34%] Built target piper_msgs__rosidl_typesupport_fastrtps_cpp
[ 44%] Built target piper_msgs__rosidl_typesupport_introspection_cpp
[ 55%] Built target piper_msgs__rosidl_typesupport_fastrtps_c
[ 65%] Built target piper_msgs__rosidl_typesupport_c
[ 76%] Built target piper_msgs__rosidl_typesupport_introspection_c
[ 76%] Built target piper_msgs
[ 78%] Built target piper_msgs__py
[ 87%] Built target piper_msgs__rosidl_generator_py
[ 91%] Built target piper_msgs__rosidl_typesupport_fastrtps_c__pyext
[ 95%] Built target piper_msgs__rosidl_typesupport_c__pyext
[100%] Built target piper_msgs__rosidl_typesupport_introspection_c__pyext
running egg_info
writing piper_msgs.egg-info/PKG-INFO
writing dependency_links to piper_msgs.egg-info/dependency_links.txt
writing top-level names to piper_msgs.egg-info/top_level.txt
reading manifest file 'piper_msgs.egg-info/SOURCES.txt'
writing manifest file 'piper_msgs.egg-info/SOURCES.txt'
[100%] Built target ament_cmake_python_build_piper_msgs_egg
-- Install configuration: ""
-- Up-to-date: /home/yue/robot/install/piper_msgs/share/ament_index/resource_index/rosidl_interfaces/piper_msgs
-- Up-to-date: /home/yue/robot/install/piper_msgs/include/piper_msgs/piper_msgs
-- Up-to-date: /home/yue/robot/install/piper_msgs/include/piper_msgs/piper_msgs/srv
-- Up-to-date: /home/yue/robot/install/piper_msgs/include/piper_msgs/piper_msgs/srv/detail
-- Up-to-date: /home/yue/robot/install/piper_msgs/include/piper_msgs/piper_msgs/srv/detail/enable__struct.h
-- Up-to-date: /home/yue/robot/install/piper_msgs/include/piper_msgs/piper_msgs/srv/detail/enable__type_support.h
-- Up-to-date: /home/yue/robot/install/piper_msgs/include/piper_msgs/piper_msgs/srv/detail/enable__functions.c
-- Up-to-date: /home/yue/robot/install/piper_msgs/include/piper_msgs/piper_msgs/srv/detail/enable__functions.h
-- Up-to-date: /home/yue/robot/install/piper_msgs/include/piper_msgs/piper_msgs/srv/enable.h
-- Up-to-date: /home/yue/robot/install/piper_msgs/include/piper_msgs/piper_msgs/msg
-- Up-to-date: /home/yue/robot/install/piper_msgs/include/piper_msgs/piper_msgs/msg/detail
-- Up-to-date: /home/yue/robot/install/piper_msgs/include/piper_msgs/piper_msgs/msg/detail/pos_cmd__functions.h
-- Up-to-date: /home/yue/robot/install/piper_msgs/include/piper_msgs/piper_msgs/msg/detail/pos_cmd__type_support.h
-- Up-to-date: /home/yue/robot/install/piper_msgs/include/piper_msgs/piper_msgs/msg/detail/pos_cmd__functions.c
-- Up-to-date: /home/yue/robot/install/piper_msgs/include/piper_msgs/piper_msgs/msg/detail/piper_status_msg__type_support.h
-- Up-to-date: /home/yue/robot/install/piper_msgs/include/piper_msgs/piper_msgs/msg/detail/piper_status_msg__functions.h
-- Up-to-date: /home/yue/robot/install/piper_msgs/include/piper_msgs/piper_msgs/msg/detail/piper_status_msg__struct.h
-- Up-to-date: /home/yue/robot/install/piper_msgs/include/piper_msgs/piper_msgs/msg/detail/piper_status_msg__functions.c
-- Up-to-date: /home/yue/robot/install/piper_msgs/include/piper_msgs/piper_msgs/msg/detail/pos_cmd__struct.h
-- Up-to-date: /home/yue/robot/install/piper_msgs/include/piper_msgs/piper_msgs/msg/rosidl_generator_c__visibility_control.h
-- Up-to-date: /home/yue/robot/install/piper_msgs/include/piper_msgs/piper_msgs/msg/pos_cmd.h
-- Up-to-date: /home/yue/robot/install/piper_msgs/include/piper_msgs/piper_msgs/msg/piper_status_msg.h
-- Up-to-date: /home/yue/robot/install/piper_msgs/share/piper_msgs/environment/library_path.sh
-- Up-to-date: /home/yue/robot/install/piper_msgs/share/piper_msgs/environment/library_path.dsv
-- Up-to-date: /home/yue/robot/install/piper_msgs/lib/libpiper_msgs__rosidl_generator_c.so
-- Up-to-date: /home/yue/robot/install/piper_msgs/include/piper_msgs/piper_msgs
-- Up-to-date: /home/yue/robot/install/piper_msgs/include/piper_msgs/piper_msgs/srv
-- Up-to-date: /home/yue/robot/install/piper_msgs/include/piper_msgs/piper_msgs/srv/detail
-- Up-to-date: /home/yue/robot/install/piper_msgs/include/piper_msgs/piper_msgs/srv/detail/enable__rosidl_typesupport_fastrtps_c.h
-- Up-to-date: /home/yue/robot/install/piper_msgs/include/piper_msgs/piper_msgs/msg
-- Up-to-date: /home/yue/robot/install/piper_msgs/include/piper_msgs/piper_msgs/msg/detail
-- Up-to-date: /home/yue/robot/install/piper_msgs/include/piper_msgs/piper_msgs/msg/detail/piper_status_msg__rosidl_typesupport_fastrtps_c.h
-- Up-to-date: /home/yue/robot/install/piper_msgs/include/piper_msgs/piper_msgs/msg/detail/pos_cmd__rosidl_typesupport_fastrtps_c.h
-- Up-to-date: /home/yue/robot/install/piper_msgs/include/piper_msgs/piper_msgs/msg/rosidl_typesupport_fastrtps_c__visibility_control.h
-- Up-to-date: /home/yue/robot/install/piper_msgs/lib/libpiper_msgs__rosidl_typesupport_fastrtps_c.so
-- Up-to-date: /home/yue/robot/install/piper_msgs/include/piper_msgs/piper_msgs
-- Up-to-date: /home/yue/robot/install/piper_msgs/include/piper_msgs/piper_msgs/srv
-- Up-to-date: /home/yue/robot/install/piper_msgs/include/piper_msgs/piper_msgs/srv/detail
-- Up-to-date: /home/yue/robot/install/piper_msgs/include/piper_msgs/piper_msgs/srv/detail/enable__type_support.c
-- Up-to-date: /home/yue/robot/install/piper_msgs/include/piper_msgs/piper_msgs/srv/detail/enable__rosidl_typesupport_introspection_c.h
-- Up-to-date: /home/yue/robot/install/piper_msgs/include/piper_msgs/piper_msgs/msg
-- Up-to-date: /home/yue/robot/install/piper_msgs/include/piper_msgs/piper_msgs/msg/detail
-- Up-to-date: /home/yue/robot/install/piper_msgs/include/piper_msgs/piper_msgs/msg/detail/piper_status_msg__type_support.c
-- Up-to-date: /home/yue/robot/install/piper_msgs/include/piper_msgs/piper_msgs/msg/detail/pos_cmd__rosidl_typesupport_introspection_c.h
-- Up-to-date: /home/yue/robot/install/piper_msgs/include/piper_msgs/piper_msgs/msg/detail/piper_status_msg__rosidl_typesupport_introspection_c.h
-- Up-to-date: /home/yue/robot/install/piper_msgs/include/piper_msgs/piper_msgs/msg/detail/pos_cmd__type_support.c
-- Up-to-date: /home/yue/robot/install/piper_msgs/include/piper_msgs/piper_msgs/msg/rosidl_typesupport_introspection_c__visibility_control.h
-- Up-to-date: /home/yue/robot/install/piper_msgs/lib/libpiper_msgs__rosidl_typesupport_introspection_c.so
-- Up-to-date: /home/yue/robot/install/piper_msgs/lib/libpiper_msgs__rosidl_typesupport_c.so
-- Up-to-date: /home/yue/robot/install/piper_msgs/include/piper_msgs/piper_msgs
-- Up-to-date: /home/yue/robot/install/piper_msgs/include/piper_msgs/piper_msgs/srv
-- Up-to-date: /home/yue/robot/install/piper_msgs/include/piper_msgs/piper_msgs/srv/detail
-- Up-to-date: /home/yue/robot/install/piper_msgs/include/piper_msgs/piper_msgs/srv/detail/enable__builder.hpp
-- Up-to-date: /home/yue/robot/install/piper_msgs/include/piper_msgs/piper_msgs/srv/detail/enable__struct.hpp
-- Up-to-date: /home/yue/robot/install/piper_msgs/include/piper_msgs/piper_msgs/srv/detail/enable__traits.hpp
-- Up-to-date: /home/yue/robot/install/piper_msgs/include/piper_msgs/piper_msgs/srv/detail/enable__type_support.hpp
-- Up-to-date: /home/yue/robot/install/piper_msgs/include/piper_msgs/piper_msgs/srv/enable.hpp
-- Up-to-date: /home/yue/robot/install/piper_msgs/include/piper_msgs/piper_msgs/msg
-- Up-to-date: /home/yue/robot/install/piper_msgs/include/piper_msgs/piper_msgs/msg/detail
-- Up-to-date: /home/yue/robot/install/piper_msgs/include/piper_msgs/piper_msgs/msg/detail/piper_status_msg__traits.hpp
-- Up-to-date: /home/yue/robot/install/piper_msgs/include/piper_msgs/piper_msgs/msg/detail/pos_cmd__builder.hpp
-- Up-to-date: /home/yue/robot/install/piper_msgs/include/piper_msgs/piper_msgs/msg/detail/piper_status_msg__struct.hpp
-- Up-to-date: /home/yue/robot/install/piper_msgs/include/piper_msgs/piper_msgs/msg/detail/pos_cmd__type_support.hpp
-- Up-to-date: /home/yue/robot/install/piper_msgs/include/piper_msgs/piper_msgs/msg/detail/pos_cmd__struct.hpp
-- Up-to-date: /home/yue/robot/install/piper_msgs/include/piper_msgs/piper_msgs/msg/detail/piper_status_msg__builder.hpp
-- Up-to-date: /home/yue/robot/install/piper_msgs/include/piper_msgs/piper_msgs/msg/detail/piper_status_msg__type_support.hpp
-- Up-to-date: /home/yue/robot/install/piper_msgs/include/piper_msgs/piper_msgs/msg/detail/pos_cmd__traits.hpp
-- Up-to-date: /home/yue/robot/install/piper_msgs/include/piper_msgs/piper_msgs/msg/piper_status_msg.hpp
-- Up-to-date: /home/yue/robot/install/piper_msgs/include/piper_msgs/piper_msgs/msg/rosidl_generator_cpp__visibility_control.hpp
-- Up-to-date: /home/yue/robot/install/piper_msgs/include/piper_msgs/piper_msgs/msg/pos_cmd.hpp
-- Up-to-date: /home/yue/robot/install/piper_msgs/include/piper_msgs/piper_msgs
-- Up-to-date: /home/yue/robot/install/piper_msgs/include/piper_msgs/piper_msgs/srv
-- Up-to-date: /home/yue/robot/install/piper_msgs/include/piper_msgs/piper_msgs/srv/detail
-- Up-to-date: /home/yue/robot/install/piper_msgs/include/piper_msgs/piper_msgs/srv/detail/dds_fastrtps
-- Up-to-date: /home/yue/robot/install/piper_msgs/include/piper_msgs/piper_msgs/srv/detail/enable__rosidl_typesupport_fastrtps_cpp.hpp
-- Up-to-date: /home/yue/robot/install/piper_msgs/include/piper_msgs/piper_msgs/msg
-- Up-to-date: /home/yue/robot/install/piper_msgs/include/piper_msgs/piper_msgs/msg/detail
-- Up-to-date: /home/yue/robot/install/piper_msgs/include/piper_msgs/piper_msgs/msg/detail/piper_status_msg__rosidl_typesupport_fastrtps_cpp.hpp
-- Up-to-date: /home/yue/robot/install/piper_msgs/include/piper_msgs/piper_msgs/msg/detail/pos_cmd__rosidl_typesupport_fastrtps_cpp.hpp
-- Up-to-date: /home/yue/robot/install/piper_msgs/include/piper_msgs/piper_msgs/msg/detail/dds_fastrtps
-- Up-to-date: /home/yue/robot/install/piper_msgs/include/piper_msgs/piper_msgs/msg/rosidl_typesupport_fastrtps_cpp__visibility_control.h
-- Up-to-date: /home/yue/robot/install/piper_msgs/lib/libpiper_msgs__rosidl_typesupport_fastrtps_cpp.so
-- Up-to-date: /home/yue/robot/install/piper_msgs/include/piper_msgs/piper_msgs
-- Up-to-date: /home/yue/robot/install/piper_msgs/include/piper_msgs/piper_msgs/srv
-- Up-to-date: /home/yue/robot/install/piper_msgs/include/piper_msgs/piper_msgs/srv/detail
-- Up-to-date: /home/yue/robot/install/piper_msgs/include/piper_msgs/piper_msgs/srv/detail/enable__type_support.cpp
-- Up-to-date: /home/yue/robot/install/piper_msgs/include/piper_msgs/piper_msgs/srv/detail/enable__rosidl_typesupport_introspection_cpp.hpp
-- Up-to-date: /home/yue/robot/install/piper_msgs/include/piper_msgs/piper_msgs/msg
-- Up-to-date: /home/yue/robot/install/piper_msgs/include/piper_msgs/piper_msgs/msg/detail
-- Up-to-date: /home/yue/robot/install/piper_msgs/include/piper_msgs/piper_msgs/msg/detail/piper_status_msg__rosidl_typesupport_introspection_cpp.hpp
-- Up-to-date: /home/yue/robot/install/piper_msgs/include/piper_msgs/piper_msgs/msg/detail/piper_status_msg__type_support.cpp
-- Up-to-date: /home/yue/robot/install/piper_msgs/include/piper_msgs/piper_msgs/msg/detail/pos_cmd__type_support.cpp
-- Up-to-date: /home/yue/robot/install/piper_msgs/include/piper_msgs/piper_msgs/msg/detail/pos_cmd__rosidl_typesupport_introspection_cpp.hpp
-- Up-to-date: /home/yue/robot/install/piper_msgs/lib/libpiper_msgs__rosidl_typesupport_introspection_cpp.so
-- Up-to-date: /home/yue/robot/install/piper_msgs/lib/libpiper_msgs__rosidl_typesupport_cpp.so
-- Up-to-date: /home/yue/robot/install/piper_msgs/share/piper_msgs/environment/pythonpath.sh
-- Up-to-date: /home/yue/robot/install/piper_msgs/share/piper_msgs/environment/pythonpath.dsv
-- Up-to-date: /home/yue/robot/install/piper_msgs/local/lib/python3.10/dist-packages/piper_msgs-0.0.0-py3.10.egg-info
-- Installing: /home/yue/robot/install/piper_msgs/local/lib/python3.10/dist-packages/piper_msgs-0.0.0-py3.10.egg-info/dependency_links.txt
-- Installing: /home/yue/robot/install/piper_msgs/local/lib/python3.10/dist-packages/piper_msgs-0.0.0-py3.10.egg-info/top_level.txt
-- Installing: /home/yue/robot/install/piper_msgs/local/lib/python3.10/dist-packages/piper_msgs-0.0.0-py3.10.egg-info/PKG-INFO
-- Installing: /home/yue/robot/install/piper_msgs/local/lib/python3.10/dist-packages/piper_msgs-0.0.0-py3.10.egg-info/SOURCES.txt
-- Up-to-date: /home/yue/robot/install/piper_msgs/local/lib/python3.10/dist-packages/piper_msgs
-- Up-to-date: /home/yue/robot/install/piper_msgs/local/lib/python3.10/dist-packages/piper_msgs/libpiper_msgs__rosidl_generator_py.so
-- Up-to-date: /home/yue/robot/install/piper_msgs/local/lib/python3.10/dist-packages/piper_msgs/piper_msgs_s__rosidl_typesupport_c.cpython-310-aarch64-linux-gnu.so
-- Up-to-date: /home/yue/robot/install/piper_msgs/local/lib/python3.10/dist-packages/piper_msgs/srv
-- Up-to-date: /home/yue/robot/install/piper_msgs/local/lib/python3.10/dist-packages/piper_msgs/srv/__init__.py
-- Up-to-date: /home/yue/robot/install/piper_msgs/local/lib/python3.10/dist-packages/piper_msgs/srv/_enable.py
-- Up-to-date: /home/yue/robot/install/piper_msgs/local/lib/python3.10/dist-packages/piper_msgs/srv/_enable_s.c
-- Up-to-date: /home/yue/robot/install/piper_msgs/local/lib/python3.10/dist-packages/piper_msgs/_piper_msgs_s.ep.rosidl_typesupport_fastrtps_c.c
-- Up-to-date: /home/yue/robot/install/piper_msgs/local/lib/python3.10/dist-packages/piper_msgs/__init__.py
-- Up-to-date: /home/yue/robot/install/piper_msgs/local/lib/python3.10/dist-packages/piper_msgs/_piper_msgs_s.ep.rosidl_typesupport_c.c
-- Up-to-date: /home/yue/robot/install/piper_msgs/local/lib/python3.10/dist-packages/piper_msgs/piper_msgs_s__rosidl_typesupport_fastrtps_c.cpython-310-aarch64-linux-gnu.so
-- Up-to-date: /home/yue/robot/install/piper_msgs/local/lib/python3.10/dist-packages/piper_msgs/msg
-- Up-to-date: /home/yue/robot/install/piper_msgs/local/lib/python3.10/dist-packages/piper_msgs/msg/_pos_cmd_s.c
-- Up-to-date: /home/yue/robot/install/piper_msgs/local/lib/python3.10/dist-packages/piper_msgs/msg/__init__.py
-- Up-to-date: /home/yue/robot/install/piper_msgs/local/lib/python3.10/dist-packages/piper_msgs/msg/_piper_status_msg.py
-- Up-to-date: /home/yue/robot/install/piper_msgs/local/lib/python3.10/dist-packages/piper_msgs/msg/_piper_status_msg_s.c
-- Up-to-date: /home/yue/robot/install/piper_msgs/local/lib/python3.10/dist-packages/piper_msgs/msg/_pos_cmd.py
-- Up-to-date: /home/yue/robot/install/piper_msgs/local/lib/python3.10/dist-packages/piper_msgs/_piper_msgs_s.ep.rosidl_typesupport_introspection_c.c
-- Up-to-date: /home/yue/robot/install/piper_msgs/local/lib/python3.10/dist-packages/piper_msgs/piper_msgs_s__rosidl_typesupport_introspection_c.cpython-310-aarch64-linux-gnu.so
Listing '/home/yue/robot/install/piper_msgs/local/lib/python3.10/dist-packages/piper_msgs'...
Listing '/home/yue/robot/install/piper_msgs/local/lib/python3.10/dist-packages/piper_msgs/msg'...
Listing '/home/yue/robot/install/piper_msgs/local/lib/python3.10/dist-packages/piper_msgs/srv'...
-- Up-to-date: /home/yue/robot/install/piper_msgs/local/lib/python3.10/dist-packages/piper_msgs/piper_msgs_s__rosidl_typesupport_fastrtps_c.cpython-310-aarch64-linux-gnu.so
-- Up-to-date: /home/yue/robot/install/piper_msgs/local/lib/python3.10/dist-packages/piper_msgs/piper_msgs_s__rosidl_typesupport_introspection_c.cpython-310-aarch64-linux-gnu.so
-- Up-to-date: /home/yue/robot/install/piper_msgs/local/lib/python3.10/dist-packages/piper_msgs/piper_msgs_s__rosidl_typesupport_c.cpython-310-aarch64-linux-gnu.so
-- Up-to-date: /home/yue/robot/install/piper_msgs/lib/libpiper_msgs__rosidl_generator_py.so
-- Up-to-date: /home/yue/robot/install/piper_msgs/share/piper_msgs/msg/PiperStatusMsg.idl
-- Up-to-date: /home/yue/robot/install/piper_msgs/share/piper_msgs/msg/PosCmd.idl
-- Up-to-date: /home/yue/robot/install/piper_msgs/share/piper_msgs/srv/Enable.idl
-- Up-to-date: /home/yue/robot/install/piper_msgs/share/piper_msgs/msg/PiperStatusMsg.msg
-- Up-to-date: /home/yue/robot/install/piper_msgs/share/piper_msgs/msg/PosCmd.msg
-- Up-to-date: /home/yue/robot/install/piper_msgs/share/piper_msgs/srv/Enable.srv
-- Up-to-date: /home/yue/robot/install/piper_msgs/share/piper_msgs/srv/Enable_Request.msg
-- Up-to-date: /home/yue/robot/install/piper_msgs/share/piper_msgs/srv/Enable_Response.msg
-- Up-to-date: /home/yue/robot/install/piper_msgs/share/ament_index/resource_index/package_run_dependencies/piper_msgs
-- Up-to-date: /home/yue/robot/install/piper_msgs/share/ament_index/resource_index/parent_prefix_path/piper_msgs
-- Up-to-date: /home/yue/robot/install/piper_msgs/share/piper_msgs/environment/ament_prefix_path.sh
-- Up-to-date: /home/yue/robot/install/piper_msgs/share/piper_msgs/environment/ament_prefix_path.dsv
-- Up-to-date: /home/yue/robot/install/piper_msgs/share/piper_msgs/environment/path.sh
-- Up-to-date: /home/yue/robot/install/piper_msgs/share/piper_msgs/environment/path.dsv
-- Up-to-date: /home/yue/robot/install/piper_msgs/share/piper_msgs/local_setup.bash
-- Up-to-date: /home/yue/robot/install/piper_msgs/share/piper_msgs/local_setup.sh
-- Up-to-date: /home/yue/robot/install/piper_msgs/share/piper_msgs/local_setup.zsh
-- Up-to-date: /home/yue/robot/install/piper_msgs/share/piper_msgs/local_setup.dsv
-- Installing: /home/yue/robot/install/piper_msgs/share/piper_msgs/package.dsv
-- Up-to-date: /home/yue/robot/install/piper_msgs/share/ament_index/resource_index/packages/piper_msgs
-- Up-to-date: /home/yue/robot/install/piper_msgs/share/piper_msgs/cmake/export_piper_msgs__rosidl_generator_cExport.cmake
-- Up-to-date: /home/yue/robot/install/piper_msgs/share/piper_msgs/cmake/export_piper_msgs__rosidl_generator_cExport-noconfig.cmake
-- Up-to-date: /home/yue/robot/install/piper_msgs/share/piper_msgs/cmake/export_piper_msgs__rosidl_typesupport_fastrtps_cExport.cmake
-- Up-to-date: /home/yue/robot/install/piper_msgs/share/piper_msgs/cmake/export_piper_msgs__rosidl_typesupport_fastrtps_cExport-noconfig.cmake
-- Up-to-date: /home/yue/robot/install/piper_msgs/share/piper_msgs/cmake/piper_msgs__rosidl_typesupport_introspection_cExport.cmake
-- Up-to-date: /home/yue/robot/install/piper_msgs/share/piper_msgs/cmake/piper_msgs__rosidl_typesupport_introspection_cExport-noconfig.cmake
-- Up-to-date: /home/yue/robot/install/piper_msgs/share/piper_msgs/cmake/piper_msgs__rosidl_typesupport_cExport.cmake
-- Up-to-date: /home/yue/robot/install/piper_msgs/share/piper_msgs/cmake/piper_msgs__rosidl_typesupport_cExport-noconfig.cmake
-- Up-to-date: /home/yue/robot/install/piper_msgs/share/piper_msgs/cmake/export_piper_msgs__rosidl_generator_cppExport.cmake
-- Up-to-date: /home/yue/robot/install/piper_msgs/share/piper_msgs/cmake/export_piper_msgs__rosidl_typesupport_fastrtps_cppExport.cmake
-- Up-to-date: /home/yue/robot/install/piper_msgs/share/piper_msgs/cmake/export_piper_msgs__rosidl_typesupport_fastrtps_cppExport-noconfig.cmake
-- Up-to-date: /home/yue/robot/install/piper_msgs/share/piper_msgs/cmake/piper_msgs__rosidl_typesupport_introspection_cppExport.cmake
-- Up-to-date: /home/yue/robot/install/piper_msgs/share/piper_msgs/cmake/piper_msgs__rosidl_typesupport_introspection_cppExport-noconfig.cmake
-- Up-to-date: /home/yue/robot/install/piper_msgs/share/piper_msgs/cmake/piper_msgs__rosidl_typesupport_cppExport.cmake
-- Up-to-date: /home/yue/robot/install/piper_msgs/share/piper_msgs/cmake/piper_msgs__rosidl_typesupport_cppExport-noconfig.cmake
-- Up-to-date: /home/yue/robot/install/piper_msgs/share/piper_msgs/cmake/export_piper_msgs__rosidl_generator_pyExport.cmake
-- Up-to-date: /home/yue/robot/install/piper_msgs/share/piper_msgs/cmake/export_piper_msgs__rosidl_generator_pyExport-noconfig.cmake
-- Up-to-date: /home/yue/robot/install/piper_msgs/share/piper_msgs/cmake/rosidl_cmake-extras.cmake
-- Up-to-date: /home/yue/robot/install/piper_msgs/share/piper_msgs/cmake/ament_cmake_export_include_directories-extras.cmake
-- Up-to-date: /home/yue/robot/install/piper_msgs/share/piper_msgs/cmake/ament_cmake_export_libraries-extras.cmake
-- Up-to-date: /home/yue/robot/install/piper_msgs/share/piper_msgs/cmake/ament_cmake_export_targets-extras.cmake
-- Up-to-date: /home/yue/robot/install/piper_msgs/share/piper_msgs/cmake/rosidl_cmake_export_typesupport_targets-extras.cmake
-- Up-to-date: /home/yue/robot/install/piper_msgs/share/piper_msgs/cmake/ament_cmake_export_dependencies-extras.cmake
-- Up-to-date: /home/yue/robot/install/piper_msgs/share/piper_msgs/cmake/rosidl_cmake_export_typesupport_libraries-extras.cmake
-- Up-to-date: /home/yue/robot/install/piper_msgs/share/piper_msgs/cmake/piper_msgsConfig.cmake
-- Up-to-date: /home/yue/robot/install/piper_msgs/share/piper_msgs/cmake/piper_msgsConfig-version.cmake
-- Up-to-date: /home/yue/robot/install/piper_msgs/share/piper_msgs/package.xml
