[0.033s] Invoking command in '/home/yue/robot/build/piper_msgs': CMAKE_PREFIX_PATH=${CMAKE_PREFIX_PATH}:/home/yue/robot/install/piper_handpose_controller:/home/yue/robot/install/piper:/opt/ros/humble /usr/bin/cmake --build /home/yue/robot/build/piper_msgs -- -j6 -l6
[0.159s] [  2%] Built target piper_msgs__cpp
[0.160s] [ 12%] Built target piper_msgs__rosidl_generator_c
[0.179s] [ 12%] Built target ament_cmake_python_copy_piper_msgs
[0.213s] [ 29%] Built target piper_msgs__rosidl_typesupport_cpp
[0.214s] [ 34%] Built target piper_msgs__rosidl_typesupport_fastrtps_cpp
[0.228s] [ 44%] Built target piper_msgs__rosidl_typesupport_introspection_cpp
[0.246s] [ 55%] Built target piper_msgs__rosidl_typesupport_fastrtps_c
[0.247s] [ 65%] Built target piper_msgs__rosidl_typesupport_c
[0.254s] [ 76%] Built target piper_msgs__rosidl_typesupport_introspection_c
[0.295s] [ 76%] Built target piper_msgs
[0.345s] [ 78%] Built target piper_msgs__py
[0.402s] [ 87%] Built target piper_msgs__rosidl_generator_py
[0.448s] [ 91%] Built target piper_msgs__rosidl_typesupport_fastrtps_c__pyext
[0.449s] [ 95%] Built target piper_msgs__rosidl_typesupport_c__pyext
[0.452s] [100%] Built target piper_msgs__rosidl_typesupport_introspection_c__pyext
[0.794s] running egg_info
[0.795s] writing piper_msgs.egg-info/PKG-INFO
[0.795s] writing dependency_links to piper_msgs.egg-info/dependency_links.txt
[0.796s] writing top-level names to piper_msgs.egg-info/top_level.txt
[0.802s] reading manifest file 'piper_msgs.egg-info/SOURCES.txt'
[0.806s] writing manifest file 'piper_msgs.egg-info/SOURCES.txt'
[0.898s] [100%] Built target ament_cmake_python_build_piper_msgs_egg
[0.932s] Invoked command in '/home/yue/robot/build/piper_msgs' returned '0': CMAKE_PREFIX_PATH=${CMAKE_PREFIX_PATH}:/home/yue/robot/install/piper_handpose_controller:/home/yue/robot/install/piper:/opt/ros/humble /usr/bin/cmake --build /home/yue/robot/build/piper_msgs -- -j6 -l6
[0.965s] Invoking command in '/home/yue/robot/build/piper_msgs': CMAKE_PREFIX_PATH=${CMAKE_PREFIX_PATH}:/home/yue/robot/install/piper_handpose_controller:/home/yue/robot/install/piper:/opt/ros/humble /usr/bin/cmake --install /home/yue/robot/build/piper_msgs
[1.014s] -- Install configuration: ""
[1.014s] -- Up-to-date: /home/yue/robot/install/piper_msgs/share/ament_index/resource_index/rosidl_interfaces/piper_msgs
[1.015s] -- Up-to-date: /home/yue/robot/install/piper_msgs/include/piper_msgs/piper_msgs
[1.015s] -- Up-to-date: /home/yue/robot/install/piper_msgs/include/piper_msgs/piper_msgs/srv
[1.015s] -- Up-to-date: /home/yue/robot/install/piper_msgs/include/piper_msgs/piper_msgs/srv/detail
[1.015s] -- Up-to-date: /home/yue/robot/install/piper_msgs/include/piper_msgs/piper_msgs/srv/detail/enable__struct.h
[1.015s] -- Up-to-date: /home/yue/robot/install/piper_msgs/include/piper_msgs/piper_msgs/srv/detail/enable__type_support.h
[1.015s] -- Up-to-date: /home/yue/robot/install/piper_msgs/include/piper_msgs/piper_msgs/srv/detail/enable__functions.c
[1.015s] -- Up-to-date: /home/yue/robot/install/piper_msgs/include/piper_msgs/piper_msgs/srv/detail/enable__functions.h
[1.016s] -- Up-to-date: /home/yue/robot/install/piper_msgs/include/piper_msgs/piper_msgs/srv/enable.h
[1.017s] -- Up-to-date: /home/yue/robot/install/piper_msgs/include/piper_msgs/piper_msgs/msg
[1.017s] -- Up-to-date: /home/yue/robot/install/piper_msgs/include/piper_msgs/piper_msgs/msg/detail
[1.018s] -- Up-to-date: /home/yue/robot/install/piper_msgs/include/piper_msgs/piper_msgs/msg/detail/pos_cmd__functions.h
[1.018s] -- Up-to-date: /home/yue/robot/install/piper_msgs/include/piper_msgs/piper_msgs/msg/detail/pos_cmd__type_support.h
[1.018s] -- Up-to-date: /home/yue/robot/install/piper_msgs/include/piper_msgs/piper_msgs/msg/detail/pos_cmd__functions.c
[1.018s] -- Up-to-date: /home/yue/robot/install/piper_msgs/include/piper_msgs/piper_msgs/msg/detail/piper_status_msg__type_support.h
[1.018s] -- Up-to-date: /home/yue/robot/install/piper_msgs/include/piper_msgs/piper_msgs/msg/detail/piper_status_msg__functions.h
[1.018s] -- Up-to-date: /home/yue/robot/install/piper_msgs/include/piper_msgs/piper_msgs/msg/detail/piper_status_msg__struct.h
[1.018s] -- Up-to-date: /home/yue/robot/install/piper_msgs/include/piper_msgs/piper_msgs/msg/detail/piper_status_msg__functions.c
[1.019s] -- Up-to-date: /home/yue/robot/install/piper_msgs/include/piper_msgs/piper_msgs/msg/detail/pos_cmd__struct.h
[1.019s] -- Up-to-date: /home/yue/robot/install/piper_msgs/include/piper_msgs/piper_msgs/msg/rosidl_generator_c__visibility_control.h
[1.019s] -- Up-to-date: /home/yue/robot/install/piper_msgs/include/piper_msgs/piper_msgs/msg/pos_cmd.h
[1.019s] -- Up-to-date: /home/yue/robot/install/piper_msgs/include/piper_msgs/piper_msgs/msg/piper_status_msg.h
[1.020s] -- Up-to-date: /home/yue/robot/install/piper_msgs/share/piper_msgs/environment/library_path.sh
[1.020s] -- Up-to-date: /home/yue/robot/install/piper_msgs/share/piper_msgs/environment/library_path.dsv
[1.021s] -- Up-to-date: /home/yue/robot/install/piper_msgs/lib/libpiper_msgs__rosidl_generator_c.so
[1.021s] -- Up-to-date: /home/yue/robot/install/piper_msgs/include/piper_msgs/piper_msgs
[1.021s] -- Up-to-date: /home/yue/robot/install/piper_msgs/include/piper_msgs/piper_msgs/srv
[1.021s] -- Up-to-date: /home/yue/robot/install/piper_msgs/include/piper_msgs/piper_msgs/srv/detail
[1.021s] -- Up-to-date: /home/yue/robot/install/piper_msgs/include/piper_msgs/piper_msgs/srv/detail/enable__rosidl_typesupport_fastrtps_c.h
[1.022s] -- Up-to-date: /home/yue/robot/install/piper_msgs/include/piper_msgs/piper_msgs/msg
[1.022s] -- Up-to-date: /home/yue/robot/install/piper_msgs/include/piper_msgs/piper_msgs/msg/detail
[1.022s] -- Up-to-date: /home/yue/robot/install/piper_msgs/include/piper_msgs/piper_msgs/msg/detail/piper_status_msg__rosidl_typesupport_fastrtps_c.h
[1.022s] -- Up-to-date: /home/yue/robot/install/piper_msgs/include/piper_msgs/piper_msgs/msg/detail/pos_cmd__rosidl_typesupport_fastrtps_c.h
[1.022s] -- Up-to-date: /home/yue/robot/install/piper_msgs/include/piper_msgs/piper_msgs/msg/rosidl_typesupport_fastrtps_c__visibility_control.h
[1.023s] -- Up-to-date: /home/yue/robot/install/piper_msgs/lib/libpiper_msgs__rosidl_typesupport_fastrtps_c.so
[1.023s] -- Up-to-date: /home/yue/robot/install/piper_msgs/include/piper_msgs/piper_msgs
[1.023s] -- Up-to-date: /home/yue/robot/install/piper_msgs/include/piper_msgs/piper_msgs/srv
[1.024s] -- Up-to-date: /home/yue/robot/install/piper_msgs/include/piper_msgs/piper_msgs/srv/detail
[1.025s] -- Up-to-date: /home/yue/robot/install/piper_msgs/include/piper_msgs/piper_msgs/srv/detail/enable__type_support.c
[1.025s] -- Up-to-date: /home/yue/robot/install/piper_msgs/include/piper_msgs/piper_msgs/srv/detail/enable__rosidl_typesupport_introspection_c.h
[1.025s] -- Up-to-date: /home/yue/robot/install/piper_msgs/include/piper_msgs/piper_msgs/msg
[1.026s] -- Up-to-date: /home/yue/robot/install/piper_msgs/include/piper_msgs/piper_msgs/msg/detail
[1.026s] -- Up-to-date: /home/yue/robot/install/piper_msgs/include/piper_msgs/piper_msgs/msg/detail/piper_status_msg__type_support.c
[1.026s] -- Up-to-date: /home/yue/robot/install/piper_msgs/include/piper_msgs/piper_msgs/msg/detail/pos_cmd__rosidl_typesupport_introspection_c.h
[1.026s] -- Up-to-date: /home/yue/robot/install/piper_msgs/include/piper_msgs/piper_msgs/msg/detail/piper_status_msg__rosidl_typesupport_introspection_c.h
[1.027s] -- Up-to-date: /home/yue/robot/install/piper_msgs/include/piper_msgs/piper_msgs/msg/detail/pos_cmd__type_support.c
[1.027s] -- Up-to-date: /home/yue/robot/install/piper_msgs/include/piper_msgs/piper_msgs/msg/rosidl_typesupport_introspection_c__visibility_control.h
[1.027s] -- Up-to-date: /home/yue/robot/install/piper_msgs/lib/libpiper_msgs__rosidl_typesupport_introspection_c.so
[1.027s] -- Up-to-date: /home/yue/robot/install/piper_msgs/lib/libpiper_msgs__rosidl_typesupport_c.so
[1.027s] -- Up-to-date: /home/yue/robot/install/piper_msgs/include/piper_msgs/piper_msgs
[1.027s] -- Up-to-date: /home/yue/robot/install/piper_msgs/include/piper_msgs/piper_msgs/srv
[1.027s] -- Up-to-date: /home/yue/robot/install/piper_msgs/include/piper_msgs/piper_msgs/srv/detail
[1.027s] -- Up-to-date: /home/yue/robot/install/piper_msgs/include/piper_msgs/piper_msgs/srv/detail/enable__builder.hpp
[1.028s] -- Up-to-date: /home/yue/robot/install/piper_msgs/include/piper_msgs/piper_msgs/srv/detail/enable__struct.hpp
[1.028s] -- Up-to-date: /home/yue/robot/install/piper_msgs/include/piper_msgs/piper_msgs/srv/detail/enable__traits.hpp
[1.028s] -- Up-to-date: /home/yue/robot/install/piper_msgs/include/piper_msgs/piper_msgs/srv/detail/enable__type_support.hpp
[1.028s] -- Up-to-date: /home/yue/robot/install/piper_msgs/include/piper_msgs/piper_msgs/srv/enable.hpp
[1.028s] -- Up-to-date: /home/yue/robot/install/piper_msgs/include/piper_msgs/piper_msgs/msg
[1.028s] -- Up-to-date: /home/yue/robot/install/piper_msgs/include/piper_msgs/piper_msgs/msg/detail
[1.028s] -- Up-to-date: /home/yue/robot/install/piper_msgs/include/piper_msgs/piper_msgs/msg/detail/piper_status_msg__traits.hpp
[1.028s] -- Up-to-date: /home/yue/robot/install/piper_msgs/include/piper_msgs/piper_msgs/msg/detail/pos_cmd__builder.hpp
[1.029s] -- Up-to-date: /home/yue/robot/install/piper_msgs/include/piper_msgs/piper_msgs/msg/detail/piper_status_msg__struct.hpp
[1.029s] -- Up-to-date: /home/yue/robot/install/piper_msgs/include/piper_msgs/piper_msgs/msg/detail/pos_cmd__type_support.hpp
[1.029s] -- Up-to-date: /home/yue/robot/install/piper_msgs/include/piper_msgs/piper_msgs/msg/detail/pos_cmd__struct.hpp
[1.029s] -- Up-to-date: /home/yue/robot/install/piper_msgs/include/piper_msgs/piper_msgs/msg/detail/piper_status_msg__builder.hpp
[1.029s] -- Up-to-date: /home/yue/robot/install/piper_msgs/include/piper_msgs/piper_msgs/msg/detail/piper_status_msg__type_support.hpp
[1.030s] -- Up-to-date: /home/yue/robot/install/piper_msgs/include/piper_msgs/piper_msgs/msg/detail/pos_cmd__traits.hpp
[1.030s] -- Up-to-date: /home/yue/robot/install/piper_msgs/include/piper_msgs/piper_msgs/msg/piper_status_msg.hpp
[1.030s] -- Up-to-date: /home/yue/robot/install/piper_msgs/include/piper_msgs/piper_msgs/msg/rosidl_generator_cpp__visibility_control.hpp
[1.030s] -- Up-to-date: /home/yue/robot/install/piper_msgs/include/piper_msgs/piper_msgs/msg/pos_cmd.hpp
[1.030s] -- Up-to-date: /home/yue/robot/install/piper_msgs/include/piper_msgs/piper_msgs
[1.030s] -- Up-to-date: /home/yue/robot/install/piper_msgs/include/piper_msgs/piper_msgs/srv
[1.031s] -- Up-to-date: /home/yue/robot/install/piper_msgs/include/piper_msgs/piper_msgs/srv/detail
[1.032s] -- Up-to-date: /home/yue/robot/install/piper_msgs/include/piper_msgs/piper_msgs/srv/detail/dds_fastrtps
[1.032s] -- Up-to-date: /home/yue/robot/install/piper_msgs/include/piper_msgs/piper_msgs/srv/detail/enable__rosidl_typesupport_fastrtps_cpp.hpp
[1.032s] -- Up-to-date: /home/yue/robot/install/piper_msgs/include/piper_msgs/piper_msgs/msg
[1.033s] -- Up-to-date: /home/yue/robot/install/piper_msgs/include/piper_msgs/piper_msgs/msg/detail
[1.033s] -- Up-to-date: /home/yue/robot/install/piper_msgs/include/piper_msgs/piper_msgs/msg/detail/piper_status_msg__rosidl_typesupport_fastrtps_cpp.hpp
[1.033s] -- Up-to-date: /home/yue/robot/install/piper_msgs/include/piper_msgs/piper_msgs/msg/detail/pos_cmd__rosidl_typesupport_fastrtps_cpp.hpp
[1.033s] -- Up-to-date: /home/yue/robot/install/piper_msgs/include/piper_msgs/piper_msgs/msg/detail/dds_fastrtps
[1.033s] -- Up-to-date: /home/yue/robot/install/piper_msgs/include/piper_msgs/piper_msgs/msg/rosidl_typesupport_fastrtps_cpp__visibility_control.h
[1.033s] -- Up-to-date: /home/yue/robot/install/piper_msgs/lib/libpiper_msgs__rosidl_typesupport_fastrtps_cpp.so
[1.033s] -- Up-to-date: /home/yue/robot/install/piper_msgs/include/piper_msgs/piper_msgs
[1.034s] -- Up-to-date: /home/yue/robot/install/piper_msgs/include/piper_msgs/piper_msgs/srv
[1.034s] -- Up-to-date: /home/yue/robot/install/piper_msgs/include/piper_msgs/piper_msgs/srv/detail
[1.034s] -- Up-to-date: /home/yue/robot/install/piper_msgs/include/piper_msgs/piper_msgs/srv/detail/enable__type_support.cpp
[1.034s] -- Up-to-date: /home/yue/robot/install/piper_msgs/include/piper_msgs/piper_msgs/srv/detail/enable__rosidl_typesupport_introspection_cpp.hpp
[1.035s] -- Up-to-date: /home/yue/robot/install/piper_msgs/include/piper_msgs/piper_msgs/msg
[1.035s] -- Up-to-date: /home/yue/robot/install/piper_msgs/include/piper_msgs/piper_msgs/msg/detail
[1.035s] -- Up-to-date: /home/yue/robot/install/piper_msgs/include/piper_msgs/piper_msgs/msg/detail/piper_status_msg__rosidl_typesupport_introspection_cpp.hpp
[1.035s] -- Up-to-date: /home/yue/robot/install/piper_msgs/include/piper_msgs/piper_msgs/msg/detail/piper_status_msg__type_support.cpp
[1.036s] -- Up-to-date: /home/yue/robot/install/piper_msgs/include/piper_msgs/piper_msgs/msg/detail/pos_cmd__type_support.cpp
[1.036s] -- Up-to-date: /home/yue/robot/install/piper_msgs/include/piper_msgs/piper_msgs/msg/detail/pos_cmd__rosidl_typesupport_introspection_cpp.hpp
[1.036s] -- Up-to-date: /home/yue/robot/install/piper_msgs/lib/libpiper_msgs__rosidl_typesupport_introspection_cpp.so
[1.036s] -- Up-to-date: /home/yue/robot/install/piper_msgs/lib/libpiper_msgs__rosidl_typesupport_cpp.so
[1.037s] -- Up-to-date: /home/yue/robot/install/piper_msgs/share/piper_msgs/environment/pythonpath.sh
[1.037s] -- Up-to-date: /home/yue/robot/install/piper_msgs/share/piper_msgs/environment/pythonpath.dsv
[1.037s] -- Up-to-date: /home/yue/robot/install/piper_msgs/local/lib/python3.10/dist-packages/piper_msgs-0.0.0-py3.10.egg-info
[1.037s] -- Installing: /home/yue/robot/install/piper_msgs/local/lib/python3.10/dist-packages/piper_msgs-0.0.0-py3.10.egg-info/dependency_links.txt
[1.038s] -- Installing: /home/yue/robot/install/piper_msgs/local/lib/python3.10/dist-packages/piper_msgs-0.0.0-py3.10.egg-info/top_level.txt
[1.039s] -- Installing: /home/yue/robot/install/piper_msgs/local/lib/python3.10/dist-packages/piper_msgs-0.0.0-py3.10.egg-info/PKG-INFO
[1.039s] -- Installing: /home/yue/robot/install/piper_msgs/local/lib/python3.10/dist-packages/piper_msgs-0.0.0-py3.10.egg-info/SOURCES.txt
[1.040s] -- Up-to-date: /home/yue/robot/install/piper_msgs/local/lib/python3.10/dist-packages/piper_msgs
[1.040s] -- Up-to-date: /home/yue/robot/install/piper_msgs/local/lib/python3.10/dist-packages/piper_msgs/libpiper_msgs__rosidl_generator_py.so
[1.040s] -- Up-to-date: /home/yue/robot/install/piper_msgs/local/lib/python3.10/dist-packages/piper_msgs/piper_msgs_s__rosidl_typesupport_c.cpython-310-aarch64-linux-gnu.so
[1.041s] -- Up-to-date: /home/yue/robot/install/piper_msgs/local/lib/python3.10/dist-packages/piper_msgs/srv
[1.041s] -- Up-to-date: /home/yue/robot/install/piper_msgs/local/lib/python3.10/dist-packages/piper_msgs/srv/__init__.py
[1.041s] -- Up-to-date: /home/yue/robot/install/piper_msgs/local/lib/python3.10/dist-packages/piper_msgs/srv/_enable.py
[1.041s] -- Up-to-date: /home/yue/robot/install/piper_msgs/local/lib/python3.10/dist-packages/piper_msgs/srv/_enable_s.c
[1.041s] -- Up-to-date: /home/yue/robot/install/piper_msgs/local/lib/python3.10/dist-packages/piper_msgs/_piper_msgs_s.ep.rosidl_typesupport_fastrtps_c.c
[1.041s] -- Up-to-date: /home/yue/robot/install/piper_msgs/local/lib/python3.10/dist-packages/piper_msgs/__init__.py
[1.042s] -- Up-to-date: /home/yue/robot/install/piper_msgs/local/lib/python3.10/dist-packages/piper_msgs/_piper_msgs_s.ep.rosidl_typesupport_c.c
[1.042s] -- Up-to-date: /home/yue/robot/install/piper_msgs/local/lib/python3.10/dist-packages/piper_msgs/piper_msgs_s__rosidl_typesupport_fastrtps_c.cpython-310-aarch64-linux-gnu.so
[1.042s] -- Up-to-date: /home/yue/robot/install/piper_msgs/local/lib/python3.10/dist-packages/piper_msgs/msg
[1.043s] -- Up-to-date: /home/yue/robot/install/piper_msgs/local/lib/python3.10/dist-packages/piper_msgs/msg/_pos_cmd_s.c
[1.043s] -- Up-to-date: /home/yue/robot/install/piper_msgs/local/lib/python3.10/dist-packages/piper_msgs/msg/__init__.py
[1.043s] -- Up-to-date: /home/yue/robot/install/piper_msgs/local/lib/python3.10/dist-packages/piper_msgs/msg/_piper_status_msg.py
[1.043s] -- Up-to-date: /home/yue/robot/install/piper_msgs/local/lib/python3.10/dist-packages/piper_msgs/msg/_piper_status_msg_s.c
[1.043s] -- Up-to-date: /home/yue/robot/install/piper_msgs/local/lib/python3.10/dist-packages/piper_msgs/msg/_pos_cmd.py
[1.043s] -- Up-to-date: /home/yue/robot/install/piper_msgs/local/lib/python3.10/dist-packages/piper_msgs/_piper_msgs_s.ep.rosidl_typesupport_introspection_c.c
[1.043s] -- Up-to-date: /home/yue/robot/install/piper_msgs/local/lib/python3.10/dist-packages/piper_msgs/piper_msgs_s__rosidl_typesupport_introspection_c.cpython-310-aarch64-linux-gnu.so
[1.101s] Listing '/home/yue/robot/install/piper_msgs/local/lib/python3.10/dist-packages/piper_msgs'...
[1.103s] Listing '/home/yue/robot/install/piper_msgs/local/lib/python3.10/dist-packages/piper_msgs/msg'...
[1.103s] Listing '/home/yue/robot/install/piper_msgs/local/lib/python3.10/dist-packages/piper_msgs/srv'...
[1.114s] -- Up-to-date: /home/yue/robot/install/piper_msgs/local/lib/python3.10/dist-packages/piper_msgs/piper_msgs_s__rosidl_typesupport_fastrtps_c.cpython-310-aarch64-linux-gnu.so
[1.114s] -- Up-to-date: /home/yue/robot/install/piper_msgs/local/lib/python3.10/dist-packages/piper_msgs/piper_msgs_s__rosidl_typesupport_introspection_c.cpython-310-aarch64-linux-gnu.so
[1.114s] -- Up-to-date: /home/yue/robot/install/piper_msgs/local/lib/python3.10/dist-packages/piper_msgs/piper_msgs_s__rosidl_typesupport_c.cpython-310-aarch64-linux-gnu.so
[1.115s] -- Up-to-date: /home/yue/robot/install/piper_msgs/lib/libpiper_msgs__rosidl_generator_py.so
[1.116s] -- Up-to-date: /home/yue/robot/install/piper_msgs/share/piper_msgs/msg/PiperStatusMsg.idl
[1.116s] -- Up-to-date: /home/yue/robot/install/piper_msgs/share/piper_msgs/msg/PosCmd.idl
[1.116s] -- Up-to-date: /home/yue/robot/install/piper_msgs/share/piper_msgs/srv/Enable.idl
[1.117s] -- Up-to-date: /home/yue/robot/install/piper_msgs/share/piper_msgs/msg/PiperStatusMsg.msg
[1.117s] -- Up-to-date: /home/yue/robot/install/piper_msgs/share/piper_msgs/msg/PosCmd.msg
[1.117s] -- Up-to-date: /home/yue/robot/install/piper_msgs/share/piper_msgs/srv/Enable.srv
[1.117s] -- Up-to-date: /home/yue/robot/install/piper_msgs/share/piper_msgs/srv/Enable_Request.msg
[1.117s] -- Up-to-date: /home/yue/robot/install/piper_msgs/share/piper_msgs/srv/Enable_Response.msg
[1.118s] -- Up-to-date: /home/yue/robot/install/piper_msgs/share/ament_index/resource_index/package_run_dependencies/piper_msgs
[1.118s] -- Up-to-date: /home/yue/robot/install/piper_msgs/share/ament_index/resource_index/parent_prefix_path/piper_msgs
[1.118s] -- Up-to-date: /home/yue/robot/install/piper_msgs/share/piper_msgs/environment/ament_prefix_path.sh
[1.118s] -- Up-to-date: /home/yue/robot/install/piper_msgs/share/piper_msgs/environment/ament_prefix_path.dsv
[1.118s] -- Up-to-date: /home/yue/robot/install/piper_msgs/share/piper_msgs/environment/path.sh
[1.119s] -- Up-to-date: /home/yue/robot/install/piper_msgs/share/piper_msgs/environment/path.dsv
[1.119s] -- Up-to-date: /home/yue/robot/install/piper_msgs/share/piper_msgs/local_setup.bash
[1.119s] -- Up-to-date: /home/yue/robot/install/piper_msgs/share/piper_msgs/local_setup.sh
[1.119s] -- Up-to-date: /home/yue/robot/install/piper_msgs/share/piper_msgs/local_setup.zsh
[1.120s] -- Up-to-date: /home/yue/robot/install/piper_msgs/share/piper_msgs/local_setup.dsv
[1.120s] -- Installing: /home/yue/robot/install/piper_msgs/share/piper_msgs/package.dsv
[1.120s] -- Up-to-date: /home/yue/robot/install/piper_msgs/share/ament_index/resource_index/packages/piper_msgs
[1.121s] -- Up-to-date: /home/yue/robot/install/piper_msgs/share/piper_msgs/cmake/export_piper_msgs__rosidl_generator_cExport.cmake
[1.121s] -- Up-to-date: /home/yue/robot/install/piper_msgs/share/piper_msgs/cmake/export_piper_msgs__rosidl_generator_cExport-noconfig.cmake
[1.122s] -- Up-to-date: /home/yue/robot/install/piper_msgs/share/piper_msgs/cmake/export_piper_msgs__rosidl_typesupport_fastrtps_cExport.cmake
[1.122s] -- Up-to-date: /home/yue/robot/install/piper_msgs/share/piper_msgs/cmake/export_piper_msgs__rosidl_typesupport_fastrtps_cExport-noconfig.cmake
[1.122s] -- Up-to-date: /home/yue/robot/install/piper_msgs/share/piper_msgs/cmake/piper_msgs__rosidl_typesupport_introspection_cExport.cmake
[1.122s] -- Up-to-date: /home/yue/robot/install/piper_msgs/share/piper_msgs/cmake/piper_msgs__rosidl_typesupport_introspection_cExport-noconfig.cmake
[1.122s] -- Up-to-date: /home/yue/robot/install/piper_msgs/share/piper_msgs/cmake/piper_msgs__rosidl_typesupport_cExport.cmake
[1.123s] -- Up-to-date: /home/yue/robot/install/piper_msgs/share/piper_msgs/cmake/piper_msgs__rosidl_typesupport_cExport-noconfig.cmake
[1.123s] -- Up-to-date: /home/yue/robot/install/piper_msgs/share/piper_msgs/cmake/export_piper_msgs__rosidl_generator_cppExport.cmake
[1.123s] -- Up-to-date: /home/yue/robot/install/piper_msgs/share/piper_msgs/cmake/export_piper_msgs__rosidl_typesupport_fastrtps_cppExport.cmake
[1.123s] -- Up-to-date: /home/yue/robot/install/piper_msgs/share/piper_msgs/cmake/export_piper_msgs__rosidl_typesupport_fastrtps_cppExport-noconfig.cmake
[1.123s] -- Up-to-date: /home/yue/robot/install/piper_msgs/share/piper_msgs/cmake/piper_msgs__rosidl_typesupport_introspection_cppExport.cmake
[1.124s] -- Up-to-date: /home/yue/robot/install/piper_msgs/share/piper_msgs/cmake/piper_msgs__rosidl_typesupport_introspection_cppExport-noconfig.cmake
[1.124s] -- Up-to-date: /home/yue/robot/install/piper_msgs/share/piper_msgs/cmake/piper_msgs__rosidl_typesupport_cppExport.cmake
[1.124s] -- Up-to-date: /home/yue/robot/install/piper_msgs/share/piper_msgs/cmake/piper_msgs__rosidl_typesupport_cppExport-noconfig.cmake
[1.124s] -- Up-to-date: /home/yue/robot/install/piper_msgs/share/piper_msgs/cmake/export_piper_msgs__rosidl_generator_pyExport.cmake
[1.124s] -- Up-to-date: /home/yue/robot/install/piper_msgs/share/piper_msgs/cmake/export_piper_msgs__rosidl_generator_pyExport-noconfig.cmake
[1.125s] -- Up-to-date: /home/yue/robot/install/piper_msgs/share/piper_msgs/cmake/rosidl_cmake-extras.cmake
[1.125s] -- Up-to-date: /home/yue/robot/install/piper_msgs/share/piper_msgs/cmake/ament_cmake_export_include_directories-extras.cmake
[1.125s] -- Up-to-date: /home/yue/robot/install/piper_msgs/share/piper_msgs/cmake/ament_cmake_export_libraries-extras.cmake
[1.125s] -- Up-to-date: /home/yue/robot/install/piper_msgs/share/piper_msgs/cmake/ament_cmake_export_targets-extras.cmake
[1.125s] -- Up-to-date: /home/yue/robot/install/piper_msgs/share/piper_msgs/cmake/rosidl_cmake_export_typesupport_targets-extras.cmake
[1.126s] -- Up-to-date: /home/yue/robot/install/piper_msgs/share/piper_msgs/cmake/ament_cmake_export_dependencies-extras.cmake
[1.126s] -- Up-to-date: /home/yue/robot/install/piper_msgs/share/piper_msgs/cmake/rosidl_cmake_export_typesupport_libraries-extras.cmake
[1.126s] -- Up-to-date: /home/yue/robot/install/piper_msgs/share/piper_msgs/cmake/piper_msgsConfig.cmake
[1.127s] -- Up-to-date: /home/yue/robot/install/piper_msgs/share/piper_msgs/cmake/piper_msgsConfig-version.cmake
[1.127s] -- Up-to-date: /home/yue/robot/install/piper_msgs/share/piper_msgs/package.xml
[1.129s] Invoked command in '/home/yue/robot/build/piper_msgs' returned '0': CMAKE_PREFIX_PATH=${CMAKE_PREFIX_PATH}:/home/yue/robot/install/piper_handpose_controller:/home/yue/robot/install/piper:/opt/ros/humble /usr/bin/cmake --install /home/yue/robot/build/piper_msgs
