[1.545s] Invoking command in '/home/yue/robot/src/handpose_visualizer': PYTHONPATH=/home/yue/robot/build/handpose_visualizer/prefix_override:/usr/lib/python3/dist-packages/colcon_core/task/python/colcon_distutils_commands:/home/yue/robot/install/handpose_visualizer/lib/python3.10/site-packages:${PYTHONPATH} /usr/bin/python3 -W ignore:setup.py install is deprecated -W ignore:easy_install command is deprecated setup.py egg_info --egg-base ../../build/handpose_visualizer build --build-base /home/yue/robot/build/handpose_visualizer/build install --record /home/yue/robot/build/handpose_visualizer/install.log --single-version-externally-managed
[2.230s] running egg_info
[2.232s] writing ../../build/handpose_visualizer/handpose_visualizer.egg-info/PKG-INFO
[2.234s] writing dependency_links to ../../build/handpose_visualizer/handpose_visualizer.egg-info/dependency_links.txt
[2.234s] writing entry points to ../../build/handpose_visualizer/handpose_visualizer.egg-info/entry_points.txt
[2.234s] writing requirements to ../../build/handpose_visualizer/handpose_visualizer.egg-info/requires.txt
[2.234s] writing top-level names to ../../build/handpose_visualizer/handpose_visualizer.egg-info/top_level.txt
[2.238s] reading manifest file '../../build/handpose_visualizer/handpose_visualizer.egg-info/SOURCES.txt'
[2.241s] writing manifest file '../../build/handpose_visualizer/handpose_visualizer.egg-info/SOURCES.txt'
[2.241s] running build
[2.241s] running build_py
[2.241s] running install
[2.242s] running install_lib
[2.251s] running install_egg_info
[2.251s] removing '/home/yue/robot/install/handpose_visualizer/lib/python3.10/site-packages/handpose_visualizer-0.1.0-py3.10.egg-info' (and everything under it)
[2.252s] Copying ../../build/handpose_visualizer/handpose_visualizer.egg-info to /home/yue/robot/install/handpose_visualizer/lib/python3.10/site-packages/handpose_visualizer-0.1.0-py3.10.egg-info
[2.255s] running install_scripts
[2.338s] Installing handpose_visualizer script to /home/yue/robot/install/handpose_visualizer/bin
[2.341s] writing list of installed files to '/home/yue/robot/build/handpose_visualizer/install.log'
[2.785s] Invoked command in '/home/yue/robot/src/handpose_visualizer' returned '0': PYTHONPATH=/home/yue/robot/build/handpose_visualizer/prefix_override:/usr/lib/python3/dist-packages/colcon_core/task/python/colcon_distutils_commands:/home/yue/robot/install/handpose_visualizer/lib/python3.10/site-packages:${PYTHONPATH} /usr/bin/python3 -W ignore:setup.py install is deprecated -W ignore:easy_install command is deprecated setup.py egg_info --egg-base ../../build/handpose_visualizer build --build-base /home/yue/robot/build/handpose_visualizer/build install --record /home/yue/robot/build/handpose_visualizer/install.log --single-version-externally-managed
