[35m[1mConsolidate compiler generated dependencies of target handpose_publisher__rosidl_generator_c[0m
[  3%] Built target handpose_publisher__cpp
[  3%] Built target ament_cmake_python_copy_handpose_publisher
[ 12%] Built target handpose_publisher__rosidl_generator_c
[35m[1mConsolidate compiler generated dependencies of target handpose_publisher__rosidl_typesupport_introspection_cpp[0m
[ 21%] Built target handpose_publisher__rosidl_typesupport_introspection_cpp
[35m[1mConsolidate compiler generated dependencies of target handpose_publisher__rosidl_typesupport_c[0m
[ 30%] Built target handpose_publisher__rosidl_typesupport_c
running egg_info
writing handpose_publisher.egg-info/PKG-INFO
writing dependency_links to handpose_publisher.egg-info/dependency_links.txt
writing top-level names to handpose_publisher.egg-info/top_level.txt
reading manifest file 'handpose_publisher.egg-info/SOURCES.txt'
writing manifest file 'handpose_publisher.egg-info/SOURCES.txt'
[ 30%] Built target ament_cmake_python_build_handpose_publisher_egg
[35m[1mConsolidate compiler generated dependencies of target handpose_publisher__rosidl_typesupport_introspection_c[0m
[ 39%] Built target handpose_publisher__rosidl_typesupport_introspection_c
[35m[1mConsolidate compiler generated dependencies of target handpose_publisher__rosidl_typesupport_fastrtps_c[0m
[ 48%] Built target handpose_publisher__rosidl_typesupport_fastrtps_c
[35m[1mConsolidate compiler generated dependencies of target handpose_publisher__rosidl_typesupport_fastrtps_cpp[0m
[ 57%] Built target handpose_publisher__rosidl_typesupport_fastrtps_cpp
[35m[1mConsolidate compiler generated dependencies of target handpose_publisher__rosidl_typesupport_cpp[0m
[ 66%] Built target handpose_publisher__rosidl_typesupport_cpp
[ 66%] Built target handpose_publisher
[35m[1mConsolidate compiler generated dependencies of target leap_handpose_publisher[0m
[ 72%] Built target leap_handpose_publisher
