[0.927s] DEBUG:colcon:Command line arguments: ['/usr/bin/colcon', 'build']
[0.928s] DEBUG:colcon:Parsed command line arguments: Namespace(log_base=None, log_level=None, verb_name='build', build_base='build', install_base='install', merge_install=False, symlink_install=False, test_result_base=None, continue_on_error=False, executor='parallel', parallel_workers=6, event_handlers=None, ignore_user_meta=False, metas=['./colcon.meta'], base_paths=['.'], packages_ignore=None, packages_ignore_regex=None, paths=None, packages_up_to=None, packages_up_to_regex=None, packages_above=None, packages_above_and_dependencies=None, packages_above_depth=None, packages_select_by_dep=None, packages_skip_by_dep=None, packages_skip_up_to=None, packages_select_build_failed=False, packages_skip_build_finished=False, packages_select_test_failures=False, packages_skip_test_passed=False, packages_select=None, packages_skip=None, packages_select_regex=None, packages_skip_regex=None, packages_start=None, packages_end=None, allow_overriding=[], cmake_args=None, cmake_target=None, cmake_target_skip_unavailable=False, cmake_clean_cache=False, cmake_clean_first=False, cmake_force_configure=False, ament_cmake_args=None, catkin_cmake_args=None, catkin_skip_building_tests=False, verb_parser=<colcon_defaults.argument_parser.defaults.DefaultArgumentsDecorator object at 0xffff87c70ac0>, verb_extension=<colcon_core.verb.build.BuildVerb object at 0xffff87c705b0>, main=<bound method BuildVerb.main of <colcon_core.verb.build.BuildVerb object at 0xffff87c705b0>>)
[2.022s] Level 1:colcon.colcon_core.package_discovery:discover_packages(colcon_meta) check parameters
[2.023s] Level 1:colcon.colcon_core.package_discovery:discover_packages(recursive) check parameters
[2.023s] Level 1:colcon.colcon_core.package_discovery:discover_packages(ignore) check parameters
[2.023s] Level 1:colcon.colcon_core.package_discovery:discover_packages(path) check parameters
[2.023s] Level 1:colcon.colcon_core.package_discovery:discover_packages(colcon_meta) discover
[2.023s] Level 1:colcon.colcon_core.package_discovery:discover_packages(recursive) discover
[2.024s] INFO:colcon.colcon_core.package_discovery:Crawling recursively for packages in '/home/yue/robot'
[2.024s] Level 1:colcon.colcon_core.package_identification:_identify(.) by extensions ['ignore', 'ignore_ament_install']
[2.024s] Level 1:colcon.colcon_core.package_identification:_identify(.) by extension 'ignore'
[2.024s] Level 1:colcon.colcon_core.package_identification:_identify(.) by extension 'ignore_ament_install'
[2.025s] Level 1:colcon.colcon_core.package_identification:_identify(.) by extensions ['colcon_pkg']
[2.025s] Level 1:colcon.colcon_core.package_identification:_identify(.) by extension 'colcon_pkg'
[2.025s] Level 1:colcon.colcon_core.package_identification:_identify(.) by extensions ['colcon_meta']
[2.025s] Level 1:colcon.colcon_core.package_identification:_identify(.) by extension 'colcon_meta'
[2.025s] Level 1:colcon.colcon_core.package_identification:_identify(.) by extensions ['ros']
[2.025s] Level 1:colcon.colcon_core.package_identification:_identify(.) by extension 'ros'
[2.139s] Level 1:colcon.colcon_core.package_identification:_identify(.) by extensions ['cmake', 'python']
[2.139s] Level 1:colcon.colcon_core.package_identification:_identify(.) by extension 'cmake'
[2.140s] Level 1:colcon.colcon_core.package_identification:_identify(.) by extension 'python'
[2.140s] Level 1:colcon.colcon_core.package_identification:_identify(.) by extensions ['python_setup_py']
[2.140s] Level 1:colcon.colcon_core.package_identification:_identify(.) by extension 'python_setup_py'
[2.141s] Level 1:colcon.colcon_core.package_identification:_identify(build) by extensions ['ignore', 'ignore_ament_install']
[2.142s] Level 1:colcon.colcon_core.package_identification:_identify(build) by extension 'ignore'
[2.142s] Level 1:colcon.colcon_core.package_identification:_identify(build) ignored
[2.142s] Level 1:colcon.colcon_core.package_identification:_identify(install) by extensions ['ignore', 'ignore_ament_install']
[2.142s] Level 1:colcon.colcon_core.package_identification:_identify(install) by extension 'ignore'
[2.142s] Level 1:colcon.colcon_core.package_identification:_identify(install) ignored
[2.143s] Level 1:colcon.colcon_core.package_identification:_identify(log) by extensions ['ignore', 'ignore_ament_install']
[2.143s] Level 1:colcon.colcon_core.package_identification:_identify(log) by extension 'ignore'
[2.143s] Level 1:colcon.colcon_core.package_identification:_identify(log) ignored
[2.144s] Level 1:colcon.colcon_core.package_identification:_identify(src) by extensions ['ignore', 'ignore_ament_install']
[2.145s] Level 1:colcon.colcon_core.package_identification:_identify(src) by extension 'ignore'
[2.145s] Level 1:colcon.colcon_core.package_identification:_identify(src) by extension 'ignore_ament_install'
[2.145s] Level 1:colcon.colcon_core.package_identification:_identify(src) by extensions ['colcon_pkg']
[2.145s] Level 1:colcon.colcon_core.package_identification:_identify(src) by extension 'colcon_pkg'
[2.145s] Level 1:colcon.colcon_core.package_identification:_identify(src) by extensions ['colcon_meta']
[2.145s] Level 1:colcon.colcon_core.package_identification:_identify(src) by extension 'colcon_meta'
[2.145s] Level 1:colcon.colcon_core.package_identification:_identify(src) by extensions ['ros']
[2.145s] Level 1:colcon.colcon_core.package_identification:_identify(src) by extension 'ros'
[2.145s] Level 1:colcon.colcon_core.package_identification:_identify(src) by extensions ['cmake', 'python']
[2.145s] Level 1:colcon.colcon_core.package_identification:_identify(src) by extension 'cmake'
[2.146s] Level 1:colcon.colcon_core.package_identification:_identify(src) by extension 'python'
[2.146s] Level 1:colcon.colcon_core.package_identification:_identify(src) by extensions ['python_setup_py']
[2.146s] Level 1:colcon.colcon_core.package_identification:_identify(src) by extension 'python_setup_py'
[2.149s] Level 1:colcon.colcon_core.package_identification:_identify(src/handpose_publisher) by extensions ['ignore', 'ignore_ament_install']
[2.149s] Level 1:colcon.colcon_core.package_identification:_identify(src/handpose_publisher) by extension 'ignore'
[2.149s] Level 1:colcon.colcon_core.package_identification:_identify(src/handpose_publisher) by extension 'ignore_ament_install'
[2.150s] Level 1:colcon.colcon_core.package_identification:_identify(src/handpose_publisher) by extensions ['colcon_pkg']
[2.150s] Level 1:colcon.colcon_core.package_identification:_identify(src/handpose_publisher) by extension 'colcon_pkg'
[2.150s] Level 1:colcon.colcon_core.package_identification:_identify(src/handpose_publisher) by extensions ['colcon_meta']
[2.150s] Level 1:colcon.colcon_core.package_identification:_identify(src/handpose_publisher) by extension 'colcon_meta'
[2.150s] Level 1:colcon.colcon_core.package_identification:_identify(src/handpose_publisher) by extensions ['ros']
[2.150s] Level 1:colcon.colcon_core.package_identification:_identify(src/handpose_publisher) by extension 'ros'
[2.212s] DEBUG:colcon.colcon_core.package_identification:Package 'src/handpose_publisher' with type 'ros.ament_cmake' and name 'handpose_publisher'
[2.220s] Level 1:colcon.colcon_core.package_identification:_identify(src/handpose_visualizer) by extensions ['ignore', 'ignore_ament_install']
[2.221s] Level 1:colcon.colcon_core.package_identification:_identify(src/handpose_visualizer) by extension 'ignore'
[2.221s] Level 1:colcon.colcon_core.package_identification:_identify(src/handpose_visualizer) by extension 'ignore_ament_install'
[2.221s] Level 1:colcon.colcon_core.package_identification:_identify(src/handpose_visualizer) by extensions ['colcon_pkg']
[2.221s] Level 1:colcon.colcon_core.package_identification:_identify(src/handpose_visualizer) by extension 'colcon_pkg'
[2.221s] Level 1:colcon.colcon_core.package_identification:_identify(src/handpose_visualizer) by extensions ['colcon_meta']
[2.221s] Level 1:colcon.colcon_core.package_identification:_identify(src/handpose_visualizer) by extension 'colcon_meta'
[2.221s] Level 1:colcon.colcon_core.package_identification:_identify(src/handpose_visualizer) by extensions ['ros']
[2.221s] Level 1:colcon.colcon_core.package_identification:_identify(src/handpose_visualizer) by extension 'ros'
[2.229s] DEBUG:colcon.colcon_core.package_identification:Failed to parse potential ROS package manifest in'src/handpose_visualizer': Error(s) in package 'src/handpose_visualizer/package.xml':
The manifest contains invalid XML:
no element found: line 1, column 0
[2.230s] Level 1:colcon.colcon_core.package_identification:_identify(src/handpose_visualizer) by extensions ['cmake', 'python']
[2.230s] Level 1:colcon.colcon_core.package_identification:_identify(src/handpose_visualizer) by extension 'cmake'
[2.230s] Level 1:colcon.colcon_core.package_identification:_identify(src/handpose_visualizer) by extension 'python'
[2.236s] DEBUG:colcon.colcon_core.package_identification:Python package in 'src/handpose_visualizer' passes arguments to the setup() function which requires a different identification extension than 'python'
[2.236s] Level 1:colcon.colcon_core.package_identification:_identify(src/handpose_visualizer) by extensions ['python_setup_py']
[2.236s] Level 1:colcon.colcon_core.package_identification:_identify(src/handpose_visualizer) by extension 'python_setup_py'
[4.414s] DEBUG:colcon.colcon_core.package_identification:Package 'src/handpose_visualizer' with type 'python' and name 'handpose_visualizer'
[4.415s] Level 1:colcon.colcon_core.package_discovery:discover_packages(recursive) using defaults
[4.415s] Level 1:colcon.colcon_core.package_discovery:discover_packages(ignore) discover
[4.415s] Level 1:colcon.colcon_core.package_discovery:discover_packages(ignore) using defaults
[4.415s] Level 1:colcon.colcon_core.package_discovery:discover_packages(path) discover
[4.415s] Level 1:colcon.colcon_core.package_discovery:discover_packages(path) using defaults
[4.524s] Level 1:colcon.colcon_core.package_discovery:discover_packages(prefix_path) check parameters
[4.525s] Level 1:colcon.colcon_core.package_discovery:discover_packages(prefix_path) discover
[4.533s] DEBUG:colcon.colcon_installed_package_information.package_discovery:Found 2 installed packages in /home/yue/robot/install
[4.542s] DEBUG:colcon.colcon_installed_package_information.package_discovery:Found 271 installed packages in /opt/ros/humble
[4.557s] Level 1:colcon.colcon_core.package_discovery:discover_packages(prefix_path) using defaults
[4.939s] Level 5:colcon.colcon_core.verb:set package 'handpose_publisher' build argument 'cmake_args' from command line to 'None'
[4.940s] Level 5:colcon.colcon_core.verb:set package 'handpose_publisher' build argument 'cmake_target' from command line to 'None'
[4.941s] Level 5:colcon.colcon_core.verb:set package 'handpose_publisher' build argument 'cmake_target_skip_unavailable' from command line to 'False'
[4.942s] Level 5:colcon.colcon_core.verb:set package 'handpose_publisher' build argument 'cmake_clean_cache' from command line to 'False'
[4.942s] Level 5:colcon.colcon_core.verb:set package 'handpose_publisher' build argument 'cmake_clean_first' from command line to 'False'
[4.945s] Level 5:colcon.colcon_core.verb:set package 'handpose_publisher' build argument 'cmake_force_configure' from command line to 'False'
[4.946s] Level 5:colcon.colcon_core.verb:set package 'handpose_publisher' build argument 'ament_cmake_args' from command line to 'None'
[4.946s] Level 5:colcon.colcon_core.verb:set package 'handpose_publisher' build argument 'catkin_cmake_args' from command line to 'None'
[4.946s] Level 5:colcon.colcon_core.verb:set package 'handpose_publisher' build argument 'catkin_skip_building_tests' from command line to 'False'
[4.946s] DEBUG:colcon.colcon_core.verb:Building package 'handpose_publisher' with the following arguments: {'ament_cmake_args': None, 'build_base': '/home/yue/robot/build/handpose_publisher', 'catkin_cmake_args': None, 'catkin_skip_building_tests': False, 'cmake_args': None, 'cmake_clean_cache': False, 'cmake_clean_first': False, 'cmake_force_configure': False, 'cmake_target': None, 'cmake_target_skip_unavailable': False, 'install_base': '/home/yue/robot/install/handpose_publisher', 'merge_install': False, 'path': '/home/yue/robot/src/handpose_publisher', 'symlink_install': False, 'test_result_base': None}
[4.954s] Level 5:colcon.colcon_core.verb:set package 'handpose_visualizer' build argument 'cmake_args' from command line to 'None'
[4.955s] Level 5:colcon.colcon_core.verb:set package 'handpose_visualizer' build argument 'cmake_target' from command line to 'None'
[4.955s] Level 5:colcon.colcon_core.verb:set package 'handpose_visualizer' build argument 'cmake_target_skip_unavailable' from command line to 'False'
[4.955s] Level 5:colcon.colcon_core.verb:set package 'handpose_visualizer' build argument 'cmake_clean_cache' from command line to 'False'
[4.955s] Level 5:colcon.colcon_core.verb:set package 'handpose_visualizer' build argument 'cmake_clean_first' from command line to 'False'
[4.955s] Level 5:colcon.colcon_core.verb:set package 'handpose_visualizer' build argument 'cmake_force_configure' from command line to 'False'
[4.955s] Level 5:colcon.colcon_core.verb:set package 'handpose_visualizer' build argument 'ament_cmake_args' from command line to 'None'
[4.955s] Level 5:colcon.colcon_core.verb:set package 'handpose_visualizer' build argument 'catkin_cmake_args' from command line to 'None'
[4.955s] Level 5:colcon.colcon_core.verb:set package 'handpose_visualizer' build argument 'catkin_skip_building_tests' from command line to 'False'
[4.955s] DEBUG:colcon.colcon_core.verb:Building package 'handpose_visualizer' with the following arguments: {'ament_cmake_args': None, 'build_base': '/home/yue/robot/build/handpose_visualizer', 'catkin_cmake_args': None, 'catkin_skip_building_tests': False, 'cmake_args': None, 'cmake_clean_cache': False, 'cmake_clean_first': False, 'cmake_force_configure': False, 'cmake_target': None, 'cmake_target_skip_unavailable': False, 'install_base': '/home/yue/robot/install/handpose_visualizer', 'merge_install': False, 'path': '/home/yue/robot/src/handpose_visualizer', 'symlink_install': False, 'test_result_base': None}
[4.955s] INFO:colcon.colcon_core.executor:Executing jobs using 'parallel' executor
[4.964s] DEBUG:colcon.colcon_parallel_executor.executor.parallel:run_until_complete
[4.967s] INFO:colcon.colcon_ros.task.ament_cmake.build:Building ROS package in '/home/yue/robot/src/handpose_publisher' with build type 'ament_cmake'
[4.969s] INFO:colcon.colcon_cmake.task.cmake.build:Building CMake package in '/home/yue/robot/src/handpose_publisher'
[5.055s] INFO:colcon.colcon_core.plugin_system:Skipping extension 'colcon_core.shell.bat': Not used on non-Windows systems
[5.055s] INFO:colcon.colcon_core.shell:Skip shell extension 'powershell' for command environment: Not usable outside of PowerShell
[5.056s] DEBUG:colcon.colcon_core.shell:Skip shell extension 'dsv' for command environment
[5.228s] INFO:colcon.colcon_core.task.python.build:Building Python package in '/home/yue/robot/src/handpose_visualizer'
[5.230s] INFO:colcon.colcon_core.shell:Skip shell extension 'powershell' for command environment: Not usable outside of PowerShell
[5.230s] DEBUG:colcon.colcon_core.shell:Skip shell extension 'dsv' for command environment
[5.327s] DEBUG:colcon.colcon_core.event_handler.log_command:Invoking command in '/home/yue/robot/build/handpose_publisher': CMAKE_PREFIX_PATH=${CMAKE_PREFIX_PATH}:/opt/ros/humble /usr/bin/cmake --build /home/yue/robot/build/handpose_publisher -- -j6 -l6
[60.885s] DEBUG:colcon.colcon_core.event_handler.log_command:Invoking command in '/home/yue/robot/src/handpose_visualizer': PYTHONPATH=/home/yue/robot/build/handpose_visualizer/prefix_override:/usr/lib/python3/dist-packages/colcon_core/task/python/colcon_distutils_commands:/home/yue/robot/install/handpose_visualizer/lib/python3.10/site-packages:${PYTHONPATH} /usr/bin/python3 -W ignore:setup.py install is deprecated -W ignore:easy_install command is deprecated setup.py egg_info --egg-base ../../build/handpose_visualizer build --build-base /home/yue/robot/build/handpose_visualizer/build install --record /home/yue/robot/build/handpose_visualizer/install.log --single-version-externally-managed
[67.855s] DEBUG:colcon.colcon_core.event_handler.log_command:Invoked command in '/home/yue/robot/src/handpose_visualizer' returned '0': PYTHONPATH=/home/yue/robot/build/handpose_visualizer/prefix_override:/usr/lib/python3/dist-packages/colcon_core/task/python/colcon_distutils_commands:/home/yue/robot/install/handpose_visualizer/lib/python3.10/site-packages:${PYTHONPATH} /usr/bin/python3 -W ignore:setup.py install is deprecated -W ignore:easy_install command is deprecated setup.py egg_info --egg-base ../../build/handpose_visualizer build --build-base /home/yue/robot/build/handpose_visualizer/build install --record /home/yue/robot/build/handpose_visualizer/install.log --single-version-externally-managed
[68.067s] Level 1:colcon.colcon_core.environment:checking '/home/yue/robot/install/handpose_visualizer' for CMake module files
[68.124s] Level 1:colcon.colcon_core.environment:checking '/home/yue/robot/install/handpose_visualizer' for CMake config files
[68.153s] Level 1:colcon.colcon_core.environment:checking '/home/yue/robot/install/handpose_visualizer/lib'
[68.155s] Level 1:colcon.colcon_core.environment:checking '/home/yue/robot/install/handpose_visualizer/bin'
[68.157s] Level 1:colcon.colcon_core.shell:create_environment_hook('handpose_visualizer', 'path')
[68.177s] INFO:colcon.colcon_core.shell:Creating environment hook '/home/yue/robot/install/handpose_visualizer/share/handpose_visualizer/hook/path.ps1'
[68.202s] INFO:colcon.colcon_core.shell:Creating environment descriptor '/home/yue/robot/install/handpose_visualizer/share/handpose_visualizer/hook/path.dsv'
[68.232s] INFO:colcon.colcon_core.shell:Creating environment hook '/home/yue/robot/install/handpose_visualizer/share/handpose_visualizer/hook/path.sh'
[68.289s] Level 1:colcon.colcon_core.environment:checking '/home/yue/robot/install/handpose_visualizer/lib/pkgconfig/handpose_visualizer.pc'
[68.340s] Level 1:colcon.colcon_core.environment:checking '/home/yue/robot/install/handpose_visualizer/lib/python3.10/site-packages'
[68.354s] Level 1:colcon.colcon_core.shell:create_environment_hook('handpose_visualizer', 'pythonpath')
[68.358s] INFO:colcon.colcon_core.shell:Creating environment hook '/home/yue/robot/install/handpose_visualizer/share/handpose_visualizer/hook/pythonpath.ps1'
[68.471s] INFO:colcon.colcon_core.shell:Creating environment descriptor '/home/yue/robot/install/handpose_visualizer/share/handpose_visualizer/hook/pythonpath.dsv'
[68.474s] INFO:colcon.colcon_core.shell:Creating environment hook '/home/yue/robot/install/handpose_visualizer/share/handpose_visualizer/hook/pythonpath.sh'
[68.476s] Level 1:colcon.colcon_core.environment:checking '/home/yue/robot/install/handpose_visualizer/bin'
[68.481s] Level 1:colcon.colcon_core.shell:create_environment_hook('handpose_visualizer', 'pythonscriptspath')
[68.482s] INFO:colcon.colcon_core.shell:Creating environment hook '/home/yue/robot/install/handpose_visualizer/share/handpose_visualizer/hook/pythonscriptspath.ps1'
[68.498s] INFO:colcon.colcon_core.shell:Creating environment descriptor '/home/yue/robot/install/handpose_visualizer/share/handpose_visualizer/hook/pythonscriptspath.dsv'
[68.501s] INFO:colcon.colcon_core.shell:Creating environment hook '/home/yue/robot/install/handpose_visualizer/share/handpose_visualizer/hook/pythonscriptspath.sh'
[68.513s] Level 1:colcon.colcon_core.environment:create_environment_scripts_only(handpose_visualizer)
[68.515s] INFO:colcon.colcon_core.shell:Creating package script '/home/yue/robot/install/handpose_visualizer/share/handpose_visualizer/package.ps1'
[68.573s] INFO:colcon.colcon_core.shell:Creating package descriptor '/home/yue/robot/install/handpose_visualizer/share/handpose_visualizer/package.dsv'
[68.592s] INFO:colcon.colcon_core.shell:Creating package script '/home/yue/robot/install/handpose_visualizer/share/handpose_visualizer/package.sh'
[68.603s] INFO:colcon.colcon_core.shell:Creating package script '/home/yue/robot/install/handpose_visualizer/share/handpose_visualizer/package.bash'
[68.614s] INFO:colcon.colcon_core.shell:Creating package script '/home/yue/robot/install/handpose_visualizer/share/handpose_visualizer/package.zsh'
[68.622s] Level 1:colcon.colcon_core.environment:create_file_with_runtime_dependencies(/home/yue/robot/install/handpose_visualizer/share/colcon-core/packages/handpose_visualizer)
