[0.021s] Invoking command in '/home/yue/robot/build/handpose_publisher': CMAKE_PREFIX_PATH=${CMAKE_PREFIX_PATH}:/home/yue/robot/install/piper_handpose_controller:/home/yue/robot/install/piper:/home/yue/robot/src/Piper_ros/install/piper:/opt/ros/humble /usr/bin/cmake /home/yue/robot/src/handpose_publisher -DCMAKE_INSTALL_PREFIX=/home/yue/robot/install/handpose_publisher
[0.145s] -- The C compiler identification is GNU 11.4.0
[0.268s] -- The CXX compiler identification is GNU 11.4.0
[0.293s] -- Detecting C compiler ABI info
[0.446s] -- Detecting C compiler ABI info - done
[0.471s] -- Check for working C compiler: /usr/bin/cc - skipped
[0.480s] -- Detecting C compile features
[0.481s] -- Detecting C compile features - done
[0.494s] -- Detecting CXX compiler ABI info
[0.662s] -- Detecting CXX compiler ABI info - done
[0.677s] -- Check for working CXX compiler: /usr/bin/c++ - skipped
[0.678s] -- Detecting CXX compile features
[0.679s] -- Detecting CXX compile features - done
[0.760s] -- Found ament_cmake: 1.3.12 (/opt/ros/humble/share/ament_cmake/cmake)
[1.133s] -- Found Python3: /usr/bin/python3 (found version "3.10.12") found components: Interpreter 
[1.509s] -- Found rclcpp: 16.0.15 (/opt/ros/humble/share/rclcpp/cmake)
[1.618s] -- Found rosidl_generator_c: 3.1.7 (/opt/ros/humble/share/rosidl_generator_c/cmake)
[1.629s] -- Found rosidl_adapter: 3.1.7 (/opt/ros/humble/share/rosidl_adapter/cmake)
[1.646s] -- Found rosidl_generator_cpp: 3.1.7 (/opt/ros/humble/share/rosidl_generator_cpp/cmake)
[1.671s] -- Using all available rosidl_typesupport_c: rosidl_typesupport_fastrtps_c;rosidl_typesupport_introspection_c
[1.704s] -- Using all available rosidl_typesupport_cpp: rosidl_typesupport_fastrtps_cpp;rosidl_typesupport_introspection_cpp
[1.792s] -- Found rmw_implementation_cmake: 6.1.2 (/opt/ros/humble/share/rmw_implementation_cmake/cmake)
[1.799s] -- Found rmw_fastrtps_cpp: 6.2.8 (/opt/ros/humble/share/rmw_fastrtps_cpp/cmake)
[2.025s] -- Found OpenSSL: /usr/lib/aarch64-linux-gnu/libcrypto.so (found version "3.0.2")  
[2.099s] -- Found FastRTPS: /opt/ros/humble/include  
[2.179s] -- Using RMW implementation 'rmw_fastrtps_cpp' as default
[2.226s] -- Looking for pthread.h
[2.375s] -- Looking for pthread.h - found
[2.376s] -- Performing Test CMAKE_HAVE_LIBC_PTHREAD
[2.528s] -- Performing Test CMAKE_HAVE_LIBC_PTHREAD - Success
[2.532s] -- Found Threads: TRUE  
[2.672s] -- Found geometry_msgs: 4.9.0 (/opt/ros/humble/share/geometry_msgs/cmake)
[2.697s] -- Found rosidl_default_generators: 1.2.0 (/opt/ros/humble/share/rosidl_default_generators/cmake)
[3.410s] -- Found ament_cmake_ros: 0.10.0 (/opt/ros/humble/share/ament_cmake_ros/cmake)
[4.355s] -- Using all available rosidl_typesupport_c: rosidl_typesupport_fastrtps_c;rosidl_typesupport_introspection_c
[4.723s] -- Using all available rosidl_typesupport_cpp: rosidl_typesupport_fastrtps_cpp;rosidl_typesupport_introspection_cpp
[4.783s] -- Found PythonInterp: /usr/bin/python3 (found suitable version "3.10.12", minimum required is "3.6") 
[4.792s] -- Found python_cmake_module: 0.10.0 (/opt/ros/humble/share/python_cmake_module/cmake)
[4.866s] -- Found PythonLibs: /usr/lib/aarch64-linux-gnu/libpython3.10.so (found suitable version "3.10.12", minimum required is "3.5") 
[4.866s] -- Using PYTHON_EXECUTABLE: /usr/bin/python3
[4.867s] -- Using PYTHON_INCLUDE_DIRS: /usr/include/python3.10
[4.867s] -- Using PYTHON_LIBRARIES: /usr/lib/aarch64-linux-gnu/libpython3.10.so
[4.913s] -- Found PythonExtra: .so  
[5.104s] -- LEAP_INCLUDE = /opt/ultraleap/LeapSDK/include
[5.104s] -- LEAP_LIBDIR  = /opt/ultraleap/LeapSDK/lib
[5.105s] -- Found LeapC include: /opt/ultraleap/LeapSDK/include
[5.106s] -- Found LeapC library: /opt/ultraleap/LeapSDK/lib/libLeapC.so
[5.129s] -- Configuring done
[5.216s] -- Generating done
[5.242s] -- Build files have been written to: /home/yue/robot/build/handpose_publisher
[5.274s] Invoked command in '/home/yue/robot/build/handpose_publisher' returned '0': CMAKE_PREFIX_PATH=${CMAKE_PREFIX_PATH}:/home/yue/robot/install/piper_handpose_controller:/home/yue/robot/install/piper:/home/yue/robot/src/Piper_ros/install/piper:/opt/ros/humble /usr/bin/cmake /home/yue/robot/src/handpose_publisher -DCMAKE_INSTALL_PREFIX=/home/yue/robot/install/handpose_publisher
[5.281s] Invoking command in '/home/yue/robot/build/handpose_publisher': CMAKE_PREFIX_PATH=${CMAKE_PREFIX_PATH}:/home/yue/robot/install/piper_handpose_controller:/home/yue/robot/install/piper:/home/yue/robot/src/Piper_ros/install/piper:/opt/ros/humble /usr/bin/cmake --build /home/yue/robot/build/handpose_publisher -- -j6 -l6
[5.369s] [  3%] [34m[1mGenerating C code for ROS interfaces[0m
[5.390s] [  6%] [34m[1mGenerating C++ code for ROS interfaces[0m
[5.407s] [  6%] Built target ament_cmake_python_copy_handpose_publisher
[5.939s] running egg_info
[5.941s] [  6%] Built target handpose_publisher__cpp
[5.941s] creating handpose_publisher.egg-info
[5.941s] writing handpose_publisher.egg-info/PKG-INFO
[5.943s] writing dependency_links to handpose_publisher.egg-info/dependency_links.txt
[5.943s] writing top-level names to handpose_publisher.egg-info/top_level.txt
[5.943s] writing manifest file 'handpose_publisher.egg-info/SOURCES.txt'
[5.946s] [  9%] [32mBuilding C object CMakeFiles/handpose_publisher__rosidl_generator_c.dir/rosidl_generator_c/handpose_publisher/msg/detail/hand_flange__functions.c.o[0m
[5.952s] reading manifest file 'handpose_publisher.egg-info/SOURCES.txt'
[5.953s] writing manifest file 'handpose_publisher.egg-info/SOURCES.txt'
[5.962s] [ 15%] [34m[1mGenerating C++ type support for eProsima Fast-RTPS[0m
[5.963s] [ 15%] [34m[1mGenerating C++ introspection for ROS interfaces[0m
[5.967s] [ 18%] [34m[1mGenerating C++ type support dispatch for ROS interfaces[0m
[6.073s] [ 21%] Built target ament_cmake_python_build_handpose_publisher_egg
[6.074s] [ 21%] [32m[1mLinking C shared library libhandpose_publisher__rosidl_generator_c.so[0m
[6.154s] [ 21%] Built target handpose_publisher__rosidl_generator_c
[6.180s] [ 27%] [34m[1mGenerating C introspection for ROS interfaces[0m
[6.181s] [ 27%] [34m[1mGenerating C type support for eProsima Fast-RTPS[0m
[6.184s] [ 30%] [34m[1mGenerating C type support dispatch for ROS interfaces[0m
[6.481s] [ 33%] [32mBuilding CXX object CMakeFiles/handpose_publisher__rosidl_typesupport_cpp.dir/rosidl_typesupport_cpp/handpose_publisher/msg/hand_flange__type_support.cpp.o[0m
[6.492s] [ 36%] [32mBuilding CXX object CMakeFiles/handpose_publisher__rosidl_typesupport_introspection_cpp.dir/rosidl_typesupport_introspection_cpp/handpose_publisher/msg/detail/hand_flange__type_support.cpp.o[0m
[6.601s] [ 39%] [32mBuilding CXX object CMakeFiles/handpose_publisher__rosidl_typesupport_fastrtps_cpp.dir/rosidl_typesupport_fastrtps_cpp/handpose_publisher/msg/detail/dds_fastrtps/hand_flange__type_support.cpp.o[0m
[6.741s] [ 42%] [32mBuilding C object CMakeFiles/handpose_publisher__rosidl_typesupport_introspection_c.dir/rosidl_typesupport_introspection_c/handpose_publisher/msg/detail/hand_flange__type_support.c.o[0m
[6.783s] [ 45%] [32mBuilding CXX object CMakeFiles/handpose_publisher__rosidl_typesupport_fastrtps_c.dir/rosidl_typesupport_fastrtps_c/handpose_publisher/msg/detail/hand_flange__type_support_c.cpp.o[0m
[6.825s] [ 48%] [32m[1mLinking C shared library libhandpose_publisher__rosidl_typesupport_introspection_c.so[0m
[6.893s] [ 51%] [32mBuilding CXX object CMakeFiles/handpose_publisher__rosidl_typesupport_c.dir/rosidl_typesupport_c/handpose_publisher/msg/hand_flange__type_support.cpp.o[0m
[6.931s] [ 51%] Built target handpose_publisher__rosidl_typesupport_introspection_c
[7.097s] [ 54%] [32m[1mLinking CXX shared library libhandpose_publisher__rosidl_typesupport_c.so[0m
[7.175s] [ 57%] [32m[1mLinking CXX shared library libhandpose_publisher__rosidl_typesupport_cpp.so[0m
[7.218s] [ 57%] Built target handpose_publisher__rosidl_typesupport_c
[7.273s] [ 57%] Built target handpose_publisher__rosidl_typesupport_cpp
[7.326s] [ 60%] [32mBuilding CXX object CMakeFiles/leap_handpose_publisher.dir/src/leap_handpose_publisher.cpp.o[0m
[7.362s] [ 63%] [32m[1mLinking CXX shared library libhandpose_publisher__rosidl_typesupport_introspection_cpp.so[0m
[7.499s] [ 63%] Built target handpose_publisher__rosidl_typesupport_introspection_cpp
[7.575s] [ 66%] [32m[1mLinking CXX shared library libhandpose_publisher__rosidl_typesupport_fastrtps_cpp.so[0m
[7.634s] [ 69%] [32m[1mLinking CXX shared library libhandpose_publisher__rosidl_typesupport_fastrtps_c.so[0m
[7.733s] [ 69%] Built target handpose_publisher__rosidl_typesupport_fastrtps_cpp
[7.809s] [ 69%] Built target handpose_publisher__rosidl_typesupport_fastrtps_c
[7.859s] [ 69%] Built target handpose_publisher
[7.910s] [ 72%] [34m[1mGenerating Python code for ROS interfaces[0m
[8.568s] [ 72%] Built target handpose_publisher__py
[8.677s] [ 75%] [32mBuilding C object CMakeFiles/handpose_publisher__rosidl_generator_py.dir/rosidl_generator_py/handpose_publisher/msg/_hand_flange_s.c.o[0m
[8.919s] [ 78%] [32m[1mLinking C shared library rosidl_generator_py/handpose_publisher/libhandpose_publisher__rosidl_generator_py.so[0m
[9.007s] [ 78%] Built target handpose_publisher__rosidl_generator_py
[9.047s] [ 87%] [32mBuilding C object CMakeFiles/handpose_publisher__rosidl_typesupport_c__pyext.dir/rosidl_generator_py/handpose_publisher/_handpose_publisher_s.ep.rosidl_typesupport_c.c.o[0m
[9.047s] [ 87%] [32mBuilding C object CMakeFiles/handpose_publisher__rosidl_typesupport_fastrtps_c__pyext.dir/rosidl_generator_py/handpose_publisher/_handpose_publisher_s.ep.rosidl_typesupport_fastrtps_c.c.o[0m
[9.047s] [ 87%] [32mBuilding C object CMakeFiles/handpose_publisher__rosidl_typesupport_introspection_c__pyext.dir/rosidl_generator_py/handpose_publisher/_handpose_publisher_s.ep.rosidl_typesupport_introspection_c.c.o[0m
[9.265s] [ 96%] [32m[1mLinking C shared library rosidl_generator_py/handpose_publisher/handpose_publisher_s__rosidl_typesupport_fastrtps_c.cpython-310-aarch64-linux-gnu.so[0m
[9.266s] [ 96%] [32m[1mLinking C shared library rosidl_generator_py/handpose_publisher/handpose_publisher_s__rosidl_typesupport_c.cpython-310-aarch64-linux-gnu.so[0m
[9.266s] [ 96%] [32m[1mLinking C shared library rosidl_generator_py/handpose_publisher/handpose_publisher_s__rosidl_typesupport_introspection_c.cpython-310-aarch64-linux-gnu.so[0m
[9.342s] [ 96%] Built target handpose_publisher__rosidl_typesupport_fastrtps_c__pyext
[9.343s] [ 96%] Built target handpose_publisher__rosidl_typesupport_introspection_c__pyext
[9.347s] [ 96%] Built target handpose_publisher__rosidl_typesupport_c__pyext
[16.568s] [100%] [32m[1mLinking CXX executable leap_handpose_publisher[0m
[16.988s] [100%] Built target leap_handpose_publisher
[17.031s] Invoked command in '/home/yue/robot/build/handpose_publisher' returned '0': CMAKE_PREFIX_PATH=${CMAKE_PREFIX_PATH}:/home/yue/robot/install/piper_handpose_controller:/home/yue/robot/install/piper:/home/yue/robot/src/Piper_ros/install/piper:/opt/ros/humble /usr/bin/cmake --build /home/yue/robot/build/handpose_publisher -- -j6 -l6
[17.064s] Invoking command in '/home/yue/robot/build/handpose_publisher': CMAKE_PREFIX_PATH=${CMAKE_PREFIX_PATH}:/home/yue/robot/install/piper_handpose_controller:/home/yue/robot/install/piper:/home/yue/robot/src/Piper_ros/install/piper:/opt/ros/humble /usr/bin/cmake --install /home/yue/robot/build/handpose_publisher
[17.086s] -- Install configuration: ""
[17.087s] -- Installing: /home/yue/robot/install/handpose_publisher/share/ament_index/resource_index/rosidl_interfaces/handpose_publisher
[17.087s] -- Installing: /home/yue/robot/install/handpose_publisher/include/handpose_publisher/handpose_publisher
[17.088s] -- Installing: /home/yue/robot/install/handpose_publisher/include/handpose_publisher/handpose_publisher/msg
[17.088s] -- Installing: /home/yue/robot/install/handpose_publisher/include/handpose_publisher/handpose_publisher/msg/detail
[17.089s] -- Installing: /home/yue/robot/install/handpose_publisher/include/handpose_publisher/handpose_publisher/msg/detail/hand_flange__struct.h
[17.089s] -- Installing: /home/yue/robot/install/handpose_publisher/include/handpose_publisher/handpose_publisher/msg/detail/hand_flange__functions.h
[17.089s] -- Installing: /home/yue/robot/install/handpose_publisher/include/handpose_publisher/handpose_publisher/msg/detail/hand_flange__functions.c
[17.090s] -- Installing: /home/yue/robot/install/handpose_publisher/include/handpose_publisher/handpose_publisher/msg/detail/hand_flange__type_support.h
[17.090s] -- Installing: /home/yue/robot/install/handpose_publisher/include/handpose_publisher/handpose_publisher/msg/rosidl_generator_c__visibility_control.h
[17.090s] -- Installing: /home/yue/robot/install/handpose_publisher/include/handpose_publisher/handpose_publisher/msg/hand_flange.h
[17.091s] -- Installing: /home/yue/robot/install/handpose_publisher/share/handpose_publisher/environment/library_path.sh
[17.092s] -- Installing: /home/yue/robot/install/handpose_publisher/share/handpose_publisher/environment/library_path.dsv
[17.092s] -- Installing: /home/yue/robot/install/handpose_publisher/lib/libhandpose_publisher__rosidl_generator_c.so
[17.094s] -- Set runtime path of "/home/yue/robot/install/handpose_publisher/lib/libhandpose_publisher__rosidl_generator_c.so" to ""
[17.095s] -- Up-to-date: /home/yue/robot/install/handpose_publisher/include/handpose_publisher/handpose_publisher
[17.095s] -- Up-to-date: /home/yue/robot/install/handpose_publisher/include/handpose_publisher/handpose_publisher/msg
[17.095s] -- Up-to-date: /home/yue/robot/install/handpose_publisher/include/handpose_publisher/handpose_publisher/msg/detail
[17.096s] -- Installing: /home/yue/robot/install/handpose_publisher/include/handpose_publisher/handpose_publisher/msg/detail/hand_flange__rosidl_typesupport_fastrtps_c.h
[17.096s] -- Installing: /home/yue/robot/install/handpose_publisher/include/handpose_publisher/handpose_publisher/msg/rosidl_typesupport_fastrtps_c__visibility_control.h
[17.096s] -- Installing: /home/yue/robot/install/handpose_publisher/lib/libhandpose_publisher__rosidl_typesupport_fastrtps_c.so
[17.097s] -- Set runtime path of "/home/yue/robot/install/handpose_publisher/lib/libhandpose_publisher__rosidl_typesupport_fastrtps_c.so" to ""
[17.097s] -- Up-to-date: /home/yue/robot/install/handpose_publisher/include/handpose_publisher/handpose_publisher
[17.098s] -- Up-to-date: /home/yue/robot/install/handpose_publisher/include/handpose_publisher/handpose_publisher/msg
[17.099s] -- Up-to-date: /home/yue/robot/install/handpose_publisher/include/handpose_publisher/handpose_publisher/msg/detail
[17.101s] -- Installing: /home/yue/robot/install/handpose_publisher/include/handpose_publisher/handpose_publisher/msg/detail/hand_flange__type_support.hpp
[17.101s] -- Installing: /home/yue/robot/install/handpose_publisher/include/handpose_publisher/handpose_publisher/msg/detail/hand_flange__traits.hpp
[17.101s] -- Installing: /home/yue/robot/install/handpose_publisher/include/handpose_publisher/handpose_publisher/msg/detail/hand_flange__builder.hpp
[17.102s] -- Installing: /home/yue/robot/install/handpose_publisher/include/handpose_publisher/handpose_publisher/msg/detail/hand_flange__struct.hpp
[17.102s] -- Installing: /home/yue/robot/install/handpose_publisher/include/handpose_publisher/handpose_publisher/msg/rosidl_generator_cpp__visibility_control.hpp
[17.102s] -- Installing: /home/yue/robot/install/handpose_publisher/include/handpose_publisher/handpose_publisher/msg/hand_flange.hpp
[17.103s] -- Up-to-date: /home/yue/robot/install/handpose_publisher/include/handpose_publisher/handpose_publisher
[17.103s] -- Up-to-date: /home/yue/robot/install/handpose_publisher/include/handpose_publisher/handpose_publisher/msg
[17.103s] -- Up-to-date: /home/yue/robot/install/handpose_publisher/include/handpose_publisher/handpose_publisher/msg/detail
[17.104s] -- Installing: /home/yue/robot/install/handpose_publisher/include/handpose_publisher/handpose_publisher/msg/detail/hand_flange__rosidl_typesupport_fastrtps_cpp.hpp
[17.104s] -- Installing: /home/yue/robot/install/handpose_publisher/include/handpose_publisher/handpose_publisher/msg/detail/dds_fastrtps
[17.104s] -- Installing: /home/yue/robot/install/handpose_publisher/include/handpose_publisher/handpose_publisher/msg/rosidl_typesupport_fastrtps_cpp__visibility_control.h
[17.105s] -- Installing: /home/yue/robot/install/handpose_publisher/lib/libhandpose_publisher__rosidl_typesupport_fastrtps_cpp.so
[17.105s] -- Set runtime path of "/home/yue/robot/install/handpose_publisher/lib/libhandpose_publisher__rosidl_typesupport_fastrtps_cpp.so" to ""
[17.106s] -- Up-to-date: /home/yue/robot/install/handpose_publisher/include/handpose_publisher/handpose_publisher
[17.106s] -- Up-to-date: /home/yue/robot/install/handpose_publisher/include/handpose_publisher/handpose_publisher/msg
[17.106s] -- Up-to-date: /home/yue/robot/install/handpose_publisher/include/handpose_publisher/handpose_publisher/msg/detail
[17.107s] -- Installing: /home/yue/robot/install/handpose_publisher/include/handpose_publisher/handpose_publisher/msg/detail/hand_flange__rosidl_typesupport_introspection_c.h
[17.107s] -- Installing: /home/yue/robot/install/handpose_publisher/include/handpose_publisher/handpose_publisher/msg/detail/hand_flange__type_support.c
[17.107s] -- Installing: /home/yue/robot/install/handpose_publisher/include/handpose_publisher/handpose_publisher/msg/rosidl_typesupport_introspection_c__visibility_control.h
[17.108s] -- Installing: /home/yue/robot/install/handpose_publisher/lib/libhandpose_publisher__rosidl_typesupport_introspection_c.so
[17.108s] -- Set runtime path of "/home/yue/robot/install/handpose_publisher/lib/libhandpose_publisher__rosidl_typesupport_introspection_c.so" to ""
[17.108s] -- Installing: /home/yue/robot/install/handpose_publisher/lib/libhandpose_publisher__rosidl_typesupport_c.so
[17.109s] -- Set runtime path of "/home/yue/robot/install/handpose_publisher/lib/libhandpose_publisher__rosidl_typesupport_c.so" to ""
[17.109s] -- Up-to-date: /home/yue/robot/install/handpose_publisher/include/handpose_publisher/handpose_publisher
[17.110s] -- Up-to-date: /home/yue/robot/install/handpose_publisher/include/handpose_publisher/handpose_publisher/msg
[17.110s] -- Up-to-date: /home/yue/robot/install/handpose_publisher/include/handpose_publisher/handpose_publisher/msg/detail
[17.110s] -- Installing: /home/yue/robot/install/handpose_publisher/include/handpose_publisher/handpose_publisher/msg/detail/hand_flange__rosidl_typesupport_introspection_cpp.hpp
[17.111s] -- Installing: /home/yue/robot/install/handpose_publisher/include/handpose_publisher/handpose_publisher/msg/detail/hand_flange__type_support.cpp
[17.111s] -- Installing: /home/yue/robot/install/handpose_publisher/lib/libhandpose_publisher__rosidl_typesupport_introspection_cpp.so
[17.111s] -- Set runtime path of "/home/yue/robot/install/handpose_publisher/lib/libhandpose_publisher__rosidl_typesupport_introspection_cpp.so" to ""
[17.112s] -- Installing: /home/yue/robot/install/handpose_publisher/lib/libhandpose_publisher__rosidl_typesupport_cpp.so
[17.112s] -- Set runtime path of "/home/yue/robot/install/handpose_publisher/lib/libhandpose_publisher__rosidl_typesupport_cpp.so" to ""
[17.112s] -- Installing: /home/yue/robot/install/handpose_publisher/share/handpose_publisher/environment/pythonpath.sh
[17.113s] -- Installing: /home/yue/robot/install/handpose_publisher/share/handpose_publisher/environment/pythonpath.dsv
[17.113s] -- Installing: /home/yue/robot/install/handpose_publisher/local/lib/python3.10/dist-packages/handpose_publisher-0.1.0-py3.10.egg-info
[17.113s] -- Installing: /home/yue/robot/install/handpose_publisher/local/lib/python3.10/dist-packages/handpose_publisher-0.1.0-py3.10.egg-info/dependency_links.txt
[17.114s] -- Installing: /home/yue/robot/install/handpose_publisher/local/lib/python3.10/dist-packages/handpose_publisher-0.1.0-py3.10.egg-info/top_level.txt
[17.115s] -- Installing: /home/yue/robot/install/handpose_publisher/local/lib/python3.10/dist-packages/handpose_publisher-0.1.0-py3.10.egg-info/PKG-INFO
[17.115s] -- Installing: /home/yue/robot/install/handpose_publisher/local/lib/python3.10/dist-packages/handpose_publisher-0.1.0-py3.10.egg-info/SOURCES.txt
[17.116s] -- Installing: /home/yue/robot/install/handpose_publisher/local/lib/python3.10/dist-packages/handpose_publisher
[17.116s] -- Installing: /home/yue/robot/install/handpose_publisher/local/lib/python3.10/dist-packages/handpose_publisher/libhandpose_publisher__rosidl_generator_py.so
[17.117s] -- Installing: /home/yue/robot/install/handpose_publisher/local/lib/python3.10/dist-packages/handpose_publisher/handpose_publisher_s__rosidl_typesupport_introspection_c.cpython-310-aarch64-linux-gnu.so
[17.117s] -- Installing: /home/yue/robot/install/handpose_publisher/local/lib/python3.10/dist-packages/handpose_publisher/_handpose_publisher_s.ep.rosidl_typesupport_introspection_c.c
[17.117s] -- Installing: /home/yue/robot/install/handpose_publisher/local/lib/python3.10/dist-packages/handpose_publisher/_handpose_publisher_s.ep.rosidl_typesupport_c.c
[17.118s] -- Installing: /home/yue/robot/install/handpose_publisher/local/lib/python3.10/dist-packages/handpose_publisher/__init__.py
[17.118s] -- Installing: /home/yue/robot/install/handpose_publisher/local/lib/python3.10/dist-packages/handpose_publisher/_handpose_publisher_s.ep.rosidl_typesupport_fastrtps_c.c
[17.118s] -- Installing: /home/yue/robot/install/handpose_publisher/local/lib/python3.10/dist-packages/handpose_publisher/handpose_publisher_s__rosidl_typesupport_c.cpython-310-aarch64-linux-gnu.so
[17.118s] -- Installing: /home/yue/robot/install/handpose_publisher/local/lib/python3.10/dist-packages/handpose_publisher/handpose_publisher_s__rosidl_typesupport_fastrtps_c.cpython-310-aarch64-linux-gnu.so
[17.119s] -- Installing: /home/yue/robot/install/handpose_publisher/local/lib/python3.10/dist-packages/handpose_publisher/msg
[17.119s] -- Installing: /home/yue/robot/install/handpose_publisher/local/lib/python3.10/dist-packages/handpose_publisher/msg/_hand_flange_s.c
[17.119s] -- Installing: /home/yue/robot/install/handpose_publisher/local/lib/python3.10/dist-packages/handpose_publisher/msg/_hand_flange.py
[17.120s] -- Installing: /home/yue/robot/install/handpose_publisher/local/lib/python3.10/dist-packages/handpose_publisher/msg/__init__.py
[17.197s] Listing '/home/yue/robot/install/handpose_publisher/local/lib/python3.10/dist-packages/handpose_publisher'...
[17.197s] Compiling '/home/yue/robot/install/handpose_publisher/local/lib/python3.10/dist-packages/handpose_publisher/__init__.py'...
[17.197s] Listing '/home/yue/robot/install/handpose_publisher/local/lib/python3.10/dist-packages/handpose_publisher/msg'...
[17.198s] Compiling '/home/yue/robot/install/handpose_publisher/local/lib/python3.10/dist-packages/handpose_publisher/msg/__init__.py'...
[17.198s] Compiling '/home/yue/robot/install/handpose_publisher/local/lib/python3.10/dist-packages/handpose_publisher/msg/_hand_flange.py'...
[17.211s] -- Installing: /home/yue/robot/install/handpose_publisher/local/lib/python3.10/dist-packages/handpose_publisher/handpose_publisher_s__rosidl_typesupport_fastrtps_c.cpython-310-aarch64-linux-gnu.so
[17.211s] -- Set runtime path of "/home/yue/robot/install/handpose_publisher/local/lib/python3.10/dist-packages/handpose_publisher/handpose_publisher_s__rosidl_typesupport_fastrtps_c.cpython-310-aarch64-linux-gnu.so" to ""
[17.212s] -- Installing: /home/yue/robot/install/handpose_publisher/local/lib/python3.10/dist-packages/handpose_publisher/handpose_publisher_s__rosidl_typesupport_introspection_c.cpython-310-aarch64-linux-gnu.so
[17.213s] -- Set runtime path of "/home/yue/robot/install/handpose_publisher/local/lib/python3.10/dist-packages/handpose_publisher/handpose_publisher_s__rosidl_typesupport_introspection_c.cpython-310-aarch64-linux-gnu.so" to ""
[17.213s] -- Installing: /home/yue/robot/install/handpose_publisher/local/lib/python3.10/dist-packages/handpose_publisher/handpose_publisher_s__rosidl_typesupport_c.cpython-310-aarch64-linux-gnu.so
[17.215s] -- Set runtime path of "/home/yue/robot/install/handpose_publisher/local/lib/python3.10/dist-packages/handpose_publisher/handpose_publisher_s__rosidl_typesupport_c.cpython-310-aarch64-linux-gnu.so" to ""
[17.215s] -- Installing: /home/yue/robot/install/handpose_publisher/lib/libhandpose_publisher__rosidl_generator_py.so
[17.216s] -- Set runtime path of "/home/yue/robot/install/handpose_publisher/lib/libhandpose_publisher__rosidl_generator_py.so" to ""
[17.216s] -- Installing: /home/yue/robot/install/handpose_publisher/share/handpose_publisher/msg/HandFlange.idl
[17.216s] -- Installing: /home/yue/robot/install/handpose_publisher/share/handpose_publisher/msg/HandFlange.msg
[17.217s] -- Installing: /home/yue/robot/install/handpose_publisher/lib/handpose_publisher/leap_handpose_publisher
[17.220s] -- Set runtime path of "/home/yue/robot/install/handpose_publisher/lib/handpose_publisher/leap_handpose_publisher" to "/opt/ultraleap/LeapSDK/lib"
[17.221s] -- Up-to-date: /home/yue/robot/install/handpose_publisher/share/handpose_publisher/msg
[17.221s] -- Up-to-date: /home/yue/robot/install/handpose_publisher/share/handpose_publisher/msg/HandFlange.msg
[17.221s] -- Installing: /home/yue/robot/install/handpose_publisher/share/ament_index/resource_index/package_run_dependencies/handpose_publisher
[17.222s] -- Installing: /home/yue/robot/install/handpose_publisher/share/ament_index/resource_index/parent_prefix_path/handpose_publisher
[17.224s] -- Installing: /home/yue/robot/install/handpose_publisher/share/handpose_publisher/environment/ament_prefix_path.sh
[17.225s] -- Installing: /home/yue/robot/install/handpose_publisher/share/handpose_publisher/environment/ament_prefix_path.dsv
[17.225s] -- Installing: /home/yue/robot/install/handpose_publisher/share/handpose_publisher/environment/path.sh
[17.226s] -- Installing: /home/yue/robot/install/handpose_publisher/share/handpose_publisher/environment/path.dsv
[17.226s] -- Installing: /home/yue/robot/install/handpose_publisher/share/handpose_publisher/local_setup.bash
[17.229s] -- Installing: /home/yue/robot/install/handpose_publisher/share/handpose_publisher/local_setup.sh
[17.229s] -- Installing: /home/yue/robot/install/handpose_publisher/share/handpose_publisher/local_setup.zsh
[17.230s] -- Installing: /home/yue/robot/install/handpose_publisher/share/handpose_publisher/local_setup.dsv
[17.230s] -- Installing: /home/yue/robot/install/handpose_publisher/share/handpose_publisher/package.dsv
[17.231s] -- Installing: /home/yue/robot/install/handpose_publisher/share/ament_index/resource_index/packages/handpose_publisher
[17.231s] -- Installing: /home/yue/robot/install/handpose_publisher/share/handpose_publisher/cmake/export_handpose_publisher__rosidl_generator_cExport.cmake
[17.231s] -- Installing: /home/yue/robot/install/handpose_publisher/share/handpose_publisher/cmake/export_handpose_publisher__rosidl_generator_cExport-noconfig.cmake
[17.231s] -- Installing: /home/yue/robot/install/handpose_publisher/share/handpose_publisher/cmake/export_handpose_publisher__rosidl_typesupport_fastrtps_cExport.cmake
[17.232s] -- Installing: /home/yue/robot/install/handpose_publisher/share/handpose_publisher/cmake/export_handpose_publisher__rosidl_typesupport_fastrtps_cExport-noconfig.cmake
[17.233s] -- Installing: /home/yue/robot/install/handpose_publisher/share/handpose_publisher/cmake/export_handpose_publisher__rosidl_generator_cppExport.cmake
[17.233s] -- Installing: /home/yue/robot/install/handpose_publisher/share/handpose_publisher/cmake/export_handpose_publisher__rosidl_typesupport_fastrtps_cppExport.cmake
[17.234s] -- Installing: /home/yue/robot/install/handpose_publisher/share/handpose_publisher/cmake/export_handpose_publisher__rosidl_typesupport_fastrtps_cppExport-noconfig.cmake
[17.234s] -- Installing: /home/yue/robot/install/handpose_publisher/share/handpose_publisher/cmake/handpose_publisher__rosidl_typesupport_introspection_cExport.cmake
[17.235s] -- Installing: /home/yue/robot/install/handpose_publisher/share/handpose_publisher/cmake/handpose_publisher__rosidl_typesupport_introspection_cExport-noconfig.cmake
[17.235s] -- Installing: /home/yue/robot/install/handpose_publisher/share/handpose_publisher/cmake/handpose_publisher__rosidl_typesupport_cExport.cmake
[17.236s] -- Installing: /home/yue/robot/install/handpose_publisher/share/handpose_publisher/cmake/handpose_publisher__rosidl_typesupport_cExport-noconfig.cmake
[17.237s] -- Installing: /home/yue/robot/install/handpose_publisher/share/handpose_publisher/cmake/handpose_publisher__rosidl_typesupport_introspection_cppExport.cmake
[17.239s] -- Installing: /home/yue/robot/install/handpose_publisher/share/handpose_publisher/cmake/handpose_publisher__rosidl_typesupport_introspection_cppExport-noconfig.cmake
[17.239s] -- Installing: /home/yue/robot/install/handpose_publisher/share/handpose_publisher/cmake/handpose_publisher__rosidl_typesupport_cppExport.cmake
[17.240s] -- Installing: /home/yue/robot/install/handpose_publisher/share/handpose_publisher/cmake/handpose_publisher__rosidl_typesupport_cppExport-noconfig.cmake
[17.240s] -- Installing: /home/yue/robot/install/handpose_publisher/share/handpose_publisher/cmake/export_handpose_publisher__rosidl_generator_pyExport.cmake
[17.240s] -- Installing: /home/yue/robot/install/handpose_publisher/share/handpose_publisher/cmake/export_handpose_publisher__rosidl_generator_pyExport-noconfig.cmake
[17.241s] -- Installing: /home/yue/robot/install/handpose_publisher/share/handpose_publisher/cmake/rosidl_cmake-extras.cmake
[17.241s] -- Installing: /home/yue/robot/install/handpose_publisher/share/handpose_publisher/cmake/ament_cmake_export_dependencies-extras.cmake
[17.241s] -- Installing: /home/yue/robot/install/handpose_publisher/share/handpose_publisher/cmake/ament_cmake_export_include_directories-extras.cmake
[17.242s] -- Installing: /home/yue/robot/install/handpose_publisher/share/handpose_publisher/cmake/ament_cmake_export_libraries-extras.cmake
[17.242s] -- Installing: /home/yue/robot/install/handpose_publisher/share/handpose_publisher/cmake/ament_cmake_export_targets-extras.cmake
[17.243s] -- Installing: /home/yue/robot/install/handpose_publisher/share/handpose_publisher/cmake/rosidl_cmake_export_typesupport_targets-extras.cmake
[17.243s] -- Installing: /home/yue/robot/install/handpose_publisher/share/handpose_publisher/cmake/rosidl_cmake_export_typesupport_libraries-extras.cmake
[17.244s] -- Installing: /home/yue/robot/install/handpose_publisher/share/handpose_publisher/cmake/handpose_publisherConfig.cmake
[17.244s] -- Installing: /home/yue/robot/install/handpose_publisher/share/handpose_publisher/cmake/handpose_publisherConfig-version.cmake
[17.245s] -- Installing: /home/yue/robot/install/handpose_publisher/share/handpose_publisher/package.xml
[17.253s] Invoked command in '/home/yue/robot/build/handpose_publisher' returned '0': CMAKE_PREFIX_PATH=${CMAKE_PREFIX_PATH}:/home/yue/robot/install/piper_handpose_controller:/home/yue/robot/install/piper:/home/yue/robot/src/Piper_ros/install/piper:/opt/ros/humble /usr/bin/cmake --install /home/yue/robot/build/handpose_publisher
