[0.610s] Invoking command in '/home/yue/robot/build/piper_msgs': CMAKE_PREFIX_PATH=${CMAKE_PREFIX_PATH}:/opt/ros/humble /usr/bin/cmake --build /home/yue/robot/build/piper_msgs -- -j6 -l6
[0.708s] [35m[1mConsolidate compiler generated dependencies of target piper_msgs__rosidl_generator_c[0m
[0.729s] [  2%] Built target piper_msgs__cpp
[0.745s] [ 12%] Built target piper_msgs__rosidl_generator_c
[0.751s] [35m[1mConsolidate compiler generated dependencies of target piper_msgs__rosidl_typesupport_fastrtps_cpp[0m
[0.752s] [35m[1mConsolidate compiler generated dependencies of target piper_msgs__rosidl_typesupport_introspection_cpp[0m
[0.762s] [35m[1mConsolidate compiler generated dependencies of target piper_msgs__rosidl_typesupport_cpp[0m
[0.777s] [ 12%] Built target ament_cmake_python_copy_piper_msgs
[0.781s] [35m[1mConsolidate compiler generated dependencies of target piper_msgs__rosidl_typesupport_fastrtps_c[0m
[0.787s] [35m[1mConsolidate compiler generated dependencies of target piper_msgs__rosidl_typesupport_introspection_c[0m
[0.797s] [ 23%] Built target piper_msgs__rosidl_typesupport_cpp
[0.807s] [ 38%] Built target piper_msgs__rosidl_typesupport_introspection_cpp
[0.808s] [ 44%] Built target piper_msgs__rosidl_typesupport_fastrtps_cpp
[0.821s] [35m[1mConsolidate compiler generated dependencies of target piper_msgs__rosidl_typesupport_c[0m
[0.839s] [ 55%] Built target piper_msgs__rosidl_typesupport_introspection_c
[0.841s] [ 65%] Built target piper_msgs__rosidl_typesupport_fastrtps_c
[0.867s] [ 76%] Built target piper_msgs__rosidl_typesupport_c
[0.915s] [ 76%] Built target piper_msgs
[0.963s] [ 78%] Built target piper_msgs__py
[0.983s] [35m[1mConsolidate compiler generated dependencies of target piper_msgs__rosidl_generator_py[0m
[1.013s] [ 87%] Built target piper_msgs__rosidl_generator_py
[1.031s] [35m[1mConsolidate compiler generated dependencies of target piper_msgs__rosidl_typesupport_introspection_c__pyext[0m
[1.031s] [35m[1mConsolidate compiler generated dependencies of target piper_msgs__rosidl_typesupport_c__pyext[0m
[1.052s] [35m[1mConsolidate compiler generated dependencies of target piper_msgs__rosidl_typesupport_fastrtps_c__pyext[0m
[1.068s] [ 95%] Built target piper_msgs__rosidl_typesupport_c__pyext
[1.069s] [ 95%] Built target piper_msgs__rosidl_typesupport_introspection_c__pyext
[1.089s] [100%] Built target piper_msgs__rosidl_typesupport_fastrtps_c__pyext
[1.337s] running egg_info
[1.338s] writing piper_msgs.egg-info/PKG-INFO
[1.339s] writing dependency_links to piper_msgs.egg-info/dependency_links.txt
[1.341s] writing top-level names to piper_msgs.egg-info/top_level.txt
[1.348s] reading manifest file 'piper_msgs.egg-info/SOURCES.txt'
[1.349s] writing manifest file 'piper_msgs.egg-info/SOURCES.txt'
[1.433s] [100%] Built target ament_cmake_python_build_piper_msgs_egg
[1.464s] Invoked command in '/home/yue/robot/build/piper_msgs' returned '0': CMAKE_PREFIX_PATH=${CMAKE_PREFIX_PATH}:/opt/ros/humble /usr/bin/cmake --build /home/yue/robot/build/piper_msgs -- -j6 -l6
[1.483s] Invoking command in '/home/yue/robot/build/piper_msgs': CMAKE_PREFIX_PATH=${CMAKE_PREFIX_PATH}:/opt/ros/humble /usr/bin/cmake --install /home/yue/robot/build/piper_msgs
[1.502s] -- Install configuration: ""
[1.502s] -- Up-to-date: /home/yue/robot/install/piper_msgs/share/ament_index/resource_index/rosidl_interfaces/piper_msgs
[1.503s] -- Up-to-date: /home/yue/robot/install/piper_msgs/include/piper_msgs/piper_msgs
[1.503s] -- Up-to-date: /home/yue/robot/install/piper_msgs/include/piper_msgs/piper_msgs/srv
[1.503s] -- Up-to-date: /home/yue/robot/install/piper_msgs/include/piper_msgs/piper_msgs/srv/detail
[1.503s] -- Up-to-date: /home/yue/robot/install/piper_msgs/include/piper_msgs/piper_msgs/srv/detail/enable__struct.h
[1.507s] -- Up-to-date: /home/yue/robot/install/piper_msgs/include/piper_msgs/piper_msgs/srv/detail/enable__type_support.h
[1.507s] -- Up-to-date: /home/yue/robot/install/piper_msgs/include/piper_msgs/piper_msgs/srv/detail/enable__functions.c
[1.508s] -- Up-to-date: /home/yue/robot/install/piper_msgs/include/piper_msgs/piper_msgs/srv/detail/enable__functions.h
[1.509s] -- Up-to-date: /home/yue/robot/install/piper_msgs/include/piper_msgs/piper_msgs/srv/enable.h
[1.509s] -- Up-to-date: /home/yue/robot/install/piper_msgs/include/piper_msgs/piper_msgs/msg
[1.509s] -- Up-to-date: /home/yue/robot/install/piper_msgs/include/piper_msgs/piper_msgs/msg/detail
[1.510s] -- Up-to-date: /home/yue/robot/install/piper_msgs/include/piper_msgs/piper_msgs/msg/detail/pos_cmd__functions.h
[1.510s] -- Up-to-date: /home/yue/robot/install/piper_msgs/include/piper_msgs/piper_msgs/msg/detail/pos_cmd__type_support.h
[1.511s] -- Up-to-date: /home/yue/robot/install/piper_msgs/include/piper_msgs/piper_msgs/msg/detail/pos_cmd__functions.c
[1.511s] -- Up-to-date: /home/yue/robot/install/piper_msgs/include/piper_msgs/piper_msgs/msg/detail/piper_status_msg__type_support.h
[1.511s] -- Up-to-date: /home/yue/robot/install/piper_msgs/include/piper_msgs/piper_msgs/msg/detail/piper_status_msg__functions.h
[1.512s] -- Up-to-date: /home/yue/robot/install/piper_msgs/include/piper_msgs/piper_msgs/msg/detail/piper_status_msg__struct.h
[1.512s] -- Up-to-date: /home/yue/robot/install/piper_msgs/include/piper_msgs/piper_msgs/msg/detail/piper_status_msg__functions.c
[1.513s] -- Up-to-date: /home/yue/robot/install/piper_msgs/include/piper_msgs/piper_msgs/msg/detail/pos_cmd__struct.h
[1.513s] -- Up-to-date: /home/yue/robot/install/piper_msgs/include/piper_msgs/piper_msgs/msg/rosidl_generator_c__visibility_control.h
[1.513s] -- Up-to-date: /home/yue/robot/install/piper_msgs/include/piper_msgs/piper_msgs/msg/pos_cmd.h
[1.513s] -- Up-to-date: /home/yue/robot/install/piper_msgs/include/piper_msgs/piper_msgs/msg/piper_status_msg.h
[1.513s] -- Up-to-date: /home/yue/robot/install/piper_msgs/share/piper_msgs/environment/library_path.sh
[1.513s] -- Up-to-date: /home/yue/robot/install/piper_msgs/share/piper_msgs/environment/library_path.dsv
[1.513s] -- Up-to-date: /home/yue/robot/install/piper_msgs/lib/libpiper_msgs__rosidl_generator_c.so
[1.513s] -- Up-to-date: /home/yue/robot/install/piper_msgs/include/piper_msgs/piper_msgs
[1.514s] -- Up-to-date: /home/yue/robot/install/piper_msgs/include/piper_msgs/piper_msgs/srv
[1.514s] -- Up-to-date: /home/yue/robot/install/piper_msgs/include/piper_msgs/piper_msgs/srv/detail
[1.514s] -- Up-to-date: /home/yue/robot/install/piper_msgs/include/piper_msgs/piper_msgs/srv/detail/enable__rosidl_typesupport_fastrtps_c.h
[1.514s] -- Up-to-date: /home/yue/robot/install/piper_msgs/include/piper_msgs/piper_msgs/msg
[1.514s] -- Up-to-date: /home/yue/robot/install/piper_msgs/include/piper_msgs/piper_msgs/msg/detail
[1.514s] -- Up-to-date: /home/yue/robot/install/piper_msgs/include/piper_msgs/piper_msgs/msg/detail/piper_status_msg__rosidl_typesupport_fastrtps_c.h
[1.514s] -- Up-to-date: /home/yue/robot/install/piper_msgs/include/piper_msgs/piper_msgs/msg/detail/pos_cmd__rosidl_typesupport_fastrtps_c.h
[1.514s] -- Up-to-date: /home/yue/robot/install/piper_msgs/include/piper_msgs/piper_msgs/msg/rosidl_typesupport_fastrtps_c__visibility_control.h
[1.515s] -- Up-to-date: /home/yue/robot/install/piper_msgs/lib/libpiper_msgs__rosidl_typesupport_fastrtps_c.so
[1.515s] -- Up-to-date: /home/yue/robot/install/piper_msgs/include/piper_msgs/piper_msgs
[1.515s] -- Up-to-date: /home/yue/robot/install/piper_msgs/include/piper_msgs/piper_msgs/srv
[1.515s] -- Up-to-date: /home/yue/robot/install/piper_msgs/include/piper_msgs/piper_msgs/srv/detail
[1.515s] -- Up-to-date: /home/yue/robot/install/piper_msgs/include/piper_msgs/piper_msgs/srv/detail/enable__type_support.c
[1.515s] -- Up-to-date: /home/yue/robot/install/piper_msgs/include/piper_msgs/piper_msgs/srv/detail/enable__rosidl_typesupport_introspection_c.h
[1.515s] -- Up-to-date: /home/yue/robot/install/piper_msgs/include/piper_msgs/piper_msgs/msg
[1.515s] -- Up-to-date: /home/yue/robot/install/piper_msgs/include/piper_msgs/piper_msgs/msg/detail
[1.515s] -- Up-to-date: /home/yue/robot/install/piper_msgs/include/piper_msgs/piper_msgs/msg/detail/piper_status_msg__type_support.c
[1.516s] -- Up-to-date: /home/yue/robot/install/piper_msgs/include/piper_msgs/piper_msgs/msg/detail/pos_cmd__rosidl_typesupport_introspection_c.h
[1.516s] -- Up-to-date: /home/yue/robot/install/piper_msgs/include/piper_msgs/piper_msgs/msg/detail/piper_status_msg__rosidl_typesupport_introspection_c.h
[1.516s] -- Up-to-date: /home/yue/robot/install/piper_msgs/include/piper_msgs/piper_msgs/msg/detail/pos_cmd__type_support.c
[1.516s] -- Up-to-date: /home/yue/robot/install/piper_msgs/include/piper_msgs/piper_msgs/msg/rosidl_typesupport_introspection_c__visibility_control.h
[1.516s] -- Up-to-date: /home/yue/robot/install/piper_msgs/lib/libpiper_msgs__rosidl_typesupport_introspection_c.so
[1.516s] -- Up-to-date: /home/yue/robot/install/piper_msgs/lib/libpiper_msgs__rosidl_typesupport_c.so
[1.516s] -- Up-to-date: /home/yue/robot/install/piper_msgs/include/piper_msgs/piper_msgs
[1.516s] -- Up-to-date: /home/yue/robot/install/piper_msgs/include/piper_msgs/piper_msgs/srv
[1.516s] -- Up-to-date: /home/yue/robot/install/piper_msgs/include/piper_msgs/piper_msgs/srv/detail
[1.517s] -- Up-to-date: /home/yue/robot/install/piper_msgs/include/piper_msgs/piper_msgs/srv/detail/enable__builder.hpp
[1.517s] -- Up-to-date: /home/yue/robot/install/piper_msgs/include/piper_msgs/piper_msgs/srv/detail/enable__struct.hpp
[1.517s] -- Up-to-date: /home/yue/robot/install/piper_msgs/include/piper_msgs/piper_msgs/srv/detail/enable__traits.hpp
[1.517s] -- Up-to-date: /home/yue/robot/install/piper_msgs/include/piper_msgs/piper_msgs/srv/detail/enable__type_support.hpp
[1.517s] -- Up-to-date: /home/yue/robot/install/piper_msgs/include/piper_msgs/piper_msgs/srv/enable.hpp
[1.517s] -- Up-to-date: /home/yue/robot/install/piper_msgs/include/piper_msgs/piper_msgs/msg
[1.517s] -- Up-to-date: /home/yue/robot/install/piper_msgs/include/piper_msgs/piper_msgs/msg/detail
[1.517s] -- Up-to-date: /home/yue/robot/install/piper_msgs/include/piper_msgs/piper_msgs/msg/detail/piper_status_msg__traits.hpp
[1.517s] -- Up-to-date: /home/yue/robot/install/piper_msgs/include/piper_msgs/piper_msgs/msg/detail/pos_cmd__builder.hpp
[1.518s] -- Up-to-date: /home/yue/robot/install/piper_msgs/include/piper_msgs/piper_msgs/msg/detail/piper_status_msg__struct.hpp
[1.518s] -- Up-to-date: /home/yue/robot/install/piper_msgs/include/piper_msgs/piper_msgs/msg/detail/pos_cmd__type_support.hpp
[1.518s] -- Up-to-date: /home/yue/robot/install/piper_msgs/include/piper_msgs/piper_msgs/msg/detail/pos_cmd__struct.hpp
[1.518s] -- Up-to-date: /home/yue/robot/install/piper_msgs/include/piper_msgs/piper_msgs/msg/detail/piper_status_msg__builder.hpp
[1.518s] -- Up-to-date: /home/yue/robot/install/piper_msgs/include/piper_msgs/piper_msgs/msg/detail/piper_status_msg__type_support.hpp
[1.518s] -- Up-to-date: /home/yue/robot/install/piper_msgs/include/piper_msgs/piper_msgs/msg/detail/pos_cmd__traits.hpp
[1.518s] -- Up-to-date: /home/yue/robot/install/piper_msgs/include/piper_msgs/piper_msgs/msg/piper_status_msg.hpp
[1.518s] -- Up-to-date: /home/yue/robot/install/piper_msgs/include/piper_msgs/piper_msgs/msg/rosidl_generator_cpp__visibility_control.hpp
[1.519s] -- Up-to-date: /home/yue/robot/install/piper_msgs/include/piper_msgs/piper_msgs/msg/pos_cmd.hpp
[1.519s] -- Up-to-date: /home/yue/robot/install/piper_msgs/include/piper_msgs/piper_msgs
[1.519s] -- Up-to-date: /home/yue/robot/install/piper_msgs/include/piper_msgs/piper_msgs/srv
[1.519s] -- Up-to-date: /home/yue/robot/install/piper_msgs/include/piper_msgs/piper_msgs/srv/detail
[1.519s] -- Up-to-date: /home/yue/robot/install/piper_msgs/include/piper_msgs/piper_msgs/srv/detail/dds_fastrtps
[1.519s] -- Up-to-date: /home/yue/robot/install/piper_msgs/include/piper_msgs/piper_msgs/srv/detail/enable__rosidl_typesupport_fastrtps_cpp.hpp
[1.519s] -- Up-to-date: /home/yue/robot/install/piper_msgs/include/piper_msgs/piper_msgs/msg
[1.519s] -- Up-to-date: /home/yue/robot/install/piper_msgs/include/piper_msgs/piper_msgs/msg/detail
[1.519s] -- Up-to-date: /home/yue/robot/install/piper_msgs/include/piper_msgs/piper_msgs/msg/detail/piper_status_msg__rosidl_typesupport_fastrtps_cpp.hpp
[1.520s] -- Up-to-date: /home/yue/robot/install/piper_msgs/include/piper_msgs/piper_msgs/msg/detail/pos_cmd__rosidl_typesupport_fastrtps_cpp.hpp
[1.520s] -- Up-to-date: /home/yue/robot/install/piper_msgs/include/piper_msgs/piper_msgs/msg/detail/dds_fastrtps
[1.520s] -- Up-to-date: /home/yue/robot/install/piper_msgs/include/piper_msgs/piper_msgs/msg/rosidl_typesupport_fastrtps_cpp__visibility_control.h
[1.520s] -- Up-to-date: /home/yue/robot/install/piper_msgs/lib/libpiper_msgs__rosidl_typesupport_fastrtps_cpp.so
[1.520s] -- Up-to-date: /home/yue/robot/install/piper_msgs/include/piper_msgs/piper_msgs
[1.520s] -- Up-to-date: /home/yue/robot/install/piper_msgs/include/piper_msgs/piper_msgs/srv
[1.520s] -- Up-to-date: /home/yue/robot/install/piper_msgs/include/piper_msgs/piper_msgs/srv/detail
[1.520s] -- Up-to-date: /home/yue/robot/install/piper_msgs/include/piper_msgs/piper_msgs/srv/detail/enable__type_support.cpp
[1.520s] -- Up-to-date: /home/yue/robot/install/piper_msgs/include/piper_msgs/piper_msgs/srv/detail/enable__rosidl_typesupport_introspection_cpp.hpp
[1.521s] -- Up-to-date: /home/yue/robot/install/piper_msgs/include/piper_msgs/piper_msgs/msg
[1.521s] -- Up-to-date: /home/yue/robot/install/piper_msgs/include/piper_msgs/piper_msgs/msg/detail
[1.521s] -- Up-to-date: /home/yue/robot/install/piper_msgs/include/piper_msgs/piper_msgs/msg/detail/piper_status_msg__rosidl_typesupport_introspection_cpp.hpp
[1.521s] -- Up-to-date: /home/yue/robot/install/piper_msgs/include/piper_msgs/piper_msgs/msg/detail/piper_status_msg__type_support.cpp
[1.521s] -- Up-to-date: /home/yue/robot/install/piper_msgs/include/piper_msgs/piper_msgs/msg/detail/pos_cmd__type_support.cpp
[1.521s] -- Up-to-date: /home/yue/robot/install/piper_msgs/include/piper_msgs/piper_msgs/msg/detail/pos_cmd__rosidl_typesupport_introspection_cpp.hpp
[1.521s] -- Up-to-date: /home/yue/robot/install/piper_msgs/lib/libpiper_msgs__rosidl_typesupport_introspection_cpp.so
[1.521s] -- Up-to-date: /home/yue/robot/install/piper_msgs/lib/libpiper_msgs__rosidl_typesupport_cpp.so
[1.521s] -- Up-to-date: /home/yue/robot/install/piper_msgs/share/piper_msgs/environment/pythonpath.sh
[1.522s] -- Up-to-date: /home/yue/robot/install/piper_msgs/share/piper_msgs/environment/pythonpath.dsv
[1.522s] -- Up-to-date: /home/yue/robot/install/piper_msgs/local/lib/python3.10/dist-packages/piper_msgs-0.0.0-py3.10.egg-info
[1.522s] -- Installing: /home/yue/robot/install/piper_msgs/local/lib/python3.10/dist-packages/piper_msgs-0.0.0-py3.10.egg-info/dependency_links.txt
[1.522s] -- Installing: /home/yue/robot/install/piper_msgs/local/lib/python3.10/dist-packages/piper_msgs-0.0.0-py3.10.egg-info/top_level.txt
[1.522s] -- Installing: /home/yue/robot/install/piper_msgs/local/lib/python3.10/dist-packages/piper_msgs-0.0.0-py3.10.egg-info/PKG-INFO
[1.522s] -- Installing: /home/yue/robot/install/piper_msgs/local/lib/python3.10/dist-packages/piper_msgs-0.0.0-py3.10.egg-info/SOURCES.txt
[1.522s] -- Up-to-date: /home/yue/robot/install/piper_msgs/local/lib/python3.10/dist-packages/piper_msgs
[1.522s] -- Up-to-date: /home/yue/robot/install/piper_msgs/local/lib/python3.10/dist-packages/piper_msgs/libpiper_msgs__rosidl_generator_py.so
[1.522s] -- Up-to-date: /home/yue/robot/install/piper_msgs/local/lib/python3.10/dist-packages/piper_msgs/piper_msgs_s__rosidl_typesupport_c.cpython-310-aarch64-linux-gnu.so
[1.523s] -- Up-to-date: /home/yue/robot/install/piper_msgs/local/lib/python3.10/dist-packages/piper_msgs/srv
[1.523s] -- Up-to-date: /home/yue/robot/install/piper_msgs/local/lib/python3.10/dist-packages/piper_msgs/srv/__init__.py
[1.523s] -- Up-to-date: /home/yue/robot/install/piper_msgs/local/lib/python3.10/dist-packages/piper_msgs/srv/_enable.py
[1.523s] -- Up-to-date: /home/yue/robot/install/piper_msgs/local/lib/python3.10/dist-packages/piper_msgs/srv/_enable_s.c
[1.523s] -- Up-to-date: /home/yue/robot/install/piper_msgs/local/lib/python3.10/dist-packages/piper_msgs/_piper_msgs_s.ep.rosidl_typesupport_fastrtps_c.c
[1.523s] -- Up-to-date: /home/yue/robot/install/piper_msgs/local/lib/python3.10/dist-packages/piper_msgs/__init__.py
[1.523s] -- Up-to-date: /home/yue/robot/install/piper_msgs/local/lib/python3.10/dist-packages/piper_msgs/_piper_msgs_s.ep.rosidl_typesupport_c.c
[1.523s] -- Up-to-date: /home/yue/robot/install/piper_msgs/local/lib/python3.10/dist-packages/piper_msgs/piper_msgs_s__rosidl_typesupport_fastrtps_c.cpython-310-aarch64-linux-gnu.so
[1.523s] -- Up-to-date: /home/yue/robot/install/piper_msgs/local/lib/python3.10/dist-packages/piper_msgs/msg
[1.524s] -- Up-to-date: /home/yue/robot/install/piper_msgs/local/lib/python3.10/dist-packages/piper_msgs/msg/_pos_cmd_s.c
[1.524s] -- Up-to-date: /home/yue/robot/install/piper_msgs/local/lib/python3.10/dist-packages/piper_msgs/msg/__init__.py
[1.524s] -- Up-to-date: /home/yue/robot/install/piper_msgs/local/lib/python3.10/dist-packages/piper_msgs/msg/_piper_status_msg.py
[1.524s] -- Up-to-date: /home/yue/robot/install/piper_msgs/local/lib/python3.10/dist-packages/piper_msgs/msg/_piper_status_msg_s.c
[1.524s] -- Up-to-date: /home/yue/robot/install/piper_msgs/local/lib/python3.10/dist-packages/piper_msgs/msg/_pos_cmd.py
[1.524s] -- Up-to-date: /home/yue/robot/install/piper_msgs/local/lib/python3.10/dist-packages/piper_msgs/_piper_msgs_s.ep.rosidl_typesupport_introspection_c.c
[1.524s] -- Up-to-date: /home/yue/robot/install/piper_msgs/local/lib/python3.10/dist-packages/piper_msgs/piper_msgs_s__rosidl_typesupport_introspection_c.cpython-310-aarch64-linux-gnu.so
[1.581s] Listing '/home/yue/robot/install/piper_msgs/local/lib/python3.10/dist-packages/piper_msgs'...
[1.581s] Listing '/home/yue/robot/install/piper_msgs/local/lib/python3.10/dist-packages/piper_msgs/msg'...
[1.581s] Listing '/home/yue/robot/install/piper_msgs/local/lib/python3.10/dist-packages/piper_msgs/srv'...
[1.592s] -- Up-to-date: /home/yue/robot/install/piper_msgs/local/lib/python3.10/dist-packages/piper_msgs/piper_msgs_s__rosidl_typesupport_fastrtps_c.cpython-310-aarch64-linux-gnu.so
[1.593s] -- Up-to-date: /home/yue/robot/install/piper_msgs/local/lib/python3.10/dist-packages/piper_msgs/piper_msgs_s__rosidl_typesupport_introspection_c.cpython-310-aarch64-linux-gnu.so
[1.593s] -- Up-to-date: /home/yue/robot/install/piper_msgs/local/lib/python3.10/dist-packages/piper_msgs/piper_msgs_s__rosidl_typesupport_c.cpython-310-aarch64-linux-gnu.so
[1.593s] -- Up-to-date: /home/yue/robot/install/piper_msgs/lib/libpiper_msgs__rosidl_generator_py.so
[1.594s] -- Up-to-date: /home/yue/robot/install/piper_msgs/share/piper_msgs/msg/PiperStatusMsg.idl
[1.594s] -- Up-to-date: /home/yue/robot/install/piper_msgs/share/piper_msgs/msg/PosCmd.idl
[1.594s] -- Up-to-date: /home/yue/robot/install/piper_msgs/share/piper_msgs/srv/Enable.idl
[1.594s] -- Up-to-date: /home/yue/robot/install/piper_msgs/share/piper_msgs/msg/PiperStatusMsg.msg
[1.594s] -- Up-to-date: /home/yue/robot/install/piper_msgs/share/piper_msgs/msg/PosCmd.msg
[1.595s] -- Up-to-date: /home/yue/robot/install/piper_msgs/share/piper_msgs/srv/Enable.srv
[1.595s] -- Up-to-date: /home/yue/robot/install/piper_msgs/share/piper_msgs/srv/Enable_Request.msg
[1.595s] -- Up-to-date: /home/yue/robot/install/piper_msgs/share/piper_msgs/srv/Enable_Response.msg
[1.595s] -- Up-to-date: /home/yue/robot/install/piper_msgs/share/ament_index/resource_index/package_run_dependencies/piper_msgs
[1.595s] -- Up-to-date: /home/yue/robot/install/piper_msgs/share/ament_index/resource_index/parent_prefix_path/piper_msgs
[1.595s] -- Up-to-date: /home/yue/robot/install/piper_msgs/share/piper_msgs/environment/ament_prefix_path.sh
[1.595s] -- Up-to-date: /home/yue/robot/install/piper_msgs/share/piper_msgs/environment/ament_prefix_path.dsv
[1.596s] -- Up-to-date: /home/yue/robot/install/piper_msgs/share/piper_msgs/environment/path.sh
[1.596s] -- Up-to-date: /home/yue/robot/install/piper_msgs/share/piper_msgs/environment/path.dsv
[1.596s] -- Up-to-date: /home/yue/robot/install/piper_msgs/share/piper_msgs/local_setup.bash
[1.596s] -- Up-to-date: /home/yue/robot/install/piper_msgs/share/piper_msgs/local_setup.sh
[1.597s] -- Up-to-date: /home/yue/robot/install/piper_msgs/share/piper_msgs/local_setup.zsh
[1.597s] -- Up-to-date: /home/yue/robot/install/piper_msgs/share/piper_msgs/local_setup.dsv
[1.597s] -- Installing: /home/yue/robot/install/piper_msgs/share/piper_msgs/package.dsv
[1.597s] -- Up-to-date: /home/yue/robot/install/piper_msgs/share/ament_index/resource_index/packages/piper_msgs
[1.597s] -- Up-to-date: /home/yue/robot/install/piper_msgs/share/piper_msgs/cmake/export_piper_msgs__rosidl_generator_cExport.cmake
[1.598s] -- Up-to-date: /home/yue/robot/install/piper_msgs/share/piper_msgs/cmake/export_piper_msgs__rosidl_generator_cExport-noconfig.cmake
[1.598s] -- Up-to-date: /home/yue/robot/install/piper_msgs/share/piper_msgs/cmake/export_piper_msgs__rosidl_typesupport_fastrtps_cExport.cmake
[1.598s] -- Up-to-date: /home/yue/robot/install/piper_msgs/share/piper_msgs/cmake/export_piper_msgs__rosidl_typesupport_fastrtps_cExport-noconfig.cmake
[1.598s] -- Up-to-date: /home/yue/robot/install/piper_msgs/share/piper_msgs/cmake/piper_msgs__rosidl_typesupport_introspection_cExport.cmake
[1.598s] -- Up-to-date: /home/yue/robot/install/piper_msgs/share/piper_msgs/cmake/piper_msgs__rosidl_typesupport_introspection_cExport-noconfig.cmake
[1.599s] -- Up-to-date: /home/yue/robot/install/piper_msgs/share/piper_msgs/cmake/piper_msgs__rosidl_typesupport_cExport.cmake
[1.599s] -- Up-to-date: /home/yue/robot/install/piper_msgs/share/piper_msgs/cmake/piper_msgs__rosidl_typesupport_cExport-noconfig.cmake
[1.599s] -- Up-to-date: /home/yue/robot/install/piper_msgs/share/piper_msgs/cmake/export_piper_msgs__rosidl_generator_cppExport.cmake
[1.599s] -- Up-to-date: /home/yue/robot/install/piper_msgs/share/piper_msgs/cmake/export_piper_msgs__rosidl_typesupport_fastrtps_cppExport.cmake
[1.599s] -- Up-to-date: /home/yue/robot/install/piper_msgs/share/piper_msgs/cmake/export_piper_msgs__rosidl_typesupport_fastrtps_cppExport-noconfig.cmake
[1.599s] -- Up-to-date: /home/yue/robot/install/piper_msgs/share/piper_msgs/cmake/piper_msgs__rosidl_typesupport_introspection_cppExport.cmake
[1.599s] -- Up-to-date: /home/yue/robot/install/piper_msgs/share/piper_msgs/cmake/piper_msgs__rosidl_typesupport_introspection_cppExport-noconfig.cmake
[1.599s] -- Up-to-date: /home/yue/robot/install/piper_msgs/share/piper_msgs/cmake/piper_msgs__rosidl_typesupport_cppExport.cmake
[1.600s] -- Up-to-date: /home/yue/robot/install/piper_msgs/share/piper_msgs/cmake/piper_msgs__rosidl_typesupport_cppExport-noconfig.cmake
[1.600s] -- Up-to-date: /home/yue/robot/install/piper_msgs/share/piper_msgs/cmake/export_piper_msgs__rosidl_generator_pyExport.cmake
[1.600s] -- Up-to-date: /home/yue/robot/install/piper_msgs/share/piper_msgs/cmake/export_piper_msgs__rosidl_generator_pyExport-noconfig.cmake
[1.600s] -- Up-to-date: /home/yue/robot/install/piper_msgs/share/piper_msgs/cmake/rosidl_cmake-extras.cmake
[1.600s] -- Up-to-date: /home/yue/robot/install/piper_msgs/share/piper_msgs/cmake/ament_cmake_export_include_directories-extras.cmake
[1.600s] -- Up-to-date: /home/yue/robot/install/piper_msgs/share/piper_msgs/cmake/ament_cmake_export_libraries-extras.cmake
[1.600s] -- Up-to-date: /home/yue/robot/install/piper_msgs/share/piper_msgs/cmake/ament_cmake_export_targets-extras.cmake
[1.600s] -- Up-to-date: /home/yue/robot/install/piper_msgs/share/piper_msgs/cmake/rosidl_cmake_export_typesupport_targets-extras.cmake
[1.600s] -- Up-to-date: /home/yue/robot/install/piper_msgs/share/piper_msgs/cmake/ament_cmake_export_dependencies-extras.cmake
[1.601s] -- Up-to-date: /home/yue/robot/install/piper_msgs/share/piper_msgs/cmake/rosidl_cmake_export_typesupport_libraries-extras.cmake
[1.601s] -- Up-to-date: /home/yue/robot/install/piper_msgs/share/piper_msgs/cmake/piper_msgsConfig.cmake
[1.601s] -- Up-to-date: /home/yue/robot/install/piper_msgs/share/piper_msgs/cmake/piper_msgsConfig-version.cmake
[1.601s] -- Up-to-date: /home/yue/robot/install/piper_msgs/share/piper_msgs/package.xml
[1.609s] Invoked command in '/home/yue/robot/build/piper_msgs' returned '0': CMAKE_PREFIX_PATH=${CMAKE_PREFIX_PATH}:/opt/ros/humble /usr/bin/cmake --install /home/yue/robot/build/piper_msgs
