[0.265s] DEBUG:colcon:Command line arguments: ['/usr/bin/colcon', 'build', '--symlink-install', '--packages-select', 'Piper_ros']
[0.265s] DEBUG:colcon:Parsed command line arguments: Namespace(log_base=None, log_level=None, verb_name='build', build_base='build', install_base='install', merge_install=False, symlink_install=True, test_result_base=None, continue_on_error=False, executor='parallel', parallel_workers=6, event_handlers=None, ignore_user_meta=False, metas=['./colcon.meta'], base_paths=['.'], packages_ignore=None, packages_ignore_regex=None, paths=None, packages_up_to=None, packages_up_to_regex=None, packages_above=None, packages_above_and_dependencies=None, packages_above_depth=None, packages_select_by_dep=None, packages_skip_by_dep=None, packages_skip_up_to=None, packages_select_build_failed=False, packages_skip_build_finished=False, packages_select_test_failures=False, packages_skip_test_passed=False, packages_select=['Piper_ros'], packages_skip=None, packages_select_regex=None, packages_skip_regex=None, packages_start=None, packages_end=None, allow_overriding=[], cmake_args=None, cmake_target=None, cmake_target_skip_unavailable=False, cmake_clean_cache=False, cmake_clean_first=False, cmake_force_configure=False, ament_cmake_args=None, catkin_cmake_args=None, catkin_skip_building_tests=False, verb_parser=<colcon_defaults.argument_parser.defaults.DefaultArgumentsDecorator object at 0xffff915a5ea0>, verb_extension=<colcon_core.verb.build.BuildVerb object at 0xffff915a5990>, main=<bound method BuildVerb.main of <colcon_core.verb.build.BuildVerb object at 0xffff915a5990>>)
[0.624s] Level 1:colcon.colcon_core.package_discovery:discover_packages(colcon_meta) check parameters
[0.625s] Level 1:colcon.colcon_core.package_discovery:discover_packages(recursive) check parameters
[0.625s] Level 1:colcon.colcon_core.package_discovery:discover_packages(ignore) check parameters
[0.625s] Level 1:colcon.colcon_core.package_discovery:discover_packages(path) check parameters
[0.625s] Level 1:colcon.colcon_core.package_discovery:discover_packages(colcon_meta) discover
[0.625s] Level 1:colcon.colcon_core.package_discovery:discover_packages(recursive) discover
[0.625s] INFO:colcon.colcon_core.package_discovery:Crawling recursively for packages in '/home/yue/robot'
[0.625s] Level 1:colcon.colcon_core.package_identification:_identify(.) by extensions ['ignore', 'ignore_ament_install']
[0.626s] Level 1:colcon.colcon_core.package_identification:_identify(.) by extension 'ignore'
[0.626s] Level 1:colcon.colcon_core.package_identification:_identify(.) by extension 'ignore_ament_install'
[0.626s] Level 1:colcon.colcon_core.package_identification:_identify(.) by extensions ['colcon_pkg']
[0.626s] Level 1:colcon.colcon_core.package_identification:_identify(.) by extension 'colcon_pkg'
[0.626s] Level 1:colcon.colcon_core.package_identification:_identify(.) by extensions ['colcon_meta']
[0.626s] Level 1:colcon.colcon_core.package_identification:_identify(.) by extension 'colcon_meta'
[0.626s] Level 1:colcon.colcon_core.package_identification:_identify(.) by extensions ['ros']
[0.626s] Level 1:colcon.colcon_core.package_identification:_identify(.) by extension 'ros'
[0.649s] Level 1:colcon.colcon_core.package_identification:_identify(.) by extensions ['cmake', 'python']
[0.649s] Level 1:colcon.colcon_core.package_identification:_identify(.) by extension 'cmake'
[0.649s] Level 1:colcon.colcon_core.package_identification:_identify(.) by extension 'python'
[0.649s] Level 1:colcon.colcon_core.package_identification:_identify(.) by extensions ['python_setup_py']
[0.649s] Level 1:colcon.colcon_core.package_identification:_identify(.) by extension 'python_setup_py'
[0.650s] Level 1:colcon.colcon_core.package_identification:_identify(build) by extensions ['ignore', 'ignore_ament_install']
[0.650s] Level 1:colcon.colcon_core.package_identification:_identify(build) by extension 'ignore'
[0.650s] Level 1:colcon.colcon_core.package_identification:_identify(build) ignored
[0.650s] Level 1:colcon.colcon_core.package_identification:_identify(install) by extensions ['ignore', 'ignore_ament_install']
[0.651s] Level 1:colcon.colcon_core.package_identification:_identify(install) by extension 'ignore'
[0.651s] Level 1:colcon.colcon_core.package_identification:_identify(install) ignored
[0.651s] Level 1:colcon.colcon_core.package_identification:_identify(log) by extensions ['ignore', 'ignore_ament_install']
[0.651s] Level 1:colcon.colcon_core.package_identification:_identify(log) by extension 'ignore'
[0.651s] Level 1:colcon.colcon_core.package_identification:_identify(log) ignored
[0.651s] Level 1:colcon.colcon_core.package_identification:_identify(src) by extensions ['ignore', 'ignore_ament_install']
[0.651s] Level 1:colcon.colcon_core.package_identification:_identify(src) by extension 'ignore'
[0.651s] Level 1:colcon.colcon_core.package_identification:_identify(src) by extension 'ignore_ament_install'
[0.652s] Level 1:colcon.colcon_core.package_identification:_identify(src) by extensions ['colcon_pkg']
[0.652s] Level 1:colcon.colcon_core.package_identification:_identify(src) by extension 'colcon_pkg'
[0.652s] Level 1:colcon.colcon_core.package_identification:_identify(src) by extensions ['colcon_meta']
[0.652s] Level 1:colcon.colcon_core.package_identification:_identify(src) by extension 'colcon_meta'
[0.652s] Level 1:colcon.colcon_core.package_identification:_identify(src) by extensions ['ros']
[0.652s] Level 1:colcon.colcon_core.package_identification:_identify(src) by extension 'ros'
[0.652s] Level 1:colcon.colcon_core.package_identification:_identify(src) by extensions ['cmake', 'python']
[0.652s] Level 1:colcon.colcon_core.package_identification:_identify(src) by extension 'cmake'
[0.652s] Level 1:colcon.colcon_core.package_identification:_identify(src) by extension 'python'
[0.652s] Level 1:colcon.colcon_core.package_identification:_identify(src) by extensions ['python_setup_py']
[0.653s] Level 1:colcon.colcon_core.package_identification:_identify(src) by extension 'python_setup_py'
[0.653s] Level 1:colcon.colcon_core.package_identification:_identify(src/Piper_ros) by extensions ['ignore', 'ignore_ament_install']
[0.653s] Level 1:colcon.colcon_core.package_identification:_identify(src/Piper_ros) by extension 'ignore'
[0.653s] Level 1:colcon.colcon_core.package_identification:_identify(src/Piper_ros) by extension 'ignore_ament_install'
[0.653s] Level 1:colcon.colcon_core.package_identification:_identify(src/Piper_ros) by extensions ['colcon_pkg']
[0.653s] Level 1:colcon.colcon_core.package_identification:_identify(src/Piper_ros) by extension 'colcon_pkg'
[0.653s] Level 1:colcon.colcon_core.package_identification:_identify(src/Piper_ros) by extensions ['colcon_meta']
[0.653s] Level 1:colcon.colcon_core.package_identification:_identify(src/Piper_ros) by extension 'colcon_meta'
[0.654s] Level 1:colcon.colcon_core.package_identification:_identify(src/Piper_ros) by extensions ['ros']
[0.654s] Level 1:colcon.colcon_core.package_identification:_identify(src/Piper_ros) by extension 'ros'
[0.654s] Level 1:colcon.colcon_core.package_identification:_identify(src/Piper_ros) by extensions ['cmake', 'python']
[0.654s] Level 1:colcon.colcon_core.package_identification:_identify(src/Piper_ros) by extension 'cmake'
[0.654s] Level 1:colcon.colcon_core.package_identification:_identify(src/Piper_ros) by extension 'python'
[0.654s] Level 1:colcon.colcon_core.package_identification:_identify(src/Piper_ros) by extensions ['python_setup_py']
[0.654s] Level 1:colcon.colcon_core.package_identification:_identify(src/Piper_ros) by extension 'python_setup_py'
[0.654s] Level 1:colcon.colcon_core.package_identification:_identify(src/Piper_ros/asserts) by extensions ['ignore', 'ignore_ament_install']
[0.654s] Level 1:colcon.colcon_core.package_identification:_identify(src/Piper_ros/asserts) by extension 'ignore'
[0.655s] Level 1:colcon.colcon_core.package_identification:_identify(src/Piper_ros/asserts) by extension 'ignore_ament_install'
[0.655s] Level 1:colcon.colcon_core.package_identification:_identify(src/Piper_ros/asserts) by extensions ['colcon_pkg']
[0.655s] Level 1:colcon.colcon_core.package_identification:_identify(src/Piper_ros/asserts) by extension 'colcon_pkg'
[0.655s] Level 1:colcon.colcon_core.package_identification:_identify(src/Piper_ros/asserts) by extensions ['colcon_meta']
[0.655s] Level 1:colcon.colcon_core.package_identification:_identify(src/Piper_ros/asserts) by extension 'colcon_meta'
[0.655s] Level 1:colcon.colcon_core.package_identification:_identify(src/Piper_ros/asserts) by extensions ['ros']
[0.655s] Level 1:colcon.colcon_core.package_identification:_identify(src/Piper_ros/asserts) by extension 'ros'
[0.655s] Level 1:colcon.colcon_core.package_identification:_identify(src/Piper_ros/asserts) by extensions ['cmake', 'python']
[0.655s] Level 1:colcon.colcon_core.package_identification:_identify(src/Piper_ros/asserts) by extension 'cmake'
[0.655s] Level 1:colcon.colcon_core.package_identification:_identify(src/Piper_ros/asserts) by extension 'python'
[0.656s] Level 1:colcon.colcon_core.package_identification:_identify(src/Piper_ros/asserts) by extensions ['python_setup_py']
[0.656s] Level 1:colcon.colcon_core.package_identification:_identify(src/Piper_ros/asserts) by extension 'python_setup_py'
[0.656s] Level 1:colcon.colcon_core.package_identification:_identify(src/Piper_ros/asserts/pictures) by extensions ['ignore', 'ignore_ament_install']
[0.656s] Level 1:colcon.colcon_core.package_identification:_identify(src/Piper_ros/asserts/pictures) by extension 'ignore'
[0.656s] Level 1:colcon.colcon_core.package_identification:_identify(src/Piper_ros/asserts/pictures) by extension 'ignore_ament_install'
[0.656s] Level 1:colcon.colcon_core.package_identification:_identify(src/Piper_ros/asserts/pictures) by extensions ['colcon_pkg']
[0.656s] Level 1:colcon.colcon_core.package_identification:_identify(src/Piper_ros/asserts/pictures) by extension 'colcon_pkg'
[0.656s] Level 1:colcon.colcon_core.package_identification:_identify(src/Piper_ros/asserts/pictures) by extensions ['colcon_meta']
[0.656s] Level 1:colcon.colcon_core.package_identification:_identify(src/Piper_ros/asserts/pictures) by extension 'colcon_meta'
[0.657s] Level 1:colcon.colcon_core.package_identification:_identify(src/Piper_ros/asserts/pictures) by extensions ['ros']
[0.657s] Level 1:colcon.colcon_core.package_identification:_identify(src/Piper_ros/asserts/pictures) by extension 'ros'
[0.657s] Level 1:colcon.colcon_core.package_identification:_identify(src/Piper_ros/asserts/pictures) by extensions ['cmake', 'python']
[0.657s] Level 1:colcon.colcon_core.package_identification:_identify(src/Piper_ros/asserts/pictures) by extension 'cmake'
[0.657s] Level 1:colcon.colcon_core.package_identification:_identify(src/Piper_ros/asserts/pictures) by extension 'python'
[0.657s] Level 1:colcon.colcon_core.package_identification:_identify(src/Piper_ros/asserts/pictures) by extensions ['python_setup_py']
[0.657s] Level 1:colcon.colcon_core.package_identification:_identify(src/Piper_ros/asserts/pictures) by extension 'python_setup_py'
[0.658s] Level 1:colcon.colcon_core.package_identification:_identify(src/Piper_ros/src) by extensions ['ignore', 'ignore_ament_install']
[0.658s] Level 1:colcon.colcon_core.package_identification:_identify(src/Piper_ros/src) by extension 'ignore'
[0.658s] Level 1:colcon.colcon_core.package_identification:_identify(src/Piper_ros/src) by extension 'ignore_ament_install'
[0.658s] Level 1:colcon.colcon_core.package_identification:_identify(src/Piper_ros/src) by extensions ['colcon_pkg']
[0.658s] Level 1:colcon.colcon_core.package_identification:_identify(src/Piper_ros/src) by extension 'colcon_pkg'
[0.658s] Level 1:colcon.colcon_core.package_identification:_identify(src/Piper_ros/src) by extensions ['colcon_meta']
[0.658s] Level 1:colcon.colcon_core.package_identification:_identify(src/Piper_ros/src) by extension 'colcon_meta'
[0.658s] Level 1:colcon.colcon_core.package_identification:_identify(src/Piper_ros/src) by extensions ['ros']
[0.658s] Level 1:colcon.colcon_core.package_identification:_identify(src/Piper_ros/src) by extension 'ros'
[0.659s] Level 1:colcon.colcon_core.package_identification:_identify(src/Piper_ros/src) by extensions ['cmake', 'python']
[0.659s] Level 1:colcon.colcon_core.package_identification:_identify(src/Piper_ros/src) by extension 'cmake'
[0.659s] Level 1:colcon.colcon_core.package_identification:_identify(src/Piper_ros/src) by extension 'python'
[0.659s] Level 1:colcon.colcon_core.package_identification:_identify(src/Piper_ros/src) by extensions ['python_setup_py']
[0.659s] Level 1:colcon.colcon_core.package_identification:_identify(src/Piper_ros/src) by extension 'python_setup_py'
[0.659s] Level 1:colcon.colcon_core.package_identification:_identify(src/Piper_ros/src/piper) by extensions ['ignore', 'ignore_ament_install']
[0.659s] Level 1:colcon.colcon_core.package_identification:_identify(src/Piper_ros/src/piper) by extension 'ignore'
[0.660s] Level 1:colcon.colcon_core.package_identification:_identify(src/Piper_ros/src/piper) by extension 'ignore_ament_install'
[0.660s] Level 1:colcon.colcon_core.package_identification:_identify(src/Piper_ros/src/piper) by extensions ['colcon_pkg']
[0.660s] Level 1:colcon.colcon_core.package_identification:_identify(src/Piper_ros/src/piper) by extension 'colcon_pkg'
[0.660s] Level 1:colcon.colcon_core.package_identification:_identify(src/Piper_ros/src/piper) by extensions ['colcon_meta']
[0.660s] Level 1:colcon.colcon_core.package_identification:_identify(src/Piper_ros/src/piper) by extension 'colcon_meta'
[0.660s] Level 1:colcon.colcon_core.package_identification:_identify(src/Piper_ros/src/piper) by extensions ['ros']
[0.660s] Level 1:colcon.colcon_core.package_identification:_identify(src/Piper_ros/src/piper) by extension 'ros'
[0.667s] DEBUG:colcon.colcon_core.package_identification:Package 'src/Piper_ros/src/piper' with type 'ros.ament_python' and name 'piper'
[0.668s] Level 1:colcon.colcon_core.package_identification:_identify(src/Piper_ros/src/piper_description) by extensions ['ignore', 'ignore_ament_install']
[0.668s] Level 1:colcon.colcon_core.package_identification:_identify(src/Piper_ros/src/piper_description) by extension 'ignore'
[0.668s] Level 1:colcon.colcon_core.package_identification:_identify(src/Piper_ros/src/piper_description) by extension 'ignore_ament_install'
[0.668s] Level 1:colcon.colcon_core.package_identification:_identify(src/Piper_ros/src/piper_description) by extensions ['colcon_pkg']
[0.668s] Level 1:colcon.colcon_core.package_identification:_identify(src/Piper_ros/src/piper_description) by extension 'colcon_pkg'
[0.669s] Level 1:colcon.colcon_core.package_identification:_identify(src/Piper_ros/src/piper_description) by extensions ['colcon_meta']
[0.669s] Level 1:colcon.colcon_core.package_identification:_identify(src/Piper_ros/src/piper_description) by extension 'colcon_meta'
[0.669s] Level 1:colcon.colcon_core.package_identification:_identify(src/Piper_ros/src/piper_description) by extensions ['ros']
[0.669s] Level 1:colcon.colcon_core.package_identification:_identify(src/Piper_ros/src/piper_description) by extension 'ros'
[0.670s] DEBUG:colcon.colcon_core.package_identification:Package 'src/Piper_ros/src/piper_description' with type 'ros.ament_cmake' and name 'piper_description'
[0.671s] Level 1:colcon.colcon_core.package_identification:_identify(src/Piper_ros/src/piper_humble) by extensions ['ignore', 'ignore_ament_install']
[0.671s] Level 1:colcon.colcon_core.package_identification:_identify(src/Piper_ros/src/piper_humble) by extension 'ignore'
[0.671s] Level 1:colcon.colcon_core.package_identification:_identify(src/Piper_ros/src/piper_humble) by extension 'ignore_ament_install'
[0.671s] Level 1:colcon.colcon_core.package_identification:_identify(src/Piper_ros/src/piper_humble) by extensions ['colcon_pkg']
[0.671s] Level 1:colcon.colcon_core.package_identification:_identify(src/Piper_ros/src/piper_humble) by extension 'colcon_pkg'
[0.671s] Level 1:colcon.colcon_core.package_identification:_identify(src/Piper_ros/src/piper_humble) by extensions ['colcon_meta']
[0.671s] Level 1:colcon.colcon_core.package_identification:_identify(src/Piper_ros/src/piper_humble) by extension 'colcon_meta'
[0.671s] Level 1:colcon.colcon_core.package_identification:_identify(src/Piper_ros/src/piper_humble) by extensions ['ros']
[0.671s] Level 1:colcon.colcon_core.package_identification:_identify(src/Piper_ros/src/piper_humble) by extension 'ros'
[0.672s] DEBUG:colcon.colcon_core.package_identification:Package 'src/Piper_ros/src/piper_humble' with type 'ros.ament_cmake' and name 'piper_humble'
[0.673s] Level 1:colcon.colcon_core.package_identification:_identify(src/Piper_ros/src/piper_moveit) by extensions ['ignore', 'ignore_ament_install']
[0.673s] Level 1:colcon.colcon_core.package_identification:_identify(src/Piper_ros/src/piper_moveit) by extension 'ignore'
[0.673s] Level 1:colcon.colcon_core.package_identification:_identify(src/Piper_ros/src/piper_moveit) by extension 'ignore_ament_install'
[0.673s] Level 1:colcon.colcon_core.package_identification:_identify(src/Piper_ros/src/piper_moveit) by extensions ['colcon_pkg']
[0.673s] Level 1:colcon.colcon_core.package_identification:_identify(src/Piper_ros/src/piper_moveit) by extension 'colcon_pkg'
[0.673s] Level 1:colcon.colcon_core.package_identification:_identify(src/Piper_ros/src/piper_moveit) by extensions ['colcon_meta']
[0.673s] Level 1:colcon.colcon_core.package_identification:_identify(src/Piper_ros/src/piper_moveit) by extension 'colcon_meta'
[0.674s] Level 1:colcon.colcon_core.package_identification:_identify(src/Piper_ros/src/piper_moveit) by extensions ['ros']
[0.674s] Level 1:colcon.colcon_core.package_identification:_identify(src/Piper_ros/src/piper_moveit) by extension 'ros'
[0.674s] Level 1:colcon.colcon_core.package_identification:_identify(src/Piper_ros/src/piper_moveit) by extensions ['cmake', 'python']
[0.674s] Level 1:colcon.colcon_core.package_identification:_identify(src/Piper_ros/src/piper_moveit) by extension 'cmake'
[0.674s] Level 1:colcon.colcon_core.package_identification:_identify(src/Piper_ros/src/piper_moveit) by extension 'python'
[0.674s] Level 1:colcon.colcon_core.package_identification:_identify(src/Piper_ros/src/piper_moveit) by extensions ['python_setup_py']
[0.674s] Level 1:colcon.colcon_core.package_identification:_identify(src/Piper_ros/src/piper_moveit) by extension 'python_setup_py'
[0.674s] Level 1:colcon.colcon_core.package_identification:_identify(src/Piper_ros/src/piper_moveit/piper_no_gripper_moveit) by extensions ['ignore', 'ignore_ament_install']
[0.675s] Level 1:colcon.colcon_core.package_identification:_identify(src/Piper_ros/src/piper_moveit/piper_no_gripper_moveit) by extension 'ignore'
[0.675s] Level 1:colcon.colcon_core.package_identification:_identify(src/Piper_ros/src/piper_moveit/piper_no_gripper_moveit) by extension 'ignore_ament_install'
[0.675s] Level 1:colcon.colcon_core.package_identification:_identify(src/Piper_ros/src/piper_moveit/piper_no_gripper_moveit) by extensions ['colcon_pkg']
[0.675s] Level 1:colcon.colcon_core.package_identification:_identify(src/Piper_ros/src/piper_moveit/piper_no_gripper_moveit) by extension 'colcon_pkg'
[0.675s] Level 1:colcon.colcon_core.package_identification:_identify(src/Piper_ros/src/piper_moveit/piper_no_gripper_moveit) by extensions ['colcon_meta']
[0.675s] Level 1:colcon.colcon_core.package_identification:_identify(src/Piper_ros/src/piper_moveit/piper_no_gripper_moveit) by extension 'colcon_meta'
[0.675s] Level 1:colcon.colcon_core.package_identification:_identify(src/Piper_ros/src/piper_moveit/piper_no_gripper_moveit) by extensions ['ros']
[0.675s] Level 1:colcon.colcon_core.package_identification:_identify(src/Piper_ros/src/piper_moveit/piper_no_gripper_moveit) by extension 'ros'
[0.678s] DEBUG:colcon.colcon_core.package_identification:Package 'src/Piper_ros/src/piper_moveit/piper_no_gripper_moveit' with type 'ros.ament_cmake' and name 'piper_no_gripper_moveit'
[0.679s] Level 1:colcon.colcon_core.package_identification:_identify(src/Piper_ros/src/piper_moveit/piper_with_gripper_moveit) by extensions ['ignore', 'ignore_ament_install']
[0.679s] Level 1:colcon.colcon_core.package_identification:_identify(src/Piper_ros/src/piper_moveit/piper_with_gripper_moveit) by extension 'ignore'
[0.679s] Level 1:colcon.colcon_core.package_identification:_identify(src/Piper_ros/src/piper_moveit/piper_with_gripper_moveit) by extension 'ignore_ament_install'
[0.679s] Level 1:colcon.colcon_core.package_identification:_identify(src/Piper_ros/src/piper_moveit/piper_with_gripper_moveit) by extensions ['colcon_pkg']
[0.679s] Level 1:colcon.colcon_core.package_identification:_identify(src/Piper_ros/src/piper_moveit/piper_with_gripper_moveit) by extension 'colcon_pkg'
[0.679s] Level 1:colcon.colcon_core.package_identification:_identify(src/Piper_ros/src/piper_moveit/piper_with_gripper_moveit) by extensions ['colcon_meta']
[0.679s] Level 1:colcon.colcon_core.package_identification:_identify(src/Piper_ros/src/piper_moveit/piper_with_gripper_moveit) by extension 'colcon_meta'
[0.679s] Level 1:colcon.colcon_core.package_identification:_identify(src/Piper_ros/src/piper_moveit/piper_with_gripper_moveit) by extensions ['ros']
[0.680s] Level 1:colcon.colcon_core.package_identification:_identify(src/Piper_ros/src/piper_moveit/piper_with_gripper_moveit) by extension 'ros'
[0.682s] DEBUG:colcon.colcon_core.package_identification:Package 'src/Piper_ros/src/piper_moveit/piper_with_gripper_moveit' with type 'ros.ament_cmake' and name 'piper_with_gripper_moveit'
[0.682s] Level 1:colcon.colcon_core.package_identification:_identify(src/Piper_ros/src/piper_msgs) by extensions ['ignore', 'ignore_ament_install']
[0.683s] Level 1:colcon.colcon_core.package_identification:_identify(src/Piper_ros/src/piper_msgs) by extension 'ignore'
[0.683s] Level 1:colcon.colcon_core.package_identification:_identify(src/Piper_ros/src/piper_msgs) by extension 'ignore_ament_install'
[0.683s] Level 1:colcon.colcon_core.package_identification:_identify(src/Piper_ros/src/piper_msgs) by extensions ['colcon_pkg']
[0.683s] Level 1:colcon.colcon_core.package_identification:_identify(src/Piper_ros/src/piper_msgs) by extension 'colcon_pkg'
[0.683s] Level 1:colcon.colcon_core.package_identification:_identify(src/Piper_ros/src/piper_msgs) by extensions ['colcon_meta']
[0.683s] Level 1:colcon.colcon_core.package_identification:_identify(src/Piper_ros/src/piper_msgs) by extension 'colcon_meta'
[0.684s] Level 1:colcon.colcon_core.package_identification:_identify(src/Piper_ros/src/piper_msgs) by extensions ['ros']
[0.684s] Level 1:colcon.colcon_core.package_identification:_identify(src/Piper_ros/src/piper_msgs) by extension 'ros'
[0.685s] DEBUG:colcon.colcon_core.package_identification:Package 'src/Piper_ros/src/piper_msgs' with type 'ros.ament_cmake' and name 'piper_msgs'
[0.685s] Level 1:colcon.colcon_core.package_identification:_identify(src/Piper_ros/src/piper_sim) by extensions ['ignore', 'ignore_ament_install']
[0.686s] Level 1:colcon.colcon_core.package_identification:_identify(src/Piper_ros/src/piper_sim) by extension 'ignore'
[0.686s] Level 1:colcon.colcon_core.package_identification:_identify(src/Piper_ros/src/piper_sim) by extension 'ignore_ament_install'
[0.686s] Level 1:colcon.colcon_core.package_identification:_identify(src/Piper_ros/src/piper_sim) by extensions ['colcon_pkg']
[0.686s] Level 1:colcon.colcon_core.package_identification:_identify(src/Piper_ros/src/piper_sim) by extension 'colcon_pkg'
[0.686s] Level 1:colcon.colcon_core.package_identification:_identify(src/Piper_ros/src/piper_sim) by extensions ['colcon_meta']
[0.686s] Level 1:colcon.colcon_core.package_identification:_identify(src/Piper_ros/src/piper_sim) by extension 'colcon_meta'
[0.686s] Level 1:colcon.colcon_core.package_identification:_identify(src/Piper_ros/src/piper_sim) by extensions ['ros']
[0.686s] Level 1:colcon.colcon_core.package_identification:_identify(src/Piper_ros/src/piper_sim) by extension 'ros'
[0.686s] Level 1:colcon.colcon_core.package_identification:_identify(src/Piper_ros/src/piper_sim) by extensions ['cmake', 'python']
[0.686s] Level 1:colcon.colcon_core.package_identification:_identify(src/Piper_ros/src/piper_sim) by extension 'cmake'
[0.686s] Level 1:colcon.colcon_core.package_identification:_identify(src/Piper_ros/src/piper_sim) by extension 'python'
[0.687s] Level 1:colcon.colcon_core.package_identification:_identify(src/Piper_ros/src/piper_sim) by extensions ['python_setup_py']
[0.687s] Level 1:colcon.colcon_core.package_identification:_identify(src/Piper_ros/src/piper_sim) by extension 'python_setup_py'
[0.687s] Level 1:colcon.colcon_core.package_identification:_identify(src/Piper_ros/src/piper_sim/piper_gazebo) by extensions ['ignore', 'ignore_ament_install']
[0.687s] Level 1:colcon.colcon_core.package_identification:_identify(src/Piper_ros/src/piper_sim/piper_gazebo) by extension 'ignore'
[0.687s] Level 1:colcon.colcon_core.package_identification:_identify(src/Piper_ros/src/piper_sim/piper_gazebo) by extension 'ignore_ament_install'
[0.687s] Level 1:colcon.colcon_core.package_identification:_identify(src/Piper_ros/src/piper_sim/piper_gazebo) by extensions ['colcon_pkg']
[0.688s] Level 1:colcon.colcon_core.package_identification:_identify(src/Piper_ros/src/piper_sim/piper_gazebo) by extension 'colcon_pkg'
[0.688s] Level 1:colcon.colcon_core.package_identification:_identify(src/Piper_ros/src/piper_sim/piper_gazebo) by extensions ['colcon_meta']
[0.688s] Level 1:colcon.colcon_core.package_identification:_identify(src/Piper_ros/src/piper_sim/piper_gazebo) by extension 'colcon_meta'
[0.688s] Level 1:colcon.colcon_core.package_identification:_identify(src/Piper_ros/src/piper_sim/piper_gazebo) by extensions ['ros']
[0.688s] Level 1:colcon.colcon_core.package_identification:_identify(src/Piper_ros/src/piper_sim/piper_gazebo) by extension 'ros'
[0.690s] DEBUG:colcon.colcon_core.package_identification:Package 'src/Piper_ros/src/piper_sim/piper_gazebo' with type 'ros.ament_cmake' and name 'piper_gazebo'
[0.690s] Level 1:colcon.colcon_core.package_identification:_identify(src/Piper_ros/src/piper_sim/piper_mujoco) by extensions ['ignore', 'ignore_ament_install']
[0.690s] Level 1:colcon.colcon_core.package_identification:_identify(src/Piper_ros/src/piper_sim/piper_mujoco) by extension 'ignore'
[0.690s] Level 1:colcon.colcon_core.package_identification:_identify(src/Piper_ros/src/piper_sim/piper_mujoco) by extension 'ignore_ament_install'
[0.691s] Level 1:colcon.colcon_core.package_identification:_identify(src/Piper_ros/src/piper_sim/piper_mujoco) by extensions ['colcon_pkg']
[0.691s] Level 1:colcon.colcon_core.package_identification:_identify(src/Piper_ros/src/piper_sim/piper_mujoco) by extension 'colcon_pkg'
[0.691s] Level 1:colcon.colcon_core.package_identification:_identify(src/Piper_ros/src/piper_sim/piper_mujoco) by extensions ['colcon_meta']
[0.691s] Level 1:colcon.colcon_core.package_identification:_identify(src/Piper_ros/src/piper_sim/piper_mujoco) by extension 'colcon_meta'
[0.691s] Level 1:colcon.colcon_core.package_identification:_identify(src/Piper_ros/src/piper_sim/piper_mujoco) by extensions ['ros']
[0.691s] Level 1:colcon.colcon_core.package_identification:_identify(src/Piper_ros/src/piper_sim/piper_mujoco) by extension 'ros'
[0.693s] DEBUG:colcon.colcon_core.package_identification:Package 'src/Piper_ros/src/piper_sim/piper_mujoco' with type 'ros.ament_cmake' and name 'piper_mujoco'
[0.693s] Level 1:colcon.colcon_core.package_identification:_identify(src/handpose_publisher) by extensions ['ignore', 'ignore_ament_install']
[0.693s] Level 1:colcon.colcon_core.package_identification:_identify(src/handpose_publisher) by extension 'ignore'
[0.693s] Level 1:colcon.colcon_core.package_identification:_identify(src/handpose_publisher) by extension 'ignore_ament_install'
[0.693s] Level 1:colcon.colcon_core.package_identification:_identify(src/handpose_publisher) by extensions ['colcon_pkg']
[0.694s] Level 1:colcon.colcon_core.package_identification:_identify(src/handpose_publisher) by extension 'colcon_pkg'
[0.694s] Level 1:colcon.colcon_core.package_identification:_identify(src/handpose_publisher) by extensions ['colcon_meta']
[0.694s] Level 1:colcon.colcon_core.package_identification:_identify(src/handpose_publisher) by extension 'colcon_meta'
[0.694s] Level 1:colcon.colcon_core.package_identification:_identify(src/handpose_publisher) by extensions ['ros']
[0.694s] Level 1:colcon.colcon_core.package_identification:_identify(src/handpose_publisher) by extension 'ros'
[0.696s] DEBUG:colcon.colcon_core.package_identification:Package 'src/handpose_publisher' with type 'ros.ament_cmake' and name 'handpose_publisher'
[0.696s] Level 1:colcon.colcon_core.package_identification:_identify(src/handpose_visualizer) by extensions ['ignore', 'ignore_ament_install']
[0.696s] Level 1:colcon.colcon_core.package_identification:_identify(src/handpose_visualizer) by extension 'ignore'
[0.696s] Level 1:colcon.colcon_core.package_identification:_identify(src/handpose_visualizer) by extension 'ignore_ament_install'
[0.696s] Level 1:colcon.colcon_core.package_identification:_identify(src/handpose_visualizer) by extensions ['colcon_pkg']
[0.696s] Level 1:colcon.colcon_core.package_identification:_identify(src/handpose_visualizer) by extension 'colcon_pkg'
[0.696s] Level 1:colcon.colcon_core.package_identification:_identify(src/handpose_visualizer) by extensions ['colcon_meta']
[0.697s] Level 1:colcon.colcon_core.package_identification:_identify(src/handpose_visualizer) by extension 'colcon_meta'
[0.698s] Level 1:colcon.colcon_core.package_identification:_identify(src/handpose_visualizer) by extensions ['ros']
[0.698s] Level 1:colcon.colcon_core.package_identification:_identify(src/handpose_visualizer) by extension 'ros'
[0.699s] DEBUG:colcon.colcon_core.package_identification:Failed to parse potential ROS package manifest in'src/handpose_visualizer': Error(s) in package 'src/handpose_visualizer/package.xml':
The manifest contains invalid XML:
no element found: line 1, column 0
[0.699s] Level 1:colcon.colcon_core.package_identification:_identify(src/handpose_visualizer) by extensions ['cmake', 'python']
[0.700s] Level 1:colcon.colcon_core.package_identification:_identify(src/handpose_visualizer) by extension 'cmake'
[0.700s] Level 1:colcon.colcon_core.package_identification:_identify(src/handpose_visualizer) by extension 'python'
[0.701s] DEBUG:colcon.colcon_core.package_identification:Python package in 'src/handpose_visualizer' passes arguments to the setup() function which requires a different identification extension than 'python'
[0.701s] Level 1:colcon.colcon_core.package_identification:_identify(src/handpose_visualizer) by extensions ['python_setup_py']
[0.701s] Level 1:colcon.colcon_core.package_identification:_identify(src/handpose_visualizer) by extension 'python_setup_py'
[1.323s] DEBUG:colcon.colcon_core.package_identification:Package 'src/handpose_visualizer' with type 'python' and name 'handpose_visualizer'
[1.323s] Level 1:colcon.colcon_core.package_discovery:discover_packages(recursive) using defaults
[1.323s] Level 1:colcon.colcon_core.package_discovery:discover_packages(ignore) discover
[1.323s] Level 1:colcon.colcon_core.package_discovery:discover_packages(ignore) using defaults
[1.323s] Level 1:colcon.colcon_core.package_discovery:discover_packages(path) discover
[1.323s] Level 1:colcon.colcon_core.package_discovery:discover_packages(path) using defaults
[1.324s] WARNING:colcon.colcon_core.package_selection:ignoring unknown package 'Piper_ros' in --packages-select
[1.481s] INFO:colcon.colcon_core.package_selection:Skipping not selected package 'handpose_publisher' in 'src/handpose_publisher'
[1.481s] INFO:colcon.colcon_core.package_selection:Skipping not selected package 'handpose_visualizer' in 'src/handpose_visualizer'
[1.481s] INFO:colcon.colcon_core.package_selection:Skipping not selected package 'piper' in 'src/Piper_ros/src/piper'
[1.481s] INFO:colcon.colcon_core.package_selection:Skipping not selected package 'piper_description' in 'src/Piper_ros/src/piper_description'
[1.481s] INFO:colcon.colcon_core.package_selection:Skipping not selected package 'piper_gazebo' in 'src/Piper_ros/src/piper_sim/piper_gazebo'
[1.481s] INFO:colcon.colcon_core.package_selection:Skipping not selected package 'piper_humble' in 'src/Piper_ros/src/piper_humble'
[1.481s] INFO:colcon.colcon_core.package_selection:Skipping not selected package 'piper_msgs' in 'src/Piper_ros/src/piper_msgs'
[1.481s] INFO:colcon.colcon_core.package_selection:Skipping not selected package 'piper_mujoco' in 'src/Piper_ros/src/piper_sim/piper_mujoco'
[1.481s] INFO:colcon.colcon_core.package_selection:Skipping not selected package 'piper_no_gripper_moveit' in 'src/Piper_ros/src/piper_moveit/piper_no_gripper_moveit'
[1.482s] INFO:colcon.colcon_core.package_selection:Skipping not selected package 'piper_with_gripper_moveit' in 'src/Piper_ros/src/piper_moveit/piper_with_gripper_moveit'
[1.483s] Level 1:colcon.colcon_core.package_discovery:discover_packages(prefix_path) check parameters
[1.483s] Level 1:colcon.colcon_core.package_discovery:discover_packages(prefix_path) discover
[1.489s] DEBUG:colcon.colcon_installed_package_information.package_discovery:Found 2 installed packages in /home/yue/robot/install
[1.492s] DEBUG:colcon.colcon_installed_package_information.package_discovery:Found 313 installed packages in /opt/ros/humble
[1.495s] Level 1:colcon.colcon_core.package_discovery:discover_packages(prefix_path) using defaults
[1.619s] INFO:colcon.colcon_core.executor:Executing jobs using 'parallel' executor
[1.623s] DEBUG:colcon.colcon_parallel_executor.executor.parallel:run_until_complete
[1.624s] DEBUG:colcon.colcon_parallel_executor.executor.parallel:closing loop
[1.624s] DEBUG:colcon.colcon_parallel_executor.executor.parallel:loop closed
[1.624s] DEBUG:colcon.colcon_parallel_executor.executor.parallel:run_until_complete finished with '0'
[1.624s] DEBUG:colcon.colcon_core.event_reactor:joining thread
[1.641s] INFO:colcon.colcon_core.plugin_system:Skipping extension 'colcon_notification.desktop_notification.terminal_notifier': Not used on non-Darwin systems
[1.641s] INFO:colcon.colcon_core.plugin_system:Skipping extension 'colcon_notification.desktop_notification.win32': Not used on non-Windows systems
[1.642s] INFO:colcon.colcon_notification.desktop_notification:Sending desktop notification using 'notify2'
[1.694s] DEBUG:colcon.colcon_core.event_reactor:joined thread
[1.702s] INFO:colcon.colcon_core.plugin_system:Skipping extension 'colcon_core.shell.bat': Not used on non-Windows systems
[1.703s] INFO:colcon.colcon_core.shell:Creating prefix script '/home/yue/robot/install/local_setup.ps1'
[1.706s] INFO:colcon.colcon_core.shell:Creating prefix util module '/home/yue/robot/install/_local_setup_util_ps1.py'
[1.717s] INFO:colcon.colcon_core.shell:Creating prefix chain script '/home/yue/robot/install/setup.ps1'
[1.721s] INFO:colcon.colcon_core.shell:Creating prefix script '/home/yue/robot/install/local_setup.sh'
[1.722s] INFO:colcon.colcon_core.shell:Creating prefix util module '/home/yue/robot/install/_local_setup_util_sh.py'
[1.724s] INFO:colcon.colcon_core.shell:Creating prefix chain script '/home/yue/robot/install/setup.sh'
[1.727s] INFO:colcon.colcon_core.shell:Creating prefix script '/home/yue/robot/install/local_setup.bash'
[1.728s] INFO:colcon.colcon_core.shell:Creating prefix chain script '/home/yue/robot/install/setup.bash'
[1.731s] INFO:colcon.colcon_core.shell:Creating prefix script '/home/yue/robot/install/local_setup.zsh'
[1.732s] INFO:colcon.colcon_core.shell:Creating prefix chain script '/home/yue/robot/install/setup.zsh'
