-- Found ament_cmake: 1.3.12 (/opt/ros/humble/share/ament_cmake/cmake)
-- Found rclcpp: 16.0.15 (/opt/ros/humble/share/rclcpp/cmake)
-- Found rosidl_generator_c: 3.1.7 (/opt/ros/humble/share/rosidl_generator_c/cmake)
-- Found rosidl_adapter: 3.1.7 (/opt/ros/humble/share/rosidl_adapter/cmake)
-- Found rosidl_generator_cpp: 3.1.7 (/opt/ros/humble/share/rosidl_generator_cpp/cmake)
-- Using all available rosidl_typesupport_c: rosidl_typesupport_fastrtps_c;rosidl_typesupport_introspection_c
-- Using all available rosidl_typesupport_cpp: rosidl_typesupport_fastrtps_cpp;rosidl_typesupport_introspection_cpp
-- Found rmw_implementation_cmake: 6.1.2 (/opt/ros/humble/share/rmw_implementation_cmake/cmake)
-- Found rmw_fastrtps_cpp: 6.2.8 (/opt/ros/humble/share/rmw_fastrtps_cpp/cmake)
-- Using RMW implementation 'rmw_fastrtps_cpp' as default
-- Found geometry_msgs: 4.9.0 (/opt/ros/humble/share/geometry_msgs/cmake)
-- Found rosidl_default_generators: 1.2.0 (/opt/ros/humble/share/rosidl_default_generators/cmake)
-- Found ament_cmake_ros: 0.10.0 (/opt/ros/humble/share/ament_cmake_ros/cmake)
-- Using all available rosidl_typesupport_c: rosidl_typesupport_fastrtps_c;rosidl_typesupport_introspection_c
-- Using all available rosidl_typesupport_cpp: rosidl_typesupport_fastrtps_cpp;rosidl_typesupport_introspection_cpp
-- Found python_cmake_module: 0.10.0 (/opt/ros/humble/share/python_cmake_module/cmake)
-- Using PYTHON_EXECUTABLE: /usr/bin/python3
-- Using PYTHON_INCLUDE_DIRS: /usr/include/python3.10
-- Using PYTHON_LIBRARIES: /usr/lib/aarch64-linux-gnu/libpython3.10.so
-- LEAP_INCLUDE = /usr/include
-- LEAP_LIBDIR  = /opt/ultraleap/LeapSDK/lib
-- Found LeapC include: /opt/ultraleap/LeapSDK/include
-- Found LeapC library: /opt/ultraleap/LeapSDK/lib/libLeapC.so
-- Configuring done
-- Generating done
-- Build files have been written to: /home/yue/robot/build/handpose_publisher
[  3%] [34m[1mGenerating C code for ROS interfaces[0m
[  6%] [34m[1mGenerating C++ code for ROS interfaces[0m
[  6%] Built target ament_cmake_python_copy_handpose_publisher
running egg_info
writing handpose_publisher.egg-info/PKG-INFO
writing dependency_links to handpose_publisher.egg-info/dependency_links.txt
writing top-level names to handpose_publisher.egg-info/top_level.txt
reading manifest file 'handpose_publisher.egg-info/SOURCES.txt'
writing manifest file 'handpose_publisher.egg-info/SOURCES.txt'
[  6%] Built target ament_cmake_python_build_handpose_publisher_egg
[35m[1mConsolidate compiler generated dependencies of target handpose_publisher__rosidl_generator_c[0m
[  6%] Built target handpose_publisher__cpp
[  9%] [32mBuilding C object CMakeFiles/handpose_publisher__rosidl_generator_c.dir/rosidl_generator_c/handpose_publisher/msg/detail/hand_flange__functions.c.o[0m
[ 12%] [34m[1mGenerating C++ type support dispatch for ROS interfaces[0m
[ 15%] [34m[1mGenerating C++ introspection for ROS interfaces[0m
[ 18%] [34m[1mGenerating C++ type support for eProsima Fast-RTPS[0m
[ 21%] [32m[1mLinking C shared library libhandpose_publisher__rosidl_generator_c.so[0m
[ 21%] Built target handpose_publisher__rosidl_generator_c
[ 24%] [34m[1mGenerating C type support for eProsima Fast-RTPS[0m
[ 27%] [34m[1mGenerating C type support dispatch for ROS interfaces[0m
[ 30%] [34m[1mGenerating C introspection for ROS interfaces[0m
[35m[1mConsolidate compiler generated dependencies of target handpose_publisher__rosidl_typesupport_cpp[0m
[35m[1mConsolidate compiler generated dependencies of target handpose_publisher__rosidl_typesupport_introspection_cpp[0m
[ 33%] [32mBuilding CXX object CMakeFiles/handpose_publisher__rosidl_typesupport_cpp.dir/rosidl_typesupport_cpp/handpose_publisher/msg/hand_flange__type_support.cpp.o[0m
[ 36%] [32mBuilding CXX object CMakeFiles/handpose_publisher__rosidl_typesupport_introspection_cpp.dir/rosidl_typesupport_introspection_cpp/handpose_publisher/msg/detail/hand_flange__type_support.cpp.o[0m
[35m[1mConsolidate compiler generated dependencies of target handpose_publisher__rosidl_typesupport_fastrtps_cpp[0m
[35m[1mConsolidate compiler generated dependencies of target handpose_publisher__rosidl_typesupport_c[0m
[ 39%] [32mBuilding CXX object CMakeFiles/handpose_publisher__rosidl_typesupport_c.dir/rosidl_typesupport_c/handpose_publisher/msg/hand_flange__type_support.cpp.o[0m
[ 42%] [32mBuilding CXX object CMakeFiles/handpose_publisher__rosidl_typesupport_fastrtps_cpp.dir/rosidl_typesupport_fastrtps_cpp/handpose_publisher/msg/detail/dds_fastrtps/hand_flange__type_support.cpp.o[0m
[35m[1mConsolidate compiler generated dependencies of target handpose_publisher__rosidl_typesupport_fastrtps_c[0m
[ 45%] [32mBuilding CXX object CMakeFiles/handpose_publisher__rosidl_typesupport_fastrtps_c.dir/rosidl_typesupport_fastrtps_c/handpose_publisher/msg/detail/hand_flange__type_support_c.cpp.o[0m
[ 48%] [32m[1mLinking CXX shared library libhandpose_publisher__rosidl_typesupport_c.so[0m
[35m[1mConsolidate compiler generated dependencies of target handpose_publisher__rosidl_typesupport_introspection_c[0m
[ 48%] Built target handpose_publisher__rosidl_typesupport_c
[ 51%] [32mBuilding C object CMakeFiles/handpose_publisher__rosidl_typesupport_introspection_c.dir/rosidl_typesupport_introspection_c/handpose_publisher/msg/detail/hand_flange__type_support.c.o[0m
[ 54%] [32m[1mLinking C shared library libhandpose_publisher__rosidl_typesupport_introspection_c.so[0m
[ 57%] [32m[1mLinking CXX shared library libhandpose_publisher__rosidl_typesupport_cpp.so[0m
[ 57%] Built target handpose_publisher__rosidl_typesupport_introspection_c
[ 57%] Built target handpose_publisher__rosidl_typesupport_cpp
[35m[1mConsolidate compiler generated dependencies of target leap_handpose_publisher[0m
[ 60%] [32mBuilding CXX object CMakeFiles/leap_handpose_publisher.dir/src/leap_handpose_publisher.cpp.o[0m
[ 63%] [32m[1mLinking CXX shared library libhandpose_publisher__rosidl_typesupport_introspection_cpp.so[0m
[ 66%] [32m[1mLinking CXX shared library libhandpose_publisher__rosidl_typesupport_fastrtps_c.so[0m
[ 66%] Built target handpose_publisher__rosidl_typesupport_fastrtps_c
[ 66%] Built target handpose_publisher__rosidl_typesupport_introspection_cpp
[ 69%] [32m[1mLinking CXX shared library libhandpose_publisher__rosidl_typesupport_fastrtps_cpp.so[0m
[ 69%] Built target handpose_publisher__rosidl_typesupport_fastrtps_cpp
[ 69%] Built target handpose_publisher
[ 72%] [34m[1mGenerating Python code for ROS interfaces[0m
[ 72%] Built target handpose_publisher__py
[35m[1mConsolidate compiler generated dependencies of target handpose_publisher__rosidl_generator_py[0m
[ 75%] [32mBuilding C object CMakeFiles/handpose_publisher__rosidl_generator_py.dir/rosidl_generator_py/handpose_publisher/msg/_hand_flange_s.c.o[0m
[ 78%] [32m[1mLinking C shared library rosidl_generator_py/handpose_publisher/libhandpose_publisher__rosidl_generator_py.so[0m
[ 78%] Built target handpose_publisher__rosidl_generator_py
[35m[1mConsolidate compiler generated dependencies of target handpose_publisher__rosidl_typesupport_introspection_c__pyext[0m
[35m[1mConsolidate compiler generated dependencies of target handpose_publisher__rosidl_typesupport_c__pyext[0m
[35m[1mConsolidate compiler generated dependencies of target handpose_publisher__rosidl_typesupport_fastrtps_c__pyext[0m
[ 81%] [32mBuilding C object CMakeFiles/handpose_publisher__rosidl_typesupport_introspection_c__pyext.dir/rosidl_generator_py/handpose_publisher/_handpose_publisher_s.ep.rosidl_typesupport_introspection_c.c.o[0m
[ 84%] [32mBuilding C object CMakeFiles/handpose_publisher__rosidl_typesupport_c__pyext.dir/rosidl_generator_py/handpose_publisher/_handpose_publisher_s.ep.rosidl_typesupport_c.c.o[0m
[ 87%] [32mBuilding C object CMakeFiles/handpose_publisher__rosidl_typesupport_fastrtps_c__pyext.dir/rosidl_generator_py/handpose_publisher/_handpose_publisher_s.ep.rosidl_typesupport_fastrtps_c.c.o[0m
[ 90%] [32m[1mLinking C shared library rosidl_generator_py/handpose_publisher/handpose_publisher_s__rosidl_typesupport_c.cpython-310-aarch64-linux-gnu.so[0m
[ 93%] [32m[1mLinking C shared library rosidl_generator_py/handpose_publisher/handpose_publisher_s__rosidl_typesupport_introspection_c.cpython-310-aarch64-linux-gnu.so[0m
[ 96%] [32m[1mLinking C shared library rosidl_generator_py/handpose_publisher/handpose_publisher_s__rosidl_typesupport_fastrtps_c.cpython-310-aarch64-linux-gnu.so[0m
[ 96%] Built target handpose_publisher__rosidl_typesupport_introspection_c__pyext
[ 96%] Built target handpose_publisher__rosidl_typesupport_fastrtps_c__pyext
[ 96%] Built target handpose_publisher__rosidl_typesupport_c__pyext
