running egg_info
creating ../../build/handpose_visualizer/handpose_visualizer.egg-info
writing ../../build/handpose_visualizer/handpose_visualizer.egg-info/PKG-INFO
writing dependency_links to ../../build/handpose_visualizer/handpose_visualizer.egg-info/dependency_links.txt
writing entry points to ../../build/handpose_visualizer/handpose_visualizer.egg-info/entry_points.txt
writing requirements to ../../build/handpose_visualizer/handpose_visualizer.egg-info/requires.txt
writing top-level names to ../../build/handpose_visualizer/handpose_visualizer.egg-info/top_level.txt
writing manifest file '../../build/handpose_visualizer/handpose_visualizer.egg-info/SOURCES.txt'
reading manifest file '../../build/handpose_visualizer/handpose_visualizer.egg-info/SOURCES.txt'
writing manifest file '../../build/handpose_visualizer/handpose_visualizer.egg-info/SOURCES.txt'
running build
running build_py
creating /home/yue/robot/build/handpose_visualizer/build
creating /home/yue/robot/build/handpose_visualizer/build/lib
creating /home/yue/robot/build/handpose_visualizer/build/lib/handpose_visualizer
copying handpose_visualizer/__init__.py -> /home/yue/robot/build/handpose_visualizer/build/lib/handpose_visualizer
copying handpose_visualizer/visualizer_node.py -> /home/yue/robot/build/handpose_visualizer/build/lib/handpose_visualizer
running install
running install_lib
creating /home/yue/robot/install/handpose_visualizer/lib/python3.10/site-packages/handpose_visualizer
copying /home/yue/robot/build/handpose_visualizer/build/lib/handpose_visualizer/__init__.py -> /home/yue/robot/install/handpose_visualizer/lib/python3.10/site-packages/handpose_visualizer
copying /home/yue/robot/build/handpose_visualizer/build/lib/handpose_visualizer/visualizer_node.py -> /home/yue/robot/install/handpose_visualizer/lib/python3.10/site-packages/handpose_visualizer
byte-compiling /home/yue/robot/install/handpose_visualizer/lib/python3.10/site-packages/handpose_visualizer/__init__.py to __init__.cpython-310.pyc
byte-compiling /home/yue/robot/install/handpose_visualizer/lib/python3.10/site-packages/handpose_visualizer/visualizer_node.py to visualizer_node.cpython-310.pyc
running install_egg_info
Copying ../../build/handpose_visualizer/handpose_visualizer.egg-info to /home/yue/robot/install/handpose_visualizer/lib/python3.10/site-packages/handpose_visualizer-0.1.0-py3.10.egg-info
running install_scripts
Installing handpose_visualizer script to /home/yue/robot/install/handpose_visualizer/bin
writing list of installed files to '/home/yue/robot/build/handpose_visualizer/install.log'
