[0.206s] DEBUG:colcon:Command line arguments: ['/usr/bin/colcon', 'build', '--packages-select', 'piper_msgs']
[0.206s] DEBUG:colcon:Parsed command line arguments: Namespace(log_base=None, log_level=None, verb_name='build', build_base='build', install_base='install', merge_install=False, symlink_install=False, test_result_base=None, continue_on_error=False, executor='parallel', parallel_workers=6, event_handlers=None, ignore_user_meta=False, metas=['./colcon.meta'], base_paths=['.'], packages_ignore=None, packages_ignore_regex=None, paths=None, packages_up_to=None, packages_up_to_regex=None, packages_above=None, packages_above_and_dependencies=None, packages_above_depth=None, packages_select_by_dep=None, packages_skip_by_dep=None, packages_skip_up_to=None, packages_select_build_failed=False, packages_skip_build_finished=False, packages_select_test_failures=False, packages_skip_test_passed=False, packages_select=['piper_msgs'], packages_skip=None, packages_select_regex=None, packages_skip_regex=None, packages_start=None, packages_end=None, allow_overriding=[], cmake_args=None, cmake_target=None, cmake_target_skip_unavailable=False, cmake_clean_cache=False, cmake_clean_first=False, cmake_force_configure=False, ament_cmake_args=None, catkin_cmake_args=None, catkin_skip_building_tests=False, verb_parser=<colcon_defaults.argument_parser.defaults.DefaultArgumentsDecorator object at 0xffffa0055e70>, verb_extension=<colcon_core.verb.build.BuildVerb object at 0xffffa0055960>, main=<bound method BuildVerb.main of <colcon_core.verb.build.BuildVerb object at 0xffffa0055960>>)
[0.529s] Level 1:colcon.colcon_core.package_discovery:discover_packages(colcon_meta) check parameters
[0.530s] Level 1:colcon.colcon_core.package_discovery:discover_packages(recursive) check parameters
[0.530s] Level 1:colcon.colcon_core.package_discovery:discover_packages(ignore) check parameters
[0.530s] Level 1:colcon.colcon_core.package_discovery:discover_packages(path) check parameters
[0.530s] Level 1:colcon.colcon_core.package_discovery:discover_packages(colcon_meta) discover
[0.530s] Level 1:colcon.colcon_core.package_discovery:discover_packages(recursive) discover
[0.530s] INFO:colcon.colcon_core.package_discovery:Crawling recursively for packages in '/home/yue/robot'
[0.530s] Level 1:colcon.colcon_core.package_identification:_identify(.) by extensions ['ignore', 'ignore_ament_install']
[0.531s] Level 1:colcon.colcon_core.package_identification:_identify(.) by extension 'ignore'
[0.531s] Level 1:colcon.colcon_core.package_identification:_identify(.) by extension 'ignore_ament_install'
[0.531s] Level 1:colcon.colcon_core.package_identification:_identify(.) by extensions ['colcon_pkg']
[0.531s] Level 1:colcon.colcon_core.package_identification:_identify(.) by extension 'colcon_pkg'
[0.531s] Level 1:colcon.colcon_core.package_identification:_identify(.) by extensions ['colcon_meta']
[0.531s] Level 1:colcon.colcon_core.package_identification:_identify(.) by extension 'colcon_meta'
[0.531s] Level 1:colcon.colcon_core.package_identification:_identify(.) by extensions ['ros']
[0.532s] Level 1:colcon.colcon_core.package_identification:_identify(.) by extension 'ros'
[0.554s] Level 1:colcon.colcon_core.package_identification:_identify(.) by extensions ['cmake', 'python']
[0.555s] Level 1:colcon.colcon_core.package_identification:_identify(.) by extension 'cmake'
[0.555s] Level 1:colcon.colcon_core.package_identification:_identify(.) by extension 'python'
[0.555s] Level 1:colcon.colcon_core.package_identification:_identify(.) by extensions ['python_setup_py']
[0.555s] Level 1:colcon.colcon_core.package_identification:_identify(.) by extension 'python_setup_py'
[0.555s] Level 1:colcon.colcon_core.package_identification:_identify(build) by extensions ['ignore', 'ignore_ament_install']
[0.556s] Level 1:colcon.colcon_core.package_identification:_identify(build) by extension 'ignore'
[0.556s] Level 1:colcon.colcon_core.package_identification:_identify(build) ignored
[0.556s] Level 1:colcon.colcon_core.package_identification:_identify(install) by extensions ['ignore', 'ignore_ament_install']
[0.556s] Level 1:colcon.colcon_core.package_identification:_identify(install) by extension 'ignore'
[0.556s] Level 1:colcon.colcon_core.package_identification:_identify(install) ignored
[0.556s] Level 1:colcon.colcon_core.package_identification:_identify(log) by extensions ['ignore', 'ignore_ament_install']
[0.557s] Level 1:colcon.colcon_core.package_identification:_identify(log) by extension 'ignore'
[0.557s] Level 1:colcon.colcon_core.package_identification:_identify(log) ignored
[0.557s] Level 1:colcon.colcon_core.package_identification:_identify(src) by extensions ['ignore', 'ignore_ament_install']
[0.557s] Level 1:colcon.colcon_core.package_identification:_identify(src) by extension 'ignore'
[0.557s] Level 1:colcon.colcon_core.package_identification:_identify(src) by extension 'ignore_ament_install'
[0.557s] Level 1:colcon.colcon_core.package_identification:_identify(src) by extensions ['colcon_pkg']
[0.557s] Level 1:colcon.colcon_core.package_identification:_identify(src) by extension 'colcon_pkg'
[0.557s] Level 1:colcon.colcon_core.package_identification:_identify(src) by extensions ['colcon_meta']
[0.557s] Level 1:colcon.colcon_core.package_identification:_identify(src) by extension 'colcon_meta'
[0.558s] Level 1:colcon.colcon_core.package_identification:_identify(src) by extensions ['ros']
[0.558s] Level 1:colcon.colcon_core.package_identification:_identify(src) by extension 'ros'
[0.558s] Level 1:colcon.colcon_core.package_identification:_identify(src) by extensions ['cmake', 'python']
[0.558s] Level 1:colcon.colcon_core.package_identification:_identify(src) by extension 'cmake'
[0.558s] Level 1:colcon.colcon_core.package_identification:_identify(src) by extension 'python'
[0.558s] Level 1:colcon.colcon_core.package_identification:_identify(src) by extensions ['python_setup_py']
[0.558s] Level 1:colcon.colcon_core.package_identification:_identify(src) by extension 'python_setup_py'
[0.558s] Level 1:colcon.colcon_core.package_identification:_identify(src/Piper_ros) by extensions ['ignore', 'ignore_ament_install']
[0.559s] Level 1:colcon.colcon_core.package_identification:_identify(src/Piper_ros) by extension 'ignore'
[0.559s] Level 1:colcon.colcon_core.package_identification:_identify(src/Piper_ros) by extension 'ignore_ament_install'
[0.559s] Level 1:colcon.colcon_core.package_identification:_identify(src/Piper_ros) by extensions ['colcon_pkg']
[0.559s] Level 1:colcon.colcon_core.package_identification:_identify(src/Piper_ros) by extension 'colcon_pkg'
[0.559s] Level 1:colcon.colcon_core.package_identification:_identify(src/Piper_ros) by extensions ['colcon_meta']
[0.559s] Level 1:colcon.colcon_core.package_identification:_identify(src/Piper_ros) by extension 'colcon_meta'
[0.559s] Level 1:colcon.colcon_core.package_identification:_identify(src/Piper_ros) by extensions ['ros']
[0.559s] Level 1:colcon.colcon_core.package_identification:_identify(src/Piper_ros) by extension 'ros'
[0.559s] Level 1:colcon.colcon_core.package_identification:_identify(src/Piper_ros) by extensions ['cmake', 'python']
[0.560s] Level 1:colcon.colcon_core.package_identification:_identify(src/Piper_ros) by extension 'cmake'
[0.560s] Level 1:colcon.colcon_core.package_identification:_identify(src/Piper_ros) by extension 'python'
[0.560s] Level 1:colcon.colcon_core.package_identification:_identify(src/Piper_ros) by extensions ['python_setup_py']
[0.560s] Level 1:colcon.colcon_core.package_identification:_identify(src/Piper_ros) by extension 'python_setup_py'
[0.560s] Level 1:colcon.colcon_core.package_identification:_identify(src/Piper_ros/asserts) by extensions ['ignore', 'ignore_ament_install']
[0.561s] Level 1:colcon.colcon_core.package_identification:_identify(src/Piper_ros/asserts) by extension 'ignore'
[0.561s] Level 1:colcon.colcon_core.package_identification:_identify(src/Piper_ros/asserts) by extension 'ignore_ament_install'
[0.561s] Level 1:colcon.colcon_core.package_identification:_identify(src/Piper_ros/asserts) by extensions ['colcon_pkg']
[0.561s] Level 1:colcon.colcon_core.package_identification:_identify(src/Piper_ros/asserts) by extension 'colcon_pkg'
[0.561s] Level 1:colcon.colcon_core.package_identification:_identify(src/Piper_ros/asserts) by extensions ['colcon_meta']
[0.561s] Level 1:colcon.colcon_core.package_identification:_identify(src/Piper_ros/asserts) by extension 'colcon_meta'
[0.561s] Level 1:colcon.colcon_core.package_identification:_identify(src/Piper_ros/asserts) by extensions ['ros']
[0.561s] Level 1:colcon.colcon_core.package_identification:_identify(src/Piper_ros/asserts) by extension 'ros'
[0.561s] Level 1:colcon.colcon_core.package_identification:_identify(src/Piper_ros/asserts) by extensions ['cmake', 'python']
[0.561s] Level 1:colcon.colcon_core.package_identification:_identify(src/Piper_ros/asserts) by extension 'cmake'
[0.562s] Level 1:colcon.colcon_core.package_identification:_identify(src/Piper_ros/asserts) by extension 'python'
[0.562s] Level 1:colcon.colcon_core.package_identification:_identify(src/Piper_ros/asserts) by extensions ['python_setup_py']
[0.562s] Level 1:colcon.colcon_core.package_identification:_identify(src/Piper_ros/asserts) by extension 'python_setup_py'
[0.562s] Level 1:colcon.colcon_core.package_identification:_identify(src/Piper_ros/asserts/pictures) by extensions ['ignore', 'ignore_ament_install']
[0.562s] Level 1:colcon.colcon_core.package_identification:_identify(src/Piper_ros/asserts/pictures) by extension 'ignore'
[0.562s] Level 1:colcon.colcon_core.package_identification:_identify(src/Piper_ros/asserts/pictures) by extension 'ignore_ament_install'
[0.563s] Level 1:colcon.colcon_core.package_identification:_identify(src/Piper_ros/asserts/pictures) by extensions ['colcon_pkg']
[0.563s] Level 1:colcon.colcon_core.package_identification:_identify(src/Piper_ros/asserts/pictures) by extension 'colcon_pkg'
[0.563s] Level 1:colcon.colcon_core.package_identification:_identify(src/Piper_ros/asserts/pictures) by extensions ['colcon_meta']
[0.563s] Level 1:colcon.colcon_core.package_identification:_identify(src/Piper_ros/asserts/pictures) by extension 'colcon_meta'
[0.563s] Level 1:colcon.colcon_core.package_identification:_identify(src/Piper_ros/asserts/pictures) by extensions ['ros']
[0.563s] Level 1:colcon.colcon_core.package_identification:_identify(src/Piper_ros/asserts/pictures) by extension 'ros'
[0.563s] Level 1:colcon.colcon_core.package_identification:_identify(src/Piper_ros/asserts/pictures) by extensions ['cmake', 'python']
[0.563s] Level 1:colcon.colcon_core.package_identification:_identify(src/Piper_ros/asserts/pictures) by extension 'cmake'
[0.563s] Level 1:colcon.colcon_core.package_identification:_identify(src/Piper_ros/asserts/pictures) by extension 'python'
[0.563s] Level 1:colcon.colcon_core.package_identification:_identify(src/Piper_ros/asserts/pictures) by extensions ['python_setup_py']
[0.564s] Level 1:colcon.colcon_core.package_identification:_identify(src/Piper_ros/asserts/pictures) by extension 'python_setup_py'
[0.564s] Level 1:colcon.colcon_core.package_identification:_identify(src/Piper_ros/build) by extensions ['ignore', 'ignore_ament_install']
[0.564s] Level 1:colcon.colcon_core.package_identification:_identify(src/Piper_ros/build) by extension 'ignore'
[0.564s] Level 1:colcon.colcon_core.package_identification:_identify(src/Piper_ros/build) ignored
[0.564s] Level 1:colcon.colcon_core.package_identification:_identify(src/Piper_ros/install) by extensions ['ignore', 'ignore_ament_install']
[0.564s] Level 1:colcon.colcon_core.package_identification:_identify(src/Piper_ros/install) by extension 'ignore'
[0.565s] Level 1:colcon.colcon_core.package_identification:_identify(src/Piper_ros/install) ignored
[0.565s] Level 1:colcon.colcon_core.package_identification:_identify(src/Piper_ros/log) by extensions ['ignore', 'ignore_ament_install']
[0.565s] Level 1:colcon.colcon_core.package_identification:_identify(src/Piper_ros/log) by extension 'ignore'
[0.565s] Level 1:colcon.colcon_core.package_identification:_identify(src/Piper_ros/log) ignored
[0.565s] Level 1:colcon.colcon_core.package_identification:_identify(src/Piper_ros/src) by extensions ['ignore', 'ignore_ament_install']
[0.565s] Level 1:colcon.colcon_core.package_identification:_identify(src/Piper_ros/src) by extension 'ignore'
[0.565s] Level 1:colcon.colcon_core.package_identification:_identify(src/Piper_ros/src) by extension 'ignore_ament_install'
[0.566s] Level 1:colcon.colcon_core.package_identification:_identify(src/Piper_ros/src) by extensions ['colcon_pkg']
[0.566s] Level 1:colcon.colcon_core.package_identification:_identify(src/Piper_ros/src) by extension 'colcon_pkg'
[0.566s] Level 1:colcon.colcon_core.package_identification:_identify(src/Piper_ros/src) by extensions ['colcon_meta']
[0.566s] Level 1:colcon.colcon_core.package_identification:_identify(src/Piper_ros/src) by extension 'colcon_meta'
[0.566s] Level 1:colcon.colcon_core.package_identification:_identify(src/Piper_ros/src) by extensions ['ros']
[0.566s] Level 1:colcon.colcon_core.package_identification:_identify(src/Piper_ros/src) by extension 'ros'
[0.566s] Level 1:colcon.colcon_core.package_identification:_identify(src/Piper_ros/src) by extensions ['cmake', 'python']
[0.566s] Level 1:colcon.colcon_core.package_identification:_identify(src/Piper_ros/src) by extension 'cmake'
[0.566s] Level 1:colcon.colcon_core.package_identification:_identify(src/Piper_ros/src) by extension 'python'
[0.566s] Level 1:colcon.colcon_core.package_identification:_identify(src/Piper_ros/src) by extensions ['python_setup_py']
[0.566s] Level 1:colcon.colcon_core.package_identification:_identify(src/Piper_ros/src) by extension 'python_setup_py'
[0.567s] Level 1:colcon.colcon_core.package_identification:_identify(src/Piper_ros/src/piper) by extensions ['ignore', 'ignore_ament_install']
[0.567s] Level 1:colcon.colcon_core.package_identification:_identify(src/Piper_ros/src/piper) by extension 'ignore'
[0.567s] Level 1:colcon.colcon_core.package_identification:_identify(src/Piper_ros/src/piper) by extension 'ignore_ament_install'
[0.567s] Level 1:colcon.colcon_core.package_identification:_identify(src/Piper_ros/src/piper) by extensions ['colcon_pkg']
[0.567s] Level 1:colcon.colcon_core.package_identification:_identify(src/Piper_ros/src/piper) by extension 'colcon_pkg'
[0.567s] Level 1:colcon.colcon_core.package_identification:_identify(src/Piper_ros/src/piper) by extensions ['colcon_meta']
[0.567s] Level 1:colcon.colcon_core.package_identification:_identify(src/Piper_ros/src/piper) by extension 'colcon_meta'
[0.567s] Level 1:colcon.colcon_core.package_identification:_identify(src/Piper_ros/src/piper) by extensions ['ros']
[0.567s] Level 1:colcon.colcon_core.package_identification:_identify(src/Piper_ros/src/piper) by extension 'ros'
[0.573s] DEBUG:colcon.colcon_core.package_identification:Package 'src/Piper_ros/src/piper' with type 'ros.ament_python' and name 'piper'
[0.574s] Level 1:colcon.colcon_core.package_identification:_identify(src/Piper_ros/src/piper_description) by extensions ['ignore', 'ignore_ament_install']
[0.574s] Level 1:colcon.colcon_core.package_identification:_identify(src/Piper_ros/src/piper_description) by extension 'ignore'
[0.574s] Level 1:colcon.colcon_core.package_identification:_identify(src/Piper_ros/src/piper_description) by extension 'ignore_ament_install'
[0.574s] Level 1:colcon.colcon_core.package_identification:_identify(src/Piper_ros/src/piper_description) by extensions ['colcon_pkg']
[0.575s] Level 1:colcon.colcon_core.package_identification:_identify(src/Piper_ros/src/piper_description) by extension 'colcon_pkg'
[0.575s] Level 1:colcon.colcon_core.package_identification:_identify(src/Piper_ros/src/piper_description) by extensions ['colcon_meta']
[0.575s] Level 1:colcon.colcon_core.package_identification:_identify(src/Piper_ros/src/piper_description) by extension 'colcon_meta'
[0.575s] Level 1:colcon.colcon_core.package_identification:_identify(src/Piper_ros/src/piper_description) by extensions ['ros']
[0.575s] Level 1:colcon.colcon_core.package_identification:_identify(src/Piper_ros/src/piper_description) by extension 'ros'
[0.576s] DEBUG:colcon.colcon_core.package_identification:Package 'src/Piper_ros/src/piper_description' with type 'ros.ament_cmake' and name 'piper_description'
[0.577s] Level 1:colcon.colcon_core.package_identification:_identify(src/Piper_ros/src/piper_humble) by extensions ['ignore', 'ignore_ament_install']
[0.577s] Level 1:colcon.colcon_core.package_identification:_identify(src/Piper_ros/src/piper_humble) by extension 'ignore'
[0.577s] Level 1:colcon.colcon_core.package_identification:_identify(src/Piper_ros/src/piper_humble) by extension 'ignore_ament_install'
[0.577s] Level 1:colcon.colcon_core.package_identification:_identify(src/Piper_ros/src/piper_humble) by extensions ['colcon_pkg']
[0.577s] Level 1:colcon.colcon_core.package_identification:_identify(src/Piper_ros/src/piper_humble) by extension 'colcon_pkg'
[0.577s] Level 1:colcon.colcon_core.package_identification:_identify(src/Piper_ros/src/piper_humble) by extensions ['colcon_meta']
[0.577s] Level 1:colcon.colcon_core.package_identification:_identify(src/Piper_ros/src/piper_humble) by extension 'colcon_meta'
[0.577s] Level 1:colcon.colcon_core.package_identification:_identify(src/Piper_ros/src/piper_humble) by extensions ['ros']
[0.577s] Level 1:colcon.colcon_core.package_identification:_identify(src/Piper_ros/src/piper_humble) by extension 'ros'
[0.578s] DEBUG:colcon.colcon_core.package_identification:Package 'src/Piper_ros/src/piper_humble' with type 'ros.ament_cmake' and name 'piper_humble'
[0.579s] Level 1:colcon.colcon_core.package_identification:_identify(src/Piper_ros/src/piper_moveit) by extensions ['ignore', 'ignore_ament_install']
[0.579s] Level 1:colcon.colcon_core.package_identification:_identify(src/Piper_ros/src/piper_moveit) by extension 'ignore'
[0.579s] Level 1:colcon.colcon_core.package_identification:_identify(src/Piper_ros/src/piper_moveit) by extension 'ignore_ament_install'
[0.579s] Level 1:colcon.colcon_core.package_identification:_identify(src/Piper_ros/src/piper_moveit) by extensions ['colcon_pkg']
[0.580s] Level 1:colcon.colcon_core.package_identification:_identify(src/Piper_ros/src/piper_moveit) by extension 'colcon_pkg'
[0.580s] Level 1:colcon.colcon_core.package_identification:_identify(src/Piper_ros/src/piper_moveit) by extensions ['colcon_meta']
[0.580s] Level 1:colcon.colcon_core.package_identification:_identify(src/Piper_ros/src/piper_moveit) by extension 'colcon_meta'
[0.580s] Level 1:colcon.colcon_core.package_identification:_identify(src/Piper_ros/src/piper_moveit) by extensions ['ros']
[0.580s] Level 1:colcon.colcon_core.package_identification:_identify(src/Piper_ros/src/piper_moveit) by extension 'ros'
[0.580s] Level 1:colcon.colcon_core.package_identification:_identify(src/Piper_ros/src/piper_moveit) by extensions ['cmake', 'python']
[0.580s] Level 1:colcon.colcon_core.package_identification:_identify(src/Piper_ros/src/piper_moveit) by extension 'cmake'
[0.580s] Level 1:colcon.colcon_core.package_identification:_identify(src/Piper_ros/src/piper_moveit) by extension 'python'
[0.580s] Level 1:colcon.colcon_core.package_identification:_identify(src/Piper_ros/src/piper_moveit) by extensions ['python_setup_py']
[0.580s] Level 1:colcon.colcon_core.package_identification:_identify(src/Piper_ros/src/piper_moveit) by extension 'python_setup_py'
[0.581s] Level 1:colcon.colcon_core.package_identification:_identify(src/Piper_ros/src/piper_moveit/piper_no_gripper_moveit) by extensions ['ignore', 'ignore_ament_install']
[0.581s] Level 1:colcon.colcon_core.package_identification:_identify(src/Piper_ros/src/piper_moveit/piper_no_gripper_moveit) by extension 'ignore'
[0.581s] Level 1:colcon.colcon_core.package_identification:_identify(src/Piper_ros/src/piper_moveit/piper_no_gripper_moveit) by extension 'ignore_ament_install'
[0.581s] Level 1:colcon.colcon_core.package_identification:_identify(src/Piper_ros/src/piper_moveit/piper_no_gripper_moveit) by extensions ['colcon_pkg']
[0.581s] Level 1:colcon.colcon_core.package_identification:_identify(src/Piper_ros/src/piper_moveit/piper_no_gripper_moveit) by extension 'colcon_pkg'
[0.581s] Level 1:colcon.colcon_core.package_identification:_identify(src/Piper_ros/src/piper_moveit/piper_no_gripper_moveit) by extensions ['colcon_meta']
[0.581s] Level 1:colcon.colcon_core.package_identification:_identify(src/Piper_ros/src/piper_moveit/piper_no_gripper_moveit) by extension 'colcon_meta'
[0.581s] Level 1:colcon.colcon_core.package_identification:_identify(src/Piper_ros/src/piper_moveit/piper_no_gripper_moveit) by extensions ['ros']
[0.582s] Level 1:colcon.colcon_core.package_identification:_identify(src/Piper_ros/src/piper_moveit/piper_no_gripper_moveit) by extension 'ros'
[0.583s] DEBUG:colcon.colcon_core.package_identification:Package 'src/Piper_ros/src/piper_moveit/piper_no_gripper_moveit' with type 'ros.ament_cmake' and name 'piper_no_gripper_moveit'
[0.584s] Level 1:colcon.colcon_core.package_identification:_identify(src/Piper_ros/src/piper_moveit/piper_with_gripper_moveit) by extensions ['ignore', 'ignore_ament_install']
[0.584s] Level 1:colcon.colcon_core.package_identification:_identify(src/Piper_ros/src/piper_moveit/piper_with_gripper_moveit) by extension 'ignore'
[0.584s] Level 1:colcon.colcon_core.package_identification:_identify(src/Piper_ros/src/piper_moveit/piper_with_gripper_moveit) by extension 'ignore_ament_install'
[0.584s] Level 1:colcon.colcon_core.package_identification:_identify(src/Piper_ros/src/piper_moveit/piper_with_gripper_moveit) by extensions ['colcon_pkg']
[0.584s] Level 1:colcon.colcon_core.package_identification:_identify(src/Piper_ros/src/piper_moveit/piper_with_gripper_moveit) by extension 'colcon_pkg'
[0.584s] Level 1:colcon.colcon_core.package_identification:_identify(src/Piper_ros/src/piper_moveit/piper_with_gripper_moveit) by extensions ['colcon_meta']
[0.584s] Level 1:colcon.colcon_core.package_identification:_identify(src/Piper_ros/src/piper_moveit/piper_with_gripper_moveit) by extension 'colcon_meta'
[0.584s] Level 1:colcon.colcon_core.package_identification:_identify(src/Piper_ros/src/piper_moveit/piper_with_gripper_moveit) by extensions ['ros']
[0.584s] Level 1:colcon.colcon_core.package_identification:_identify(src/Piper_ros/src/piper_moveit/piper_with_gripper_moveit) by extension 'ros'
[0.586s] DEBUG:colcon.colcon_core.package_identification:Package 'src/Piper_ros/src/piper_moveit/piper_with_gripper_moveit' with type 'ros.ament_cmake' and name 'piper_with_gripper_moveit'
[0.586s] Level 1:colcon.colcon_core.package_identification:_identify(src/Piper_ros/src/piper_msgs) by extensions ['ignore', 'ignore_ament_install']
[0.586s] Level 1:colcon.colcon_core.package_identification:_identify(src/Piper_ros/src/piper_msgs) by extension 'ignore'
[0.587s] Level 1:colcon.colcon_core.package_identification:_identify(src/Piper_ros/src/piper_msgs) by extension 'ignore_ament_install'
[0.587s] Level 1:colcon.colcon_core.package_identification:_identify(src/Piper_ros/src/piper_msgs) by extensions ['colcon_pkg']
[0.587s] Level 1:colcon.colcon_core.package_identification:_identify(src/Piper_ros/src/piper_msgs) by extension 'colcon_pkg'
[0.587s] Level 1:colcon.colcon_core.package_identification:_identify(src/Piper_ros/src/piper_msgs) by extensions ['colcon_meta']
[0.587s] Level 1:colcon.colcon_core.package_identification:_identify(src/Piper_ros/src/piper_msgs) by extension 'colcon_meta'
[0.587s] Level 1:colcon.colcon_core.package_identification:_identify(src/Piper_ros/src/piper_msgs) by extensions ['ros']
[0.587s] Level 1:colcon.colcon_core.package_identification:_identify(src/Piper_ros/src/piper_msgs) by extension 'ros'
[0.588s] DEBUG:colcon.colcon_core.package_identification:Package 'src/Piper_ros/src/piper_msgs' with type 'ros.ament_cmake' and name 'piper_msgs'
[0.588s] Level 1:colcon.colcon_core.package_identification:_identify(src/Piper_ros/src/piper_sim) by extensions ['ignore', 'ignore_ament_install']
[0.589s] Level 1:colcon.colcon_core.package_identification:_identify(src/Piper_ros/src/piper_sim) by extension 'ignore'
[0.589s] Level 1:colcon.colcon_core.package_identification:_identify(src/Piper_ros/src/piper_sim) by extension 'ignore_ament_install'
[0.589s] Level 1:colcon.colcon_core.package_identification:_identify(src/Piper_ros/src/piper_sim) by extensions ['colcon_pkg']
[0.589s] Level 1:colcon.colcon_core.package_identification:_identify(src/Piper_ros/src/piper_sim) by extension 'colcon_pkg'
[0.589s] Level 1:colcon.colcon_core.package_identification:_identify(src/Piper_ros/src/piper_sim) by extensions ['colcon_meta']
[0.589s] Level 1:colcon.colcon_core.package_identification:_identify(src/Piper_ros/src/piper_sim) by extension 'colcon_meta'
[0.589s] Level 1:colcon.colcon_core.package_identification:_identify(src/Piper_ros/src/piper_sim) by extensions ['ros']
[0.589s] Level 1:colcon.colcon_core.package_identification:_identify(src/Piper_ros/src/piper_sim) by extension 'ros'
[0.589s] Level 1:colcon.colcon_core.package_identification:_identify(src/Piper_ros/src/piper_sim) by extensions ['cmake', 'python']
[0.589s] Level 1:colcon.colcon_core.package_identification:_identify(src/Piper_ros/src/piper_sim) by extension 'cmake'
[0.589s] Level 1:colcon.colcon_core.package_identification:_identify(src/Piper_ros/src/piper_sim) by extension 'python'
[0.590s] Level 1:colcon.colcon_core.package_identification:_identify(src/Piper_ros/src/piper_sim) by extensions ['python_setup_py']
[0.590s] Level 1:colcon.colcon_core.package_identification:_identify(src/Piper_ros/src/piper_sim) by extension 'python_setup_py'
[0.590s] Level 1:colcon.colcon_core.package_identification:_identify(src/Piper_ros/src/piper_sim/piper_gazebo) by extensions ['ignore', 'ignore_ament_install']
[0.590s] Level 1:colcon.colcon_core.package_identification:_identify(src/Piper_ros/src/piper_sim/piper_gazebo) by extension 'ignore'
[0.590s] Level 1:colcon.colcon_core.package_identification:_identify(src/Piper_ros/src/piper_sim/piper_gazebo) by extension 'ignore_ament_install'
[0.590s] Level 1:colcon.colcon_core.package_identification:_identify(src/Piper_ros/src/piper_sim/piper_gazebo) by extensions ['colcon_pkg']
[0.590s] Level 1:colcon.colcon_core.package_identification:_identify(src/Piper_ros/src/piper_sim/piper_gazebo) by extension 'colcon_pkg'
[0.590s] Level 1:colcon.colcon_core.package_identification:_identify(src/Piper_ros/src/piper_sim/piper_gazebo) by extensions ['colcon_meta']
[0.590s] Level 1:colcon.colcon_core.package_identification:_identify(src/Piper_ros/src/piper_sim/piper_gazebo) by extension 'colcon_meta'
[0.591s] Level 1:colcon.colcon_core.package_identification:_identify(src/Piper_ros/src/piper_sim/piper_gazebo) by extensions ['ros']
[0.591s] Level 1:colcon.colcon_core.package_identification:_identify(src/Piper_ros/src/piper_sim/piper_gazebo) by extension 'ros'
[0.591s] DEBUG:colcon.colcon_core.package_identification:Package 'src/Piper_ros/src/piper_sim/piper_gazebo' with type 'ros.ament_cmake' and name 'piper_gazebo'
[0.592s] Level 1:colcon.colcon_core.package_identification:_identify(src/Piper_ros/src/piper_sim/piper_mujoco) by extensions ['ignore', 'ignore_ament_install']
[0.592s] Level 1:colcon.colcon_core.package_identification:_identify(src/Piper_ros/src/piper_sim/piper_mujoco) by extension 'ignore'
[0.592s] Level 1:colcon.colcon_core.package_identification:_identify(src/Piper_ros/src/piper_sim/piper_mujoco) by extension 'ignore_ament_install'
[0.592s] Level 1:colcon.colcon_core.package_identification:_identify(src/Piper_ros/src/piper_sim/piper_mujoco) by extensions ['colcon_pkg']
[0.592s] Level 1:colcon.colcon_core.package_identification:_identify(src/Piper_ros/src/piper_sim/piper_mujoco) by extension 'colcon_pkg'
[0.592s] Level 1:colcon.colcon_core.package_identification:_identify(src/Piper_ros/src/piper_sim/piper_mujoco) by extensions ['colcon_meta']
[0.592s] Level 1:colcon.colcon_core.package_identification:_identify(src/Piper_ros/src/piper_sim/piper_mujoco) by extension 'colcon_meta'
[0.592s] Level 1:colcon.colcon_core.package_identification:_identify(src/Piper_ros/src/piper_sim/piper_mujoco) by extensions ['ros']
[0.592s] Level 1:colcon.colcon_core.package_identification:_identify(src/Piper_ros/src/piper_sim/piper_mujoco) by extension 'ros'
[0.593s] DEBUG:colcon.colcon_core.package_identification:Package 'src/Piper_ros/src/piper_sim/piper_mujoco' with type 'ros.ament_cmake' and name 'piper_mujoco'
[0.593s] Level 1:colcon.colcon_core.package_identification:_identify(src/handpose_publisher) by extensions ['ignore', 'ignore_ament_install']
[0.594s] Level 1:colcon.colcon_core.package_identification:_identify(src/handpose_publisher) by extension 'ignore'
[0.594s] Level 1:colcon.colcon_core.package_identification:_identify(src/handpose_publisher) by extension 'ignore_ament_install'
[0.594s] Level 1:colcon.colcon_core.package_identification:_identify(src/handpose_publisher) by extensions ['colcon_pkg']
[0.594s] Level 1:colcon.colcon_core.package_identification:_identify(src/handpose_publisher) by extension 'colcon_pkg'
[0.594s] Level 1:colcon.colcon_core.package_identification:_identify(src/handpose_publisher) by extensions ['colcon_meta']
[0.594s] Level 1:colcon.colcon_core.package_identification:_identify(src/handpose_publisher) by extension 'colcon_meta'
[0.594s] Level 1:colcon.colcon_core.package_identification:_identify(src/handpose_publisher) by extensions ['ros']
[0.594s] Level 1:colcon.colcon_core.package_identification:_identify(src/handpose_publisher) by extension 'ros'
[0.595s] DEBUG:colcon.colcon_core.package_identification:Package 'src/handpose_publisher' with type 'ros.ament_cmake' and name 'handpose_publisher'
[0.596s] Level 1:colcon.colcon_core.package_identification:_identify(src/handpose_visualizer) by extensions ['ignore', 'ignore_ament_install']
[0.596s] Level 1:colcon.colcon_core.package_identification:_identify(src/handpose_visualizer) by extension 'ignore'
[0.596s] Level 1:colcon.colcon_core.package_identification:_identify(src/handpose_visualizer) by extension 'ignore_ament_install'
[0.596s] Level 1:colcon.colcon_core.package_identification:_identify(src/handpose_visualizer) by extensions ['colcon_pkg']
[0.596s] Level 1:colcon.colcon_core.package_identification:_identify(src/handpose_visualizer) by extension 'colcon_pkg'
[0.596s] Level 1:colcon.colcon_core.package_identification:_identify(src/handpose_visualizer) by extensions ['colcon_meta']
[0.596s] Level 1:colcon.colcon_core.package_identification:_identify(src/handpose_visualizer) by extension 'colcon_meta'
[0.596s] Level 1:colcon.colcon_core.package_identification:_identify(src/handpose_visualizer) by extensions ['ros']
[0.596s] Level 1:colcon.colcon_core.package_identification:_identify(src/handpose_visualizer) by extension 'ros'
[0.597s] DEBUG:colcon.colcon_core.package_identification:Failed to parse potential ROS package manifest in'src/handpose_visualizer': Error(s) in package 'src/handpose_visualizer/package.xml':
The manifest contains invalid XML:
no element found: line 1, column 0
[0.597s] Level 1:colcon.colcon_core.package_identification:_identify(src/handpose_visualizer) by extensions ['cmake', 'python']
[0.597s] Level 1:colcon.colcon_core.package_identification:_identify(src/handpose_visualizer) by extension 'cmake'
[0.597s] Level 1:colcon.colcon_core.package_identification:_identify(src/handpose_visualizer) by extension 'python'
[0.597s] DEBUG:colcon.colcon_core.package_identification:Python package in 'src/handpose_visualizer' passes arguments to the setup() function which requires a different identification extension than 'python'
[0.597s] Level 1:colcon.colcon_core.package_identification:_identify(src/handpose_visualizer) by extensions ['python_setup_py']
[0.597s] Level 1:colcon.colcon_core.package_identification:_identify(src/handpose_visualizer) by extension 'python_setup_py'
[1.118s] DEBUG:colcon.colcon_core.package_identification:Package 'src/handpose_visualizer' with type 'python' and name 'handpose_visualizer'
[1.119s] Level 1:colcon.colcon_core.package_identification:_identify(src/piper_handpose_controller) by extensions ['ignore', 'ignore_ament_install']
[1.119s] Level 1:colcon.colcon_core.package_identification:_identify(src/piper_handpose_controller) by extension 'ignore'
[1.120s] Level 1:colcon.colcon_core.package_identification:_identify(src/piper_handpose_controller) by extension 'ignore_ament_install'
[1.120s] Level 1:colcon.colcon_core.package_identification:_identify(src/piper_handpose_controller) by extensions ['colcon_pkg']
[1.120s] Level 1:colcon.colcon_core.package_identification:_identify(src/piper_handpose_controller) by extension 'colcon_pkg'
[1.120s] Level 1:colcon.colcon_core.package_identification:_identify(src/piper_handpose_controller) by extensions ['colcon_meta']
[1.120s] Level 1:colcon.colcon_core.package_identification:_identify(src/piper_handpose_controller) by extension 'colcon_meta'
[1.120s] Level 1:colcon.colcon_core.package_identification:_identify(src/piper_handpose_controller) by extensions ['ros']
[1.120s] Level 1:colcon.colcon_core.package_identification:_identify(src/piper_handpose_controller) by extension 'ros'
[1.123s] DEBUG:colcon.colcon_core.package_identification:Package 'src/piper_handpose_controller' with type 'ros.ament_python' and name 'piper_handpose_controller'
[1.123s] Level 1:colcon.colcon_core.package_discovery:discover_packages(recursive) using defaults
[1.123s] Level 1:colcon.colcon_core.package_discovery:discover_packages(ignore) discover
[1.124s] Level 1:colcon.colcon_core.package_discovery:discover_packages(ignore) using defaults
[1.124s] Level 1:colcon.colcon_core.package_discovery:discover_packages(path) discover
[1.124s] Level 1:colcon.colcon_core.package_discovery:discover_packages(path) using defaults
[1.202s] INFO:colcon.colcon_core.package_selection:Skipping not selected package 'handpose_publisher' in 'src/handpose_publisher'
[1.203s] INFO:colcon.colcon_core.package_selection:Skipping not selected package 'handpose_visualizer' in 'src/handpose_visualizer'
[1.203s] INFO:colcon.colcon_core.package_selection:Skipping not selected package 'piper' in 'src/Piper_ros/src/piper'
[1.203s] INFO:colcon.colcon_core.package_selection:Skipping not selected package 'piper_description' in 'src/Piper_ros/src/piper_description'
[1.203s] INFO:colcon.colcon_core.package_selection:Skipping not selected package 'piper_gazebo' in 'src/Piper_ros/src/piper_sim/piper_gazebo'
[1.203s] INFO:colcon.colcon_core.package_selection:Skipping not selected package 'piper_humble' in 'src/Piper_ros/src/piper_humble'
[1.203s] INFO:colcon.colcon_core.package_selection:Skipping not selected package 'piper_mujoco' in 'src/Piper_ros/src/piper_sim/piper_mujoco'
[1.203s] INFO:colcon.colcon_core.package_selection:Skipping not selected package 'piper_handpose_controller' in 'src/piper_handpose_controller'
[1.203s] INFO:colcon.colcon_core.package_selection:Skipping not selected package 'piper_no_gripper_moveit' in 'src/Piper_ros/src/piper_moveit/piper_no_gripper_moveit'
[1.203s] INFO:colcon.colcon_core.package_selection:Skipping not selected package 'piper_with_gripper_moveit' in 'src/Piper_ros/src/piper_moveit/piper_with_gripper_moveit'
[1.204s] Level 1:colcon.colcon_core.package_discovery:discover_packages(prefix_path) check parameters
[1.204s] Level 1:colcon.colcon_core.package_discovery:discover_packages(prefix_path) discover
[1.207s] DEBUG:colcon.colcon_installed_package_information.package_discovery:Found 2 installed packages in /home/yue/robot/install
[1.210s] DEBUG:colcon.colcon_installed_package_information.package_discovery:Found 313 installed packages in /opt/ros/humble
[1.212s] Level 1:colcon.colcon_core.package_discovery:discover_packages(prefix_path) using defaults
[1.288s] Level 5:colcon.colcon_core.verb:set package 'piper_msgs' build argument 'cmake_args' from command line to 'None'
[1.288s] Level 5:colcon.colcon_core.verb:set package 'piper_msgs' build argument 'cmake_target' from command line to 'None'
[1.288s] Level 5:colcon.colcon_core.verb:set package 'piper_msgs' build argument 'cmake_target_skip_unavailable' from command line to 'False'
[1.289s] Level 5:colcon.colcon_core.verb:set package 'piper_msgs' build argument 'cmake_clean_cache' from command line to 'False'
[1.289s] Level 5:colcon.colcon_core.verb:set package 'piper_msgs' build argument 'cmake_clean_first' from command line to 'False'
[1.289s] Level 5:colcon.colcon_core.verb:set package 'piper_msgs' build argument 'cmake_force_configure' from command line to 'False'
[1.289s] Level 5:colcon.colcon_core.verb:set package 'piper_msgs' build argument 'ament_cmake_args' from command line to 'None'
[1.289s] Level 5:colcon.colcon_core.verb:set package 'piper_msgs' build argument 'catkin_cmake_args' from command line to 'None'
[1.289s] Level 5:colcon.colcon_core.verb:set package 'piper_msgs' build argument 'catkin_skip_building_tests' from command line to 'False'
[1.289s] DEBUG:colcon.colcon_core.verb:Building package 'piper_msgs' with the following arguments: {'ament_cmake_args': None, 'build_base': '/home/yue/robot/build/piper_msgs', 'catkin_cmake_args': None, 'catkin_skip_building_tests': False, 'cmake_args': None, 'cmake_clean_cache': False, 'cmake_clean_first': False, 'cmake_force_configure': False, 'cmake_target': None, 'cmake_target_skip_unavailable': False, 'install_base': '/home/yue/robot/install/piper_msgs', 'merge_install': False, 'path': '/home/yue/robot/src/Piper_ros/src/piper_msgs', 'symlink_install': False, 'test_result_base': None}
[1.289s] INFO:colcon.colcon_core.executor:Executing jobs using 'parallel' executor
[1.291s] DEBUG:colcon.colcon_parallel_executor.executor.parallel:run_until_complete
[1.292s] INFO:colcon.colcon_ros.task.ament_cmake.build:Building ROS package in '/home/yue/robot/src/Piper_ros/src/piper_msgs' with build type 'ament_cmake'
[1.292s] INFO:colcon.colcon_cmake.task.cmake.build:Building CMake package in '/home/yue/robot/src/Piper_ros/src/piper_msgs'
[1.296s] INFO:colcon.colcon_core.plugin_system:Skipping extension 'colcon_core.shell.bat': Not used on non-Windows systems
[1.297s] INFO:colcon.colcon_core.shell:Skip shell extension 'powershell' for command environment: Not usable outside of PowerShell
[1.297s] DEBUG:colcon.colcon_core.shell:Skip shell extension 'dsv' for command environment
[1.342s] DEBUG:colcon.colcon_core.event_handler.log_command:Invoking command in '/home/yue/robot/build/piper_msgs': CMAKE_PREFIX_PATH=${CMAKE_PREFIX_PATH}:/opt/ros/humble /usr/bin/cmake /home/yue/robot/src/Piper_ros/src/piper_msgs -DCMAKE_INSTALL_PREFIX=/home/yue/robot/install/piper_msgs
[5.640s] DEBUG:colcon.colcon_core.event_handler.log_command:Invoked command in '/home/yue/robot/build/piper_msgs' returned '0': CMAKE_PREFIX_PATH=${CMAKE_PREFIX_PATH}:/opt/ros/humble /usr/bin/cmake /home/yue/robot/src/Piper_ros/src/piper_msgs -DCMAKE_INSTALL_PREFIX=/home/yue/robot/install/piper_msgs
[5.646s] DEBUG:colcon.colcon_core.event_handler.log_command:Invoking command in '/home/yue/robot/build/piper_msgs': CMAKE_PREFIX_PATH=${CMAKE_PREFIX_PATH}:/opt/ros/humble /usr/bin/cmake --build /home/yue/robot/build/piper_msgs -- -j6 -l6
[12.598s] DEBUG:colcon.colcon_core.event_handler.log_command:Invoked command in '/home/yue/robot/build/piper_msgs' returned '0': CMAKE_PREFIX_PATH=${CMAKE_PREFIX_PATH}:/opt/ros/humble /usr/bin/cmake --build /home/yue/robot/build/piper_msgs -- -j6 -l6
[12.623s] DEBUG:colcon.colcon_core.event_handler.log_command:Invoking command in '/home/yue/robot/build/piper_msgs': CMAKE_PREFIX_PATH=${CMAKE_PREFIX_PATH}:/opt/ros/humble /usr/bin/cmake --install /home/yue/robot/build/piper_msgs
[12.856s] Level 1:colcon.colcon_core.environment:create_environment_scripts_only(piper_msgs)
[12.859s] DEBUG:colcon.colcon_core.event_handler.log_command:Invoked command in '/home/yue/robot/build/piper_msgs' returned '0': CMAKE_PREFIX_PATH=${CMAKE_PREFIX_PATH}:/opt/ros/humble /usr/bin/cmake --install /home/yue/robot/build/piper_msgs
[12.869s] Level 1:colcon.colcon_core.environment:checking '/home/yue/robot/install/piper_msgs' for CMake module files
[12.872s] Level 1:colcon.colcon_core.environment:checking '/home/yue/robot/install/piper_msgs' for CMake config files
[12.874s] Level 1:colcon.colcon_core.shell:create_environment_hook('piper_msgs', 'cmake_prefix_path')
[12.875s] INFO:colcon.colcon_core.shell:Creating environment hook '/home/yue/robot/install/piper_msgs/share/piper_msgs/hook/cmake_prefix_path.ps1'
[12.878s] INFO:colcon.colcon_core.shell:Creating environment descriptor '/home/yue/robot/install/piper_msgs/share/piper_msgs/hook/cmake_prefix_path.dsv'
[12.879s] INFO:colcon.colcon_core.shell:Creating environment hook '/home/yue/robot/install/piper_msgs/share/piper_msgs/hook/cmake_prefix_path.sh'
[12.881s] Level 1:colcon.colcon_core.environment:checking '/home/yue/robot/install/piper_msgs/lib'
[12.882s] Level 1:colcon.colcon_core.shell:create_environment_hook('piper_msgs', 'ld_library_path_lib')
[12.882s] INFO:colcon.colcon_core.shell:Creating environment hook '/home/yue/robot/install/piper_msgs/share/piper_msgs/hook/ld_library_path_lib.ps1'
[12.884s] INFO:colcon.colcon_core.shell:Creating environment descriptor '/home/yue/robot/install/piper_msgs/share/piper_msgs/hook/ld_library_path_lib.dsv'
[12.885s] INFO:colcon.colcon_core.shell:Creating environment hook '/home/yue/robot/install/piper_msgs/share/piper_msgs/hook/ld_library_path_lib.sh'
[12.886s] Level 1:colcon.colcon_core.environment:checking '/home/yue/robot/install/piper_msgs/bin'
[12.887s] Level 1:colcon.colcon_core.environment:checking '/home/yue/robot/install/piper_msgs/lib/pkgconfig/piper_msgs.pc'
[12.888s] Level 1:colcon.colcon_core.environment:checking '/home/yue/robot/install/piper_msgs/lib/python3.10/site-packages'
[12.888s] Level 1:colcon.colcon_core.environment:checking '/home/yue/robot/install/piper_msgs/bin'
[12.890s] INFO:colcon.colcon_core.shell:Creating package script '/home/yue/robot/install/piper_msgs/share/piper_msgs/package.ps1'
[12.893s] INFO:colcon.colcon_core.shell:Creating package descriptor '/home/yue/robot/install/piper_msgs/share/piper_msgs/package.dsv'
[12.894s] INFO:colcon.colcon_core.shell:Creating package script '/home/yue/robot/install/piper_msgs/share/piper_msgs/package.sh'
[12.904s] INFO:colcon.colcon_core.shell:Creating package script '/home/yue/robot/install/piper_msgs/share/piper_msgs/package.bash'
[12.909s] INFO:colcon.colcon_core.shell:Creating package script '/home/yue/robot/install/piper_msgs/share/piper_msgs/package.zsh'
[12.912s] Level 1:colcon.colcon_core.environment:create_file_with_runtime_dependencies(/home/yue/robot/install/piper_msgs/share/colcon-core/packages/piper_msgs)
[12.915s] Level 1:colcon.colcon_core.environment:create_environment_scripts_only(piper_msgs)
[12.916s] Level 1:colcon.colcon_core.environment:checking '/home/yue/robot/install/piper_msgs' for CMake module files
[12.918s] Level 1:colcon.colcon_core.environment:checking '/home/yue/robot/install/piper_msgs' for CMake config files
[12.920s] Level 1:colcon.colcon_core.shell:create_environment_hook('piper_msgs', 'cmake_prefix_path')
[12.920s] INFO:colcon.colcon_core.shell:Creating environment hook '/home/yue/robot/install/piper_msgs/share/piper_msgs/hook/cmake_prefix_path.ps1'
[12.922s] INFO:colcon.colcon_core.shell:Creating environment descriptor '/home/yue/robot/install/piper_msgs/share/piper_msgs/hook/cmake_prefix_path.dsv'
[12.923s] INFO:colcon.colcon_core.shell:Creating environment hook '/home/yue/robot/install/piper_msgs/share/piper_msgs/hook/cmake_prefix_path.sh'
[12.925s] Level 1:colcon.colcon_core.environment:checking '/home/yue/robot/install/piper_msgs/lib'
[12.925s] Level 1:colcon.colcon_core.shell:create_environment_hook('piper_msgs', 'ld_library_path_lib')
[12.926s] INFO:colcon.colcon_core.shell:Creating environment hook '/home/yue/robot/install/piper_msgs/share/piper_msgs/hook/ld_library_path_lib.ps1'
[12.927s] INFO:colcon.colcon_core.shell:Creating environment descriptor '/home/yue/robot/install/piper_msgs/share/piper_msgs/hook/ld_library_path_lib.dsv'
[12.928s] INFO:colcon.colcon_core.shell:Creating environment hook '/home/yue/robot/install/piper_msgs/share/piper_msgs/hook/ld_library_path_lib.sh'
[12.930s] Level 1:colcon.colcon_core.environment:checking '/home/yue/robot/install/piper_msgs/bin'
[12.930s] Level 1:colcon.colcon_core.environment:checking '/home/yue/robot/install/piper_msgs/lib/pkgconfig/piper_msgs.pc'
[12.931s] Level 1:colcon.colcon_core.environment:checking '/home/yue/robot/install/piper_msgs/lib/python3.10/site-packages'
[12.931s] Level 1:colcon.colcon_core.environment:checking '/home/yue/robot/install/piper_msgs/bin'
[12.932s] INFO:colcon.colcon_core.shell:Creating package script '/home/yue/robot/install/piper_msgs/share/piper_msgs/package.ps1'
[12.934s] INFO:colcon.colcon_core.shell:Creating package descriptor '/home/yue/robot/install/piper_msgs/share/piper_msgs/package.dsv'
[12.936s] INFO:colcon.colcon_core.shell:Creating package script '/home/yue/robot/install/piper_msgs/share/piper_msgs/package.sh'
[12.937s] INFO:colcon.colcon_core.shell:Creating package script '/home/yue/robot/install/piper_msgs/share/piper_msgs/package.bash'
[12.938s] INFO:colcon.colcon_core.shell:Creating package script '/home/yue/robot/install/piper_msgs/share/piper_msgs/package.zsh'
[12.939s] Level 1:colcon.colcon_core.environment:create_file_with_runtime_dependencies(/home/yue/robot/install/piper_msgs/share/colcon-core/packages/piper_msgs)
[12.939s] DEBUG:colcon.colcon_parallel_executor.executor.parallel:closing loop
[12.940s] DEBUG:colcon.colcon_parallel_executor.executor.parallel:loop closed
[12.940s] DEBUG:colcon.colcon_parallel_executor.executor.parallel:run_until_complete finished with '0'
[12.941s] DEBUG:colcon.colcon_core.event_reactor:joining thread
[12.964s] INFO:colcon.colcon_core.plugin_system:Skipping extension 'colcon_notification.desktop_notification.terminal_notifier': Not used on non-Darwin systems
[12.965s] INFO:colcon.colcon_core.plugin_system:Skipping extension 'colcon_notification.desktop_notification.win32': Not used on non-Windows systems
[12.965s] INFO:colcon.colcon_notification.desktop_notification:Sending desktop notification using 'notify2'
[13.010s] DEBUG:colcon.colcon_core.event_reactor:joined thread
[13.011s] INFO:colcon.colcon_core.shell:Creating prefix script '/home/yue/robot/install/local_setup.ps1'
[13.015s] INFO:colcon.colcon_core.shell:Creating prefix util module '/home/yue/robot/install/_local_setup_util_ps1.py'
[13.018s] INFO:colcon.colcon_core.shell:Creating prefix chain script '/home/yue/robot/install/setup.ps1'
[13.021s] INFO:colcon.colcon_core.shell:Creating prefix script '/home/yue/robot/install/local_setup.sh'
[13.023s] INFO:colcon.colcon_core.shell:Creating prefix util module '/home/yue/robot/install/_local_setup_util_sh.py'
[13.025s] INFO:colcon.colcon_core.shell:Creating prefix chain script '/home/yue/robot/install/setup.sh'
[13.027s] INFO:colcon.colcon_core.shell:Creating prefix script '/home/yue/robot/install/local_setup.bash'
[13.029s] INFO:colcon.colcon_core.shell:Creating prefix chain script '/home/yue/robot/install/setup.bash'
[13.031s] INFO:colcon.colcon_core.shell:Creating prefix script '/home/yue/robot/install/local_setup.zsh'
[13.033s] INFO:colcon.colcon_core.shell:Creating prefix chain script '/home/yue/robot/install/setup.zsh'
