running egg_info
creating ../../build/piper_handpose_controller/piper_handpose_controller.egg-info
writing ../../build/piper_handpose_controller/piper_handpose_controller.egg-info/PKG-INFO
writing dependency_links to ../../build/piper_handpose_controller/piper_handpose_controller.egg-info/dependency_links.txt
writing entry points to ../../build/piper_handpose_controller/piper_handpose_controller.egg-info/entry_points.txt
writing requirements to ../../build/piper_handpose_controller/piper_handpose_controller.egg-info/requires.txt
writing top-level names to ../../build/piper_handpose_controller/piper_handpose_controller.egg-info/top_level.txt
writing manifest file '../../build/piper_handpose_controller/piper_handpose_controller.egg-info/SOURCES.txt'
reading manifest file '../../build/piper_handpose_controller/piper_handpose_controller.egg-info/SOURCES.txt'
writing manifest file '../../build/piper_handpose_controller/piper_handpose_controller.egg-info/SOURCES.txt'
running build
running build_py
creating /home/yue/robot/build/piper_handpose_controller/build
creating /home/yue/robot/build/piper_handpose_controller/build/lib
creating /home/yue/robot/build/piper_handpose_controller/build/lib/piper_handpose_controller
copying piper_handpose_controller/__init__.py -> /home/yue/robot/build/piper_handpose_controller/build/lib/piper_handpose_controller
copying piper_handpose_controller/handpose_controller.py -> /home/yue/robot/build/piper_handpose_controller/build/lib/piper_handpose_controller
running install
running install_lib
creating /home/yue/robot/install/piper_handpose_controller/lib/python3.10/site-packages/piper_handpose_controller
copying /home/yue/robot/build/piper_handpose_controller/build/lib/piper_handpose_controller/__init__.py -> /home/yue/robot/install/piper_handpose_controller/lib/python3.10/site-packages/piper_handpose_controller
copying /home/yue/robot/build/piper_handpose_controller/build/lib/piper_handpose_controller/handpose_controller.py -> /home/yue/robot/install/piper_handpose_controller/lib/python3.10/site-packages/piper_handpose_controller
byte-compiling /home/yue/robot/install/piper_handpose_controller/lib/python3.10/site-packages/piper_handpose_controller/__init__.py to __init__.cpython-310.pyc
byte-compiling /home/yue/robot/install/piper_handpose_controller/lib/python3.10/site-packages/piper_handpose_controller/handpose_controller.py to handpose_controller.cpython-310.pyc
running install_data
creating /home/yue/robot/install/piper_handpose_controller/share/ament_index
creating /home/yue/robot/install/piper_handpose_controller/share/ament_index/resource_index
creating /home/yue/robot/install/piper_handpose_controller/share/ament_index/resource_index/packages
copying resource/piper_handpose_controller -> /home/yue/robot/install/piper_handpose_controller/share/ament_index/resource_index/packages
copying package.xml -> /home/yue/robot/install/piper_handpose_controller/share/piper_handpose_controller
running install_egg_info
Copying ../../build/piper_handpose_controller/piper_handpose_controller.egg-info to /home/yue/robot/install/piper_handpose_controller/lib/python3.10/site-packages/piper_handpose_controller-0.0.0-py3.10.egg-info
running install_scripts
writing list of installed files to '/home/yue/robot/build/piper_handpose_controller/install.log'
