[1.356s] Invoking command in '/home/yue/robot/src/piper_handpose_controller': AMENT_PREFIX_PATH=/home/yue/robot/install/piper_msgs:${AMENT_PREFIX_PATH} CMAKE_PREFIX_PATH=/home/yue/robot/install/piper_msgs:${CMAKE_PREFIX_PATH} LD_LIBRARY_PATH=/home/yue/robot/install/piper_msgs/lib:${LD_LIBRARY_PATH} PYTHONPATH=/home/yue/robot/build/piper_handpose_controller/prefix_override:/usr/lib/python3/dist-packages/colcon_core/task/python/colcon_distutils_commands:/home/yue/robot/install/piper_handpose_controller/lib/python3.10/site-packages:/home/yue/robot/install/piper_msgs/local/lib/python3.10/dist-packages:${PYTHONPATH} /usr/bin/python3 -W ignore:setup.py install is deprecated -W ignore:easy_install command is deprecated setup.py egg_info --egg-base ../../build/piper_handpose_controller build --build-base /home/yue/robot/build/piper_handpose_controller/build install --record /home/yue/robot/build/piper_handpose_controller/install.log --single-version-externally-managed install_data
[1.864s] running egg_info
[1.864s] creating ../../build/piper_handpose_controller/piper_handpose_controller.egg-info
[1.865s] writing ../../build/piper_handpose_controller/piper_handpose_controller.egg-info/PKG-INFO
[1.865s] writing dependency_links to ../../build/piper_handpose_controller/piper_handpose_controller.egg-info/dependency_links.txt
[1.866s] writing entry points to ../../build/piper_handpose_controller/piper_handpose_controller.egg-info/entry_points.txt
[1.866s] writing requirements to ../../build/piper_handpose_controller/piper_handpose_controller.egg-info/requires.txt
[1.867s] writing top-level names to ../../build/piper_handpose_controller/piper_handpose_controller.egg-info/top_level.txt
[1.867s] writing manifest file '../../build/piper_handpose_controller/piper_handpose_controller.egg-info/SOURCES.txt'
[1.870s] reading manifest file '../../build/piper_handpose_controller/piper_handpose_controller.egg-info/SOURCES.txt'
[1.871s] writing manifest file '../../build/piper_handpose_controller/piper_handpose_controller.egg-info/SOURCES.txt'
[1.872s] running build
[1.872s] running build_py
[1.872s] creating /home/yue/robot/build/piper_handpose_controller/build
[1.873s] creating /home/yue/robot/build/piper_handpose_controller/build/lib
[1.873s] creating /home/yue/robot/build/piper_handpose_controller/build/lib/piper_handpose_controller
[1.873s] copying piper_handpose_controller/__init__.py -> /home/yue/robot/build/piper_handpose_controller/build/lib/piper_handpose_controller
[1.873s] copying piper_handpose_controller/handpose_controller.py -> /home/yue/robot/build/piper_handpose_controller/build/lib/piper_handpose_controller
[1.874s] running install
[1.874s] running install_lib
[1.874s] creating /home/yue/robot/install/piper_handpose_controller/lib/python3.10/site-packages/piper_handpose_controller
[1.875s] copying /home/yue/robot/build/piper_handpose_controller/build/lib/piper_handpose_controller/__init__.py -> /home/yue/robot/install/piper_handpose_controller/lib/python3.10/site-packages/piper_handpose_controller
[1.875s] copying /home/yue/robot/build/piper_handpose_controller/build/lib/piper_handpose_controller/handpose_controller.py -> /home/yue/robot/install/piper_handpose_controller/lib/python3.10/site-packages/piper_handpose_controller
[1.876s] byte-compiling /home/yue/robot/install/piper_handpose_controller/lib/python3.10/site-packages/piper_handpose_controller/__init__.py to __init__.cpython-310.pyc
[1.876s] byte-compiling /home/yue/robot/install/piper_handpose_controller/lib/python3.10/site-packages/piper_handpose_controller/handpose_controller.py to handpose_controller.cpython-310.pyc
[1.876s] running install_data
[1.877s] creating /home/yue/robot/install/piper_handpose_controller/share/ament_index
[1.877s] creating /home/yue/robot/install/piper_handpose_controller/share/ament_index/resource_index
[1.877s] creating /home/yue/robot/install/piper_handpose_controller/share/ament_index/resource_index/packages
[1.878s] copying resource/piper_handpose_controller -> /home/yue/robot/install/piper_handpose_controller/share/ament_index/resource_index/packages
[1.878s] copying package.xml -> /home/yue/robot/install/piper_handpose_controller/share/piper_handpose_controller
[1.878s] running install_egg_info
[1.881s] Copying ../../build/piper_handpose_controller/piper_handpose_controller.egg-info to /home/yue/robot/install/piper_handpose_controller/lib/python3.10/site-packages/piper_handpose_controller-0.0.0-py3.10.egg-info
[1.882s] running install_scripts
[1.924s] writing list of installed files to '/home/yue/robot/build/piper_handpose_controller/install.log'
[1.991s] Invoked command in '/home/yue/robot/src/piper_handpose_controller' returned '0': AMENT_PREFIX_PATH=/home/yue/robot/install/piper_msgs:${AMENT_PREFIX_PATH} CMAKE_PREFIX_PATH=/home/yue/robot/install/piper_msgs:${CMAKE_PREFIX_PATH} LD_LIBRARY_PATH=/home/yue/robot/install/piper_msgs/lib:${LD_LIBRARY_PATH} PYTHONPATH=/home/yue/robot/build/piper_handpose_controller/prefix_override:/usr/lib/python3/dist-packages/colcon_core/task/python/colcon_distutils_commands:/home/yue/robot/install/piper_handpose_controller/lib/python3.10/site-packages:/home/yue/robot/install/piper_msgs/local/lib/python3.10/dist-packages:${PYTHONPATH} /usr/bin/python3 -W ignore:setup.py install is deprecated -W ignore:easy_install command is deprecated setup.py egg_info --egg-base ../../build/piper_handpose_controller build --build-base /home/yue/robot/build/piper_handpose_controller/build install --record /home/yue/robot/build/piper_handpose_controller/install.log --single-version-externally-managed install_data
