[0.601s] Invoking command in '/home/yue/robot/build/piper_description': CMAKE_PREFIX_PATH=${CMAKE_PREFIX_PATH}:/opt/ros/humble /usr/bin/cmake /home/yue/robot/src/Piper_ros/src/piper_description -DCMAKE_INSTALL_PREFIX=/home/yue/robot/install/piper_description
[0.740s] -- The C compiler identification is GNU 11.4.0
[0.883s] -- The CXX compiler identification is GNU 11.4.0
[0.895s] -- Detecting C compiler ABI info
[1.039s] -- Detecting C compiler ABI info - done
[1.076s] -- Check for working C compiler: /usr/bin/cc - skipped
[1.076s] -- Detecting C compile features
[1.077s] -- Detecting C compile features - done
[1.083s] -- Detecting CXX compiler ABI info
[1.251s] -- Detecting CXX compiler ABI info - done
[1.267s] -- Check for working CXX compiler: /usr/bin/c++ - skipped
[1.267s] -- Detecting CXX compile features
[1.269s] -- Detecting CXX compile features - done
[1.273s] -- Found ament_cmake: 1.3.12 (/opt/ros/humble/share/ament_cmake/cmake)
[1.646s] -- Found Python3: /usr/bin/python3 (found version "3.10.12") found components: Interpreter 
[1.849s] -- Found ament_lint_auto: 0.12.14 (/opt/ros/humble/share/ament_lint_auto/cmake)
[2.070s] -- Added test 'copyright' to check source files copyright and LICENSE
[2.078s] -- Added test 'flake8' to check Python code syntax and style conventions
[2.080s] -- Added test 'lint_cmake' to check CMake code style
[2.081s] -- Added test 'pep257' to check Python code against some of the docstring style conventions in PEP 257
[2.092s] -- Added test 'xmllint' to check XML markup files
[2.093s] -- Configuring done
[2.099s] -- Generating done
[2.103s] -- Build files have been written to: /home/yue/robot/build/piper_description
[2.117s] Invoked command in '/home/yue/robot/build/piper_description' returned '0': CMAKE_PREFIX_PATH=${CMAKE_PREFIX_PATH}:/opt/ros/humble /usr/bin/cmake /home/yue/robot/src/Piper_ros/src/piper_description -DCMAKE_INSTALL_PREFIX=/home/yue/robot/install/piper_description
[2.117s] Invoking command in '/home/yue/robot/build/piper_description': CMAKE_PREFIX_PATH=${CMAKE_PREFIX_PATH}:/opt/ros/humble /usr/bin/cmake --build /home/yue/robot/build/piper_description -- -j6 -l6
[2.224s] Invoked command in '/home/yue/robot/build/piper_description' returned '0': CMAKE_PREFIX_PATH=${CMAKE_PREFIX_PATH}:/opt/ros/humble /usr/bin/cmake --build /home/yue/robot/build/piper_description -- -j6 -l6
[2.225s] Invoking command in '/home/yue/robot/build/piper_description': CMAKE_PREFIX_PATH=${CMAKE_PREFIX_PATH}:/opt/ros/humble /usr/bin/cmake --install /home/yue/robot/build/piper_description
[2.245s] -- Install configuration: ""
[2.246s] -- Installing: /home/yue/robot/install/piper_description/share/piper_description/launch
[2.246s] -- Installing: /home/yue/robot/install/piper_description/share/piper_description/launch/piper_no_gripper
[2.246s] -- Installing: /home/yue/robot/install/piper_description/share/piper_description/launch/piper_no_gripper/display_no_gripper_urdf.launch.py
[2.247s] -- Installing: /home/yue/robot/install/piper_description/share/piper_description/launch/piper_no_gripper/display_no_gripper_urdf_follow.launch.py
[2.247s] -- Installing: /home/yue/robot/install/piper_description/share/piper_description/launch/piper_no_gripper/display_no_gripper_xacro.launch.py
[2.248s] -- Installing: /home/yue/robot/install/piper_description/share/piper_description/launch/piper_with_teach
[2.249s] -- Installing: /home/yue/robot/install/piper_description/share/piper_description/launch/piper_with_teach/display_with_teach_urdf.launch.py
[2.250s] -- Installing: /home/yue/robot/install/piper_description/share/piper_description/launch/piper_with_gripper
[2.250s] -- Installing: /home/yue/robot/install/piper_description/share/piper_description/launch/piper_with_gripper/display_urdf.launch.py
[2.252s] -- Installing: /home/yue/robot/install/piper_description/share/piper_description/launch/piper_with_gripper/display_xacro.launch.py
[2.253s] -- Installing: /home/yue/robot/install/piper_description/share/piper_description/launch/piper_with_gripper/display_urdf_follow.launch.py
[2.253s] -- Installing: /home/yue/robot/install/piper_description/share/piper_description/meshes
[2.253s] -- Installing: /home/yue/robot/install/piper_description/share/piper_description/meshes/link2.STL
[2.314s] -- Installing: /home/yue/robot/install/piper_description/share/piper_description/meshes/teach_link7.STL
[2.315s] -- Installing: /home/yue/robot/install/piper_description/share/piper_description/meshes/gripper_base.STL
[2.315s] -- Installing: /home/yue/robot/install/piper_description/share/piper_description/meshes/link5.STL
[2.315s] -- Installing: /home/yue/robot/install/piper_description/share/piper_description/meshes/teach_link8.STL
[2.315s] -- Installing: /home/yue/robot/install/piper_description/share/piper_description/meshes/link8.STL
[2.315s] -- Installing: /home/yue/robot/install/piper_description/share/piper_description/meshes/teach_base.STL
[2.332s] -- Installing: /home/yue/robot/install/piper_description/share/piper_description/meshes/base_link.STL
[2.332s] -- Installing: /home/yue/robot/install/piper_description/share/piper_description/meshes/link4.STL
[2.332s] -- Installing: /home/yue/robot/install/piper_description/share/piper_description/meshes/link7.STL
[2.332s] -- Installing: /home/yue/robot/install/piper_description/share/piper_description/meshes/link6.STL
[2.334s] -- Installing: /home/yue/robot/install/piper_description/share/piper_description/meshes/link1.STL
[2.334s] -- Installing: /home/yue/robot/install/piper_description/share/piper_description/meshes/link3.STL
[2.345s] -- Installing: /home/yue/robot/install/piper_description/share/piper_description/rviz
[2.346s] -- Installing: /home/yue/robot/install/piper_description/share/piper_description/rviz/piper_ctrl.rviz
[2.368s] -- Installing: /home/yue/robot/install/piper_description/share/piper_description/rviz/piper_no_gripper.rviz
[2.389s] -- Installing: /home/yue/robot/install/piper_description/share/piper_description/urdf
[2.389s] -- Installing: /home/yue/robot/install/piper_description/share/piper_description/urdf/piper_description_with_teach.urdf
[2.389s] -- Installing: /home/yue/robot/install/piper_description/share/piper_description/urdf/piper_no_gripper_description_gazebo.xacro
[2.390s] -- Installing: /home/yue/robot/install/piper_description/share/piper_description/urdf/piper_description_gazebo.xacro
[2.390s] -- Installing: /home/yue/robot/install/piper_description/share/piper_description/urdf/piper_description.xacro
[2.390s] -- Installing: /home/yue/robot/install/piper_description/share/piper_description/urdf/piper_description.urdf
[2.393s] -- Installing: /home/yue/robot/install/piper_description/share/piper_description/urdf/piper_no_gripper_description_old.urdf
[2.394s] -- Installing: /home/yue/robot/install/piper_description/share/piper_description/urdf/piper_no_gripper_description.xacro
[2.394s] -- Installing: /home/yue/robot/install/piper_description/share/piper_description/urdf/piper_no_gripper_description.urdf
[2.395s] -- Installing: /home/yue/robot/install/piper_description/share/piper_description/urdf/piper_description_old.urdf
[2.422s] -- Installing: /home/yue/robot/install/piper_description/share/piper_description/mujoco_model
[2.423s] -- Installing: /home/yue/robot/install/piper_description/share/piper_description/mujoco_model/piper_no_gripper_description.xml
[2.423s] -- Installing: /home/yue/robot/install/piper_description/share/piper_description/mujoco_model/piper_description.xml
[2.423s] -- Installing: /home/yue/robot/install/piper_description/share/ament_index/resource_index/package_run_dependencies/piper_description
[2.423s] -- Installing: /home/yue/robot/install/piper_description/share/ament_index/resource_index/parent_prefix_path/piper_description
[2.424s] -- Installing: /home/yue/robot/install/piper_description/share/piper_description/environment/ament_prefix_path.sh
[2.424s] -- Installing: /home/yue/robot/install/piper_description/share/piper_description/environment/ament_prefix_path.dsv
[2.424s] -- Installing: /home/yue/robot/install/piper_description/share/piper_description/environment/path.sh
[2.424s] -- Installing: /home/yue/robot/install/piper_description/share/piper_description/environment/path.dsv
[2.424s] -- Installing: /home/yue/robot/install/piper_description/share/piper_description/local_setup.bash
[2.424s] -- Installing: /home/yue/robot/install/piper_description/share/piper_description/local_setup.sh
[2.425s] -- Installing: /home/yue/robot/install/piper_description/share/piper_description/local_setup.zsh
[2.425s] -- Installing: /home/yue/robot/install/piper_description/share/piper_description/local_setup.dsv
[2.425s] -- Installing: /home/yue/robot/install/piper_description/share/piper_description/package.dsv
[2.425s] -- Installing: /home/yue/robot/install/piper_description/share/ament_index/resource_index/packages/piper_description
[2.425s] -- Installing: /home/yue/robot/install/piper_description/share/piper_description/cmake/piper_descriptionConfig.cmake
[2.425s] -- Installing: /home/yue/robot/install/piper_description/share/piper_description/cmake/piper_descriptionConfig-version.cmake
[2.426s] -- Installing: /home/yue/robot/install/piper_description/share/piper_description/package.xml
[2.426s] Invoked command in '/home/yue/robot/build/piper_description' returned '0': CMAKE_PREFIX_PATH=${CMAKE_PREFIX_PATH}:/opt/ros/humble /usr/bin/cmake --install /home/yue/robot/build/piper_description
