[0.041s] Invoking command in '/home/yue/robot/build/handpose_publisher': CMAKE_PREFIX_PATH=${CMAKE_PREFIX_PATH}:/opt/ros/humble /usr/bin/cmake --build /home/yue/robot/build/handpose_publisher -- -j6 -l6
[0.148s] [  3%] Built target handpose_publisher__cpp
[0.154s] [ 12%] Built target handpose_publisher__rosidl_generator_c
[0.175s] [ 12%] Built target ament_cmake_python_copy_handpose_publisher
[0.201s] [ 24%] Built target handpose_publisher__rosidl_typesupport_introspection_c
[0.201s] [ 30%] Built target handpose_publisher__rosidl_typesupport_cpp
[0.202s] [ 39%] Built target handpose_publisher__rosidl_typesupport_fastrtps_cpp
[0.209s] [ 48%] Built target handpose_publisher__rosidl_typesupport_introspection_cpp
[0.219s] [ 57%] Built target handpose_publisher__rosidl_typesupport_fastrtps_c
[0.224s] [ 66%] Built target handpose_publisher__rosidl_typesupport_c
[0.263s] [ 69%] Built target handpose_publisher
[0.264s] [ 72%] Built target leap_handpose_publisher
[0.300s] [ 75%] Built target handpose_publisher__py
[0.323s] [35m[1mConsolidate compiler generated dependencies of target handpose_publisher__rosidl_generator_py[0m
[0.347s] [ 81%] Built target handpose_publisher__rosidl_generator_py
[0.367s] [35m[1mConsolidate compiler generated dependencies of target handpose_publisher__rosidl_typesupport_fastrtps_c__pyext[0m
[0.368s] [35m[1mConsolidate compiler generated dependencies of target handpose_publisher__rosidl_typesupport_introspection_c__pyext[0m
[0.368s] [35m[1mConsolidate compiler generated dependencies of target handpose_publisher__rosidl_typesupport_c__pyext[0m
[0.392s] [ 93%] Built target handpose_publisher__rosidl_typesupport_introspection_c__pyext
[0.392s] [ 93%] Built target handpose_publisher__rosidl_typesupport_c__pyext
[0.392s] [100%] Built target handpose_publisher__rosidl_typesupport_fastrtps_c__pyext
[0.658s] running egg_info
[0.660s] writing handpose_publisher.egg-info/PKG-INFO
[0.660s] writing dependency_links to handpose_publisher.egg-info/dependency_links.txt
[0.661s] writing top-level names to handpose_publisher.egg-info/top_level.txt
[0.665s] reading manifest file 'handpose_publisher.egg-info/SOURCES.txt'
[0.666s] writing manifest file 'handpose_publisher.egg-info/SOURCES.txt'
[0.732s] [100%] Built target ament_cmake_python_build_handpose_publisher_egg
[0.755s] Invoked command in '/home/yue/robot/build/handpose_publisher' returned '0': CMAKE_PREFIX_PATH=${CMAKE_PREFIX_PATH}:/opt/ros/humble /usr/bin/cmake --build /home/yue/robot/build/handpose_publisher -- -j6 -l6
[0.773s] Invoking command in '/home/yue/robot/build/handpose_publisher': CMAKE_PREFIX_PATH=${CMAKE_PREFIX_PATH}:/opt/ros/humble /usr/bin/cmake --install /home/yue/robot/build/handpose_publisher
[0.788s] -- Install configuration: ""
[0.788s] -- Up-to-date: /home/yue/robot/install/handpose_publisher/share/ament_index/resource_index/rosidl_interfaces/handpose_publisher
[0.789s] -- Up-to-date: /home/yue/robot/install/handpose_publisher/include/handpose_publisher/handpose_publisher
[0.789s] -- Up-to-date: /home/yue/robot/install/handpose_publisher/include/handpose_publisher/handpose_publisher/msg
[0.789s] -- Up-to-date: /home/yue/robot/install/handpose_publisher/include/handpose_publisher/handpose_publisher/msg/detail
[0.789s] -- Up-to-date: /home/yue/robot/install/handpose_publisher/include/handpose_publisher/handpose_publisher/msg/detail/hand_flange__struct.h
[0.789s] -- Up-to-date: /home/yue/robot/install/handpose_publisher/include/handpose_publisher/handpose_publisher/msg/detail/hand_flange__functions.h
[0.789s] -- Up-to-date: /home/yue/robot/install/handpose_publisher/include/handpose_publisher/handpose_publisher/msg/detail/hand_flange__functions.c
[0.789s] -- Up-to-date: /home/yue/robot/install/handpose_publisher/include/handpose_publisher/handpose_publisher/msg/detail/hand_flange__type_support.h
[0.790s] -- Up-to-date: /home/yue/robot/install/handpose_publisher/include/handpose_publisher/handpose_publisher/msg/rosidl_generator_c__visibility_control.h
[0.790s] -- Up-to-date: /home/yue/robot/install/handpose_publisher/include/handpose_publisher/handpose_publisher/msg/hand_flange.h
[0.790s] -- Up-to-date: /home/yue/robot/install/handpose_publisher/share/handpose_publisher/environment/library_path.sh
[0.790s] -- Up-to-date: /home/yue/robot/install/handpose_publisher/share/handpose_publisher/environment/library_path.dsv
[0.790s] -- Up-to-date: /home/yue/robot/install/handpose_publisher/lib/libhandpose_publisher__rosidl_generator_c.so
[0.790s] -- Up-to-date: /home/yue/robot/install/handpose_publisher/include/handpose_publisher/handpose_publisher
[0.791s] -- Up-to-date: /home/yue/robot/install/handpose_publisher/include/handpose_publisher/handpose_publisher/msg
[0.791s] -- Up-to-date: /home/yue/robot/install/handpose_publisher/include/handpose_publisher/handpose_publisher/msg/detail
[0.791s] -- Up-to-date: /home/yue/robot/install/handpose_publisher/include/handpose_publisher/handpose_publisher/msg/detail/hand_flange__rosidl_typesupport_fastrtps_c.h
[0.791s] -- Up-to-date: /home/yue/robot/install/handpose_publisher/include/handpose_publisher/handpose_publisher/msg/rosidl_typesupport_fastrtps_c__visibility_control.h
[0.792s] -- Up-to-date: /home/yue/robot/install/handpose_publisher/lib/libhandpose_publisher__rosidl_typesupport_fastrtps_c.so
[0.792s] -- Up-to-date: /home/yue/robot/install/handpose_publisher/include/handpose_publisher/handpose_publisher
[0.792s] -- Up-to-date: /home/yue/robot/install/handpose_publisher/include/handpose_publisher/handpose_publisher/msg
[0.792s] -- Up-to-date: /home/yue/robot/install/handpose_publisher/include/handpose_publisher/handpose_publisher/msg/detail
[0.792s] -- Up-to-date: /home/yue/robot/install/handpose_publisher/include/handpose_publisher/handpose_publisher/msg/detail/hand_flange__type_support.hpp
[0.792s] -- Up-to-date: /home/yue/robot/install/handpose_publisher/include/handpose_publisher/handpose_publisher/msg/detail/hand_flange__traits.hpp
[0.793s] -- Up-to-date: /home/yue/robot/install/handpose_publisher/include/handpose_publisher/handpose_publisher/msg/detail/hand_flange__builder.hpp
[0.793s] -- Up-to-date: /home/yue/robot/install/handpose_publisher/include/handpose_publisher/handpose_publisher/msg/detail/hand_flange__struct.hpp
[0.793s] -- Up-to-date: /home/yue/robot/install/handpose_publisher/include/handpose_publisher/handpose_publisher/msg/rosidl_generator_cpp__visibility_control.hpp
[0.793s] -- Up-to-date: /home/yue/robot/install/handpose_publisher/include/handpose_publisher/handpose_publisher/msg/hand_flange.hpp
[0.793s] -- Up-to-date: /home/yue/robot/install/handpose_publisher/include/handpose_publisher/handpose_publisher
[0.793s] -- Up-to-date: /home/yue/robot/install/handpose_publisher/include/handpose_publisher/handpose_publisher/msg
[0.794s] -- Up-to-date: /home/yue/robot/install/handpose_publisher/include/handpose_publisher/handpose_publisher/msg/detail
[0.794s] -- Up-to-date: /home/yue/robot/install/handpose_publisher/include/handpose_publisher/handpose_publisher/msg/detail/hand_flange__rosidl_typesupport_fastrtps_cpp.hpp
[0.794s] -- Up-to-date: /home/yue/robot/install/handpose_publisher/include/handpose_publisher/handpose_publisher/msg/detail/dds_fastrtps
[0.794s] -- Up-to-date: /home/yue/robot/install/handpose_publisher/include/handpose_publisher/handpose_publisher/msg/rosidl_typesupport_fastrtps_cpp__visibility_control.h
[0.794s] -- Up-to-date: /home/yue/robot/install/handpose_publisher/lib/libhandpose_publisher__rosidl_typesupport_fastrtps_cpp.so
[0.794s] -- Up-to-date: /home/yue/robot/install/handpose_publisher/include/handpose_publisher/handpose_publisher
[0.794s] -- Up-to-date: /home/yue/robot/install/handpose_publisher/include/handpose_publisher/handpose_publisher/msg
[0.794s] -- Up-to-date: /home/yue/robot/install/handpose_publisher/include/handpose_publisher/handpose_publisher/msg/detail
[0.795s] -- Up-to-date: /home/yue/robot/install/handpose_publisher/include/handpose_publisher/handpose_publisher/msg/detail/hand_flange__rosidl_typesupport_introspection_c.h
[0.795s] -- Up-to-date: /home/yue/robot/install/handpose_publisher/include/handpose_publisher/handpose_publisher/msg/detail/hand_flange__type_support.c
[0.795s] -- Up-to-date: /home/yue/robot/install/handpose_publisher/include/handpose_publisher/handpose_publisher/msg/rosidl_typesupport_introspection_c__visibility_control.h
[0.795s] -- Up-to-date: /home/yue/robot/install/handpose_publisher/lib/libhandpose_publisher__rosidl_typesupport_introspection_c.so
[0.795s] -- Up-to-date: /home/yue/robot/install/handpose_publisher/lib/libhandpose_publisher__rosidl_typesupport_c.so
[0.795s] -- Up-to-date: /home/yue/robot/install/handpose_publisher/include/handpose_publisher/handpose_publisher
[0.796s] -- Up-to-date: /home/yue/robot/install/handpose_publisher/include/handpose_publisher/handpose_publisher/msg
[0.796s] -- Up-to-date: /home/yue/robot/install/handpose_publisher/include/handpose_publisher/handpose_publisher/msg/detail
[0.796s] -- Up-to-date: /home/yue/robot/install/handpose_publisher/include/handpose_publisher/handpose_publisher/msg/detail/hand_flange__rosidl_typesupport_introspection_cpp.hpp
[0.796s] -- Up-to-date: /home/yue/robot/install/handpose_publisher/include/handpose_publisher/handpose_publisher/msg/detail/hand_flange__type_support.cpp
[0.796s] -- Up-to-date: /home/yue/robot/install/handpose_publisher/lib/libhandpose_publisher__rosidl_typesupport_introspection_cpp.so
[0.797s] -- Up-to-date: /home/yue/robot/install/handpose_publisher/lib/libhandpose_publisher__rosidl_typesupport_cpp.so
[0.797s] -- Up-to-date: /home/yue/robot/install/handpose_publisher/share/handpose_publisher/environment/pythonpath.sh
[0.797s] -- Up-to-date: /home/yue/robot/install/handpose_publisher/share/handpose_publisher/environment/pythonpath.dsv
[0.797s] -- Up-to-date: /home/yue/robot/install/handpose_publisher/local/lib/python3.10/dist-packages/handpose_publisher-0.1.0-py3.10.egg-info
[0.797s] -- Installing: /home/yue/robot/install/handpose_publisher/local/lib/python3.10/dist-packages/handpose_publisher-0.1.0-py3.10.egg-info/dependency_links.txt
[0.797s] -- Installing: /home/yue/robot/install/handpose_publisher/local/lib/python3.10/dist-packages/handpose_publisher-0.1.0-py3.10.egg-info/top_level.txt
[0.797s] -- Installing: /home/yue/robot/install/handpose_publisher/local/lib/python3.10/dist-packages/handpose_publisher-0.1.0-py3.10.egg-info/PKG-INFO
[0.797s] -- Installing: /home/yue/robot/install/handpose_publisher/local/lib/python3.10/dist-packages/handpose_publisher-0.1.0-py3.10.egg-info/SOURCES.txt
[0.797s] -- Up-to-date: /home/yue/robot/install/handpose_publisher/local/lib/python3.10/dist-packages/handpose_publisher
[0.798s] -- Up-to-date: /home/yue/robot/install/handpose_publisher/local/lib/python3.10/dist-packages/handpose_publisher/libhandpose_publisher__rosidl_generator_py.so
[0.798s] -- Up-to-date: /home/yue/robot/install/handpose_publisher/local/lib/python3.10/dist-packages/handpose_publisher/handpose_publisher_s__rosidl_typesupport_introspection_c.cpython-310-aarch64-linux-gnu.so
[0.798s] -- Up-to-date: /home/yue/robot/install/handpose_publisher/local/lib/python3.10/dist-packages/handpose_publisher/_handpose_publisher_s.ep.rosidl_typesupport_introspection_c.c
[0.798s] -- Up-to-date: /home/yue/robot/install/handpose_publisher/local/lib/python3.10/dist-packages/handpose_publisher/_handpose_publisher_s.ep.rosidl_typesupport_c.c
[0.798s] -- Up-to-date: /home/yue/robot/install/handpose_publisher/local/lib/python3.10/dist-packages/handpose_publisher/__init__.py
[0.798s] -- Up-to-date: /home/yue/robot/install/handpose_publisher/local/lib/python3.10/dist-packages/handpose_publisher/_handpose_publisher_s.ep.rosidl_typesupport_fastrtps_c.c
[0.798s] -- Up-to-date: /home/yue/robot/install/handpose_publisher/local/lib/python3.10/dist-packages/handpose_publisher/handpose_publisher_s__rosidl_typesupport_c.cpython-310-aarch64-linux-gnu.so
[0.798s] -- Up-to-date: /home/yue/robot/install/handpose_publisher/local/lib/python3.10/dist-packages/handpose_publisher/handpose_publisher_s__rosidl_typesupport_fastrtps_c.cpython-310-aarch64-linux-gnu.so
[0.798s] -- Up-to-date: /home/yue/robot/install/handpose_publisher/local/lib/python3.10/dist-packages/handpose_publisher/msg
[0.799s] -- Up-to-date: /home/yue/robot/install/handpose_publisher/local/lib/python3.10/dist-packages/handpose_publisher/msg/_hand_flange_s.c
[0.799s] -- Up-to-date: /home/yue/robot/install/handpose_publisher/local/lib/python3.10/dist-packages/handpose_publisher/msg/_hand_flange.py
[0.799s] -- Up-to-date: /home/yue/robot/install/handpose_publisher/local/lib/python3.10/dist-packages/handpose_publisher/msg/__init__.py
[0.862s] Listing '/home/yue/robot/install/handpose_publisher/local/lib/python3.10/dist-packages/handpose_publisher'...
[0.863s] Listing '/home/yue/robot/install/handpose_publisher/local/lib/python3.10/dist-packages/handpose_publisher/msg'...
[0.873s] -- Up-to-date: /home/yue/robot/install/handpose_publisher/local/lib/python3.10/dist-packages/handpose_publisher/handpose_publisher_s__rosidl_typesupport_fastrtps_c.cpython-310-aarch64-linux-gnu.so
[0.875s] -- Up-to-date: /home/yue/robot/install/handpose_publisher/local/lib/python3.10/dist-packages/handpose_publisher/handpose_publisher_s__rosidl_typesupport_introspection_c.cpython-310-aarch64-linux-gnu.so
[0.876s] -- Up-to-date: /home/yue/robot/install/handpose_publisher/local/lib/python3.10/dist-packages/handpose_publisher/handpose_publisher_s__rosidl_typesupport_c.cpython-310-aarch64-linux-gnu.so
[0.877s] -- Up-to-date: /home/yue/robot/install/handpose_publisher/lib/libhandpose_publisher__rosidl_generator_py.so
[0.877s] -- Up-to-date: /home/yue/robot/install/handpose_publisher/share/handpose_publisher/msg/HandFlange.idl
[0.877s] -- Up-to-date: /home/yue/robot/install/handpose_publisher/share/handpose_publisher/msg/HandFlange.msg
[0.878s] -- Up-to-date: /home/yue/robot/install/handpose_publisher/lib/handpose_publisher/leap_handpose_publisher
[0.879s] -- Up-to-date: /home/yue/robot/install/handpose_publisher/share/handpose_publisher/msg
[0.879s] -- Up-to-date: /home/yue/robot/install/handpose_publisher/share/handpose_publisher/msg/HandFlange.msg
[0.879s] -- Up-to-date: /home/yue/robot/install/handpose_publisher/share/ament_index/resource_index/package_run_dependencies/handpose_publisher
[0.880s] -- Up-to-date: /home/yue/robot/install/handpose_publisher/share/ament_index/resource_index/parent_prefix_path/handpose_publisher
[0.880s] -- Up-to-date: /home/yue/robot/install/handpose_publisher/share/handpose_publisher/environment/ament_prefix_path.sh
[0.880s] -- Up-to-date: /home/yue/robot/install/handpose_publisher/share/handpose_publisher/environment/ament_prefix_path.dsv
[0.880s] -- Up-to-date: /home/yue/robot/install/handpose_publisher/share/handpose_publisher/environment/path.sh
[0.880s] -- Up-to-date: /home/yue/robot/install/handpose_publisher/share/handpose_publisher/environment/path.dsv
[0.880s] -- Up-to-date: /home/yue/robot/install/handpose_publisher/share/handpose_publisher/local_setup.bash
[0.880s] -- Up-to-date: /home/yue/robot/install/handpose_publisher/share/handpose_publisher/local_setup.sh
[0.880s] -- Up-to-date: /home/yue/robot/install/handpose_publisher/share/handpose_publisher/local_setup.zsh
[0.881s] -- Up-to-date: /home/yue/robot/install/handpose_publisher/share/handpose_publisher/local_setup.dsv
[0.881s] -- Installing: /home/yue/robot/install/handpose_publisher/share/handpose_publisher/package.dsv
[0.881s] -- Up-to-date: /home/yue/robot/install/handpose_publisher/share/ament_index/resource_index/packages/handpose_publisher
[0.881s] -- Up-to-date: /home/yue/robot/install/handpose_publisher/share/handpose_publisher/cmake/export_handpose_publisher__rosidl_generator_cExport.cmake
[0.881s] -- Up-to-date: /home/yue/robot/install/handpose_publisher/share/handpose_publisher/cmake/export_handpose_publisher__rosidl_generator_cExport-noconfig.cmake
[0.881s] -- Up-to-date: /home/yue/robot/install/handpose_publisher/share/handpose_publisher/cmake/export_handpose_publisher__rosidl_typesupport_fastrtps_cExport.cmake
[0.882s] -- Up-to-date: /home/yue/robot/install/handpose_publisher/share/handpose_publisher/cmake/export_handpose_publisher__rosidl_typesupport_fastrtps_cExport-noconfig.cmake
[0.882s] -- Up-to-date: /home/yue/robot/install/handpose_publisher/share/handpose_publisher/cmake/export_handpose_publisher__rosidl_generator_cppExport.cmake
[0.882s] -- Up-to-date: /home/yue/robot/install/handpose_publisher/share/handpose_publisher/cmake/export_handpose_publisher__rosidl_typesupport_fastrtps_cppExport.cmake
[0.883s] -- Up-to-date: /home/yue/robot/install/handpose_publisher/share/handpose_publisher/cmake/export_handpose_publisher__rosidl_typesupport_fastrtps_cppExport-noconfig.cmake
[0.883s] -- Up-to-date: /home/yue/robot/install/handpose_publisher/share/handpose_publisher/cmake/handpose_publisher__rosidl_typesupport_introspection_cExport.cmake
[0.883s] -- Up-to-date: /home/yue/robot/install/handpose_publisher/share/handpose_publisher/cmake/handpose_publisher__rosidl_typesupport_introspection_cExport-noconfig.cmake
[0.884s] -- Up-to-date: /home/yue/robot/install/handpose_publisher/share/handpose_publisher/cmake/handpose_publisher__rosidl_typesupport_cExport.cmake
[0.884s] -- Up-to-date: /home/yue/robot/install/handpose_publisher/share/handpose_publisher/cmake/handpose_publisher__rosidl_typesupport_cExport-noconfig.cmake
[0.884s] -- Up-to-date: /home/yue/robot/install/handpose_publisher/share/handpose_publisher/cmake/handpose_publisher__rosidl_typesupport_introspection_cppExport.cmake
[0.884s] -- Up-to-date: /home/yue/robot/install/handpose_publisher/share/handpose_publisher/cmake/handpose_publisher__rosidl_typesupport_introspection_cppExport-noconfig.cmake
[0.884s] -- Up-to-date: /home/yue/robot/install/handpose_publisher/share/handpose_publisher/cmake/handpose_publisher__rosidl_typesupport_cppExport.cmake
[0.885s] -- Up-to-date: /home/yue/robot/install/handpose_publisher/share/handpose_publisher/cmake/handpose_publisher__rosidl_typesupport_cppExport-noconfig.cmake
[0.885s] -- Up-to-date: /home/yue/robot/install/handpose_publisher/share/handpose_publisher/cmake/export_handpose_publisher__rosidl_generator_pyExport.cmake
[0.885s] -- Up-to-date: /home/yue/robot/install/handpose_publisher/share/handpose_publisher/cmake/export_handpose_publisher__rosidl_generator_pyExport-noconfig.cmake
[0.885s] -- Up-to-date: /home/yue/robot/install/handpose_publisher/share/handpose_publisher/cmake/rosidl_cmake-extras.cmake
[0.885s] -- Up-to-date: /home/yue/robot/install/handpose_publisher/share/handpose_publisher/cmake/ament_cmake_export_dependencies-extras.cmake
[0.886s] -- Up-to-date: /home/yue/robot/install/handpose_publisher/share/handpose_publisher/cmake/ament_cmake_export_include_directories-extras.cmake
[0.886s] -- Up-to-date: /home/yue/robot/install/handpose_publisher/share/handpose_publisher/cmake/ament_cmake_export_libraries-extras.cmake
[0.886s] -- Up-to-date: /home/yue/robot/install/handpose_publisher/share/handpose_publisher/cmake/ament_cmake_export_targets-extras.cmake
[0.886s] -- Up-to-date: /home/yue/robot/install/handpose_publisher/share/handpose_publisher/cmake/rosidl_cmake_export_typesupport_targets-extras.cmake
[0.886s] -- Up-to-date: /home/yue/robot/install/handpose_publisher/share/handpose_publisher/cmake/rosidl_cmake_export_typesupport_libraries-extras.cmake
[0.886s] -- Up-to-date: /home/yue/robot/install/handpose_publisher/share/handpose_publisher/cmake/handpose_publisherConfig.cmake
[0.886s] -- Up-to-date: /home/yue/robot/install/handpose_publisher/share/handpose_publisher/cmake/handpose_publisherConfig-version.cmake
[0.886s] -- Up-to-date: /home/yue/robot/install/handpose_publisher/share/handpose_publisher/package.xml
[0.893s] Invoked command in '/home/yue/robot/build/handpose_publisher' returned '0': CMAKE_PREFIX_PATH=${CMAKE_PREFIX_PATH}:/opt/ros/humble /usr/bin/cmake --install /home/yue/robot/build/handpose_publisher
