[1.498s] Invoking command in '/home/yue/robot/src/piper_handpose_controller': CMAKE_PREFIX_PATH=/home/yue/robot/install/piper_msgs:/home/yue/robot/src/Piper_ros/install/piper_with_gripper_moveit:/home/yue/robot/src/Piper_ros/install/piper_no_gripper_moveit:/home/yue/robot/src/Piper_ros/install/piper_mujoco:/home/yue/robot/src/Piper_ros/install/piper_msgs:/home/yue/robot/src/Piper_ros/install/piper_humble:/home/yue/robot/src/Piper_ros/install/piper_gazebo:/home/yue/robot/src/Piper_ros/install/piper_description:/home/yue/robot/install/piper_with_gripper_moveit:/home/yue/robot/install/piper_no_gripper_moveit:/home/yue/robot/install/piper_mujoco:/home/yue/robot/install/piper_humble:/home/yue/robot/install/piper_gazebo:/home/yue/robot/install/piper_description:/home/yue/robot/install/handpose_publisher LD_LIBRARY_PATH=/home/yue/robot/install/piper_msgs/lib:/home/yue/robot/src/Piper_ros/install/piper_msgs/lib:/home/yue/robot/install/handpose_publisher/lib:/opt/ros/humble/opt/rviz_ogre_vendor/lib:/opt/ros/humble/lib/aarch64-linux-gnu:/opt/ros/humble/lib PYTHONPATH=/home/yue/robot/build/piper_handpose_controller/prefix_override:/usr/lib/python3/dist-packages/colcon_core/task/python/colcon_distutils_commands:/home/yue/robot/install/piper_handpose_controller/lib/python3.10/site-packages:${PYTHONPATH} /usr/bin/python3 -W ignore:setup.py install is deprecated -W ignore:easy_install command is deprecated setup.py egg_info --egg-base ../../build/piper_handpose_controller build --build-base /home/yue/robot/build/piper_handpose_controller/build install --record /home/yue/robot/build/piper_handpose_controller/install.log --single-version-externally-managed install_data
[1.979s] running egg_info
[1.980s] writing ../../build/piper_handpose_controller/piper_handpose_controller.egg-info/PKG-INFO
[1.981s] writing dependency_links to ../../build/piper_handpose_controller/piper_handpose_controller.egg-info/dependency_links.txt
[1.981s] writing entry points to ../../build/piper_handpose_controller/piper_handpose_controller.egg-info/entry_points.txt
[1.981s] writing requirements to ../../build/piper_handpose_controller/piper_handpose_controller.egg-info/requires.txt
[1.981s] writing top-level names to ../../build/piper_handpose_controller/piper_handpose_controller.egg-info/top_level.txt
[1.985s] reading manifest file '../../build/piper_handpose_controller/piper_handpose_controller.egg-info/SOURCES.txt'
[1.987s] writing manifest file '../../build/piper_handpose_controller/piper_handpose_controller.egg-info/SOURCES.txt'
[1.987s] running build
[1.987s] running build_py
[1.988s] running install
[1.988s] running install_lib
[1.990s] running install_data
[1.991s] running install_egg_info
[1.994s] removing '/home/yue/robot/install/piper_handpose_controller/lib/python3.10/site-packages/piper_handpose_controller-0.0.0-py3.10.egg-info' (and everything under it)
[1.995s] Copying ../../build/piper_handpose_controller/piper_handpose_controller.egg-info to /home/yue/robot/install/piper_handpose_controller/lib/python3.10/site-packages/piper_handpose_controller-0.0.0-py3.10.egg-info
[1.996s] running install_scripts
[2.040s] writing list of installed files to '/home/yue/robot/build/piper_handpose_controller/install.log'
[2.108s] Invoked command in '/home/yue/robot/src/piper_handpose_controller' returned '0': CMAKE_PREFIX_PATH=/home/yue/robot/install/piper_msgs:/home/yue/robot/src/Piper_ros/install/piper_with_gripper_moveit:/home/yue/robot/src/Piper_ros/install/piper_no_gripper_moveit:/home/yue/robot/src/Piper_ros/install/piper_mujoco:/home/yue/robot/src/Piper_ros/install/piper_msgs:/home/yue/robot/src/Piper_ros/install/piper_humble:/home/yue/robot/src/Piper_ros/install/piper_gazebo:/home/yue/robot/src/Piper_ros/install/piper_description:/home/yue/robot/install/piper_with_gripper_moveit:/home/yue/robot/install/piper_no_gripper_moveit:/home/yue/robot/install/piper_mujoco:/home/yue/robot/install/piper_humble:/home/yue/robot/install/piper_gazebo:/home/yue/robot/install/piper_description:/home/yue/robot/install/handpose_publisher LD_LIBRARY_PATH=/home/yue/robot/install/piper_msgs/lib:/home/yue/robot/src/Piper_ros/install/piper_msgs/lib:/home/yue/robot/install/handpose_publisher/lib:/opt/ros/humble/opt/rviz_ogre_vendor/lib:/opt/ros/humble/lib/aarch64-linux-gnu:/opt/ros/humble/lib PYTHONPATH=/home/yue/robot/build/piper_handpose_controller/prefix_override:/usr/lib/python3/dist-packages/colcon_core/task/python/colcon_distutils_commands:/home/yue/robot/install/piper_handpose_controller/lib/python3.10/site-packages:${PYTHONPATH} /usr/bin/python3 -W ignore:setup.py install is deprecated -W ignore:easy_install command is deprecated setup.py egg_info --egg-base ../../build/piper_handpose_controller build --build-base /home/yue/robot/build/piper_handpose_controller/build install --record /home/yue/robot/build/piper_handpose_controller/install.log --single-version-externally-managed install_data
