[  3%] Built target handpose_publisher__cpp
[ 12%] Built target handpose_publisher__rosidl_generator_c
[ 12%] Built target ament_cmake_python_copy_handpose_publisher
[ 21%] Built target handpose_publisher__rosidl_typesupport_introspection_cpp
[ 36%] Built target handpose_publisher__rosidl_typesupport_fastrtps_cpp
[ 39%] Built target handpose_publisher__rosidl_typesupport_cpp
[ 48%] Built target handpose_publisher__rosidl_typesupport_fastrtps_c
[ 57%] Built target handpose_publisher__rosidl_typesupport_introspection_c
[ 66%] Built target handpose_publisher__rosidl_typesupport_c
[35m[1mConsolidate compiler generated dependencies of target leap_handpose_publisher[0m
[ 66%] Built target handpose_publisher
[ 69%] Built target handpose_publisher__py
[ 75%] Built target leap_handpose_publisher
[ 81%] Built target handpose_publisher__rosidl_generator_py
[ 87%] Built target handpose_publisher__rosidl_typesupport_fastrtps_c__pyext
[ 93%] Built target handpose_publisher__rosidl_typesupport_introspection_c__pyext
[100%] Built target handpose_publisher__rosidl_typesupport_c__pyext
running egg_info
writing handpose_publisher.egg-info/PKG-INFO
writing dependency_links to handpose_publisher.egg-info/dependency_links.txt
writing top-level names to handpose_publisher.egg-info/top_level.txt
reading manifest file 'handpose_publisher.egg-info/SOURCES.txt'
writing manifest file 'handpose_publisher.egg-info/SOURCES.txt'
[100%] Built target ament_cmake_python_build_handpose_publisher_egg
-- Install configuration: ""
-- Up-to-date: /home/yue/robot/install/handpose_publisher/share/ament_index/resource_index/rosidl_interfaces/handpose_publisher
-- Up-to-date: /home/yue/robot/install/handpose_publisher/include/handpose_publisher/handpose_publisher
-- Up-to-date: /home/yue/robot/install/handpose_publisher/include/handpose_publisher/handpose_publisher/msg
-- Up-to-date: /home/yue/robot/install/handpose_publisher/include/handpose_publisher/handpose_publisher/msg/detail
-- Up-to-date: /home/yue/robot/install/handpose_publisher/include/handpose_publisher/handpose_publisher/msg/detail/hand_flange__struct.h
-- Up-to-date: /home/yue/robot/install/handpose_publisher/include/handpose_publisher/handpose_publisher/msg/detail/hand_flange__functions.h
-- Up-to-date: /home/yue/robot/install/handpose_publisher/include/handpose_publisher/handpose_publisher/msg/detail/hand_flange__functions.c
-- Up-to-date: /home/yue/robot/install/handpose_publisher/include/handpose_publisher/handpose_publisher/msg/detail/hand_flange__type_support.h
-- Up-to-date: /home/yue/robot/install/handpose_publisher/include/handpose_publisher/handpose_publisher/msg/rosidl_generator_c__visibility_control.h
-- Up-to-date: /home/yue/robot/install/handpose_publisher/include/handpose_publisher/handpose_publisher/msg/hand_flange.h
-- Up-to-date: /home/yue/robot/install/handpose_publisher/share/handpose_publisher/environment/library_path.sh
-- Up-to-date: /home/yue/robot/install/handpose_publisher/share/handpose_publisher/environment/library_path.dsv
-- Up-to-date: /home/yue/robot/install/handpose_publisher/lib/libhandpose_publisher__rosidl_generator_c.so
-- Up-to-date: /home/yue/robot/install/handpose_publisher/include/handpose_publisher/handpose_publisher
-- Up-to-date: /home/yue/robot/install/handpose_publisher/include/handpose_publisher/handpose_publisher/msg
-- Up-to-date: /home/yue/robot/install/handpose_publisher/include/handpose_publisher/handpose_publisher/msg/detail
-- Up-to-date: /home/yue/robot/install/handpose_publisher/include/handpose_publisher/handpose_publisher/msg/detail/hand_flange__rosidl_typesupport_fastrtps_c.h
-- Up-to-date: /home/yue/robot/install/handpose_publisher/include/handpose_publisher/handpose_publisher/msg/rosidl_typesupport_fastrtps_c__visibility_control.h
-- Up-to-date: /home/yue/robot/install/handpose_publisher/lib/libhandpose_publisher__rosidl_typesupport_fastrtps_c.so
-- Up-to-date: /home/yue/robot/install/handpose_publisher/include/handpose_publisher/handpose_publisher
-- Up-to-date: /home/yue/robot/install/handpose_publisher/include/handpose_publisher/handpose_publisher/msg
-- Up-to-date: /home/yue/robot/install/handpose_publisher/include/handpose_publisher/handpose_publisher/msg/detail
-- Up-to-date: /home/yue/robot/install/handpose_publisher/include/handpose_publisher/handpose_publisher/msg/detail/hand_flange__type_support.hpp
-- Up-to-date: /home/yue/robot/install/handpose_publisher/include/handpose_publisher/handpose_publisher/msg/detail/hand_flange__traits.hpp
-- Up-to-date: /home/yue/robot/install/handpose_publisher/include/handpose_publisher/handpose_publisher/msg/detail/hand_flange__builder.hpp
-- Up-to-date: /home/yue/robot/install/handpose_publisher/include/handpose_publisher/handpose_publisher/msg/detail/hand_flange__struct.hpp
-- Up-to-date: /home/yue/robot/install/handpose_publisher/include/handpose_publisher/handpose_publisher/msg/rosidl_generator_cpp__visibility_control.hpp
-- Up-to-date: /home/yue/robot/install/handpose_publisher/include/handpose_publisher/handpose_publisher/msg/hand_flange.hpp
-- Up-to-date: /home/yue/robot/install/handpose_publisher/include/handpose_publisher/handpose_publisher
-- Up-to-date: /home/yue/robot/install/handpose_publisher/include/handpose_publisher/handpose_publisher/msg
-- Up-to-date: /home/yue/robot/install/handpose_publisher/include/handpose_publisher/handpose_publisher/msg/detail
-- Up-to-date: /home/yue/robot/install/handpose_publisher/include/handpose_publisher/handpose_publisher/msg/detail/hand_flange__rosidl_typesupport_fastrtps_cpp.hpp
-- Up-to-date: /home/yue/robot/install/handpose_publisher/include/handpose_publisher/handpose_publisher/msg/detail/dds_fastrtps
-- Up-to-date: /home/yue/robot/install/handpose_publisher/include/handpose_publisher/handpose_publisher/msg/rosidl_typesupport_fastrtps_cpp__visibility_control.h
-- Up-to-date: /home/yue/robot/install/handpose_publisher/lib/libhandpose_publisher__rosidl_typesupport_fastrtps_cpp.so
-- Up-to-date: /home/yue/robot/install/handpose_publisher/include/handpose_publisher/handpose_publisher
-- Up-to-date: /home/yue/robot/install/handpose_publisher/include/handpose_publisher/handpose_publisher/msg
-- Up-to-date: /home/yue/robot/install/handpose_publisher/include/handpose_publisher/handpose_publisher/msg/detail
-- Up-to-date: /home/yue/robot/install/handpose_publisher/include/handpose_publisher/handpose_publisher/msg/detail/hand_flange__rosidl_typesupport_introspection_c.h
-- Up-to-date: /home/yue/robot/install/handpose_publisher/include/handpose_publisher/handpose_publisher/msg/detail/hand_flange__type_support.c
-- Up-to-date: /home/yue/robot/install/handpose_publisher/include/handpose_publisher/handpose_publisher/msg/rosidl_typesupport_introspection_c__visibility_control.h
-- Up-to-date: /home/yue/robot/install/handpose_publisher/lib/libhandpose_publisher__rosidl_typesupport_introspection_c.so
-- Up-to-date: /home/yue/robot/install/handpose_publisher/lib/libhandpose_publisher__rosidl_typesupport_c.so
-- Up-to-date: /home/yue/robot/install/handpose_publisher/include/handpose_publisher/handpose_publisher
-- Up-to-date: /home/yue/robot/install/handpose_publisher/include/handpose_publisher/handpose_publisher/msg
-- Up-to-date: /home/yue/robot/install/handpose_publisher/include/handpose_publisher/handpose_publisher/msg/detail
-- Up-to-date: /home/yue/robot/install/handpose_publisher/include/handpose_publisher/handpose_publisher/msg/detail/hand_flange__rosidl_typesupport_introspection_cpp.hpp
-- Up-to-date: /home/yue/robot/install/handpose_publisher/include/handpose_publisher/handpose_publisher/msg/detail/hand_flange__type_support.cpp
-- Up-to-date: /home/yue/robot/install/handpose_publisher/lib/libhandpose_publisher__rosidl_typesupport_introspection_cpp.so
-- Up-to-date: /home/yue/robot/install/handpose_publisher/lib/libhandpose_publisher__rosidl_typesupport_cpp.so
-- Up-to-date: /home/yue/robot/install/handpose_publisher/share/handpose_publisher/environment/pythonpath.sh
-- Up-to-date: /home/yue/robot/install/handpose_publisher/share/handpose_publisher/environment/pythonpath.dsv
-- Up-to-date: /home/yue/robot/install/handpose_publisher/local/lib/python3.10/dist-packages/handpose_publisher-0.1.0-py3.10.egg-info
-- Installing: /home/yue/robot/install/handpose_publisher/local/lib/python3.10/dist-packages/handpose_publisher-0.1.0-py3.10.egg-info/dependency_links.txt
-- Installing: /home/yue/robot/install/handpose_publisher/local/lib/python3.10/dist-packages/handpose_publisher-0.1.0-py3.10.egg-info/top_level.txt
-- Installing: /home/yue/robot/install/handpose_publisher/local/lib/python3.10/dist-packages/handpose_publisher-0.1.0-py3.10.egg-info/PKG-INFO
-- Installing: /home/yue/robot/install/handpose_publisher/local/lib/python3.10/dist-packages/handpose_publisher-0.1.0-py3.10.egg-info/SOURCES.txt
-- Up-to-date: /home/yue/robot/install/handpose_publisher/local/lib/python3.10/dist-packages/handpose_publisher
-- Up-to-date: /home/yue/robot/install/handpose_publisher/local/lib/python3.10/dist-packages/handpose_publisher/libhandpose_publisher__rosidl_generator_py.so
-- Up-to-date: /home/yue/robot/install/handpose_publisher/local/lib/python3.10/dist-packages/handpose_publisher/handpose_publisher_s__rosidl_typesupport_introspection_c.cpython-310-aarch64-linux-gnu.so
-- Up-to-date: /home/yue/robot/install/handpose_publisher/local/lib/python3.10/dist-packages/handpose_publisher/_handpose_publisher_s.ep.rosidl_typesupport_introspection_c.c
-- Up-to-date: /home/yue/robot/install/handpose_publisher/local/lib/python3.10/dist-packages/handpose_publisher/_handpose_publisher_s.ep.rosidl_typesupport_c.c
-- Up-to-date: /home/yue/robot/install/handpose_publisher/local/lib/python3.10/dist-packages/handpose_publisher/__init__.py
-- Up-to-date: /home/yue/robot/install/handpose_publisher/local/lib/python3.10/dist-packages/handpose_publisher/_handpose_publisher_s.ep.rosidl_typesupport_fastrtps_c.c
-- Up-to-date: /home/yue/robot/install/handpose_publisher/local/lib/python3.10/dist-packages/handpose_publisher/handpose_publisher_s__rosidl_typesupport_c.cpython-310-aarch64-linux-gnu.so
-- Up-to-date: /home/yue/robot/install/handpose_publisher/local/lib/python3.10/dist-packages/handpose_publisher/handpose_publisher_s__rosidl_typesupport_fastrtps_c.cpython-310-aarch64-linux-gnu.so
-- Up-to-date: /home/yue/robot/install/handpose_publisher/local/lib/python3.10/dist-packages/handpose_publisher/msg
-- Up-to-date: /home/yue/robot/install/handpose_publisher/local/lib/python3.10/dist-packages/handpose_publisher/msg/_hand_flange_s.c
-- Up-to-date: /home/yue/robot/install/handpose_publisher/local/lib/python3.10/dist-packages/handpose_publisher/msg/_hand_flange.py
-- Up-to-date: /home/yue/robot/install/handpose_publisher/local/lib/python3.10/dist-packages/handpose_publisher/msg/__init__.py
Listing '/home/yue/robot/install/handpose_publisher/local/lib/python3.10/dist-packages/handpose_publisher'...
Listing '/home/yue/robot/install/handpose_publisher/local/lib/python3.10/dist-packages/handpose_publisher/msg'...
-- Up-to-date: /home/yue/robot/install/handpose_publisher/local/lib/python3.10/dist-packages/handpose_publisher/handpose_publisher_s__rosidl_typesupport_fastrtps_c.cpython-310-aarch64-linux-gnu.so
-- Up-to-date: /home/yue/robot/install/handpose_publisher/local/lib/python3.10/dist-packages/handpose_publisher/handpose_publisher_s__rosidl_typesupport_introspection_c.cpython-310-aarch64-linux-gnu.so
-- Up-to-date: /home/yue/robot/install/handpose_publisher/local/lib/python3.10/dist-packages/handpose_publisher/handpose_publisher_s__rosidl_typesupport_c.cpython-310-aarch64-linux-gnu.so
-- Up-to-date: /home/yue/robot/install/handpose_publisher/lib/libhandpose_publisher__rosidl_generator_py.so
-- Up-to-date: /home/yue/robot/install/handpose_publisher/share/handpose_publisher/msg/HandFlange.idl
-- Up-to-date: /home/yue/robot/install/handpose_publisher/share/handpose_publisher/msg/HandFlange.msg
-- Up-to-date: /home/yue/robot/install/handpose_publisher/lib/handpose_publisher/leap_handpose_publisher
-- Up-to-date: /home/yue/robot/install/handpose_publisher/share/handpose_publisher/msg
-- Up-to-date: /home/yue/robot/install/handpose_publisher/share/handpose_publisher/msg/HandFlange.msg
-- Up-to-date: /home/yue/robot/install/handpose_publisher/share/ament_index/resource_index/package_run_dependencies/handpose_publisher
-- Up-to-date: /home/yue/robot/install/handpose_publisher/share/ament_index/resource_index/parent_prefix_path/handpose_publisher
-- Up-to-date: /home/yue/robot/install/handpose_publisher/share/handpose_publisher/environment/ament_prefix_path.sh
-- Up-to-date: /home/yue/robot/install/handpose_publisher/share/handpose_publisher/environment/ament_prefix_path.dsv
-- Up-to-date: /home/yue/robot/install/handpose_publisher/share/handpose_publisher/environment/path.sh
-- Up-to-date: /home/yue/robot/install/handpose_publisher/share/handpose_publisher/environment/path.dsv
-- Up-to-date: /home/yue/robot/install/handpose_publisher/share/handpose_publisher/local_setup.bash
-- Up-to-date: /home/yue/robot/install/handpose_publisher/share/handpose_publisher/local_setup.sh
-- Up-to-date: /home/yue/robot/install/handpose_publisher/share/handpose_publisher/local_setup.zsh
-- Up-to-date: /home/yue/robot/install/handpose_publisher/share/handpose_publisher/local_setup.dsv
-- Installing: /home/yue/robot/install/handpose_publisher/share/handpose_publisher/package.dsv
-- Up-to-date: /home/yue/robot/install/handpose_publisher/share/ament_index/resource_index/packages/handpose_publisher
-- Up-to-date: /home/yue/robot/install/handpose_publisher/share/handpose_publisher/cmake/export_handpose_publisher__rosidl_generator_cExport.cmake
-- Up-to-date: /home/yue/robot/install/handpose_publisher/share/handpose_publisher/cmake/export_handpose_publisher__rosidl_generator_cExport-noconfig.cmake
-- Up-to-date: /home/yue/robot/install/handpose_publisher/share/handpose_publisher/cmake/export_handpose_publisher__rosidl_typesupport_fastrtps_cExport.cmake
-- Up-to-date: /home/yue/robot/install/handpose_publisher/share/handpose_publisher/cmake/export_handpose_publisher__rosidl_typesupport_fastrtps_cExport-noconfig.cmake
-- Up-to-date: /home/yue/robot/install/handpose_publisher/share/handpose_publisher/cmake/export_handpose_publisher__rosidl_generator_cppExport.cmake
-- Up-to-date: /home/yue/robot/install/handpose_publisher/share/handpose_publisher/cmake/export_handpose_publisher__rosidl_typesupport_fastrtps_cppExport.cmake
-- Up-to-date: /home/yue/robot/install/handpose_publisher/share/handpose_publisher/cmake/export_handpose_publisher__rosidl_typesupport_fastrtps_cppExport-noconfig.cmake
-- Up-to-date: /home/yue/robot/install/handpose_publisher/share/handpose_publisher/cmake/handpose_publisher__rosidl_typesupport_introspection_cExport.cmake
-- Up-to-date: /home/yue/robot/install/handpose_publisher/share/handpose_publisher/cmake/handpose_publisher__rosidl_typesupport_introspection_cExport-noconfig.cmake
-- Up-to-date: /home/yue/robot/install/handpose_publisher/share/handpose_publisher/cmake/handpose_publisher__rosidl_typesupport_cExport.cmake
-- Up-to-date: /home/yue/robot/install/handpose_publisher/share/handpose_publisher/cmake/handpose_publisher__rosidl_typesupport_cExport-noconfig.cmake
-- Up-to-date: /home/yue/robot/install/handpose_publisher/share/handpose_publisher/cmake/handpose_publisher__rosidl_typesupport_introspection_cppExport.cmake
-- Up-to-date: /home/yue/robot/install/handpose_publisher/share/handpose_publisher/cmake/handpose_publisher__rosidl_typesupport_introspection_cppExport-noconfig.cmake
-- Up-to-date: /home/yue/robot/install/handpose_publisher/share/handpose_publisher/cmake/handpose_publisher__rosidl_typesupport_cppExport.cmake
-- Up-to-date: /home/yue/robot/install/handpose_publisher/share/handpose_publisher/cmake/handpose_publisher__rosidl_typesupport_cppExport-noconfig.cmake
-- Up-to-date: /home/yue/robot/install/handpose_publisher/share/handpose_publisher/cmake/export_handpose_publisher__rosidl_generator_pyExport.cmake
-- Up-to-date: /home/yue/robot/install/handpose_publisher/share/handpose_publisher/cmake/export_handpose_publisher__rosidl_generator_pyExport-noconfig.cmake
-- Up-to-date: /home/yue/robot/install/handpose_publisher/share/handpose_publisher/cmake/rosidl_cmake-extras.cmake
-- Up-to-date: /home/yue/robot/install/handpose_publisher/share/handpose_publisher/cmake/ament_cmake_export_dependencies-extras.cmake
-- Up-to-date: /home/yue/robot/install/handpose_publisher/share/handpose_publisher/cmake/ament_cmake_export_include_directories-extras.cmake
-- Up-to-date: /home/yue/robot/install/handpose_publisher/share/handpose_publisher/cmake/ament_cmake_export_libraries-extras.cmake
-- Up-to-date: /home/yue/robot/install/handpose_publisher/share/handpose_publisher/cmake/ament_cmake_export_targets-extras.cmake
-- Up-to-date: /home/yue/robot/install/handpose_publisher/share/handpose_publisher/cmake/rosidl_cmake_export_typesupport_targets-extras.cmake
-- Up-to-date: /home/yue/robot/install/handpose_publisher/share/handpose_publisher/cmake/rosidl_cmake_export_typesupport_libraries-extras.cmake
-- Up-to-date: /home/yue/robot/install/handpose_publisher/share/handpose_publisher/cmake/handpose_publisherConfig.cmake
-- Up-to-date: /home/yue/robot/install/handpose_publisher/share/handpose_publisher/cmake/handpose_publisherConfig-version.cmake
-- Up-to-date: /home/yue/robot/install/handpose_publisher/share/handpose_publisher/package.xml
