[0.060s] Invoking command in '/home/yue/robot/build/handpose_publisher': CMAKE_PREFIX_PATH=${CMAKE_PREFIX_PATH}:/opt/ros/humble /usr/bin/cmake --build /home/yue/robot/build/handpose_publisher -- -j6 -l6
[1.362s] [  3%] Built target handpose_publisher__cpp
[1.362s] [ 12%] Built target handpose_publisher__rosidl_generator_c
[1.362s] [ 12%] Built target ament_cmake_python_copy_handpose_publisher
[1.362s] [ 21%] Built target handpose_publisher__rosidl_typesupport_introspection_cpp
[1.363s] [ 36%] Built target handpose_publisher__rosidl_typesupport_fastrtps_cpp
[1.363s] [ 39%] Built target handpose_publisher__rosidl_typesupport_cpp
[1.363s] [ 48%] Built target handpose_publisher__rosidl_typesupport_fastrtps_c
[1.363s] [ 57%] Built target handpose_publisher__rosidl_typesupport_introspection_c
[1.363s] [ 66%] Built target handpose_publisher__rosidl_typesupport_c
[1.363s] [35m[1mConsolidate compiler generated dependencies of target leap_handpose_publisher[0m
[1.363s] [ 66%] Built target handpose_publisher
[1.363s] [ 69%] Built target handpose_publisher__py
[1.363s] [ 75%] Built target leap_handpose_publisher
[1.364s] [ 81%] Built target handpose_publisher__rosidl_generator_py
[1.364s] [ 87%] Built target handpose_publisher__rosidl_typesupport_fastrtps_c__pyext
[1.364s] [ 93%] Built target handpose_publisher__rosidl_typesupport_introspection_c__pyext
[1.364s] [100%] Built target handpose_publisher__rosidl_typesupport_c__pyext
[1.364s] running egg_info
[1.364s] writing handpose_publisher.egg-info/PKG-INFO
[1.364s] writing dependency_links to handpose_publisher.egg-info/dependency_links.txt
[1.364s] writing top-level names to handpose_publisher.egg-info/top_level.txt
[1.364s] reading manifest file 'handpose_publisher.egg-info/SOURCES.txt'
[1.365s] writing manifest file 'handpose_publisher.egg-info/SOURCES.txt'
[1.365s] [100%] Built target ament_cmake_python_build_handpose_publisher_egg
[1.389s] Invoked command in '/home/yue/robot/build/handpose_publisher' returned '0': CMAKE_PREFIX_PATH=${CMAKE_PREFIX_PATH}:/opt/ros/humble /usr/bin/cmake --build /home/yue/robot/build/handpose_publisher -- -j6 -l6
[1.402s] Invoking command in '/home/yue/robot/build/handpose_publisher': CMAKE_PREFIX_PATH=${CMAKE_PREFIX_PATH}:/opt/ros/humble /usr/bin/cmake --install /home/yue/robot/build/handpose_publisher
[1.477s] -- Install configuration: ""
[1.477s] -- Up-to-date: /home/yue/robot/install/handpose_publisher/share/ament_index/resource_index/rosidl_interfaces/handpose_publisher
[1.477s] -- Up-to-date: /home/yue/robot/install/handpose_publisher/include/handpose_publisher/handpose_publisher
[1.477s] -- Up-to-date: /home/yue/robot/install/handpose_publisher/include/handpose_publisher/handpose_publisher/msg
[1.477s] -- Up-to-date: /home/yue/robot/install/handpose_publisher/include/handpose_publisher/handpose_publisher/msg/detail
[1.477s] -- Up-to-date: /home/yue/robot/install/handpose_publisher/include/handpose_publisher/handpose_publisher/msg/detail/hand_flange__struct.h
[1.477s] -- Up-to-date: /home/yue/robot/install/handpose_publisher/include/handpose_publisher/handpose_publisher/msg/detail/hand_flange__functions.h
[1.478s] -- Up-to-date: /home/yue/robot/install/handpose_publisher/include/handpose_publisher/handpose_publisher/msg/detail/hand_flange__functions.c
[1.478s] -- Up-to-date: /home/yue/robot/install/handpose_publisher/include/handpose_publisher/handpose_publisher/msg/detail/hand_flange__type_support.h
[1.478s] -- Up-to-date: /home/yue/robot/install/handpose_publisher/include/handpose_publisher/handpose_publisher/msg/rosidl_generator_c__visibility_control.h
[1.478s] -- Up-to-date: /home/yue/robot/install/handpose_publisher/include/handpose_publisher/handpose_publisher/msg/hand_flange.h
[1.478s] -- Up-to-date: /home/yue/robot/install/handpose_publisher/share/handpose_publisher/environment/library_path.sh
[1.478s] -- Up-to-date: /home/yue/robot/install/handpose_publisher/share/handpose_publisher/environment/library_path.dsv
[1.483s] -- Up-to-date: /home/yue/robot/install/handpose_publisher/lib/libhandpose_publisher__rosidl_generator_c.so
[1.484s] -- Up-to-date: /home/yue/robot/install/handpose_publisher/include/handpose_publisher/handpose_publisher
[1.484s] -- Up-to-date: /home/yue/robot/install/handpose_publisher/include/handpose_publisher/handpose_publisher/msg
[1.485s] -- Up-to-date: /home/yue/robot/install/handpose_publisher/include/handpose_publisher/handpose_publisher/msg/detail
[1.485s] -- Up-to-date: /home/yue/robot/install/handpose_publisher/include/handpose_publisher/handpose_publisher/msg/detail/hand_flange__rosidl_typesupport_fastrtps_c.h
[1.485s] -- Up-to-date: /home/yue/robot/install/handpose_publisher/include/handpose_publisher/handpose_publisher/msg/rosidl_typesupport_fastrtps_c__visibility_control.h
[1.490s] -- Up-to-date: /home/yue/robot/install/handpose_publisher/lib/libhandpose_publisher__rosidl_typesupport_fastrtps_c.so
[1.506s] -- Up-to-date: /home/yue/robot/install/handpose_publisher/include/handpose_publisher/handpose_publisher
[1.508s] -- Up-to-date: /home/yue/robot/install/handpose_publisher/include/handpose_publisher/handpose_publisher/msg
[1.508s] -- Up-to-date: /home/yue/robot/install/handpose_publisher/include/handpose_publisher/handpose_publisher/msg/detail
[1.508s] -- Up-to-date: /home/yue/robot/install/handpose_publisher/include/handpose_publisher/handpose_publisher/msg/detail/hand_flange__type_support.hpp
[1.508s] -- Up-to-date: /home/yue/robot/install/handpose_publisher/include/handpose_publisher/handpose_publisher/msg/detail/hand_flange__traits.hpp
[1.508s] -- Up-to-date: /home/yue/robot/install/handpose_publisher/include/handpose_publisher/handpose_publisher/msg/detail/hand_flange__builder.hpp
[1.508s] -- Up-to-date: /home/yue/robot/install/handpose_publisher/include/handpose_publisher/handpose_publisher/msg/detail/hand_flange__struct.hpp
[1.508s] -- Up-to-date: /home/yue/robot/install/handpose_publisher/include/handpose_publisher/handpose_publisher/msg/rosidl_generator_cpp__visibility_control.hpp
[1.508s] -- Up-to-date: /home/yue/robot/install/handpose_publisher/include/handpose_publisher/handpose_publisher/msg/hand_flange.hpp
[1.509s] -- Up-to-date: /home/yue/robot/install/handpose_publisher/include/handpose_publisher/handpose_publisher
[1.509s] -- Up-to-date: /home/yue/robot/install/handpose_publisher/include/handpose_publisher/handpose_publisher/msg
[1.509s] -- Up-to-date: /home/yue/robot/install/handpose_publisher/include/handpose_publisher/handpose_publisher/msg/detail
[1.509s] -- Up-to-date: /home/yue/robot/install/handpose_publisher/include/handpose_publisher/handpose_publisher/msg/detail/hand_flange__rosidl_typesupport_fastrtps_cpp.hpp
[1.509s] -- Up-to-date: /home/yue/robot/install/handpose_publisher/include/handpose_publisher/handpose_publisher/msg/detail/dds_fastrtps
[1.509s] -- Up-to-date: /home/yue/robot/install/handpose_publisher/include/handpose_publisher/handpose_publisher/msg/rosidl_typesupport_fastrtps_cpp__visibility_control.h
[1.509s] -- Up-to-date: /home/yue/robot/install/handpose_publisher/lib/libhandpose_publisher__rosidl_typesupport_fastrtps_cpp.so
[1.509s] -- Up-to-date: /home/yue/robot/install/handpose_publisher/include/handpose_publisher/handpose_publisher
[1.509s] -- Up-to-date: /home/yue/robot/install/handpose_publisher/include/handpose_publisher/handpose_publisher/msg
[1.510s] -- Up-to-date: /home/yue/robot/install/handpose_publisher/include/handpose_publisher/handpose_publisher/msg/detail
[1.510s] -- Up-to-date: /home/yue/robot/install/handpose_publisher/include/handpose_publisher/handpose_publisher/msg/detail/hand_flange__rosidl_typesupport_introspection_c.h
[1.510s] -- Up-to-date: /home/yue/robot/install/handpose_publisher/include/handpose_publisher/handpose_publisher/msg/detail/hand_flange__type_support.c
[1.510s] -- Up-to-date: /home/yue/robot/install/handpose_publisher/include/handpose_publisher/handpose_publisher/msg/rosidl_typesupport_introspection_c__visibility_control.h
[1.510s] -- Up-to-date: /home/yue/robot/install/handpose_publisher/lib/libhandpose_publisher__rosidl_typesupport_introspection_c.so
[1.510s] -- Up-to-date: /home/yue/robot/install/handpose_publisher/lib/libhandpose_publisher__rosidl_typesupport_c.so
[1.510s] -- Up-to-date: /home/yue/robot/install/handpose_publisher/include/handpose_publisher/handpose_publisher
[1.510s] -- Up-to-date: /home/yue/robot/install/handpose_publisher/include/handpose_publisher/handpose_publisher/msg
[1.511s] -- Up-to-date: /home/yue/robot/install/handpose_publisher/include/handpose_publisher/handpose_publisher/msg/detail
[1.511s] -- Up-to-date: /home/yue/robot/install/handpose_publisher/include/handpose_publisher/handpose_publisher/msg/detail/hand_flange__rosidl_typesupport_introspection_cpp.hpp
[1.511s] -- Up-to-date: /home/yue/robot/install/handpose_publisher/include/handpose_publisher/handpose_publisher/msg/detail/hand_flange__type_support.cpp
[1.511s] -- Up-to-date: /home/yue/robot/install/handpose_publisher/lib/libhandpose_publisher__rosidl_typesupport_introspection_cpp.so
[1.511s] -- Up-to-date: /home/yue/robot/install/handpose_publisher/lib/libhandpose_publisher__rosidl_typesupport_cpp.so
[1.511s] -- Up-to-date: /home/yue/robot/install/handpose_publisher/share/handpose_publisher/environment/pythonpath.sh
[1.511s] -- Up-to-date: /home/yue/robot/install/handpose_publisher/share/handpose_publisher/environment/pythonpath.dsv
[1.511s] -- Up-to-date: /home/yue/robot/install/handpose_publisher/local/lib/python3.10/dist-packages/handpose_publisher-0.1.0-py3.10.egg-info
[1.511s] -- Installing: /home/yue/robot/install/handpose_publisher/local/lib/python3.10/dist-packages/handpose_publisher-0.1.0-py3.10.egg-info/dependency_links.txt
[1.512s] -- Installing: /home/yue/robot/install/handpose_publisher/local/lib/python3.10/dist-packages/handpose_publisher-0.1.0-py3.10.egg-info/top_level.txt
[1.512s] -- Installing: /home/yue/robot/install/handpose_publisher/local/lib/python3.10/dist-packages/handpose_publisher-0.1.0-py3.10.egg-info/PKG-INFO
[1.512s] -- Installing: /home/yue/robot/install/handpose_publisher/local/lib/python3.10/dist-packages/handpose_publisher-0.1.0-py3.10.egg-info/SOURCES.txt
[1.512s] -- Up-to-date: /home/yue/robot/install/handpose_publisher/local/lib/python3.10/dist-packages/handpose_publisher
[1.512s] -- Up-to-date: /home/yue/robot/install/handpose_publisher/local/lib/python3.10/dist-packages/handpose_publisher/libhandpose_publisher__rosidl_generator_py.so
[1.512s] -- Up-to-date: /home/yue/robot/install/handpose_publisher/local/lib/python3.10/dist-packages/handpose_publisher/handpose_publisher_s__rosidl_typesupport_introspection_c.cpython-310-aarch64-linux-gnu.so
[1.512s] -- Up-to-date: /home/yue/robot/install/handpose_publisher/local/lib/python3.10/dist-packages/handpose_publisher/_handpose_publisher_s.ep.rosidl_typesupport_introspection_c.c
[1.512s] -- Up-to-date: /home/yue/robot/install/handpose_publisher/local/lib/python3.10/dist-packages/handpose_publisher/_handpose_publisher_s.ep.rosidl_typesupport_c.c
[1.512s] -- Up-to-date: /home/yue/robot/install/handpose_publisher/local/lib/python3.10/dist-packages/handpose_publisher/__init__.py
[1.513s] -- Up-to-date: /home/yue/robot/install/handpose_publisher/local/lib/python3.10/dist-packages/handpose_publisher/_handpose_publisher_s.ep.rosidl_typesupport_fastrtps_c.c
[1.513s] -- Up-to-date: /home/yue/robot/install/handpose_publisher/local/lib/python3.10/dist-packages/handpose_publisher/handpose_publisher_s__rosidl_typesupport_c.cpython-310-aarch64-linux-gnu.so
[1.513s] -- Up-to-date: /home/yue/robot/install/handpose_publisher/local/lib/python3.10/dist-packages/handpose_publisher/handpose_publisher_s__rosidl_typesupport_fastrtps_c.cpython-310-aarch64-linux-gnu.so
[1.513s] -- Up-to-date: /home/yue/robot/install/handpose_publisher/local/lib/python3.10/dist-packages/handpose_publisher/msg
[1.513s] -- Up-to-date: /home/yue/robot/install/handpose_publisher/local/lib/python3.10/dist-packages/handpose_publisher/msg/_hand_flange_s.c
[1.513s] -- Up-to-date: /home/yue/robot/install/handpose_publisher/local/lib/python3.10/dist-packages/handpose_publisher/msg/_hand_flange.py
[1.513s] -- Up-to-date: /home/yue/robot/install/handpose_publisher/local/lib/python3.10/dist-packages/handpose_publisher/msg/__init__.py
[1.531s] Listing '/home/yue/robot/install/handpose_publisher/local/lib/python3.10/dist-packages/handpose_publisher'...
[1.532s] Listing '/home/yue/robot/install/handpose_publisher/local/lib/python3.10/dist-packages/handpose_publisher/msg'...
[1.553s] -- Up-to-date: /home/yue/robot/install/handpose_publisher/local/lib/python3.10/dist-packages/handpose_publisher/handpose_publisher_s__rosidl_typesupport_fastrtps_c.cpython-310-aarch64-linux-gnu.so
[1.554s] -- Up-to-date: /home/yue/robot/install/handpose_publisher/local/lib/python3.10/dist-packages/handpose_publisher/handpose_publisher_s__rosidl_typesupport_introspection_c.cpython-310-aarch64-linux-gnu.so
[1.554s] -- Up-to-date: /home/yue/robot/install/handpose_publisher/local/lib/python3.10/dist-packages/handpose_publisher/handpose_publisher_s__rosidl_typesupport_c.cpython-310-aarch64-linux-gnu.so
[1.554s] -- Up-to-date: /home/yue/robot/install/handpose_publisher/lib/libhandpose_publisher__rosidl_generator_py.so
[1.555s] -- Up-to-date: /home/yue/robot/install/handpose_publisher/share/handpose_publisher/msg/HandFlange.idl
[1.555s] -- Up-to-date: /home/yue/robot/install/handpose_publisher/share/handpose_publisher/msg/HandFlange.msg
[1.568s] -- Up-to-date: /home/yue/robot/install/handpose_publisher/lib/handpose_publisher/leap_handpose_publisher
[1.568s] -- Up-to-date: /home/yue/robot/install/handpose_publisher/share/handpose_publisher/msg
[1.568s] -- Up-to-date: /home/yue/robot/install/handpose_publisher/share/handpose_publisher/msg/HandFlange.msg
[1.569s] -- Up-to-date: /home/yue/robot/install/handpose_publisher/share/ament_index/resource_index/package_run_dependencies/handpose_publisher
[1.569s] -- Up-to-date: /home/yue/robot/install/handpose_publisher/share/ament_index/resource_index/parent_prefix_path/handpose_publisher
[1.569s] -- Up-to-date: /home/yue/robot/install/handpose_publisher/share/handpose_publisher/environment/ament_prefix_path.sh
[1.569s] -- Up-to-date: /home/yue/robot/install/handpose_publisher/share/handpose_publisher/environment/ament_prefix_path.dsv
[1.569s] -- Up-to-date: /home/yue/robot/install/handpose_publisher/share/handpose_publisher/environment/path.sh
[1.569s] -- Up-to-date: /home/yue/robot/install/handpose_publisher/share/handpose_publisher/environment/path.dsv
[1.569s] -- Up-to-date: /home/yue/robot/install/handpose_publisher/share/handpose_publisher/local_setup.bash
[1.569s] -- Up-to-date: /home/yue/robot/install/handpose_publisher/share/handpose_publisher/local_setup.sh
[1.569s] -- Up-to-date: /home/yue/robot/install/handpose_publisher/share/handpose_publisher/local_setup.zsh
[1.570s] -- Up-to-date: /home/yue/robot/install/handpose_publisher/share/handpose_publisher/local_setup.dsv
[1.570s] -- Installing: /home/yue/robot/install/handpose_publisher/share/handpose_publisher/package.dsv
[1.570s] -- Up-to-date: /home/yue/robot/install/handpose_publisher/share/ament_index/resource_index/packages/handpose_publisher
[1.570s] -- Up-to-date: /home/yue/robot/install/handpose_publisher/share/handpose_publisher/cmake/export_handpose_publisher__rosidl_generator_cExport.cmake
[1.570s] -- Up-to-date: /home/yue/robot/install/handpose_publisher/share/handpose_publisher/cmake/export_handpose_publisher__rosidl_generator_cExport-noconfig.cmake
[1.570s] -- Up-to-date: /home/yue/robot/install/handpose_publisher/share/handpose_publisher/cmake/export_handpose_publisher__rosidl_typesupport_fastrtps_cExport.cmake
[1.570s] -- Up-to-date: /home/yue/robot/install/handpose_publisher/share/handpose_publisher/cmake/export_handpose_publisher__rosidl_typesupport_fastrtps_cExport-noconfig.cmake
[1.570s] -- Up-to-date: /home/yue/robot/install/handpose_publisher/share/handpose_publisher/cmake/export_handpose_publisher__rosidl_generator_cppExport.cmake
[1.573s] -- Up-to-date: /home/yue/robot/install/handpose_publisher/share/handpose_publisher/cmake/export_handpose_publisher__rosidl_typesupport_fastrtps_cppExport.cmake
[1.574s] -- Up-to-date: /home/yue/robot/install/handpose_publisher/share/handpose_publisher/cmake/export_handpose_publisher__rosidl_typesupport_fastrtps_cppExport-noconfig.cmake
[1.574s] -- Up-to-date: /home/yue/robot/install/handpose_publisher/share/handpose_publisher/cmake/handpose_publisher__rosidl_typesupport_introspection_cExport.cmake
[1.574s] -- Up-to-date: /home/yue/robot/install/handpose_publisher/share/handpose_publisher/cmake/handpose_publisher__rosidl_typesupport_introspection_cExport-noconfig.cmake
[1.587s] -- Up-to-date: /home/yue/robot/install/handpose_publisher/share/handpose_publisher/cmake/handpose_publisher__rosidl_typesupport_cExport.cmake
[1.588s] -- Up-to-date: /home/yue/robot/install/handpose_publisher/share/handpose_publisher/cmake/handpose_publisher__rosidl_typesupport_cExport-noconfig.cmake
[1.588s] -- Up-to-date: /home/yue/robot/install/handpose_publisher/share/handpose_publisher/cmake/handpose_publisher__rosidl_typesupport_introspection_cppExport.cmake
[1.588s] -- Up-to-date: /home/yue/robot/install/handpose_publisher/share/handpose_publisher/cmake/handpose_publisher__rosidl_typesupport_introspection_cppExport-noconfig.cmake
[1.588s] -- Up-to-date: /home/yue/robot/install/handpose_publisher/share/handpose_publisher/cmake/handpose_publisher__rosidl_typesupport_cppExport.cmake
[1.588s] -- Up-to-date: /home/yue/robot/install/handpose_publisher/share/handpose_publisher/cmake/handpose_publisher__rosidl_typesupport_cppExport-noconfig.cmake
[1.589s] -- Up-to-date: /home/yue/robot/install/handpose_publisher/share/handpose_publisher/cmake/export_handpose_publisher__rosidl_generator_pyExport.cmake
[1.589s] -- Up-to-date: /home/yue/robot/install/handpose_publisher/share/handpose_publisher/cmake/export_handpose_publisher__rosidl_generator_pyExport-noconfig.cmake
[1.589s] -- Up-to-date: /home/yue/robot/install/handpose_publisher/share/handpose_publisher/cmake/rosidl_cmake-extras.cmake
[1.589s] -- Up-to-date: /home/yue/robot/install/handpose_publisher/share/handpose_publisher/cmake/ament_cmake_export_dependencies-extras.cmake
[1.589s] -- Up-to-date: /home/yue/robot/install/handpose_publisher/share/handpose_publisher/cmake/ament_cmake_export_include_directories-extras.cmake
[1.589s] -- Up-to-date: /home/yue/robot/install/handpose_publisher/share/handpose_publisher/cmake/ament_cmake_export_libraries-extras.cmake
[1.589s] -- Up-to-date: /home/yue/robot/install/handpose_publisher/share/handpose_publisher/cmake/ament_cmake_export_targets-extras.cmake
[1.589s] -- Up-to-date: /home/yue/robot/install/handpose_publisher/share/handpose_publisher/cmake/rosidl_cmake_export_typesupport_targets-extras.cmake
[1.590s] -- Up-to-date: /home/yue/robot/install/handpose_publisher/share/handpose_publisher/cmake/rosidl_cmake_export_typesupport_libraries-extras.cmake
[1.590s] -- Up-to-date: /home/yue/robot/install/handpose_publisher/share/handpose_publisher/cmake/handpose_publisherConfig.cmake
[1.590s] -- Up-to-date: /home/yue/robot/install/handpose_publisher/share/handpose_publisher/cmake/handpose_publisherConfig-version.cmake
[1.600s] -- Up-to-date: /home/yue/robot/install/handpose_publisher/share/handpose_publisher/package.xml
[1.611s] Invoked command in '/home/yue/robot/build/handpose_publisher' returned '0': CMAKE_PREFIX_PATH=${CMAKE_PREFIX_PATH}:/opt/ros/humble /usr/bin/cmake --install /home/yue/robot/build/handpose_publisher
