[0.065s] Invoking command in '/home/yue/robot/build/piper_humble': CMAKE_PREFIX_PATH=${CMAKE_PREFIX_PATH}:/opt/ros/humble /usr/bin/cmake /home/yue/robot/src/Piper_ros/src/piper_humble -DCMAKE_INSTALL_PREFIX=/home/yue/robot/install/piper_humble
[0.243s] -- The C compiler identification is GNU 11.4.0
[0.433s] -- The CXX compiler identification is GNU 11.4.0
[0.471s] -- Detecting C compiler ABI info
[0.709s] -- Detecting C compiler ABI info - done
[0.721s] -- Check for working C compiler: /usr/bin/cc - skipped
[0.722s] -- Detecting C compile features
[0.722s] -- Detecting C compile features - done
[0.731s] -- Detecting CXX compiler ABI info
[1.004s] -- Detecting CXX compiler ABI info - done
[1.016s] -- Check for working CXX compiler: /usr/bin/c++ - skipped
[1.017s] -- Detecting CXX compile features
[1.017s] -- Detecting CXX compile features - done
[1.021s] -- Found ament_cmake: 1.3.12 (/opt/ros/humble/share/ament_cmake/cmake)
[1.464s] -- Found Python3: /usr/bin/python3 (found version "3.10.12") found components: Interpreter 
[2.114s] -- Configuring done
[2.120s] -- Generating done
[2.123s] -- Build files have been written to: /home/yue/robot/build/piper_humble
[2.160s] Invoked command in '/home/yue/robot/build/piper_humble' returned '0': CMAKE_PREFIX_PATH=${CMAKE_PREFIX_PATH}:/opt/ros/humble /usr/bin/cmake /home/yue/robot/src/Piper_ros/src/piper_humble -DCMAKE_INSTALL_PREFIX=/home/yue/robot/install/piper_humble
[2.161s] Invoking command in '/home/yue/robot/build/piper_humble': CMAKE_PREFIX_PATH=${CMAKE_PREFIX_PATH}:/opt/ros/humble /usr/bin/cmake --build /home/yue/robot/build/piper_humble -- -j6 -l6
[2.364s] Invoked command in '/home/yue/robot/build/piper_humble' returned '0': CMAKE_PREFIX_PATH=${CMAKE_PREFIX_PATH}:/opt/ros/humble /usr/bin/cmake --build /home/yue/robot/build/piper_humble -- -j6 -l6
[2.365s] Invoking command in '/home/yue/robot/build/piper_humble': CMAKE_PREFIX_PATH=${CMAKE_PREFIX_PATH}:/opt/ros/humble /usr/bin/cmake --install /home/yue/robot/build/piper_humble
[2.399s] -- Install configuration: ""
[2.402s] -- Installing: /home/yue/robot/install/piper_humble/share/ament_index/resource_index/package_run_dependencies/piper_humble
[2.402s] -- Installing: /home/yue/robot/install/piper_humble/share/ament_index/resource_index/parent_prefix_path/piper_humble
[2.402s] -- Installing: /home/yue/robot/install/piper_humble/share/piper_humble/environment/ament_prefix_path.sh
[2.403s] -- Installing: /home/yue/robot/install/piper_humble/share/piper_humble/environment/ament_prefix_path.dsv
[2.404s] -- Installing: /home/yue/robot/install/piper_humble/share/piper_humble/environment/path.sh
[2.405s] -- Installing: /home/yue/robot/install/piper_humble/share/piper_humble/environment/path.dsv
[2.405s] -- Installing: /home/yue/robot/install/piper_humble/share/piper_humble/local_setup.bash
[2.407s] -- Installing: /home/yue/robot/install/piper_humble/share/piper_humble/local_setup.sh
[2.407s] -- Installing: /home/yue/robot/install/piper_humble/share/piper_humble/local_setup.zsh
[2.408s] -- Installing: /home/yue/robot/install/piper_humble/share/piper_humble/local_setup.dsv
[2.409s] -- Installing: /home/yue/robot/install/piper_humble/share/piper_humble/package.dsv
[2.409s] -- Installing: /home/yue/robot/install/piper_humble/share/ament_index/resource_index/packages/piper_humble
[2.409s] -- Installing: /home/yue/robot/install/piper_humble/share/piper_humble/cmake/piper_humbleConfig.cmake
[2.409s] -- Installing: /home/yue/robot/install/piper_humble/share/piper_humble/cmake/piper_humbleConfig-version.cmake
[2.411s] -- Installing: /home/yue/robot/install/piper_humble/share/piper_humble/package.xml
[2.430s] Invoked command in '/home/yue/robot/build/piper_humble' returned '0': CMAKE_PREFIX_PATH=${CMAKE_PREFIX_PATH}:/opt/ros/humble /usr/bin/cmake --install /home/yue/robot/build/piper_humble
