[0.252s] DEBUG:colcon:Command line arguments: ['/usr/bin/colcon', 'build', '--packages-select', 'handpose_publisher', '--event-handlers', 'console_direct+']
[0.252s] DEBUG:colcon:Parsed command line arguments: Namespace(log_base=None, log_level=None, verb_name='build', build_base='build', install_base='install', merge_install=False, symlink_install=False, test_result_base=None, continue_on_error=False, executor='parallel', parallel_workers=6, event_handlers=['console_direct+'], ignore_user_meta=False, metas=['./colcon.meta'], base_paths=['.'], packages_ignore=None, packages_ignore_regex=None, paths=None, packages_up_to=None, packages_up_to_regex=None, packages_above=None, packages_above_and_dependencies=None, packages_above_depth=None, packages_select_by_dep=None, packages_skip_by_dep=None, packages_skip_up_to=None, packages_select_build_failed=False, packages_skip_build_finished=False, packages_select_test_failures=False, packages_skip_test_passed=False, packages_select=['handpose_publisher'], packages_skip=None, packages_select_regex=None, packages_skip_regex=None, packages_start=None, packages_end=None, allow_overriding=[], cmake_args=None, cmake_target=None, cmake_target_skip_unavailable=False, cmake_clean_cache=False, cmake_clean_first=False, cmake_force_configure=False, ament_cmake_args=None, catkin_cmake_args=None, catkin_skip_building_tests=False, verb_parser=<colcon_defaults.argument_parser.defaults.DefaultArgumentsDecorator object at 0xffff91b89a20>, verb_extension=<colcon_core.verb.build.BuildVerb object at 0xffff91b894e0>, main=<bound method BuildVerb.main of <colcon_core.verb.build.BuildVerb object at 0xffff91b894e0>>)
[0.666s] Level 1:colcon.colcon_core.package_discovery:discover_packages(colcon_meta) check parameters
[0.666s] Level 1:colcon.colcon_core.package_discovery:discover_packages(recursive) check parameters
[0.666s] Level 1:colcon.colcon_core.package_discovery:discover_packages(ignore) check parameters
[0.666s] Level 1:colcon.colcon_core.package_discovery:discover_packages(path) check parameters
[0.666s] Level 1:colcon.colcon_core.package_discovery:discover_packages(colcon_meta) discover
[0.666s] Level 1:colcon.colcon_core.package_discovery:discover_packages(recursive) discover
[0.666s] INFO:colcon.colcon_core.package_discovery:Crawling recursively for packages in '/home/yue/robot'
[0.667s] Level 1:colcon.colcon_core.package_identification:_identify(.) by extensions ['ignore', 'ignore_ament_install']
[0.667s] Level 1:colcon.colcon_core.package_identification:_identify(.) by extension 'ignore'
[0.667s] Level 1:colcon.colcon_core.package_identification:_identify(.) by extension 'ignore_ament_install'
[0.667s] Level 1:colcon.colcon_core.package_identification:_identify(.) by extensions ['colcon_pkg']
[0.667s] Level 1:colcon.colcon_core.package_identification:_identify(.) by extension 'colcon_pkg'
[0.667s] Level 1:colcon.colcon_core.package_identification:_identify(.) by extensions ['colcon_meta']
[0.667s] Level 1:colcon.colcon_core.package_identification:_identify(.) by extension 'colcon_meta'
[0.668s] Level 1:colcon.colcon_core.package_identification:_identify(.) by extensions ['ros']
[0.668s] Level 1:colcon.colcon_core.package_identification:_identify(.) by extension 'ros'
[0.694s] Level 1:colcon.colcon_core.package_identification:_identify(.) by extensions ['cmake', 'python']
[0.694s] Level 1:colcon.colcon_core.package_identification:_identify(.) by extension 'cmake'
[0.694s] Level 1:colcon.colcon_core.package_identification:_identify(.) by extension 'python'
[0.694s] Level 1:colcon.colcon_core.package_identification:_identify(.) by extensions ['python_setup_py']
[0.694s] Level 1:colcon.colcon_core.package_identification:_identify(.) by extension 'python_setup_py'
[0.695s] Level 1:colcon.colcon_core.package_identification:_identify(build) by extensions ['ignore', 'ignore_ament_install']
[0.695s] Level 1:colcon.colcon_core.package_identification:_identify(build) by extension 'ignore'
[0.695s] Level 1:colcon.colcon_core.package_identification:_identify(build) ignored
[0.695s] Level 1:colcon.colcon_core.package_identification:_identify(install) by extensions ['ignore', 'ignore_ament_install']
[0.695s] Level 1:colcon.colcon_core.package_identification:_identify(install) by extension 'ignore'
[0.696s] Level 1:colcon.colcon_core.package_identification:_identify(install) ignored
[0.696s] Level 1:colcon.colcon_core.package_identification:_identify(log) by extensions ['ignore', 'ignore_ament_install']
[0.696s] Level 1:colcon.colcon_core.package_identification:_identify(log) by extension 'ignore'
[0.696s] Level 1:colcon.colcon_core.package_identification:_identify(log) ignored
[0.696s] Level 1:colcon.colcon_core.package_identification:_identify(src) by extensions ['ignore', 'ignore_ament_install']
[0.696s] Level 1:colcon.colcon_core.package_identification:_identify(src) by extension 'ignore'
[0.697s] Level 1:colcon.colcon_core.package_identification:_identify(src) by extension 'ignore_ament_install'
[0.697s] Level 1:colcon.colcon_core.package_identification:_identify(src) by extensions ['colcon_pkg']
[0.697s] Level 1:colcon.colcon_core.package_identification:_identify(src) by extension 'colcon_pkg'
[0.697s] Level 1:colcon.colcon_core.package_identification:_identify(src) by extensions ['colcon_meta']
[0.697s] Level 1:colcon.colcon_core.package_identification:_identify(src) by extension 'colcon_meta'
[0.697s] Level 1:colcon.colcon_core.package_identification:_identify(src) by extensions ['ros']
[0.697s] Level 1:colcon.colcon_core.package_identification:_identify(src) by extension 'ros'
[0.697s] Level 1:colcon.colcon_core.package_identification:_identify(src) by extensions ['cmake', 'python']
[0.697s] Level 1:colcon.colcon_core.package_identification:_identify(src) by extension 'cmake'
[0.698s] Level 1:colcon.colcon_core.package_identification:_identify(src) by extension 'python'
[0.698s] Level 1:colcon.colcon_core.package_identification:_identify(src) by extensions ['python_setup_py']
[0.698s] Level 1:colcon.colcon_core.package_identification:_identify(src) by extension 'python_setup_py'
[0.698s] Level 1:colcon.colcon_core.package_identification:_identify(src/Piper_ros) by extensions ['ignore', 'ignore_ament_install']
[0.698s] Level 1:colcon.colcon_core.package_identification:_identify(src/Piper_ros) by extension 'ignore'
[0.698s] Level 1:colcon.colcon_core.package_identification:_identify(src/Piper_ros) by extension 'ignore_ament_install'
[0.698s] Level 1:colcon.colcon_core.package_identification:_identify(src/Piper_ros) by extensions ['colcon_pkg']
[0.698s] Level 1:colcon.colcon_core.package_identification:_identify(src/Piper_ros) by extension 'colcon_pkg'
[0.699s] Level 1:colcon.colcon_core.package_identification:_identify(src/Piper_ros) by extensions ['colcon_meta']
[0.699s] Level 1:colcon.colcon_core.package_identification:_identify(src/Piper_ros) by extension 'colcon_meta'
[0.699s] Level 1:colcon.colcon_core.package_identification:_identify(src/Piper_ros) by extensions ['ros']
[0.699s] Level 1:colcon.colcon_core.package_identification:_identify(src/Piper_ros) by extension 'ros'
[0.699s] Level 1:colcon.colcon_core.package_identification:_identify(src/Piper_ros) by extensions ['cmake', 'python']
[0.699s] Level 1:colcon.colcon_core.package_identification:_identify(src/Piper_ros) by extension 'cmake'
[0.699s] Level 1:colcon.colcon_core.package_identification:_identify(src/Piper_ros) by extension 'python'
[0.699s] Level 1:colcon.colcon_core.package_identification:_identify(src/Piper_ros) by extensions ['python_setup_py']
[0.699s] Level 1:colcon.colcon_core.package_identification:_identify(src/Piper_ros) by extension 'python_setup_py'
[0.700s] Level 1:colcon.colcon_core.package_identification:_identify(src/Piper_ros/asserts) by extensions ['ignore', 'ignore_ament_install']
[0.700s] Level 1:colcon.colcon_core.package_identification:_identify(src/Piper_ros/asserts) by extension 'ignore'
[0.700s] Level 1:colcon.colcon_core.package_identification:_identify(src/Piper_ros/asserts) by extension 'ignore_ament_install'
[0.700s] Level 1:colcon.colcon_core.package_identification:_identify(src/Piper_ros/asserts) by extensions ['colcon_pkg']
[0.700s] Level 1:colcon.colcon_core.package_identification:_identify(src/Piper_ros/asserts) by extension 'colcon_pkg'
[0.700s] Level 1:colcon.colcon_core.package_identification:_identify(src/Piper_ros/asserts) by extensions ['colcon_meta']
[0.700s] Level 1:colcon.colcon_core.package_identification:_identify(src/Piper_ros/asserts) by extension 'colcon_meta'
[0.700s] Level 1:colcon.colcon_core.package_identification:_identify(src/Piper_ros/asserts) by extensions ['ros']
[0.701s] Level 1:colcon.colcon_core.package_identification:_identify(src/Piper_ros/asserts) by extension 'ros'
[0.701s] Level 1:colcon.colcon_core.package_identification:_identify(src/Piper_ros/asserts) by extensions ['cmake', 'python']
[0.701s] Level 1:colcon.colcon_core.package_identification:_identify(src/Piper_ros/asserts) by extension 'cmake'
[0.701s] Level 1:colcon.colcon_core.package_identification:_identify(src/Piper_ros/asserts) by extension 'python'
[0.701s] Level 1:colcon.colcon_core.package_identification:_identify(src/Piper_ros/asserts) by extensions ['python_setup_py']
[0.701s] Level 1:colcon.colcon_core.package_identification:_identify(src/Piper_ros/asserts) by extension 'python_setup_py'
[0.701s] Level 1:colcon.colcon_core.package_identification:_identify(src/Piper_ros/asserts/pictures) by extensions ['ignore', 'ignore_ament_install']
[0.701s] Level 1:colcon.colcon_core.package_identification:_identify(src/Piper_ros/asserts/pictures) by extension 'ignore'
[0.702s] Level 1:colcon.colcon_core.package_identification:_identify(src/Piper_ros/asserts/pictures) by extension 'ignore_ament_install'
[0.702s] Level 1:colcon.colcon_core.package_identification:_identify(src/Piper_ros/asserts/pictures) by extensions ['colcon_pkg']
[0.702s] Level 1:colcon.colcon_core.package_identification:_identify(src/Piper_ros/asserts/pictures) by extension 'colcon_pkg'
[0.702s] Level 1:colcon.colcon_core.package_identification:_identify(src/Piper_ros/asserts/pictures) by extensions ['colcon_meta']
[0.702s] Level 1:colcon.colcon_core.package_identification:_identify(src/Piper_ros/asserts/pictures) by extension 'colcon_meta'
[0.702s] Level 1:colcon.colcon_core.package_identification:_identify(src/Piper_ros/asserts/pictures) by extensions ['ros']
[0.702s] Level 1:colcon.colcon_core.package_identification:_identify(src/Piper_ros/asserts/pictures) by extension 'ros'
[0.702s] Level 1:colcon.colcon_core.package_identification:_identify(src/Piper_ros/asserts/pictures) by extensions ['cmake', 'python']
[0.702s] Level 1:colcon.colcon_core.package_identification:_identify(src/Piper_ros/asserts/pictures) by extension 'cmake'
[0.702s] Level 1:colcon.colcon_core.package_identification:_identify(src/Piper_ros/asserts/pictures) by extension 'python'
[0.703s] Level 1:colcon.colcon_core.package_identification:_identify(src/Piper_ros/asserts/pictures) by extensions ['python_setup_py']
[0.703s] Level 1:colcon.colcon_core.package_identification:_identify(src/Piper_ros/asserts/pictures) by extension 'python_setup_py'
[0.703s] Level 1:colcon.colcon_core.package_identification:_identify(src/Piper_ros/build) by extensions ['ignore', 'ignore_ament_install']
[0.703s] Level 1:colcon.colcon_core.package_identification:_identify(src/Piper_ros/build) by extension 'ignore'
[0.703s] Level 1:colcon.colcon_core.package_identification:_identify(src/Piper_ros/build) ignored
[0.703s] Level 1:colcon.colcon_core.package_identification:_identify(src/Piper_ros/install) by extensions ['ignore', 'ignore_ament_install']
[0.704s] Level 1:colcon.colcon_core.package_identification:_identify(src/Piper_ros/install) by extension 'ignore'
[0.704s] Level 1:colcon.colcon_core.package_identification:_identify(src/Piper_ros/install) ignored
[0.704s] Level 1:colcon.colcon_core.package_identification:_identify(src/Piper_ros/log) by extensions ['ignore', 'ignore_ament_install']
[0.704s] Level 1:colcon.colcon_core.package_identification:_identify(src/Piper_ros/log) by extension 'ignore'
[0.704s] Level 1:colcon.colcon_core.package_identification:_identify(src/Piper_ros/log) ignored
[0.704s] Level 1:colcon.colcon_core.package_identification:_identify(src/Piper_ros/src) by extensions ['ignore', 'ignore_ament_install']
[0.705s] Level 1:colcon.colcon_core.package_identification:_identify(src/Piper_ros/src) by extension 'ignore'
[0.705s] Level 1:colcon.colcon_core.package_identification:_identify(src/Piper_ros/src) by extension 'ignore_ament_install'
[0.705s] Level 1:colcon.colcon_core.package_identification:_identify(src/Piper_ros/src) by extensions ['colcon_pkg']
[0.705s] Level 1:colcon.colcon_core.package_identification:_identify(src/Piper_ros/src) by extension 'colcon_pkg'
[0.705s] Level 1:colcon.colcon_core.package_identification:_identify(src/Piper_ros/src) by extensions ['colcon_meta']
[0.705s] Level 1:colcon.colcon_core.package_identification:_identify(src/Piper_ros/src) by extension 'colcon_meta'
[0.705s] Level 1:colcon.colcon_core.package_identification:_identify(src/Piper_ros/src) by extensions ['ros']
[0.705s] Level 1:colcon.colcon_core.package_identification:_identify(src/Piper_ros/src) by extension 'ros'
[0.705s] Level 1:colcon.colcon_core.package_identification:_identify(src/Piper_ros/src) by extensions ['cmake', 'python']
[0.706s] Level 1:colcon.colcon_core.package_identification:_identify(src/Piper_ros/src) by extension 'cmake'
[0.706s] Level 1:colcon.colcon_core.package_identification:_identify(src/Piper_ros/src) by extension 'python'
[0.706s] Level 1:colcon.colcon_core.package_identification:_identify(src/Piper_ros/src) by extensions ['python_setup_py']
[0.706s] Level 1:colcon.colcon_core.package_identification:_identify(src/Piper_ros/src) by extension 'python_setup_py'
[0.706s] Level 1:colcon.colcon_core.package_identification:_identify(src/Piper_ros/src/piper) by extensions ['ignore', 'ignore_ament_install']
[0.706s] Level 1:colcon.colcon_core.package_identification:_identify(src/Piper_ros/src/piper) by extension 'ignore'
[0.706s] Level 1:colcon.colcon_core.package_identification:_identify(src/Piper_ros/src/piper) by extension 'ignore_ament_install'
[0.706s] Level 1:colcon.colcon_core.package_identification:_identify(src/Piper_ros/src/piper) by extensions ['colcon_pkg']
[0.706s] Level 1:colcon.colcon_core.package_identification:_identify(src/Piper_ros/src/piper) by extension 'colcon_pkg'
[0.707s] Level 1:colcon.colcon_core.package_identification:_identify(src/Piper_ros/src/piper) by extensions ['colcon_meta']
[0.707s] Level 1:colcon.colcon_core.package_identification:_identify(src/Piper_ros/src/piper) by extension 'colcon_meta'
[0.707s] Level 1:colcon.colcon_core.package_identification:_identify(src/Piper_ros/src/piper) by extensions ['ros']
[0.707s] Level 1:colcon.colcon_core.package_identification:_identify(src/Piper_ros/src/piper) by extension 'ros'
[0.713s] DEBUG:colcon.colcon_core.package_identification:Package 'src/Piper_ros/src/piper' with type 'ros.ament_python' and name 'piper'
[0.713s] Level 1:colcon.colcon_core.package_identification:_identify(src/Piper_ros/src/piper_description) by extensions ['ignore', 'ignore_ament_install']
[0.714s] Level 1:colcon.colcon_core.package_identification:_identify(src/Piper_ros/src/piper_description) by extension 'ignore'
[0.714s] Level 1:colcon.colcon_core.package_identification:_identify(src/Piper_ros/src/piper_description) by extension 'ignore_ament_install'
[0.714s] Level 1:colcon.colcon_core.package_identification:_identify(src/Piper_ros/src/piper_description) by extensions ['colcon_pkg']
[0.714s] Level 1:colcon.colcon_core.package_identification:_identify(src/Piper_ros/src/piper_description) by extension 'colcon_pkg'
[0.714s] Level 1:colcon.colcon_core.package_identification:_identify(src/Piper_ros/src/piper_description) by extensions ['colcon_meta']
[0.714s] Level 1:colcon.colcon_core.package_identification:_identify(src/Piper_ros/src/piper_description) by extension 'colcon_meta'
[0.714s] Level 1:colcon.colcon_core.package_identification:_identify(src/Piper_ros/src/piper_description) by extensions ['ros']
[0.714s] Level 1:colcon.colcon_core.package_identification:_identify(src/Piper_ros/src/piper_description) by extension 'ros'
[0.716s] DEBUG:colcon.colcon_core.package_identification:Package 'src/Piper_ros/src/piper_description' with type 'ros.ament_cmake' and name 'piper_description'
[0.716s] Level 1:colcon.colcon_core.package_identification:_identify(src/Piper_ros/src/piper_humble) by extensions ['ignore', 'ignore_ament_install']
[0.716s] Level 1:colcon.colcon_core.package_identification:_identify(src/Piper_ros/src/piper_humble) by extension 'ignore'
[0.716s] Level 1:colcon.colcon_core.package_identification:_identify(src/Piper_ros/src/piper_humble) by extension 'ignore_ament_install'
[0.716s] Level 1:colcon.colcon_core.package_identification:_identify(src/Piper_ros/src/piper_humble) by extensions ['colcon_pkg']
[0.717s] Level 1:colcon.colcon_core.package_identification:_identify(src/Piper_ros/src/piper_humble) by extension 'colcon_pkg'
[0.717s] Level 1:colcon.colcon_core.package_identification:_identify(src/Piper_ros/src/piper_humble) by extensions ['colcon_meta']
[0.717s] Level 1:colcon.colcon_core.package_identification:_identify(src/Piper_ros/src/piper_humble) by extension 'colcon_meta'
[0.717s] Level 1:colcon.colcon_core.package_identification:_identify(src/Piper_ros/src/piper_humble) by extensions ['ros']
[0.717s] Level 1:colcon.colcon_core.package_identification:_identify(src/Piper_ros/src/piper_humble) by extension 'ros'
[0.718s] DEBUG:colcon.colcon_core.package_identification:Package 'src/Piper_ros/src/piper_humble' with type 'ros.ament_cmake' and name 'piper_humble'
[0.718s] Level 1:colcon.colcon_core.package_identification:_identify(src/Piper_ros/src/piper_moveit) by extensions ['ignore', 'ignore_ament_install']
[0.718s] Level 1:colcon.colcon_core.package_identification:_identify(src/Piper_ros/src/piper_moveit) by extension 'ignore'
[0.719s] Level 1:colcon.colcon_core.package_identification:_identify(src/Piper_ros/src/piper_moveit) by extension 'ignore_ament_install'
[0.719s] Level 1:colcon.colcon_core.package_identification:_identify(src/Piper_ros/src/piper_moveit) by extensions ['colcon_pkg']
[0.719s] Level 1:colcon.colcon_core.package_identification:_identify(src/Piper_ros/src/piper_moveit) by extension 'colcon_pkg'
[0.719s] Level 1:colcon.colcon_core.package_identification:_identify(src/Piper_ros/src/piper_moveit) by extensions ['colcon_meta']
[0.719s] Level 1:colcon.colcon_core.package_identification:_identify(src/Piper_ros/src/piper_moveit) by extension 'colcon_meta'
[0.719s] Level 1:colcon.colcon_core.package_identification:_identify(src/Piper_ros/src/piper_moveit) by extensions ['ros']
[0.719s] Level 1:colcon.colcon_core.package_identification:_identify(src/Piper_ros/src/piper_moveit) by extension 'ros'
[0.719s] Level 1:colcon.colcon_core.package_identification:_identify(src/Piper_ros/src/piper_moveit) by extensions ['cmake', 'python']
[0.719s] Level 1:colcon.colcon_core.package_identification:_identify(src/Piper_ros/src/piper_moveit) by extension 'cmake'
[0.720s] Level 1:colcon.colcon_core.package_identification:_identify(src/Piper_ros/src/piper_moveit) by extension 'python'
[0.720s] Level 1:colcon.colcon_core.package_identification:_identify(src/Piper_ros/src/piper_moveit) by extensions ['python_setup_py']
[0.720s] Level 1:colcon.colcon_core.package_identification:_identify(src/Piper_ros/src/piper_moveit) by extension 'python_setup_py'
[0.720s] Level 1:colcon.colcon_core.package_identification:_identify(src/Piper_ros/src/piper_moveit/piper_no_gripper_moveit) by extensions ['ignore', 'ignore_ament_install']
[0.720s] Level 1:colcon.colcon_core.package_identification:_identify(src/Piper_ros/src/piper_moveit/piper_no_gripper_moveit) by extension 'ignore'
[0.720s] Level 1:colcon.colcon_core.package_identification:_identify(src/Piper_ros/src/piper_moveit/piper_no_gripper_moveit) by extension 'ignore_ament_install'
[0.720s] Level 1:colcon.colcon_core.package_identification:_identify(src/Piper_ros/src/piper_moveit/piper_no_gripper_moveit) by extensions ['colcon_pkg']
[0.720s] Level 1:colcon.colcon_core.package_identification:_identify(src/Piper_ros/src/piper_moveit/piper_no_gripper_moveit) by extension 'colcon_pkg'
[0.721s] Level 1:colcon.colcon_core.package_identification:_identify(src/Piper_ros/src/piper_moveit/piper_no_gripper_moveit) by extensions ['colcon_meta']
[0.721s] Level 1:colcon.colcon_core.package_identification:_identify(src/Piper_ros/src/piper_moveit/piper_no_gripper_moveit) by extension 'colcon_meta'
[0.721s] Level 1:colcon.colcon_core.package_identification:_identify(src/Piper_ros/src/piper_moveit/piper_no_gripper_moveit) by extensions ['ros']
[0.721s] Level 1:colcon.colcon_core.package_identification:_identify(src/Piper_ros/src/piper_moveit/piper_no_gripper_moveit) by extension 'ros'
[0.723s] DEBUG:colcon.colcon_core.package_identification:Package 'src/Piper_ros/src/piper_moveit/piper_no_gripper_moveit' with type 'ros.ament_cmake' and name 'piper_no_gripper_moveit'
[0.723s] Level 1:colcon.colcon_core.package_identification:_identify(src/Piper_ros/src/piper_moveit/piper_with_gripper_moveit) by extensions ['ignore', 'ignore_ament_install']
[0.723s] Level 1:colcon.colcon_core.package_identification:_identify(src/Piper_ros/src/piper_moveit/piper_with_gripper_moveit) by extension 'ignore'
[0.723s] Level 1:colcon.colcon_core.package_identification:_identify(src/Piper_ros/src/piper_moveit/piper_with_gripper_moveit) by extension 'ignore_ament_install'
[0.723s] Level 1:colcon.colcon_core.package_identification:_identify(src/Piper_ros/src/piper_moveit/piper_with_gripper_moveit) by extensions ['colcon_pkg']
[0.723s] Level 1:colcon.colcon_core.package_identification:_identify(src/Piper_ros/src/piper_moveit/piper_with_gripper_moveit) by extension 'colcon_pkg'
[0.723s] Level 1:colcon.colcon_core.package_identification:_identify(src/Piper_ros/src/piper_moveit/piper_with_gripper_moveit) by extensions ['colcon_meta']
[0.724s] Level 1:colcon.colcon_core.package_identification:_identify(src/Piper_ros/src/piper_moveit/piper_with_gripper_moveit) by extension 'colcon_meta'
[0.724s] Level 1:colcon.colcon_core.package_identification:_identify(src/Piper_ros/src/piper_moveit/piper_with_gripper_moveit) by extensions ['ros']
[0.724s] Level 1:colcon.colcon_core.package_identification:_identify(src/Piper_ros/src/piper_moveit/piper_with_gripper_moveit) by extension 'ros'
[0.726s] DEBUG:colcon.colcon_core.package_identification:Package 'src/Piper_ros/src/piper_moveit/piper_with_gripper_moveit' with type 'ros.ament_cmake' and name 'piper_with_gripper_moveit'
[0.726s] Level 1:colcon.colcon_core.package_identification:_identify(src/Piper_ros/src/piper_msgs) by extensions ['ignore', 'ignore_ament_install']
[0.726s] Level 1:colcon.colcon_core.package_identification:_identify(src/Piper_ros/src/piper_msgs) by extension 'ignore'
[0.726s] Level 1:colcon.colcon_core.package_identification:_identify(src/Piper_ros/src/piper_msgs) by extension 'ignore_ament_install'
[0.726s] Level 1:colcon.colcon_core.package_identification:_identify(src/Piper_ros/src/piper_msgs) by extensions ['colcon_pkg']
[0.726s] Level 1:colcon.colcon_core.package_identification:_identify(src/Piper_ros/src/piper_msgs) by extension 'colcon_pkg'
[0.727s] Level 1:colcon.colcon_core.package_identification:_identify(src/Piper_ros/src/piper_msgs) by extensions ['colcon_meta']
[0.727s] Level 1:colcon.colcon_core.package_identification:_identify(src/Piper_ros/src/piper_msgs) by extension 'colcon_meta'
[0.727s] Level 1:colcon.colcon_core.package_identification:_identify(src/Piper_ros/src/piper_msgs) by extensions ['ros']
[0.727s] Level 1:colcon.colcon_core.package_identification:_identify(src/Piper_ros/src/piper_msgs) by extension 'ros'
[0.728s] DEBUG:colcon.colcon_core.package_identification:Package 'src/Piper_ros/src/piper_msgs' with type 'ros.ament_cmake' and name 'piper_msgs'
[0.728s] Level 1:colcon.colcon_core.package_identification:_identify(src/Piper_ros/src/piper_sim) by extensions ['ignore', 'ignore_ament_install']
[0.728s] Level 1:colcon.colcon_core.package_identification:_identify(src/Piper_ros/src/piper_sim) by extension 'ignore'
[0.728s] Level 1:colcon.colcon_core.package_identification:_identify(src/Piper_ros/src/piper_sim) by extension 'ignore_ament_install'
[0.729s] Level 1:colcon.colcon_core.package_identification:_identify(src/Piper_ros/src/piper_sim) by extensions ['colcon_pkg']
[0.729s] Level 1:colcon.colcon_core.package_identification:_identify(src/Piper_ros/src/piper_sim) by extension 'colcon_pkg'
[0.729s] Level 1:colcon.colcon_core.package_identification:_identify(src/Piper_ros/src/piper_sim) by extensions ['colcon_meta']
[0.729s] Level 1:colcon.colcon_core.package_identification:_identify(src/Piper_ros/src/piper_sim) by extension 'colcon_meta'
[0.729s] Level 1:colcon.colcon_core.package_identification:_identify(src/Piper_ros/src/piper_sim) by extensions ['ros']
[0.729s] Level 1:colcon.colcon_core.package_identification:_identify(src/Piper_ros/src/piper_sim) by extension 'ros'
[0.729s] Level 1:colcon.colcon_core.package_identification:_identify(src/Piper_ros/src/piper_sim) by extensions ['cmake', 'python']
[0.729s] Level 1:colcon.colcon_core.package_identification:_identify(src/Piper_ros/src/piper_sim) by extension 'cmake'
[0.729s] Level 1:colcon.colcon_core.package_identification:_identify(src/Piper_ros/src/piper_sim) by extension 'python'
[0.730s] Level 1:colcon.colcon_core.package_identification:_identify(src/Piper_ros/src/piper_sim) by extensions ['python_setup_py']
[0.730s] Level 1:colcon.colcon_core.package_identification:_identify(src/Piper_ros/src/piper_sim) by extension 'python_setup_py'
[0.730s] Level 1:colcon.colcon_core.package_identification:_identify(src/Piper_ros/src/piper_sim/piper_gazebo) by extensions ['ignore', 'ignore_ament_install']
[0.730s] Level 1:colcon.colcon_core.package_identification:_identify(src/Piper_ros/src/piper_sim/piper_gazebo) by extension 'ignore'
[0.730s] Level 1:colcon.colcon_core.package_identification:_identify(src/Piper_ros/src/piper_sim/piper_gazebo) by extension 'ignore_ament_install'
[0.730s] Level 1:colcon.colcon_core.package_identification:_identify(src/Piper_ros/src/piper_sim/piper_gazebo) by extensions ['colcon_pkg']
[0.730s] Level 1:colcon.colcon_core.package_identification:_identify(src/Piper_ros/src/piper_sim/piper_gazebo) by extension 'colcon_pkg'
[0.730s] Level 1:colcon.colcon_core.package_identification:_identify(src/Piper_ros/src/piper_sim/piper_gazebo) by extensions ['colcon_meta']
[0.730s] Level 1:colcon.colcon_core.package_identification:_identify(src/Piper_ros/src/piper_sim/piper_gazebo) by extension 'colcon_meta'
[0.731s] Level 1:colcon.colcon_core.package_identification:_identify(src/Piper_ros/src/piper_sim/piper_gazebo) by extensions ['ros']
[0.731s] Level 1:colcon.colcon_core.package_identification:_identify(src/Piper_ros/src/piper_sim/piper_gazebo) by extension 'ros'
[0.732s] DEBUG:colcon.colcon_core.package_identification:Package 'src/Piper_ros/src/piper_sim/piper_gazebo' with type 'ros.ament_cmake' and name 'piper_gazebo'
[0.732s] Level 1:colcon.colcon_core.package_identification:_identify(src/Piper_ros/src/piper_sim/piper_mujoco) by extensions ['ignore', 'ignore_ament_install']
[0.732s] Level 1:colcon.colcon_core.package_identification:_identify(src/Piper_ros/src/piper_sim/piper_mujoco) by extension 'ignore'
[0.732s] Level 1:colcon.colcon_core.package_identification:_identify(src/Piper_ros/src/piper_sim/piper_mujoco) by extension 'ignore_ament_install'
[0.733s] Level 1:colcon.colcon_core.package_identification:_identify(src/Piper_ros/src/piper_sim/piper_mujoco) by extensions ['colcon_pkg']
[0.733s] Level 1:colcon.colcon_core.package_identification:_identify(src/Piper_ros/src/piper_sim/piper_mujoco) by extension 'colcon_pkg'
[0.733s] Level 1:colcon.colcon_core.package_identification:_identify(src/Piper_ros/src/piper_sim/piper_mujoco) by extensions ['colcon_meta']
[0.733s] Level 1:colcon.colcon_core.package_identification:_identify(src/Piper_ros/src/piper_sim/piper_mujoco) by extension 'colcon_meta'
[0.733s] Level 1:colcon.colcon_core.package_identification:_identify(src/Piper_ros/src/piper_sim/piper_mujoco) by extensions ['ros']
[0.733s] Level 1:colcon.colcon_core.package_identification:_identify(src/Piper_ros/src/piper_sim/piper_mujoco) by extension 'ros'
[0.734s] DEBUG:colcon.colcon_core.package_identification:Package 'src/Piper_ros/src/piper_sim/piper_mujoco' with type 'ros.ament_cmake' and name 'piper_mujoco'
[0.734s] Level 1:colcon.colcon_core.package_identification:_identify(src/handpose_publisher) by extensions ['ignore', 'ignore_ament_install']
[0.734s] Level 1:colcon.colcon_core.package_identification:_identify(src/handpose_publisher) by extension 'ignore'
[0.735s] Level 1:colcon.colcon_core.package_identification:_identify(src/handpose_publisher) by extension 'ignore_ament_install'
[0.735s] Level 1:colcon.colcon_core.package_identification:_identify(src/handpose_publisher) by extensions ['colcon_pkg']
[0.735s] Level 1:colcon.colcon_core.package_identification:_identify(src/handpose_publisher) by extension 'colcon_pkg'
[0.735s] Level 1:colcon.colcon_core.package_identification:_identify(src/handpose_publisher) by extensions ['colcon_meta']
[0.735s] Level 1:colcon.colcon_core.package_identification:_identify(src/handpose_publisher) by extension 'colcon_meta'
[0.735s] Level 1:colcon.colcon_core.package_identification:_identify(src/handpose_publisher) by extensions ['ros']
[0.735s] Level 1:colcon.colcon_core.package_identification:_identify(src/handpose_publisher) by extension 'ros'
[0.736s] DEBUG:colcon.colcon_core.package_identification:Package 'src/handpose_publisher' with type 'ros.ament_cmake' and name 'handpose_publisher'
[0.736s] Level 1:colcon.colcon_core.package_identification:_identify(src/handpose_visualizer) by extensions ['ignore', 'ignore_ament_install']
[0.737s] Level 1:colcon.colcon_core.package_identification:_identify(src/handpose_visualizer) by extension 'ignore'
[0.737s] Level 1:colcon.colcon_core.package_identification:_identify(src/handpose_visualizer) by extension 'ignore_ament_install'
[0.737s] Level 1:colcon.colcon_core.package_identification:_identify(src/handpose_visualizer) by extensions ['colcon_pkg']
[0.737s] Level 1:colcon.colcon_core.package_identification:_identify(src/handpose_visualizer) by extension 'colcon_pkg'
[0.737s] Level 1:colcon.colcon_core.package_identification:_identify(src/handpose_visualizer) by extensions ['colcon_meta']
[0.737s] Level 1:colcon.colcon_core.package_identification:_identify(src/handpose_visualizer) by extension 'colcon_meta'
[0.737s] Level 1:colcon.colcon_core.package_identification:_identify(src/handpose_visualizer) by extensions ['ros']
[0.737s] Level 1:colcon.colcon_core.package_identification:_identify(src/handpose_visualizer) by extension 'ros'
[0.738s] DEBUG:colcon.colcon_core.package_identification:Failed to parse potential ROS package manifest in'src/handpose_visualizer': Error(s) in package 'src/handpose_visualizer/package.xml':
The manifest contains invalid XML:
no element found: line 1, column 0
[0.738s] Level 1:colcon.colcon_core.package_identification:_identify(src/handpose_visualizer) by extensions ['cmake', 'python']
[0.738s] Level 1:colcon.colcon_core.package_identification:_identify(src/handpose_visualizer) by extension 'cmake'
[0.738s] Level 1:colcon.colcon_core.package_identification:_identify(src/handpose_visualizer) by extension 'python'
[0.738s] DEBUG:colcon.colcon_core.package_identification:Python package in 'src/handpose_visualizer' passes arguments to the setup() function which requires a different identification extension than 'python'
[0.738s] Level 1:colcon.colcon_core.package_identification:_identify(src/handpose_visualizer) by extensions ['python_setup_py']
[0.739s] Level 1:colcon.colcon_core.package_identification:_identify(src/handpose_visualizer) by extension 'python_setup_py'
[1.282s] DEBUG:colcon.colcon_core.package_identification:Package 'src/handpose_visualizer' with type 'python' and name 'handpose_visualizer'
[1.282s] Level 1:colcon.colcon_core.package_identification:_identify(src/piper_handpose_controller) by extensions ['ignore', 'ignore_ament_install']
[1.283s] Level 1:colcon.colcon_core.package_identification:_identify(src/piper_handpose_controller) by extension 'ignore'
[1.283s] Level 1:colcon.colcon_core.package_identification:_identify(src/piper_handpose_controller) by extension 'ignore_ament_install'
[1.283s] Level 1:colcon.colcon_core.package_identification:_identify(src/piper_handpose_controller) by extensions ['colcon_pkg']
[1.283s] Level 1:colcon.colcon_core.package_identification:_identify(src/piper_handpose_controller) by extension 'colcon_pkg'
[1.283s] Level 1:colcon.colcon_core.package_identification:_identify(src/piper_handpose_controller) by extensions ['colcon_meta']
[1.283s] Level 1:colcon.colcon_core.package_identification:_identify(src/piper_handpose_controller) by extension 'colcon_meta'
[1.283s] Level 1:colcon.colcon_core.package_identification:_identify(src/piper_handpose_controller) by extensions ['ros']
[1.283s] Level 1:colcon.colcon_core.package_identification:_identify(src/piper_handpose_controller) by extension 'ros'
[1.287s] DEBUG:colcon.colcon_core.package_identification:Package 'src/piper_handpose_controller' with type 'ros.ament_python' and name 'piper_handpose_controller'
[1.287s] Level 1:colcon.colcon_core.package_identification:_identify(src/piper_sdk) by extensions ['ignore', 'ignore_ament_install']
[1.288s] Level 1:colcon.colcon_core.package_identification:_identify(src/piper_sdk) by extension 'ignore'
[1.288s] Level 1:colcon.colcon_core.package_identification:_identify(src/piper_sdk) by extension 'ignore_ament_install'
[1.288s] Level 1:colcon.colcon_core.package_identification:_identify(src/piper_sdk) by extensions ['colcon_pkg']
[1.288s] Level 1:colcon.colcon_core.package_identification:_identify(src/piper_sdk) by extension 'colcon_pkg'
[1.288s] Level 1:colcon.colcon_core.package_identification:_identify(src/piper_sdk) by extensions ['colcon_meta']
[1.288s] Level 1:colcon.colcon_core.package_identification:_identify(src/piper_sdk) by extension 'colcon_meta'
[1.288s] Level 1:colcon.colcon_core.package_identification:_identify(src/piper_sdk) by extensions ['ros']
[1.288s] Level 1:colcon.colcon_core.package_identification:_identify(src/piper_sdk) by extension 'ros'
[1.289s] Level 1:colcon.colcon_core.package_identification:_identify(src/piper_sdk) by extensions ['cmake', 'python']
[1.289s] Level 1:colcon.colcon_core.package_identification:_identify(src/piper_sdk) by extension 'cmake'
[1.289s] Level 1:colcon.colcon_core.package_identification:_identify(src/piper_sdk) by extension 'python'
[1.289s] Level 1:colcon.colcon_core.package_identification:_identify(src/piper_sdk) by extensions ['python_setup_py']
[1.289s] Level 1:colcon.colcon_core.package_identification:_identify(src/piper_sdk) by extension 'python_setup_py'
[1.805s] DEBUG:colcon.colcon_core.package_identification:Package 'src/piper_sdk' with type 'python' and name 'piper_sdk'
[1.805s] Level 1:colcon.colcon_core.package_discovery:discover_packages(recursive) using defaults
[1.806s] Level 1:colcon.colcon_core.package_discovery:discover_packages(ignore) discover
[1.806s] Level 1:colcon.colcon_core.package_discovery:discover_packages(ignore) using defaults
[1.806s] Level 1:colcon.colcon_core.package_discovery:discover_packages(path) discover
[1.806s] Level 1:colcon.colcon_core.package_discovery:discover_packages(path) using defaults
[1.931s] INFO:colcon.colcon_core.package_selection:Skipping not selected package 'handpose_visualizer' in 'src/handpose_visualizer'
[1.932s] INFO:colcon.colcon_core.package_selection:Skipping not selected package 'piper' in 'src/Piper_ros/src/piper'
[1.932s] INFO:colcon.colcon_core.package_selection:Skipping not selected package 'piper_description' in 'src/Piper_ros/src/piper_description'
[1.932s] INFO:colcon.colcon_core.package_selection:Skipping not selected package 'piper_gazebo' in 'src/Piper_ros/src/piper_sim/piper_gazebo'
[1.932s] INFO:colcon.colcon_core.package_selection:Skipping not selected package 'piper_humble' in 'src/Piper_ros/src/piper_humble'
[1.932s] INFO:colcon.colcon_core.package_selection:Skipping not selected package 'piper_msgs' in 'src/Piper_ros/src/piper_msgs'
[1.932s] INFO:colcon.colcon_core.package_selection:Skipping not selected package 'piper_mujoco' in 'src/Piper_ros/src/piper_sim/piper_mujoco'
[1.932s] INFO:colcon.colcon_core.package_selection:Skipping not selected package 'piper_sdk' in 'src/piper_sdk'
[1.932s] INFO:colcon.colcon_core.package_selection:Skipping not selected package 'piper_handpose_controller' in 'src/piper_handpose_controller'
[1.932s] INFO:colcon.colcon_core.package_selection:Skipping not selected package 'piper_no_gripper_moveit' in 'src/Piper_ros/src/piper_moveit/piper_no_gripper_moveit'
[1.932s] INFO:colcon.colcon_core.package_selection:Skipping not selected package 'piper_with_gripper_moveit' in 'src/Piper_ros/src/piper_moveit/piper_with_gripper_moveit'
[1.934s] Level 1:colcon.colcon_core.package_discovery:discover_packages(prefix_path) check parameters
[1.934s] Level 1:colcon.colcon_core.package_discovery:discover_packages(prefix_path) discover
[1.938s] WARNING:colcon.colcon_ros.prefix_path.ament:The path '/home/yue/robot/install/piper_with_gripper_moveit' in the environment variable AMENT_PREFIX_PATH doesn't exist
[1.938s] WARNING:colcon.colcon_ros.prefix_path.ament:The path '/home/yue/robot/install/piper_no_gripper_moveit' in the environment variable AMENT_PREFIX_PATH doesn't exist
[1.939s] WARNING:colcon.colcon_ros.prefix_path.ament:The path '/home/yue/robot/install/piper_mujoco' in the environment variable AMENT_PREFIX_PATH doesn't exist
[1.939s] WARNING:colcon.colcon_ros.prefix_path.ament:The path '/home/yue/robot/install/piper_handpose_controller' in the environment variable AMENT_PREFIX_PATH doesn't exist
[1.939s] WARNING:colcon.colcon_ros.prefix_path.ament:The path '/home/yue/robot/install/piper_msgs' in the environment variable AMENT_PREFIX_PATH doesn't exist
[1.939s] WARNING:colcon.colcon_ros.prefix_path.ament:The path '/home/yue/robot/install/piper_humble' in the environment variable AMENT_PREFIX_PATH doesn't exist
[1.939s] WARNING:colcon.colcon_ros.prefix_path.ament:The path '/home/yue/robot/install/piper_gazebo' in the environment variable AMENT_PREFIX_PATH doesn't exist
[1.939s] WARNING:colcon.colcon_ros.prefix_path.ament:The path '/home/yue/robot/install/piper_description' in the environment variable AMENT_PREFIX_PATH doesn't exist
[1.939s] WARNING:colcon.colcon_ros.prefix_path.ament:The path '/home/yue/robot/install/piper' in the environment variable AMENT_PREFIX_PATH doesn't exist
[1.940s] WARNING:colcon.colcon_ros.prefix_path.ament:The path '/home/yue/robot/install/handpose_publisher' in the environment variable AMENT_PREFIX_PATH doesn't exist
[1.941s] WARNING:colcon.colcon_ros.prefix_path.catkin:The path '/home/yue/robot/install/piper_with_gripper_moveit' in the environment variable CMAKE_PREFIX_PATH doesn't exist
[1.941s] WARNING:colcon.colcon_ros.prefix_path.catkin:The path '/home/yue/robot/install/piper_no_gripper_moveit' in the environment variable CMAKE_PREFIX_PATH doesn't exist
[1.942s] WARNING:colcon.colcon_ros.prefix_path.catkin:The path '/home/yue/robot/install/piper_mujoco' in the environment variable CMAKE_PREFIX_PATH doesn't exist
[1.942s] WARNING:colcon.colcon_ros.prefix_path.catkin:The path '/home/yue/robot/install/piper_msgs' in the environment variable CMAKE_PREFIX_PATH doesn't exist
[1.942s] WARNING:colcon.colcon_ros.prefix_path.catkin:The path '/home/yue/robot/install/piper_humble' in the environment variable CMAKE_PREFIX_PATH doesn't exist
[1.942s] WARNING:colcon.colcon_ros.prefix_path.catkin:The path '/home/yue/robot/install/piper_gazebo' in the environment variable CMAKE_PREFIX_PATH doesn't exist
[1.942s] WARNING:colcon.colcon_ros.prefix_path.catkin:The path '/home/yue/robot/install/piper_description' in the environment variable CMAKE_PREFIX_PATH doesn't exist
[1.942s] WARNING:colcon.colcon_ros.prefix_path.catkin:The path '/home/yue/robot/install/handpose_publisher' in the environment variable CMAKE_PREFIX_PATH doesn't exist
[1.945s] DEBUG:colcon.colcon_installed_package_information.package_discovery:Found 0 installed packages in /home/yue/robot/install
[1.950s] DEBUG:colcon.colcon_installed_package_information.package_discovery:Found 8 installed packages in /home/yue/robot/src/Piper_ros/install
[1.954s] DEBUG:colcon.colcon_installed_package_information.package_discovery:Found 381 installed packages in /opt/ros/humble
[1.959s] Level 1:colcon.colcon_core.package_discovery:discover_packages(prefix_path) using defaults
[2.125s] Level 5:colcon.colcon_core.verb:set package 'handpose_publisher' build argument 'cmake_args' from command line to 'None'
[2.125s] Level 5:colcon.colcon_core.verb:set package 'handpose_publisher' build argument 'cmake_target' from command line to 'None'
[2.125s] Level 5:colcon.colcon_core.verb:set package 'handpose_publisher' build argument 'cmake_target_skip_unavailable' from command line to 'False'
[2.125s] Level 5:colcon.colcon_core.verb:set package 'handpose_publisher' build argument 'cmake_clean_cache' from command line to 'False'
[2.126s] Level 5:colcon.colcon_core.verb:set package 'handpose_publisher' build argument 'cmake_clean_first' from command line to 'False'
[2.126s] Level 5:colcon.colcon_core.verb:set package 'handpose_publisher' build argument 'cmake_force_configure' from command line to 'False'
[2.126s] Level 5:colcon.colcon_core.verb:set package 'handpose_publisher' build argument 'ament_cmake_args' from command line to 'None'
[2.126s] Level 5:colcon.colcon_core.verb:set package 'handpose_publisher' build argument 'catkin_cmake_args' from command line to 'None'
[2.126s] Level 5:colcon.colcon_core.verb:set package 'handpose_publisher' build argument 'catkin_skip_building_tests' from command line to 'False'
[2.126s] DEBUG:colcon.colcon_core.verb:Building package 'handpose_publisher' with the following arguments: {'ament_cmake_args': None, 'build_base': '/home/yue/robot/build/handpose_publisher', 'catkin_cmake_args': None, 'catkin_skip_building_tests': False, 'cmake_args': None, 'cmake_clean_cache': False, 'cmake_clean_first': False, 'cmake_force_configure': False, 'cmake_target': None, 'cmake_target_skip_unavailable': False, 'install_base': '/home/yue/robot/install/handpose_publisher', 'merge_install': False, 'path': '/home/yue/robot/src/handpose_publisher', 'symlink_install': False, 'test_result_base': None}
[2.126s] INFO:colcon.colcon_core.executor:Executing jobs using 'parallel' executor
[2.128s] DEBUG:colcon.colcon_parallel_executor.executor.parallel:run_until_complete
[2.129s] INFO:colcon.colcon_ros.task.ament_cmake.build:Building ROS package in '/home/yue/robot/src/handpose_publisher' with build type 'ament_cmake'
[2.129s] INFO:colcon.colcon_cmake.task.cmake.build:Building CMake package in '/home/yue/robot/src/handpose_publisher'
[2.136s] INFO:colcon.colcon_core.plugin_system:Skipping extension 'colcon_core.shell.bat': Not used on non-Windows systems
[2.136s] INFO:colcon.colcon_core.shell:Skip shell extension 'powershell' for command environment: Not usable outside of PowerShell
[2.136s] DEBUG:colcon.colcon_core.shell:Skip shell extension 'dsv' for command environment
[2.152s] DEBUG:colcon.colcon_core.event_handler.log_command:Invoking command in '/home/yue/robot/build/handpose_publisher': CMAKE_PREFIX_PATH=${CMAKE_PREFIX_PATH}:/home/yue/robot/install/piper_handpose_controller:/home/yue/robot/install/piper:/home/yue/robot/src/Piper_ros/install/piper:/opt/ros/humble /usr/bin/cmake /home/yue/robot/src/handpose_publisher -DCMAKE_INSTALL_PREFIX=/home/yue/robot/install/handpose_publisher
[7.406s] DEBUG:colcon.colcon_core.event_handler.log_command:Invoked command in '/home/yue/robot/build/handpose_publisher' returned '0': CMAKE_PREFIX_PATH=${CMAKE_PREFIX_PATH}:/home/yue/robot/install/piper_handpose_controller:/home/yue/robot/install/piper:/home/yue/robot/src/Piper_ros/install/piper:/opt/ros/humble /usr/bin/cmake /home/yue/robot/src/handpose_publisher -DCMAKE_INSTALL_PREFIX=/home/yue/robot/install/handpose_publisher
[7.412s] DEBUG:colcon.colcon_core.event_handler.log_command:Invoking command in '/home/yue/robot/build/handpose_publisher': CMAKE_PREFIX_PATH=${CMAKE_PREFIX_PATH}:/home/yue/robot/install/piper_handpose_controller:/home/yue/robot/install/piper:/home/yue/robot/src/Piper_ros/install/piper:/opt/ros/humble /usr/bin/cmake --build /home/yue/robot/build/handpose_publisher -- -j6 -l6
[19.163s] DEBUG:colcon.colcon_core.event_handler.log_command:Invoked command in '/home/yue/robot/build/handpose_publisher' returned '0': CMAKE_PREFIX_PATH=${CMAKE_PREFIX_PATH}:/home/yue/robot/install/piper_handpose_controller:/home/yue/robot/install/piper:/home/yue/robot/src/Piper_ros/install/piper:/opt/ros/humble /usr/bin/cmake --build /home/yue/robot/build/handpose_publisher -- -j6 -l6
[19.195s] DEBUG:colcon.colcon_core.event_handler.log_command:Invoking command in '/home/yue/robot/build/handpose_publisher': CMAKE_PREFIX_PATH=${CMAKE_PREFIX_PATH}:/home/yue/robot/install/piper_handpose_controller:/home/yue/robot/install/piper:/home/yue/robot/src/Piper_ros/install/piper:/opt/ros/humble /usr/bin/cmake --install /home/yue/robot/build/handpose_publisher
[19.382s] Level 1:colcon.colcon_core.environment:create_environment_scripts_only(handpose_publisher)
[19.384s] DEBUG:colcon.colcon_core.event_handler.log_command:Invoked command in '/home/yue/robot/build/handpose_publisher' returned '0': CMAKE_PREFIX_PATH=${CMAKE_PREFIX_PATH}:/home/yue/robot/install/piper_handpose_controller:/home/yue/robot/install/piper:/home/yue/robot/src/Piper_ros/install/piper:/opt/ros/humble /usr/bin/cmake --install /home/yue/robot/build/handpose_publisher
[19.399s] Level 1:colcon.colcon_core.environment:checking '/home/yue/robot/install/handpose_publisher' for CMake module files
[19.401s] Level 1:colcon.colcon_core.environment:checking '/home/yue/robot/install/handpose_publisher' for CMake config files
[19.402s] Level 1:colcon.colcon_core.shell:create_environment_hook('handpose_publisher', 'cmake_prefix_path')
[19.402s] INFO:colcon.colcon_core.shell:Creating environment hook '/home/yue/robot/install/handpose_publisher/share/handpose_publisher/hook/cmake_prefix_path.ps1'
[19.406s] INFO:colcon.colcon_core.shell:Creating environment descriptor '/home/yue/robot/install/handpose_publisher/share/handpose_publisher/hook/cmake_prefix_path.dsv'
[19.407s] INFO:colcon.colcon_core.shell:Creating environment hook '/home/yue/robot/install/handpose_publisher/share/handpose_publisher/hook/cmake_prefix_path.sh'
[19.410s] Level 1:colcon.colcon_core.environment:checking '/home/yue/robot/install/handpose_publisher/lib'
[19.410s] Level 1:colcon.colcon_core.shell:create_environment_hook('handpose_publisher', 'ld_library_path_lib')
[19.411s] INFO:colcon.colcon_core.shell:Creating environment hook '/home/yue/robot/install/handpose_publisher/share/handpose_publisher/hook/ld_library_path_lib.ps1'
[19.412s] INFO:colcon.colcon_core.shell:Creating environment descriptor '/home/yue/robot/install/handpose_publisher/share/handpose_publisher/hook/ld_library_path_lib.dsv'
[19.412s] INFO:colcon.colcon_core.shell:Creating environment hook '/home/yue/robot/install/handpose_publisher/share/handpose_publisher/hook/ld_library_path_lib.sh'
[19.413s] Level 1:colcon.colcon_core.environment:checking '/home/yue/robot/install/handpose_publisher/bin'
[19.414s] Level 1:colcon.colcon_core.environment:checking '/home/yue/robot/install/handpose_publisher/lib/pkgconfig/handpose_publisher.pc'
[19.414s] Level 1:colcon.colcon_core.environment:checking '/home/yue/robot/install/handpose_publisher/lib/python3.10/site-packages'
[19.415s] Level 1:colcon.colcon_core.environment:checking '/home/yue/robot/install/handpose_publisher/bin'
[19.416s] INFO:colcon.colcon_core.shell:Creating package script '/home/yue/robot/install/handpose_publisher/share/handpose_publisher/package.ps1'
[19.418s] INFO:colcon.colcon_core.shell:Creating package descriptor '/home/yue/robot/install/handpose_publisher/share/handpose_publisher/package.dsv'
[19.419s] INFO:colcon.colcon_core.shell:Creating package script '/home/yue/robot/install/handpose_publisher/share/handpose_publisher/package.sh'
[19.421s] INFO:colcon.colcon_core.shell:Creating package script '/home/yue/robot/install/handpose_publisher/share/handpose_publisher/package.bash'
[19.423s] INFO:colcon.colcon_core.shell:Creating package script '/home/yue/robot/install/handpose_publisher/share/handpose_publisher/package.zsh'
[19.425s] Level 1:colcon.colcon_core.environment:create_file_with_runtime_dependencies(/home/yue/robot/install/handpose_publisher/share/colcon-core/packages/handpose_publisher)
[19.426s] Level 1:colcon.colcon_core.environment:create_environment_scripts_only(handpose_publisher)
[19.427s] Level 1:colcon.colcon_core.environment:checking '/home/yue/robot/install/handpose_publisher' for CMake module files
[19.428s] Level 1:colcon.colcon_core.environment:checking '/home/yue/robot/install/handpose_publisher' for CMake config files
[19.429s] Level 1:colcon.colcon_core.shell:create_environment_hook('handpose_publisher', 'cmake_prefix_path')
[19.429s] INFO:colcon.colcon_core.shell:Creating environment hook '/home/yue/robot/install/handpose_publisher/share/handpose_publisher/hook/cmake_prefix_path.ps1'
[19.430s] INFO:colcon.colcon_core.shell:Creating environment descriptor '/home/yue/robot/install/handpose_publisher/share/handpose_publisher/hook/cmake_prefix_path.dsv'
[19.431s] INFO:colcon.colcon_core.shell:Creating environment hook '/home/yue/robot/install/handpose_publisher/share/handpose_publisher/hook/cmake_prefix_path.sh'
[19.433s] Level 1:colcon.colcon_core.environment:checking '/home/yue/robot/install/handpose_publisher/lib'
[19.433s] Level 1:colcon.colcon_core.shell:create_environment_hook('handpose_publisher', 'ld_library_path_lib')
[19.434s] INFO:colcon.colcon_core.shell:Creating environment hook '/home/yue/robot/install/handpose_publisher/share/handpose_publisher/hook/ld_library_path_lib.ps1'
[19.435s] INFO:colcon.colcon_core.shell:Creating environment descriptor '/home/yue/robot/install/handpose_publisher/share/handpose_publisher/hook/ld_library_path_lib.dsv'
[19.436s] INFO:colcon.colcon_core.shell:Creating environment hook '/home/yue/robot/install/handpose_publisher/share/handpose_publisher/hook/ld_library_path_lib.sh'
[19.437s] Level 1:colcon.colcon_core.environment:checking '/home/yue/robot/install/handpose_publisher/bin'
[19.437s] Level 1:colcon.colcon_core.environment:checking '/home/yue/robot/install/handpose_publisher/lib/pkgconfig/handpose_publisher.pc'
[19.438s] Level 1:colcon.colcon_core.environment:checking '/home/yue/robot/install/handpose_publisher/lib/python3.10/site-packages'
[19.439s] Level 1:colcon.colcon_core.environment:checking '/home/yue/robot/install/handpose_publisher/bin'
[19.439s] INFO:colcon.colcon_core.shell:Creating package script '/home/yue/robot/install/handpose_publisher/share/handpose_publisher/package.ps1'
[19.442s] INFO:colcon.colcon_core.shell:Creating package descriptor '/home/yue/robot/install/handpose_publisher/share/handpose_publisher/package.dsv'
[19.443s] INFO:colcon.colcon_core.shell:Creating package script '/home/yue/robot/install/handpose_publisher/share/handpose_publisher/package.sh'
[19.445s] INFO:colcon.colcon_core.shell:Creating package script '/home/yue/robot/install/handpose_publisher/share/handpose_publisher/package.bash'
[19.447s] INFO:colcon.colcon_core.shell:Creating package script '/home/yue/robot/install/handpose_publisher/share/handpose_publisher/package.zsh'
[19.448s] Level 1:colcon.colcon_core.environment:create_file_with_runtime_dependencies(/home/yue/robot/install/handpose_publisher/share/colcon-core/packages/handpose_publisher)
[19.449s] DEBUG:colcon.colcon_parallel_executor.executor.parallel:closing loop
[19.450s] DEBUG:colcon.colcon_parallel_executor.executor.parallel:loop closed
[19.451s] DEBUG:colcon.colcon_parallel_executor.executor.parallel:run_until_complete finished with '0'
[19.451s] DEBUG:colcon.colcon_core.event_reactor:joining thread
[19.474s] INFO:colcon.colcon_core.plugin_system:Skipping extension 'colcon_notification.desktop_notification.terminal_notifier': Not used on non-Darwin systems
[19.474s] INFO:colcon.colcon_core.plugin_system:Skipping extension 'colcon_notification.desktop_notification.win32': Not used on non-Windows systems
[19.474s] INFO:colcon.colcon_notification.desktop_notification:Sending desktop notification using 'notify2'
[19.558s] DEBUG:colcon.colcon_core.event_reactor:joined thread
[19.560s] INFO:colcon.colcon_core.shell:Creating prefix script '/home/yue/robot/install/local_setup.ps1'
[19.563s] INFO:colcon.colcon_core.shell:Creating prefix util module '/home/yue/robot/install/_local_setup_util_ps1.py'
[19.567s] INFO:colcon.colcon_core.shell:Creating prefix chain script '/home/yue/robot/install/setup.ps1'
[19.573s] INFO:colcon.colcon_core.shell:Creating prefix script '/home/yue/robot/install/local_setup.sh'
[19.574s] INFO:colcon.colcon_core.shell:Creating prefix util module '/home/yue/robot/install/_local_setup_util_sh.py'
[19.576s] INFO:colcon.colcon_core.shell:Creating prefix chain script '/home/yue/robot/install/setup.sh'
[19.580s] INFO:colcon.colcon_core.shell:Creating prefix script '/home/yue/robot/install/local_setup.bash'
[19.581s] INFO:colcon.colcon_core.shell:Creating prefix chain script '/home/yue/robot/install/setup.bash'
[19.584s] INFO:colcon.colcon_core.shell:Creating prefix script '/home/yue/robot/install/local_setup.zsh'
[19.586s] INFO:colcon.colcon_core.shell:Creating prefix chain script '/home/yue/robot/install/setup.zsh'
