[2.456s] Invoking command in '/home/yue/robot/src/piper_handpose_controller': AMENT_PREFIX_PATH=/home/yue/robot/install/piper_msgs:${AMENT_PREFIX_PATH} CMAKE_PREFIX_PATH=/home/yue/robot/install/piper_msgs:${CMAKE_PREFIX_PATH} LD_LIBRARY_PATH=/home/yue/robot/install/piper_msgs/lib:${LD_LIBRARY_PATH} PYTHONPATH=/home/yue/robot/build/piper_handpose_controller/prefix_override:/usr/lib/python3/dist-packages/colcon_core/task/python/colcon_distutils_commands:/home/yue/robot/install/piper_handpose_controller/lib/python3.10/site-packages:/home/yue/robot/install/piper_msgs/local/lib/python3.10/dist-packages:${PYTHONPATH} /usr/bin/python3 -W ignore:setup.py install is deprecated -W ignore:easy_install command is deprecated setup.py egg_info --egg-base ../../build/piper_handpose_controller build --build-base /home/yue/robot/build/piper_handpose_controller/build install --record /home/yue/robot/build/piper_handpose_controller/install.log --single-version-externally-managed install_data
[3.026s] running egg_info
[3.029s] writing ../../build/piper_handpose_controller/piper_handpose_controller.egg-info/PKG-INFO
[3.030s] writing dependency_links to ../../build/piper_handpose_controller/piper_handpose_controller.egg-info/dependency_links.txt
[3.031s] writing entry points to ../../build/piper_handpose_controller/piper_handpose_controller.egg-info/entry_points.txt
[3.032s] writing requirements to ../../build/piper_handpose_controller/piper_handpose_controller.egg-info/requires.txt
[3.032s] writing top-level names to ../../build/piper_handpose_controller/piper_handpose_controller.egg-info/top_level.txt
[3.034s] reading manifest file '../../build/piper_handpose_controller/piper_handpose_controller.egg-info/SOURCES.txt'
[3.035s] writing manifest file '../../build/piper_handpose_controller/piper_handpose_controller.egg-info/SOURCES.txt'
[3.035s] running build
[3.035s] running build_py
[3.035s] running install
[3.036s] running install_lib
[3.039s] running install_data
[3.039s] running install_egg_info
[3.042s] removing '/home/yue/robot/install/piper_handpose_controller/lib/python3.10/site-packages/piper_handpose_controller-0.0.0-py3.10.egg-info' (and everything under it)
[3.043s] Copying ../../build/piper_handpose_controller/piper_handpose_controller.egg-info to /home/yue/robot/install/piper_handpose_controller/lib/python3.10/site-packages/piper_handpose_controller-0.0.0-py3.10.egg-info
[3.045s] running install_scripts
[3.105s] writing list of installed files to '/home/yue/robot/build/piper_handpose_controller/install.log'
[3.173s] Invoked command in '/home/yue/robot/src/piper_handpose_controller' returned '0': AMENT_PREFIX_PATH=/home/yue/robot/install/piper_msgs:${AMENT_PREFIX_PATH} CMAKE_PREFIX_PATH=/home/yue/robot/install/piper_msgs:${CMAKE_PREFIX_PATH} LD_LIBRARY_PATH=/home/yue/robot/install/piper_msgs/lib:${LD_LIBRARY_PATH} PYTHONPATH=/home/yue/robot/build/piper_handpose_controller/prefix_override:/usr/lib/python3/dist-packages/colcon_core/task/python/colcon_distutils_commands:/home/yue/robot/install/piper_handpose_controller/lib/python3.10/site-packages:/home/yue/robot/install/piper_msgs/local/lib/python3.10/dist-packages:${PYTHONPATH} /usr/bin/python3 -W ignore:setup.py install is deprecated -W ignore:easy_install command is deprecated setup.py egg_info --egg-base ../../build/piper_handpose_controller build --build-base /home/yue/robot/build/piper_handpose_controller/build install --record /home/yue/robot/build/piper_handpose_controller/install.log --single-version-externally-managed install_data
