[0.205s] DEBUG:colcon:Command line arguments: ['/usr/bin/colcon', 'build']
[0.206s] DEBUG:colcon:Parsed command line arguments: Namespace(log_base=None, log_level=None, verb_name='build', build_base='build', install_base='install', merge_install=False, symlink_install=False, test_result_base=None, continue_on_error=False, executor='parallel', parallel_workers=6, event_handlers=None, ignore_user_meta=False, metas=['./colcon.meta'], base_paths=['.'], packages_ignore=None, packages_ignore_regex=None, paths=None, packages_up_to=None, packages_up_to_regex=None, packages_above=None, packages_above_and_dependencies=None, packages_above_depth=None, packages_select_by_dep=None, packages_skip_by_dep=None, packages_skip_up_to=None, packages_select_build_failed=False, packages_skip_build_finished=False, packages_select_test_failures=False, packages_skip_test_passed=False, packages_select=None, packages_skip=None, packages_select_regex=None, packages_skip_regex=None, packages_start=None, packages_end=None, allow_overriding=[], cmake_args=None, cmake_target=None, cmake_target_skip_unavailable=False, cmake_clean_cache=False, cmake_clean_first=False, cmake_force_configure=False, ament_cmake_args=None, catkin_cmake_args=None, catkin_skip_building_tests=False, verb_parser=<colcon_defaults.argument_parser.defaults.DefaultArgumentsDecorator object at 0xffff88a14940>, verb_extension=<colcon_core.verb.build.BuildVerb object at 0xffff88a14430>, main=<bound method BuildVerb.main of <colcon_core.verb.build.BuildVerb object at 0xffff88a14430>>)
[0.523s] Level 1:colcon.colcon_core.package_discovery:discover_packages(colcon_meta) check parameters
[0.523s] Level 1:colcon.colcon_core.package_discovery:discover_packages(recursive) check parameters
[0.523s] Level 1:colcon.colcon_core.package_discovery:discover_packages(ignore) check parameters
[0.523s] Level 1:colcon.colcon_core.package_discovery:discover_packages(path) check parameters
[0.524s] Level 1:colcon.colcon_core.package_discovery:discover_packages(colcon_meta) discover
[0.524s] Level 1:colcon.colcon_core.package_discovery:discover_packages(recursive) discover
[0.524s] INFO:colcon.colcon_core.package_discovery:Crawling recursively for packages in '/home/yue/robot'
[0.524s] Level 1:colcon.colcon_core.package_identification:_identify(.) by extensions ['ignore', 'ignore_ament_install']
[0.524s] Level 1:colcon.colcon_core.package_identification:_identify(.) by extension 'ignore'
[0.524s] Level 1:colcon.colcon_core.package_identification:_identify(.) by extension 'ignore_ament_install'
[0.525s] Level 1:colcon.colcon_core.package_identification:_identify(.) by extensions ['colcon_pkg']
[0.525s] Level 1:colcon.colcon_core.package_identification:_identify(.) by extension 'colcon_pkg'
[0.525s] Level 1:colcon.colcon_core.package_identification:_identify(.) by extensions ['colcon_meta']
[0.525s] Level 1:colcon.colcon_core.package_identification:_identify(.) by extension 'colcon_meta'
[0.525s] Level 1:colcon.colcon_core.package_identification:_identify(.) by extensions ['ros']
[0.525s] Level 1:colcon.colcon_core.package_identification:_identify(.) by extension 'ros'
[0.559s] Level 1:colcon.colcon_core.package_identification:_identify(.) by extensions ['cmake', 'python']
[0.559s] Level 1:colcon.colcon_core.package_identification:_identify(.) by extension 'cmake'
[0.559s] Level 1:colcon.colcon_core.package_identification:_identify(.) by extension 'python'
[0.559s] Level 1:colcon.colcon_core.package_identification:_identify(.) by extensions ['python_setup_py']
[0.559s] Level 1:colcon.colcon_core.package_identification:_identify(.) by extension 'python_setup_py'
[0.560s] Level 1:colcon.colcon_core.package_identification:_identify(build) by extensions ['ignore', 'ignore_ament_install']
[0.560s] Level 1:colcon.colcon_core.package_identification:_identify(build) by extension 'ignore'
[0.560s] Level 1:colcon.colcon_core.package_identification:_identify(build) ignored
[0.561s] Level 1:colcon.colcon_core.package_identification:_identify(install) by extensions ['ignore', 'ignore_ament_install']
[0.561s] Level 1:colcon.colcon_core.package_identification:_identify(install) by extension 'ignore'
[0.561s] Level 1:colcon.colcon_core.package_identification:_identify(install) ignored
[0.561s] Level 1:colcon.colcon_core.package_identification:_identify(log) by extensions ['ignore', 'ignore_ament_install']
[0.561s] Level 1:colcon.colcon_core.package_identification:_identify(log) by extension 'ignore'
[0.561s] Level 1:colcon.colcon_core.package_identification:_identify(log) ignored
[0.561s] Level 1:colcon.colcon_core.package_identification:_identify(src) by extensions ['ignore', 'ignore_ament_install']
[0.562s] Level 1:colcon.colcon_core.package_identification:_identify(src) by extension 'ignore'
[0.562s] Level 1:colcon.colcon_core.package_identification:_identify(src) by extension 'ignore_ament_install'
[0.562s] Level 1:colcon.colcon_core.package_identification:_identify(src) by extensions ['colcon_pkg']
[0.562s] Level 1:colcon.colcon_core.package_identification:_identify(src) by extension 'colcon_pkg'
[0.562s] Level 1:colcon.colcon_core.package_identification:_identify(src) by extensions ['colcon_meta']
[0.562s] Level 1:colcon.colcon_core.package_identification:_identify(src) by extension 'colcon_meta'
[0.562s] Level 1:colcon.colcon_core.package_identification:_identify(src) by extensions ['ros']
[0.562s] Level 1:colcon.colcon_core.package_identification:_identify(src) by extension 'ros'
[0.562s] Level 1:colcon.colcon_core.package_identification:_identify(src) by extensions ['cmake', 'python']
[0.562s] Level 1:colcon.colcon_core.package_identification:_identify(src) by extension 'cmake'
[0.562s] Level 1:colcon.colcon_core.package_identification:_identify(src) by extension 'python'
[0.563s] Level 1:colcon.colcon_core.package_identification:_identify(src) by extensions ['python_setup_py']
[0.563s] Level 1:colcon.colcon_core.package_identification:_identify(src) by extension 'python_setup_py'
[0.563s] Level 1:colcon.colcon_core.package_identification:_identify(src/handpose_publisher) by extensions ['ignore', 'ignore_ament_install']
[0.563s] Level 1:colcon.colcon_core.package_identification:_identify(src/handpose_publisher) by extension 'ignore'
[0.563s] Level 1:colcon.colcon_core.package_identification:_identify(src/handpose_publisher) by extension 'ignore_ament_install'
[0.563s] Level 1:colcon.colcon_core.package_identification:_identify(src/handpose_publisher) by extensions ['colcon_pkg']
[0.563s] Level 1:colcon.colcon_core.package_identification:_identify(src/handpose_publisher) by extension 'colcon_pkg'
[0.563s] Level 1:colcon.colcon_core.package_identification:_identify(src/handpose_publisher) by extensions ['colcon_meta']
[0.564s] Level 1:colcon.colcon_core.package_identification:_identify(src/handpose_publisher) by extension 'colcon_meta'
[0.564s] Level 1:colcon.colcon_core.package_identification:_identify(src/handpose_publisher) by extensions ['ros']
[0.564s] Level 1:colcon.colcon_core.package_identification:_identify(src/handpose_publisher) by extension 'ros'
[0.570s] DEBUG:colcon.colcon_core.package_identification:Package 'src/handpose_publisher' with type 'ros.ament_cmake' and name 'handpose_publisher'
[0.570s] Level 1:colcon.colcon_core.package_identification:_identify(src/handpose_visualizer) by extensions ['ignore', 'ignore_ament_install']
[0.570s] Level 1:colcon.colcon_core.package_identification:_identify(src/handpose_visualizer) by extension 'ignore'
[0.570s] Level 1:colcon.colcon_core.package_identification:_identify(src/handpose_visualizer) by extension 'ignore_ament_install'
[0.571s] Level 1:colcon.colcon_core.package_identification:_identify(src/handpose_visualizer) by extensions ['colcon_pkg']
[0.571s] Level 1:colcon.colcon_core.package_identification:_identify(src/handpose_visualizer) by extension 'colcon_pkg'
[0.571s] Level 1:colcon.colcon_core.package_identification:_identify(src/handpose_visualizer) by extensions ['colcon_meta']
[0.571s] Level 1:colcon.colcon_core.package_identification:_identify(src/handpose_visualizer) by extension 'colcon_meta'
[0.571s] Level 1:colcon.colcon_core.package_identification:_identify(src/handpose_visualizer) by extensions ['ros']
[0.571s] Level 1:colcon.colcon_core.package_identification:_identify(src/handpose_visualizer) by extension 'ros'
[0.571s] DEBUG:colcon.colcon_core.package_identification:Failed to parse potential ROS package manifest in'src/handpose_visualizer': Error(s) in package 'src/handpose_visualizer/package.xml':
The manifest contains invalid XML:
no element found: line 1, column 0
[0.572s] Level 1:colcon.colcon_core.package_identification:_identify(src/handpose_visualizer) by extensions ['cmake', 'python']
[0.572s] Level 1:colcon.colcon_core.package_identification:_identify(src/handpose_visualizer) by extension 'cmake'
[0.572s] Level 1:colcon.colcon_core.package_identification:_identify(src/handpose_visualizer) by extension 'python'
[0.572s] DEBUG:colcon.colcon_core.package_identification:Python package in 'src/handpose_visualizer' passes arguments to the setup() function which requires a different identification extension than 'python'
[0.572s] Level 1:colcon.colcon_core.package_identification:_identify(src/handpose_visualizer) by extensions ['python_setup_py']
[0.572s] Level 1:colcon.colcon_core.package_identification:_identify(src/handpose_visualizer) by extension 'python_setup_py'
[1.049s] DEBUG:colcon.colcon_core.package_identification:Package 'src/handpose_visualizer' with type 'python' and name 'handpose_visualizer'
[1.049s] Level 1:colcon.colcon_core.package_discovery:discover_packages(recursive) using defaults
[1.049s] Level 1:colcon.colcon_core.package_discovery:discover_packages(ignore) discover
[1.049s] Level 1:colcon.colcon_core.package_discovery:discover_packages(ignore) using defaults
[1.050s] Level 1:colcon.colcon_core.package_discovery:discover_packages(path) discover
[1.050s] Level 1:colcon.colcon_core.package_discovery:discover_packages(path) using defaults
[1.088s] Level 1:colcon.colcon_core.package_discovery:discover_packages(prefix_path) check parameters
[1.088s] Level 1:colcon.colcon_core.package_discovery:discover_packages(prefix_path) discover
[1.091s] DEBUG:colcon.colcon_installed_package_information.package_discovery:Found 0 installed packages in /home/yue/robot/install
[1.093s] DEBUG:colcon.colcon_installed_package_information.package_discovery:Found 271 installed packages in /opt/ros/humble
[1.097s] Level 1:colcon.colcon_core.package_discovery:discover_packages(prefix_path) using defaults
[1.200s] Level 5:colcon.colcon_core.verb:set package 'handpose_publisher' build argument 'cmake_args' from command line to 'None'
[1.200s] Level 5:colcon.colcon_core.verb:set package 'handpose_publisher' build argument 'cmake_target' from command line to 'None'
[1.200s] Level 5:colcon.colcon_core.verb:set package 'handpose_publisher' build argument 'cmake_target_skip_unavailable' from command line to 'False'
[1.200s] Level 5:colcon.colcon_core.verb:set package 'handpose_publisher' build argument 'cmake_clean_cache' from command line to 'False'
[1.200s] Level 5:colcon.colcon_core.verb:set package 'handpose_publisher' build argument 'cmake_clean_first' from command line to 'False'
[1.200s] Level 5:colcon.colcon_core.verb:set package 'handpose_publisher' build argument 'cmake_force_configure' from command line to 'False'
[1.200s] Level 5:colcon.colcon_core.verb:set package 'handpose_publisher' build argument 'ament_cmake_args' from command line to 'None'
[1.200s] Level 5:colcon.colcon_core.verb:set package 'handpose_publisher' build argument 'catkin_cmake_args' from command line to 'None'
[1.200s] Level 5:colcon.colcon_core.verb:set package 'handpose_publisher' build argument 'catkin_skip_building_tests' from command line to 'False'
[1.200s] DEBUG:colcon.colcon_core.verb:Building package 'handpose_publisher' with the following arguments: {'ament_cmake_args': None, 'build_base': '/home/yue/robot/build/handpose_publisher', 'catkin_cmake_args': None, 'catkin_skip_building_tests': False, 'cmake_args': None, 'cmake_clean_cache': False, 'cmake_clean_first': False, 'cmake_force_configure': False, 'cmake_target': None, 'cmake_target_skip_unavailable': False, 'install_base': '/home/yue/robot/install/handpose_publisher', 'merge_install': False, 'path': '/home/yue/robot/src/handpose_publisher', 'symlink_install': False, 'test_result_base': None}
[1.201s] Level 5:colcon.colcon_core.verb:set package 'handpose_visualizer' build argument 'cmake_args' from command line to 'None'
[1.201s] Level 5:colcon.colcon_core.verb:set package 'handpose_visualizer' build argument 'cmake_target' from command line to 'None'
[1.201s] Level 5:colcon.colcon_core.verb:set package 'handpose_visualizer' build argument 'cmake_target_skip_unavailable' from command line to 'False'
[1.201s] Level 5:colcon.colcon_core.verb:set package 'handpose_visualizer' build argument 'cmake_clean_cache' from command line to 'False'
[1.201s] Level 5:colcon.colcon_core.verb:set package 'handpose_visualizer' build argument 'cmake_clean_first' from command line to 'False'
[1.201s] Level 5:colcon.colcon_core.verb:set package 'handpose_visualizer' build argument 'cmake_force_configure' from command line to 'False'
[1.201s] Level 5:colcon.colcon_core.verb:set package 'handpose_visualizer' build argument 'ament_cmake_args' from command line to 'None'
[1.201s] Level 5:colcon.colcon_core.verb:set package 'handpose_visualizer' build argument 'catkin_cmake_args' from command line to 'None'
[1.201s] Level 5:colcon.colcon_core.verb:set package 'handpose_visualizer' build argument 'catkin_skip_building_tests' from command line to 'False'
[1.201s] DEBUG:colcon.colcon_core.verb:Building package 'handpose_visualizer' with the following arguments: {'ament_cmake_args': None, 'build_base': '/home/yue/robot/build/handpose_visualizer', 'catkin_cmake_args': None, 'catkin_skip_building_tests': False, 'cmake_args': None, 'cmake_clean_cache': False, 'cmake_clean_first': False, 'cmake_force_configure': False, 'cmake_target': None, 'cmake_target_skip_unavailable': False, 'install_base': '/home/yue/robot/install/handpose_visualizer', 'merge_install': False, 'path': '/home/yue/robot/src/handpose_visualizer', 'symlink_install': False, 'test_result_base': None}
[1.202s] INFO:colcon.colcon_core.executor:Executing jobs using 'parallel' executor
[1.204s] DEBUG:colcon.colcon_parallel_executor.executor.parallel:run_until_complete
[1.204s] INFO:colcon.colcon_ros.task.ament_cmake.build:Building ROS package in '/home/yue/robot/src/handpose_publisher' with build type 'ament_cmake'
[1.205s] INFO:colcon.colcon_cmake.task.cmake.build:Building CMake package in '/home/yue/robot/src/handpose_publisher'
[1.209s] INFO:colcon.colcon_core.plugin_system:Skipping extension 'colcon_core.shell.bat': Not used on non-Windows systems
[1.209s] INFO:colcon.colcon_core.shell:Skip shell extension 'powershell' for command environment: Not usable outside of PowerShell
[1.209s] DEBUG:colcon.colcon_core.shell:Skip shell extension 'dsv' for command environment
[1.215s] INFO:colcon.colcon_core.task.python.build:Building Python package in '/home/yue/robot/src/handpose_visualizer'
[1.215s] INFO:colcon.colcon_core.shell:Skip shell extension 'powershell' for command environment: Not usable outside of PowerShell
[1.216s] DEBUG:colcon.colcon_core.shell:Skip shell extension 'dsv' for command environment
[1.229s] DEBUG:colcon.colcon_core.event_handler.log_command:Invoking command in '/home/yue/robot/build/handpose_publisher': CMAKE_PREFIX_PATH=/opt/ros/humble /usr/bin/cmake /home/yue/robot/src/handpose_publisher -DCMAKE_INSTALL_PREFIX=/home/yue/robot/install/handpose_publisher
[2.673s] DEBUG:colcon.colcon_core.event_handler.log_command:Invoking command in '/home/yue/robot/src/handpose_visualizer': PYTHONPATH=/home/yue/robot/build/handpose_visualizer/prefix_override:/usr/lib/python3/dist-packages/colcon_core/task/python/colcon_distutils_commands:/home/yue/robot/install/handpose_visualizer/lib/python3.10/site-packages:${PYTHONPATH} /usr/bin/python3 -W ignore:setup.py install is deprecated -W ignore:easy_install command is deprecated setup.py egg_info --egg-base ../../build/handpose_visualizer build --build-base /home/yue/robot/build/handpose_visualizer/build install --record /home/yue/robot/build/handpose_visualizer/install.log --single-version-externally-managed
[3.276s] DEBUG:colcon.colcon_core.event_handler.log_command:Invoked command in '/home/yue/robot/src/handpose_visualizer' returned '0': PYTHONPATH=/home/yue/robot/build/handpose_visualizer/prefix_override:/usr/lib/python3/dist-packages/colcon_core/task/python/colcon_distutils_commands:/home/yue/robot/install/handpose_visualizer/lib/python3.10/site-packages:${PYTHONPATH} /usr/bin/python3 -W ignore:setup.py install is deprecated -W ignore:easy_install command is deprecated setup.py egg_info --egg-base ../../build/handpose_visualizer build --build-base /home/yue/robot/build/handpose_visualizer/build install --record /home/yue/robot/build/handpose_visualizer/install.log --single-version-externally-managed
[3.281s] Level 1:colcon.colcon_core.environment:checking '/home/yue/robot/install/handpose_visualizer' for CMake module files
[3.281s] Level 1:colcon.colcon_core.environment:checking '/home/yue/robot/install/handpose_visualizer' for CMake config files
[3.283s] Level 1:colcon.colcon_core.environment:checking '/home/yue/robot/install/handpose_visualizer/lib'
[3.283s] Level 1:colcon.colcon_core.environment:checking '/home/yue/robot/install/handpose_visualizer/bin'
[3.284s] Level 1:colcon.colcon_core.shell:create_environment_hook('handpose_visualizer', 'path')
[3.284s] INFO:colcon.colcon_core.shell:Creating environment hook '/home/yue/robot/install/handpose_visualizer/share/handpose_visualizer/hook/path.ps1'
[3.286s] INFO:colcon.colcon_core.shell:Creating environment descriptor '/home/yue/robot/install/handpose_visualizer/share/handpose_visualizer/hook/path.dsv'
[3.288s] INFO:colcon.colcon_core.shell:Creating environment hook '/home/yue/robot/install/handpose_visualizer/share/handpose_visualizer/hook/path.sh'
[3.290s] Level 1:colcon.colcon_core.environment:checking '/home/yue/robot/install/handpose_visualizer/lib/pkgconfig/handpose_visualizer.pc'
[3.291s] Level 1:colcon.colcon_core.environment:checking '/home/yue/robot/install/handpose_visualizer/lib/python3.10/site-packages'
[3.291s] Level 1:colcon.colcon_core.shell:create_environment_hook('handpose_visualizer', 'pythonpath')
[3.292s] INFO:colcon.colcon_core.shell:Creating environment hook '/home/yue/robot/install/handpose_visualizer/share/handpose_visualizer/hook/pythonpath.ps1'
[3.293s] INFO:colcon.colcon_core.shell:Creating environment descriptor '/home/yue/robot/install/handpose_visualizer/share/handpose_visualizer/hook/pythonpath.dsv'
[3.294s] INFO:colcon.colcon_core.shell:Creating environment hook '/home/yue/robot/install/handpose_visualizer/share/handpose_visualizer/hook/pythonpath.sh'
[3.296s] Level 1:colcon.colcon_core.environment:checking '/home/yue/robot/install/handpose_visualizer/bin'
[3.296s] Level 1:colcon.colcon_core.shell:create_environment_hook('handpose_visualizer', 'pythonscriptspath')
[3.296s] INFO:colcon.colcon_core.shell:Creating environment hook '/home/yue/robot/install/handpose_visualizer/share/handpose_visualizer/hook/pythonscriptspath.ps1'
[3.298s] INFO:colcon.colcon_core.shell:Creating environment descriptor '/home/yue/robot/install/handpose_visualizer/share/handpose_visualizer/hook/pythonscriptspath.dsv'
[3.299s] INFO:colcon.colcon_core.shell:Creating environment hook '/home/yue/robot/install/handpose_visualizer/share/handpose_visualizer/hook/pythonscriptspath.sh'
[3.300s] Level 1:colcon.colcon_core.environment:create_environment_scripts_only(handpose_visualizer)
[3.301s] INFO:colcon.colcon_core.shell:Creating package script '/home/yue/robot/install/handpose_visualizer/share/handpose_visualizer/package.ps1'
[3.305s] INFO:colcon.colcon_core.shell:Creating package descriptor '/home/yue/robot/install/handpose_visualizer/share/handpose_visualizer/package.dsv'
[3.307s] INFO:colcon.colcon_core.shell:Creating package script '/home/yue/robot/install/handpose_visualizer/share/handpose_visualizer/package.sh'
[3.310s] INFO:colcon.colcon_core.shell:Creating package script '/home/yue/robot/install/handpose_visualizer/share/handpose_visualizer/package.bash'
[3.312s] INFO:colcon.colcon_core.shell:Creating package script '/home/yue/robot/install/handpose_visualizer/share/handpose_visualizer/package.zsh'
[3.314s] Level 1:colcon.colcon_core.environment:create_file_with_runtime_dependencies(/home/yue/robot/install/handpose_visualizer/share/colcon-core/packages/handpose_visualizer)
[6.665s] DEBUG:colcon.colcon_core.event_handler.log_command:Invoked command in '/home/yue/robot/build/handpose_publisher' returned '0': CMAKE_PREFIX_PATH=/opt/ros/humble /usr/bin/cmake /home/yue/robot/src/handpose_publisher -DCMAKE_INSTALL_PREFIX=/home/yue/robot/install/handpose_publisher
[6.670s] DEBUG:colcon.colcon_core.event_handler.log_command:Invoking command in '/home/yue/robot/build/handpose_publisher': CMAKE_PREFIX_PATH=/opt/ros/humble /usr/bin/cmake --build /home/yue/robot/build/handpose_publisher -- -j6 -l6
[20.203s] DEBUG:colcon.colcon_core.event_handler.log_command:Invoked command in '/home/yue/robot/build/handpose_publisher' returned '0': CMAKE_PREFIX_PATH=/opt/ros/humble /usr/bin/cmake --build /home/yue/robot/build/handpose_publisher -- -j6 -l6
[20.239s] DEBUG:colcon.colcon_core.event_handler.log_command:Invoking command in '/home/yue/robot/build/handpose_publisher': CMAKE_PREFIX_PATH=/opt/ros/humble /usr/bin/cmake --install /home/yue/robot/build/handpose_publisher
[20.447s] Level 1:colcon.colcon_core.environment:create_environment_scripts_only(handpose_publisher)
[20.452s] Level 1:colcon.colcon_core.environment:checking '/home/yue/robot/install/handpose_publisher' for CMake module files
[20.454s] DEBUG:colcon.colcon_core.event_handler.log_command:Invoked command in '/home/yue/robot/build/handpose_publisher' returned '0': CMAKE_PREFIX_PATH=/opt/ros/humble /usr/bin/cmake --install /home/yue/robot/build/handpose_publisher
[20.455s] Level 1:colcon.colcon_core.environment:checking '/home/yue/robot/install/handpose_publisher' for CMake config files
[20.457s] Level 1:colcon.colcon_core.shell:create_environment_hook('handpose_publisher', 'cmake_prefix_path')
[20.458s] INFO:colcon.colcon_core.shell:Creating environment hook '/home/yue/robot/install/handpose_publisher/share/handpose_publisher/hook/cmake_prefix_path.ps1'
[20.464s] INFO:colcon.colcon_core.shell:Creating environment descriptor '/home/yue/robot/install/handpose_publisher/share/handpose_publisher/hook/cmake_prefix_path.dsv'
[20.467s] INFO:colcon.colcon_core.shell:Creating environment hook '/home/yue/robot/install/handpose_publisher/share/handpose_publisher/hook/cmake_prefix_path.sh'
[20.470s] Level 1:colcon.colcon_core.environment:checking '/home/yue/robot/install/handpose_publisher/lib'
[20.471s] Level 1:colcon.colcon_core.shell:create_environment_hook('handpose_publisher', 'ld_library_path_lib')
[20.471s] INFO:colcon.colcon_core.shell:Creating environment hook '/home/yue/robot/install/handpose_publisher/share/handpose_publisher/hook/ld_library_path_lib.ps1'
[20.473s] INFO:colcon.colcon_core.shell:Creating environment descriptor '/home/yue/robot/install/handpose_publisher/share/handpose_publisher/hook/ld_library_path_lib.dsv'
[20.474s] INFO:colcon.colcon_core.shell:Creating environment hook '/home/yue/robot/install/handpose_publisher/share/handpose_publisher/hook/ld_library_path_lib.sh'
[20.476s] Level 1:colcon.colcon_core.environment:checking '/home/yue/robot/install/handpose_publisher/bin'
[20.476s] Level 1:colcon.colcon_core.environment:checking '/home/yue/robot/install/handpose_publisher/lib/pkgconfig/handpose_publisher.pc'
[20.479s] Level 1:colcon.colcon_core.environment:checking '/home/yue/robot/install/handpose_publisher/lib/python3.10/site-packages'
[20.480s] Level 1:colcon.colcon_core.environment:checking '/home/yue/robot/install/handpose_publisher/bin'
[20.482s] INFO:colcon.colcon_core.shell:Creating package script '/home/yue/robot/install/handpose_publisher/share/handpose_publisher/package.ps1'
[20.485s] INFO:colcon.colcon_core.shell:Creating package descriptor '/home/yue/robot/install/handpose_publisher/share/handpose_publisher/package.dsv'
[20.487s] INFO:colcon.colcon_core.shell:Creating package script '/home/yue/robot/install/handpose_publisher/share/handpose_publisher/package.sh'
[20.489s] INFO:colcon.colcon_core.shell:Creating package script '/home/yue/robot/install/handpose_publisher/share/handpose_publisher/package.bash'
[20.492s] INFO:colcon.colcon_core.shell:Creating package script '/home/yue/robot/install/handpose_publisher/share/handpose_publisher/package.zsh'
[20.494s] Level 1:colcon.colcon_core.environment:create_file_with_runtime_dependencies(/home/yue/robot/install/handpose_publisher/share/colcon-core/packages/handpose_publisher)
[20.497s] Level 1:colcon.colcon_core.environment:create_environment_scripts_only(handpose_publisher)
[20.500s] Level 1:colcon.colcon_core.environment:checking '/home/yue/robot/install/handpose_publisher' for CMake module files
[20.502s] Level 1:colcon.colcon_core.environment:checking '/home/yue/robot/install/handpose_publisher' for CMake config files
[20.503s] Level 1:colcon.colcon_core.shell:create_environment_hook('handpose_publisher', 'cmake_prefix_path')
[20.503s] INFO:colcon.colcon_core.shell:Creating environment hook '/home/yue/robot/install/handpose_publisher/share/handpose_publisher/hook/cmake_prefix_path.ps1'
[20.505s] INFO:colcon.colcon_core.shell:Creating environment descriptor '/home/yue/robot/install/handpose_publisher/share/handpose_publisher/hook/cmake_prefix_path.dsv'
[20.506s] INFO:colcon.colcon_core.shell:Creating environment hook '/home/yue/robot/install/handpose_publisher/share/handpose_publisher/hook/cmake_prefix_path.sh'
[20.508s] Level 1:colcon.colcon_core.environment:checking '/home/yue/robot/install/handpose_publisher/lib'
[20.508s] Level 1:colcon.colcon_core.shell:create_environment_hook('handpose_publisher', 'ld_library_path_lib')
[20.509s] INFO:colcon.colcon_core.shell:Creating environment hook '/home/yue/robot/install/handpose_publisher/share/handpose_publisher/hook/ld_library_path_lib.ps1'
[20.510s] INFO:colcon.colcon_core.shell:Creating environment descriptor '/home/yue/robot/install/handpose_publisher/share/handpose_publisher/hook/ld_library_path_lib.dsv'
[20.511s] INFO:colcon.colcon_core.shell:Creating environment hook '/home/yue/robot/install/handpose_publisher/share/handpose_publisher/hook/ld_library_path_lib.sh'
[20.512s] Level 1:colcon.colcon_core.environment:checking '/home/yue/robot/install/handpose_publisher/bin'
[20.512s] Level 1:colcon.colcon_core.environment:checking '/home/yue/robot/install/handpose_publisher/lib/pkgconfig/handpose_publisher.pc'
[20.513s] Level 1:colcon.colcon_core.environment:checking '/home/yue/robot/install/handpose_publisher/lib/python3.10/site-packages'
[20.513s] Level 1:colcon.colcon_core.environment:checking '/home/yue/robot/install/handpose_publisher/bin'
[20.514s] INFO:colcon.colcon_core.shell:Creating package script '/home/yue/robot/install/handpose_publisher/share/handpose_publisher/package.ps1'
[20.515s] INFO:colcon.colcon_core.shell:Creating package descriptor '/home/yue/robot/install/handpose_publisher/share/handpose_publisher/package.dsv'
[20.518s] INFO:colcon.colcon_core.shell:Creating package script '/home/yue/robot/install/handpose_publisher/share/handpose_publisher/package.sh'
[20.519s] INFO:colcon.colcon_core.shell:Creating package script '/home/yue/robot/install/handpose_publisher/share/handpose_publisher/package.bash'
[20.520s] INFO:colcon.colcon_core.shell:Creating package script '/home/yue/robot/install/handpose_publisher/share/handpose_publisher/package.zsh'
[20.521s] Level 1:colcon.colcon_core.environment:create_file_with_runtime_dependencies(/home/yue/robot/install/handpose_publisher/share/colcon-core/packages/handpose_publisher)
[20.522s] DEBUG:colcon.colcon_parallel_executor.executor.parallel:closing loop
[20.525s] DEBUG:colcon.colcon_parallel_executor.executor.parallel:loop closed
[20.526s] DEBUG:colcon.colcon_parallel_executor.executor.parallel:run_until_complete finished with '0'
[20.526s] DEBUG:colcon.colcon_core.event_reactor:joining thread
[20.560s] INFO:colcon.colcon_core.plugin_system:Skipping extension 'colcon_notification.desktop_notification.terminal_notifier': Not used on non-Darwin systems
[20.561s] INFO:colcon.colcon_core.plugin_system:Skipping extension 'colcon_notification.desktop_notification.win32': Not used on non-Windows systems
[20.561s] INFO:colcon.colcon_notification.desktop_notification:Sending desktop notification using 'notify2'
[20.617s] DEBUG:colcon.colcon_core.event_reactor:joined thread
[20.618s] INFO:colcon.colcon_core.shell:Creating prefix script '/home/yue/robot/install/local_setup.ps1'
[20.623s] INFO:colcon.colcon_core.shell:Creating prefix util module '/home/yue/robot/install/_local_setup_util_ps1.py'
[20.628s] INFO:colcon.colcon_core.shell:Creating prefix chain script '/home/yue/robot/install/setup.ps1'
[20.633s] INFO:colcon.colcon_core.shell:Creating prefix script '/home/yue/robot/install/local_setup.sh'
[20.636s] INFO:colcon.colcon_core.shell:Creating prefix util module '/home/yue/robot/install/_local_setup_util_sh.py'
[20.638s] INFO:colcon.colcon_core.shell:Creating prefix chain script '/home/yue/robot/install/setup.sh'
[20.645s] INFO:colcon.colcon_core.shell:Creating prefix script '/home/yue/robot/install/local_setup.bash'
[20.648s] INFO:colcon.colcon_core.shell:Creating prefix chain script '/home/yue/robot/install/setup.bash'
[20.658s] INFO:colcon.colcon_core.shell:Creating prefix script '/home/yue/robot/install/local_setup.zsh'
[20.661s] INFO:colcon.colcon_core.shell:Creating prefix chain script '/home/yue/robot/install/setup.zsh'
