running egg_info
writing ../../../../build/piper/piper.egg-info/PKG-INFO
writing dependency_links to ../../../../build/piper/piper.egg-info/dependency_links.txt
writing entry points to ../../../../build/piper/piper.egg-info/entry_points.txt
writing requirements to ../../../../build/piper/piper.egg-info/requires.txt
writing top-level names to ../../../../build/piper/piper.egg-info/top_level.txt
reading manifest file '../../../../build/piper/piper.egg-info/SOURCES.txt'
adding license file 'LICENSE'
writing manifest file '../../../../build/piper/piper.egg-info/SOURCES.txt'
running build
running build_py
running install
running install_lib
running install_data
running install_egg_info
removing '/home/yue/robot/install/piper/lib/python3.10/site-packages/piper-0.0.0-py3.10.egg-info' (and everything under it)
Copying ../../../../build/piper/piper.egg-info to /home/yue/robot/install/piper/lib/python3.10/site-packages/piper-0.0.0-py3.10.egg-info
running install_scripts
Installing piper_read_slave_joint script to /home/yue/robot/install/piper/lib/piper
Installing piper_single_ctrl script to /home/yue/robot/install/piper/lib/piper
writing list of installed files to '/home/yue/robot/build/piper/install.log'
