[2.770s] Invoking command in '/home/yue/robot/src/Piper_ros/src/piper': PYTHONPATH=/home/yue/robot/build/piper/prefix_override:/usr/lib/python3/dist-packages/colcon_core/task/python/colcon_distutils_commands:/home/yue/robot/install/piper/lib/python3.10/site-packages:${PYTHONPATH} /usr/bin/python3 -W ignore:setup.py install is deprecated -W ignore:easy_install command is deprecated setup.py egg_info --egg-base ../../../../build/piper build --build-base /home/yue/robot/build/piper/build install --record /home/yue/robot/build/piper/install.log --single-version-externally-managed install_data
[3.754s] running egg_info
[3.757s] writing ../../../../build/piper/piper.egg-info/PKG-INFO
[3.757s] writing dependency_links to ../../../../build/piper/piper.egg-info/dependency_links.txt
[3.760s] writing entry points to ../../../../build/piper/piper.egg-info/entry_points.txt
[3.760s] writing requirements to ../../../../build/piper/piper.egg-info/requires.txt
[3.760s] writing top-level names to ../../../../build/piper/piper.egg-info/top_level.txt
[3.763s] reading manifest file '../../../../build/piper/piper.egg-info/SOURCES.txt'
[3.763s] adding license file 'LICENSE'
[3.765s] writing manifest file '../../../../build/piper/piper.egg-info/SOURCES.txt'
[3.765s] running build
[3.765s] running build_py
[3.766s] running install
[3.767s] running install_lib
[3.773s] running install_data
[3.773s] running install_egg_info
[3.778s] removing '/home/yue/robot/install/piper/lib/python3.10/site-packages/piper-0.0.0-py3.10.egg-info' (and everything under it)
[3.778s] Copying ../../../../build/piper/piper.egg-info to /home/yue/robot/install/piper/lib/python3.10/site-packages/piper-0.0.0-py3.10.egg-info
[3.781s] running install_scripts
[3.848s] Installing piper_read_slave_joint script to /home/yue/robot/install/piper/lib/piper
[3.848s] Installing piper_single_ctrl script to /home/yue/robot/install/piper/lib/piper
[3.850s] writing list of installed files to '/home/yue/robot/build/piper/install.log'
[4.105s] Invoked command in '/home/yue/robot/src/Piper_ros/src/piper' returned '0': PYTHONPATH=/home/yue/robot/build/piper/prefix_override:/usr/lib/python3/dist-packages/colcon_core/task/python/colcon_distutils_commands:/home/yue/robot/install/piper/lib/python3.10/site-packages:${PYTHONPATH} /usr/bin/python3 -W ignore:setup.py install is deprecated -W ignore:easy_install command is deprecated setup.py egg_info --egg-base ../../../../build/piper build --build-base /home/yue/robot/build/piper/build install --record /home/yue/robot/build/piper/install.log --single-version-externally-managed install_data
