[0.274s] DEBUG:colcon:Command line arguments: ['/usr/bin/colcon', 'build', '--packages-select', 'piper_handpose_controller']
[0.275s] DEBUG:colcon:Parsed command line arguments: Namespace(log_base=None, log_level=None, verb_name='build', build_base='build', install_base='install', merge_install=False, symlink_install=False, test_result_base=None, continue_on_error=False, executor='parallel', parallel_workers=6, event_handlers=None, ignore_user_meta=False, metas=['./colcon.meta'], base_paths=['.'], packages_ignore=None, packages_ignore_regex=None, paths=None, packages_up_to=None, packages_up_to_regex=None, packages_above=None, packages_above_and_dependencies=None, packages_above_depth=None, packages_select_by_dep=None, packages_skip_by_dep=None, packages_skip_up_to=None, packages_select_build_failed=False, packages_skip_build_finished=False, packages_select_test_failures=False, packages_skip_test_passed=False, packages_select=['piper_handpose_controller'], packages_skip=None, packages_select_regex=None, packages_skip_regex=None, packages_start=None, packages_end=None, allow_overriding=[], cmake_args=None, cmake_target=None, cmake_target_skip_unavailable=False, cmake_clean_cache=False, cmake_clean_first=False, cmake_force_configure=False, ament_cmake_args=None, catkin_cmake_args=None, catkin_skip_building_tests=False, verb_parser=<colcon_defaults.argument_parser.defaults.DefaultArgumentsDecorator object at 0xffffb9915ea0>, verb_extension=<colcon_core.verb.build.BuildVerb object at 0xffffb9915990>, main=<bound method BuildVerb.main of <colcon_core.verb.build.BuildVerb object at 0xffffb9915990>>)
[0.696s] Level 1:colcon.colcon_core.package_discovery:discover_packages(colcon_meta) check parameters
[0.696s] Level 1:colcon.colcon_core.package_discovery:discover_packages(recursive) check parameters
[0.696s] Level 1:colcon.colcon_core.package_discovery:discover_packages(ignore) check parameters
[0.696s] Level 1:colcon.colcon_core.package_discovery:discover_packages(path) check parameters
[0.697s] Level 1:colcon.colcon_core.package_discovery:discover_packages(colcon_meta) discover
[0.697s] Level 1:colcon.colcon_core.package_discovery:discover_packages(recursive) discover
[0.697s] INFO:colcon.colcon_core.package_discovery:Crawling recursively for packages in '/home/yue/robot'
[0.697s] Level 1:colcon.colcon_core.package_identification:_identify(.) by extensions ['ignore', 'ignore_ament_install']
[0.697s] Level 1:colcon.colcon_core.package_identification:_identify(.) by extension 'ignore'
[0.697s] Level 1:colcon.colcon_core.package_identification:_identify(.) by extension 'ignore_ament_install'
[0.697s] Level 1:colcon.colcon_core.package_identification:_identify(.) by extensions ['colcon_pkg']
[0.698s] Level 1:colcon.colcon_core.package_identification:_identify(.) by extension 'colcon_pkg'
[0.698s] Level 1:colcon.colcon_core.package_identification:_identify(.) by extensions ['colcon_meta']
[0.698s] Level 1:colcon.colcon_core.package_identification:_identify(.) by extension 'colcon_meta'
[0.698s] Level 1:colcon.colcon_core.package_identification:_identify(.) by extensions ['ros']
[0.698s] Level 1:colcon.colcon_core.package_identification:_identify(.) by extension 'ros'
[0.721s] Level 1:colcon.colcon_core.package_identification:_identify(.) by extensions ['cmake', 'python']
[0.721s] Level 1:colcon.colcon_core.package_identification:_identify(.) by extension 'cmake'
[0.722s] Level 1:colcon.colcon_core.package_identification:_identify(.) by extension 'python'
[0.722s] Level 1:colcon.colcon_core.package_identification:_identify(.) by extensions ['python_setup_py']
[0.722s] Level 1:colcon.colcon_core.package_identification:_identify(.) by extension 'python_setup_py'
[0.722s] Level 1:colcon.colcon_core.package_identification:_identify(build) by extensions ['ignore', 'ignore_ament_install']
[0.722s] Level 1:colcon.colcon_core.package_identification:_identify(build) by extension 'ignore'
[0.722s] Level 1:colcon.colcon_core.package_identification:_identify(build) ignored
[0.723s] Level 1:colcon.colcon_core.package_identification:_identify(install) by extensions ['ignore', 'ignore_ament_install']
[0.723s] Level 1:colcon.colcon_core.package_identification:_identify(install) by extension 'ignore'
[0.723s] Level 1:colcon.colcon_core.package_identification:_identify(install) ignored
[0.723s] Level 1:colcon.colcon_core.package_identification:_identify(log) by extensions ['ignore', 'ignore_ament_install']
[0.723s] Level 1:colcon.colcon_core.package_identification:_identify(log) by extension 'ignore'
[0.723s] Level 1:colcon.colcon_core.package_identification:_identify(log) ignored
[0.724s] Level 1:colcon.colcon_core.package_identification:_identify(src) by extensions ['ignore', 'ignore_ament_install']
[0.724s] Level 1:colcon.colcon_core.package_identification:_identify(src) by extension 'ignore'
[0.724s] Level 1:colcon.colcon_core.package_identification:_identify(src) by extension 'ignore_ament_install'
[0.724s] Level 1:colcon.colcon_core.package_identification:_identify(src) by extensions ['colcon_pkg']
[0.724s] Level 1:colcon.colcon_core.package_identification:_identify(src) by extension 'colcon_pkg'
[0.724s] Level 1:colcon.colcon_core.package_identification:_identify(src) by extensions ['colcon_meta']
[0.724s] Level 1:colcon.colcon_core.package_identification:_identify(src) by extension 'colcon_meta'
[0.724s] Level 1:colcon.colcon_core.package_identification:_identify(src) by extensions ['ros']
[0.724s] Level 1:colcon.colcon_core.package_identification:_identify(src) by extension 'ros'
[0.725s] Level 1:colcon.colcon_core.package_identification:_identify(src) by extensions ['cmake', 'python']
[0.725s] Level 1:colcon.colcon_core.package_identification:_identify(src) by extension 'cmake'
[0.725s] Level 1:colcon.colcon_core.package_identification:_identify(src) by extension 'python'
[0.725s] Level 1:colcon.colcon_core.package_identification:_identify(src) by extensions ['python_setup_py']
[0.725s] Level 1:colcon.colcon_core.package_identification:_identify(src) by extension 'python_setup_py'
[0.725s] Level 1:colcon.colcon_core.package_identification:_identify(src/Piper_ros) by extensions ['ignore', 'ignore_ament_install']
[0.725s] Level 1:colcon.colcon_core.package_identification:_identify(src/Piper_ros) by extension 'ignore'
[0.725s] Level 1:colcon.colcon_core.package_identification:_identify(src/Piper_ros) by extension 'ignore_ament_install'
[0.725s] Level 1:colcon.colcon_core.package_identification:_identify(src/Piper_ros) by extensions ['colcon_pkg']
[0.726s] Level 1:colcon.colcon_core.package_identification:_identify(src/Piper_ros) by extension 'colcon_pkg'
[0.726s] Level 1:colcon.colcon_core.package_identification:_identify(src/Piper_ros) by extensions ['colcon_meta']
[0.726s] Level 1:colcon.colcon_core.package_identification:_identify(src/Piper_ros) by extension 'colcon_meta'
[0.726s] Level 1:colcon.colcon_core.package_identification:_identify(src/Piper_ros) by extensions ['ros']
[0.726s] Level 1:colcon.colcon_core.package_identification:_identify(src/Piper_ros) by extension 'ros'
[0.726s] Level 1:colcon.colcon_core.package_identification:_identify(src/Piper_ros) by extensions ['cmake', 'python']
[0.726s] Level 1:colcon.colcon_core.package_identification:_identify(src/Piper_ros) by extension 'cmake'
[0.726s] Level 1:colcon.colcon_core.package_identification:_identify(src/Piper_ros) by extension 'python'
[0.726s] Level 1:colcon.colcon_core.package_identification:_identify(src/Piper_ros) by extensions ['python_setup_py']
[0.726s] Level 1:colcon.colcon_core.package_identification:_identify(src/Piper_ros) by extension 'python_setup_py'
[0.726s] Level 1:colcon.colcon_core.package_identification:_identify(src/Piper_ros/asserts) by extensions ['ignore', 'ignore_ament_install']
[0.727s] Level 1:colcon.colcon_core.package_identification:_identify(src/Piper_ros/asserts) by extension 'ignore'
[0.727s] Level 1:colcon.colcon_core.package_identification:_identify(src/Piper_ros/asserts) by extension 'ignore_ament_install'
[0.727s] Level 1:colcon.colcon_core.package_identification:_identify(src/Piper_ros/asserts) by extensions ['colcon_pkg']
[0.727s] Level 1:colcon.colcon_core.package_identification:_identify(src/Piper_ros/asserts) by extension 'colcon_pkg'
[0.727s] Level 1:colcon.colcon_core.package_identification:_identify(src/Piper_ros/asserts) by extensions ['colcon_meta']
[0.727s] Level 1:colcon.colcon_core.package_identification:_identify(src/Piper_ros/asserts) by extension 'colcon_meta'
[0.727s] Level 1:colcon.colcon_core.package_identification:_identify(src/Piper_ros/asserts) by extensions ['ros']
[0.727s] Level 1:colcon.colcon_core.package_identification:_identify(src/Piper_ros/asserts) by extension 'ros'
[0.727s] Level 1:colcon.colcon_core.package_identification:_identify(src/Piper_ros/asserts) by extensions ['cmake', 'python']
[0.727s] Level 1:colcon.colcon_core.package_identification:_identify(src/Piper_ros/asserts) by extension 'cmake'
[0.728s] Level 1:colcon.colcon_core.package_identification:_identify(src/Piper_ros/asserts) by extension 'python'
[0.728s] Level 1:colcon.colcon_core.package_identification:_identify(src/Piper_ros/asserts) by extensions ['python_setup_py']
[0.728s] Level 1:colcon.colcon_core.package_identification:_identify(src/Piper_ros/asserts) by extension 'python_setup_py'
[0.728s] Level 1:colcon.colcon_core.package_identification:_identify(src/Piper_ros/asserts/pictures) by extensions ['ignore', 'ignore_ament_install']
[0.728s] Level 1:colcon.colcon_core.package_identification:_identify(src/Piper_ros/asserts/pictures) by extension 'ignore'
[0.728s] Level 1:colcon.colcon_core.package_identification:_identify(src/Piper_ros/asserts/pictures) by extension 'ignore_ament_install'
[0.728s] Level 1:colcon.colcon_core.package_identification:_identify(src/Piper_ros/asserts/pictures) by extensions ['colcon_pkg']
[0.728s] Level 1:colcon.colcon_core.package_identification:_identify(src/Piper_ros/asserts/pictures) by extension 'colcon_pkg'
[0.728s] Level 1:colcon.colcon_core.package_identification:_identify(src/Piper_ros/asserts/pictures) by extensions ['colcon_meta']
[0.728s] Level 1:colcon.colcon_core.package_identification:_identify(src/Piper_ros/asserts/pictures) by extension 'colcon_meta'
[0.729s] Level 1:colcon.colcon_core.package_identification:_identify(src/Piper_ros/asserts/pictures) by extensions ['ros']
[0.729s] Level 1:colcon.colcon_core.package_identification:_identify(src/Piper_ros/asserts/pictures) by extension 'ros'
[0.729s] Level 1:colcon.colcon_core.package_identification:_identify(src/Piper_ros/asserts/pictures) by extensions ['cmake', 'python']
[0.729s] Level 1:colcon.colcon_core.package_identification:_identify(src/Piper_ros/asserts/pictures) by extension 'cmake'
[0.729s] Level 1:colcon.colcon_core.package_identification:_identify(src/Piper_ros/asserts/pictures) by extension 'python'
[0.729s] Level 1:colcon.colcon_core.package_identification:_identify(src/Piper_ros/asserts/pictures) by extensions ['python_setup_py']
[0.729s] Level 1:colcon.colcon_core.package_identification:_identify(src/Piper_ros/asserts/pictures) by extension 'python_setup_py'
[0.729s] Level 1:colcon.colcon_core.package_identification:_identify(src/Piper_ros/build) by extensions ['ignore', 'ignore_ament_install']
[0.729s] Level 1:colcon.colcon_core.package_identification:_identify(src/Piper_ros/build) by extension 'ignore'
[0.730s] Level 1:colcon.colcon_core.package_identification:_identify(src/Piper_ros/build) ignored
[0.730s] Level 1:colcon.colcon_core.package_identification:_identify(src/Piper_ros/install) by extensions ['ignore', 'ignore_ament_install']
[0.730s] Level 1:colcon.colcon_core.package_identification:_identify(src/Piper_ros/install) by extension 'ignore'
[0.730s] Level 1:colcon.colcon_core.package_identification:_identify(src/Piper_ros/install) ignored
[0.730s] Level 1:colcon.colcon_core.package_identification:_identify(src/Piper_ros/log) by extensions ['ignore', 'ignore_ament_install']
[0.730s] Level 1:colcon.colcon_core.package_identification:_identify(src/Piper_ros/log) by extension 'ignore'
[0.730s] Level 1:colcon.colcon_core.package_identification:_identify(src/Piper_ros/log) ignored
[0.731s] Level 1:colcon.colcon_core.package_identification:_identify(src/Piper_ros/src) by extensions ['ignore', 'ignore_ament_install']
[0.731s] Level 1:colcon.colcon_core.package_identification:_identify(src/Piper_ros/src) by extension 'ignore'
[0.731s] Level 1:colcon.colcon_core.package_identification:_identify(src/Piper_ros/src) by extension 'ignore_ament_install'
[0.731s] Level 1:colcon.colcon_core.package_identification:_identify(src/Piper_ros/src) by extensions ['colcon_pkg']
[0.731s] Level 1:colcon.colcon_core.package_identification:_identify(src/Piper_ros/src) by extension 'colcon_pkg'
[0.731s] Level 1:colcon.colcon_core.package_identification:_identify(src/Piper_ros/src) by extensions ['colcon_meta']
[0.731s] Level 1:colcon.colcon_core.package_identification:_identify(src/Piper_ros/src) by extension 'colcon_meta'
[0.731s] Level 1:colcon.colcon_core.package_identification:_identify(src/Piper_ros/src) by extensions ['ros']
[0.731s] Level 1:colcon.colcon_core.package_identification:_identify(src/Piper_ros/src) by extension 'ros'
[0.732s] Level 1:colcon.colcon_core.package_identification:_identify(src/Piper_ros/src) by extensions ['cmake', 'python']
[0.732s] Level 1:colcon.colcon_core.package_identification:_identify(src/Piper_ros/src) by extension 'cmake'
[0.732s] Level 1:colcon.colcon_core.package_identification:_identify(src/Piper_ros/src) by extension 'python'
[0.732s] Level 1:colcon.colcon_core.package_identification:_identify(src/Piper_ros/src) by extensions ['python_setup_py']
[0.732s] Level 1:colcon.colcon_core.package_identification:_identify(src/Piper_ros/src) by extension 'python_setup_py'
[0.732s] Level 1:colcon.colcon_core.package_identification:_identify(src/Piper_ros/src/piper) by extensions ['ignore', 'ignore_ament_install']
[0.732s] Level 1:colcon.colcon_core.package_identification:_identify(src/Piper_ros/src/piper) by extension 'ignore'
[0.732s] Level 1:colcon.colcon_core.package_identification:_identify(src/Piper_ros/src/piper) by extension 'ignore_ament_install'
[0.732s] Level 1:colcon.colcon_core.package_identification:_identify(src/Piper_ros/src/piper) by extensions ['colcon_pkg']
[0.733s] Level 1:colcon.colcon_core.package_identification:_identify(src/Piper_ros/src/piper) by extension 'colcon_pkg'
[0.733s] Level 1:colcon.colcon_core.package_identification:_identify(src/Piper_ros/src/piper) by extensions ['colcon_meta']
[0.733s] Level 1:colcon.colcon_core.package_identification:_identify(src/Piper_ros/src/piper) by extension 'colcon_meta'
[0.733s] Level 1:colcon.colcon_core.package_identification:_identify(src/Piper_ros/src/piper) by extensions ['ros']
[0.733s] Level 1:colcon.colcon_core.package_identification:_identify(src/Piper_ros/src/piper) by extension 'ros'
[0.739s] DEBUG:colcon.colcon_core.package_identification:Package 'src/Piper_ros/src/piper' with type 'ros.ament_python' and name 'piper'
[0.739s] Level 1:colcon.colcon_core.package_identification:_identify(src/Piper_ros/src/piper_description) by extensions ['ignore', 'ignore_ament_install']
[0.739s] Level 1:colcon.colcon_core.package_identification:_identify(src/Piper_ros/src/piper_description) by extension 'ignore'
[0.739s] Level 1:colcon.colcon_core.package_identification:_identify(src/Piper_ros/src/piper_description) by extension 'ignore_ament_install'
[0.739s] Level 1:colcon.colcon_core.package_identification:_identify(src/Piper_ros/src/piper_description) by extensions ['colcon_pkg']
[0.740s] Level 1:colcon.colcon_core.package_identification:_identify(src/Piper_ros/src/piper_description) by extension 'colcon_pkg'
[0.740s] Level 1:colcon.colcon_core.package_identification:_identify(src/Piper_ros/src/piper_description) by extensions ['colcon_meta']
[0.740s] Level 1:colcon.colcon_core.package_identification:_identify(src/Piper_ros/src/piper_description) by extension 'colcon_meta'
[0.740s] Level 1:colcon.colcon_core.package_identification:_identify(src/Piper_ros/src/piper_description) by extensions ['ros']
[0.740s] Level 1:colcon.colcon_core.package_identification:_identify(src/Piper_ros/src/piper_description) by extension 'ros'
[0.741s] DEBUG:colcon.colcon_core.package_identification:Package 'src/Piper_ros/src/piper_description' with type 'ros.ament_cmake' and name 'piper_description'
[0.741s] Level 1:colcon.colcon_core.package_identification:_identify(src/Piper_ros/src/piper_humble) by extensions ['ignore', 'ignore_ament_install']
[0.742s] Level 1:colcon.colcon_core.package_identification:_identify(src/Piper_ros/src/piper_humble) by extension 'ignore'
[0.742s] Level 1:colcon.colcon_core.package_identification:_identify(src/Piper_ros/src/piper_humble) by extension 'ignore_ament_install'
[0.742s] Level 1:colcon.colcon_core.package_identification:_identify(src/Piper_ros/src/piper_humble) by extensions ['colcon_pkg']
[0.742s] Level 1:colcon.colcon_core.package_identification:_identify(src/Piper_ros/src/piper_humble) by extension 'colcon_pkg'
[0.742s] Level 1:colcon.colcon_core.package_identification:_identify(src/Piper_ros/src/piper_humble) by extensions ['colcon_meta']
[0.742s] Level 1:colcon.colcon_core.package_identification:_identify(src/Piper_ros/src/piper_humble) by extension 'colcon_meta'
[0.742s] Level 1:colcon.colcon_core.package_identification:_identify(src/Piper_ros/src/piper_humble) by extensions ['ros']
[0.742s] Level 1:colcon.colcon_core.package_identification:_identify(src/Piper_ros/src/piper_humble) by extension 'ros'
[0.743s] DEBUG:colcon.colcon_core.package_identification:Package 'src/Piper_ros/src/piper_humble' with type 'ros.ament_cmake' and name 'piper_humble'
[0.744s] Level 1:colcon.colcon_core.package_identification:_identify(src/Piper_ros/src/piper_moveit) by extensions ['ignore', 'ignore_ament_install']
[0.744s] Level 1:colcon.colcon_core.package_identification:_identify(src/Piper_ros/src/piper_moveit) by extension 'ignore'
[0.744s] Level 1:colcon.colcon_core.package_identification:_identify(src/Piper_ros/src/piper_moveit) by extension 'ignore_ament_install'
[0.744s] Level 1:colcon.colcon_core.package_identification:_identify(src/Piper_ros/src/piper_moveit) by extensions ['colcon_pkg']
[0.744s] Level 1:colcon.colcon_core.package_identification:_identify(src/Piper_ros/src/piper_moveit) by extension 'colcon_pkg'
[0.744s] Level 1:colcon.colcon_core.package_identification:_identify(src/Piper_ros/src/piper_moveit) by extensions ['colcon_meta']
[0.744s] Level 1:colcon.colcon_core.package_identification:_identify(src/Piper_ros/src/piper_moveit) by extension 'colcon_meta'
[0.744s] Level 1:colcon.colcon_core.package_identification:_identify(src/Piper_ros/src/piper_moveit) by extensions ['ros']
[0.744s] Level 1:colcon.colcon_core.package_identification:_identify(src/Piper_ros/src/piper_moveit) by extension 'ros'
[0.745s] Level 1:colcon.colcon_core.package_identification:_identify(src/Piper_ros/src/piper_moveit) by extensions ['cmake', 'python']
[0.745s] Level 1:colcon.colcon_core.package_identification:_identify(src/Piper_ros/src/piper_moveit) by extension 'cmake'
[0.745s] Level 1:colcon.colcon_core.package_identification:_identify(src/Piper_ros/src/piper_moveit) by extension 'python'
[0.745s] Level 1:colcon.colcon_core.package_identification:_identify(src/Piper_ros/src/piper_moveit) by extensions ['python_setup_py']
[0.745s] Level 1:colcon.colcon_core.package_identification:_identify(src/Piper_ros/src/piper_moveit) by extension 'python_setup_py'
[0.745s] Level 1:colcon.colcon_core.package_identification:_identify(src/Piper_ros/src/piper_moveit/piper_no_gripper_moveit) by extensions ['ignore', 'ignore_ament_install']
[0.745s] Level 1:colcon.colcon_core.package_identification:_identify(src/Piper_ros/src/piper_moveit/piper_no_gripper_moveit) by extension 'ignore'
[0.745s] Level 1:colcon.colcon_core.package_identification:_identify(src/Piper_ros/src/piper_moveit/piper_no_gripper_moveit) by extension 'ignore_ament_install'
[0.746s] Level 1:colcon.colcon_core.package_identification:_identify(src/Piper_ros/src/piper_moveit/piper_no_gripper_moveit) by extensions ['colcon_pkg']
[0.746s] Level 1:colcon.colcon_core.package_identification:_identify(src/Piper_ros/src/piper_moveit/piper_no_gripper_moveit) by extension 'colcon_pkg'
[0.746s] Level 1:colcon.colcon_core.package_identification:_identify(src/Piper_ros/src/piper_moveit/piper_no_gripper_moveit) by extensions ['colcon_meta']
[0.746s] Level 1:colcon.colcon_core.package_identification:_identify(src/Piper_ros/src/piper_moveit/piper_no_gripper_moveit) by extension 'colcon_meta'
[0.746s] Level 1:colcon.colcon_core.package_identification:_identify(src/Piper_ros/src/piper_moveit/piper_no_gripper_moveit) by extensions ['ros']
[0.746s] Level 1:colcon.colcon_core.package_identification:_identify(src/Piper_ros/src/piper_moveit/piper_no_gripper_moveit) by extension 'ros'
[0.747s] DEBUG:colcon.colcon_core.package_identification:Package 'src/Piper_ros/src/piper_moveit/piper_no_gripper_moveit' with type 'ros.ament_cmake' and name 'piper_no_gripper_moveit'
[0.748s] Level 1:colcon.colcon_core.package_identification:_identify(src/Piper_ros/src/piper_moveit/piper_with_gripper_moveit) by extensions ['ignore', 'ignore_ament_install']
[0.748s] Level 1:colcon.colcon_core.package_identification:_identify(src/Piper_ros/src/piper_moveit/piper_with_gripper_moveit) by extension 'ignore'
[0.748s] Level 1:colcon.colcon_core.package_identification:_identify(src/Piper_ros/src/piper_moveit/piper_with_gripper_moveit) by extension 'ignore_ament_install'
[0.748s] Level 1:colcon.colcon_core.package_identification:_identify(src/Piper_ros/src/piper_moveit/piper_with_gripper_moveit) by extensions ['colcon_pkg']
[0.748s] Level 1:colcon.colcon_core.package_identification:_identify(src/Piper_ros/src/piper_moveit/piper_with_gripper_moveit) by extension 'colcon_pkg'
[0.748s] Level 1:colcon.colcon_core.package_identification:_identify(src/Piper_ros/src/piper_moveit/piper_with_gripper_moveit) by extensions ['colcon_meta']
[0.748s] Level 1:colcon.colcon_core.package_identification:_identify(src/Piper_ros/src/piper_moveit/piper_with_gripper_moveit) by extension 'colcon_meta'
[0.748s] Level 1:colcon.colcon_core.package_identification:_identify(src/Piper_ros/src/piper_moveit/piper_with_gripper_moveit) by extensions ['ros']
[0.749s] Level 1:colcon.colcon_core.package_identification:_identify(src/Piper_ros/src/piper_moveit/piper_with_gripper_moveit) by extension 'ros'
[0.750s] DEBUG:colcon.colcon_core.package_identification:Package 'src/Piper_ros/src/piper_moveit/piper_with_gripper_moveit' with type 'ros.ament_cmake' and name 'piper_with_gripper_moveit'
[0.751s] Level 1:colcon.colcon_core.package_identification:_identify(src/Piper_ros/src/piper_msgs) by extensions ['ignore', 'ignore_ament_install']
[0.751s] Level 1:colcon.colcon_core.package_identification:_identify(src/Piper_ros/src/piper_msgs) by extension 'ignore'
[0.751s] Level 1:colcon.colcon_core.package_identification:_identify(src/Piper_ros/src/piper_msgs) by extension 'ignore_ament_install'
[0.751s] Level 1:colcon.colcon_core.package_identification:_identify(src/Piper_ros/src/piper_msgs) by extensions ['colcon_pkg']
[0.751s] Level 1:colcon.colcon_core.package_identification:_identify(src/Piper_ros/src/piper_msgs) by extension 'colcon_pkg'
[0.751s] Level 1:colcon.colcon_core.package_identification:_identify(src/Piper_ros/src/piper_msgs) by extensions ['colcon_meta']
[0.751s] Level 1:colcon.colcon_core.package_identification:_identify(src/Piper_ros/src/piper_msgs) by extension 'colcon_meta'
[0.751s] Level 1:colcon.colcon_core.package_identification:_identify(src/Piper_ros/src/piper_msgs) by extensions ['ros']
[0.751s] Level 1:colcon.colcon_core.package_identification:_identify(src/Piper_ros/src/piper_msgs) by extension 'ros'
[0.753s] DEBUG:colcon.colcon_core.package_identification:Package 'src/Piper_ros/src/piper_msgs' with type 'ros.ament_cmake' and name 'piper_msgs'
[0.753s] Level 1:colcon.colcon_core.package_identification:_identify(src/Piper_ros/src/piper_sim) by extensions ['ignore', 'ignore_ament_install']
[0.753s] Level 1:colcon.colcon_core.package_identification:_identify(src/Piper_ros/src/piper_sim) by extension 'ignore'
[0.753s] Level 1:colcon.colcon_core.package_identification:_identify(src/Piper_ros/src/piper_sim) by extension 'ignore_ament_install'
[0.753s] Level 1:colcon.colcon_core.package_identification:_identify(src/Piper_ros/src/piper_sim) by extensions ['colcon_pkg']
[0.753s] Level 1:colcon.colcon_core.package_identification:_identify(src/Piper_ros/src/piper_sim) by extension 'colcon_pkg'
[0.753s] Level 1:colcon.colcon_core.package_identification:_identify(src/Piper_ros/src/piper_sim) by extensions ['colcon_meta']
[0.754s] Level 1:colcon.colcon_core.package_identification:_identify(src/Piper_ros/src/piper_sim) by extension 'colcon_meta'
[0.754s] Level 1:colcon.colcon_core.package_identification:_identify(src/Piper_ros/src/piper_sim) by extensions ['ros']
[0.754s] Level 1:colcon.colcon_core.package_identification:_identify(src/Piper_ros/src/piper_sim) by extension 'ros'
[0.754s] Level 1:colcon.colcon_core.package_identification:_identify(src/Piper_ros/src/piper_sim) by extensions ['cmake', 'python']
[0.754s] Level 1:colcon.colcon_core.package_identification:_identify(src/Piper_ros/src/piper_sim) by extension 'cmake'
[0.754s] Level 1:colcon.colcon_core.package_identification:_identify(src/Piper_ros/src/piper_sim) by extension 'python'
[0.754s] Level 1:colcon.colcon_core.package_identification:_identify(src/Piper_ros/src/piper_sim) by extensions ['python_setup_py']
[0.754s] Level 1:colcon.colcon_core.package_identification:_identify(src/Piper_ros/src/piper_sim) by extension 'python_setup_py'
[0.754s] Level 1:colcon.colcon_core.package_identification:_identify(src/Piper_ros/src/piper_sim/piper_gazebo) by extensions ['ignore', 'ignore_ament_install']
[0.755s] Level 1:colcon.colcon_core.package_identification:_identify(src/Piper_ros/src/piper_sim/piper_gazebo) by extension 'ignore'
[0.755s] Level 1:colcon.colcon_core.package_identification:_identify(src/Piper_ros/src/piper_sim/piper_gazebo) by extension 'ignore_ament_install'
[0.755s] Level 1:colcon.colcon_core.package_identification:_identify(src/Piper_ros/src/piper_sim/piper_gazebo) by extensions ['colcon_pkg']
[0.755s] Level 1:colcon.colcon_core.package_identification:_identify(src/Piper_ros/src/piper_sim/piper_gazebo) by extension 'colcon_pkg'
[0.755s] Level 1:colcon.colcon_core.package_identification:_identify(src/Piper_ros/src/piper_sim/piper_gazebo) by extensions ['colcon_meta']
[0.755s] Level 1:colcon.colcon_core.package_identification:_identify(src/Piper_ros/src/piper_sim/piper_gazebo) by extension 'colcon_meta'
[0.755s] Level 1:colcon.colcon_core.package_identification:_identify(src/Piper_ros/src/piper_sim/piper_gazebo) by extensions ['ros']
[0.755s] Level 1:colcon.colcon_core.package_identification:_identify(src/Piper_ros/src/piper_sim/piper_gazebo) by extension 'ros'
[0.756s] DEBUG:colcon.colcon_core.package_identification:Package 'src/Piper_ros/src/piper_sim/piper_gazebo' with type 'ros.ament_cmake' and name 'piper_gazebo'
[0.757s] Level 1:colcon.colcon_core.package_identification:_identify(src/Piper_ros/src/piper_sim/piper_mujoco) by extensions ['ignore', 'ignore_ament_install']
[0.757s] Level 1:colcon.colcon_core.package_identification:_identify(src/Piper_ros/src/piper_sim/piper_mujoco) by extension 'ignore'
[0.757s] Level 1:colcon.colcon_core.package_identification:_identify(src/Piper_ros/src/piper_sim/piper_mujoco) by extension 'ignore_ament_install'
[0.757s] Level 1:colcon.colcon_core.package_identification:_identify(src/Piper_ros/src/piper_sim/piper_mujoco) by extensions ['colcon_pkg']
[0.757s] Level 1:colcon.colcon_core.package_identification:_identify(src/Piper_ros/src/piper_sim/piper_mujoco) by extension 'colcon_pkg'
[0.757s] Level 1:colcon.colcon_core.package_identification:_identify(src/Piper_ros/src/piper_sim/piper_mujoco) by extensions ['colcon_meta']
[0.757s] Level 1:colcon.colcon_core.package_identification:_identify(src/Piper_ros/src/piper_sim/piper_mujoco) by extension 'colcon_meta'
[0.757s] Level 1:colcon.colcon_core.package_identification:_identify(src/Piper_ros/src/piper_sim/piper_mujoco) by extensions ['ros']
[0.757s] Level 1:colcon.colcon_core.package_identification:_identify(src/Piper_ros/src/piper_sim/piper_mujoco) by extension 'ros'
[0.758s] DEBUG:colcon.colcon_core.package_identification:Package 'src/Piper_ros/src/piper_sim/piper_mujoco' with type 'ros.ament_cmake' and name 'piper_mujoco'
[0.759s] Level 1:colcon.colcon_core.package_identification:_identify(src/handpose_publisher) by extensions ['ignore', 'ignore_ament_install']
[0.759s] Level 1:colcon.colcon_core.package_identification:_identify(src/handpose_publisher) by extension 'ignore'
[0.759s] Level 1:colcon.colcon_core.package_identification:_identify(src/handpose_publisher) by extension 'ignore_ament_install'
[0.759s] Level 1:colcon.colcon_core.package_identification:_identify(src/handpose_publisher) by extensions ['colcon_pkg']
[0.759s] Level 1:colcon.colcon_core.package_identification:_identify(src/handpose_publisher) by extension 'colcon_pkg'
[0.759s] Level 1:colcon.colcon_core.package_identification:_identify(src/handpose_publisher) by extensions ['colcon_meta']
[0.759s] Level 1:colcon.colcon_core.package_identification:_identify(src/handpose_publisher) by extension 'colcon_meta'
[0.759s] Level 1:colcon.colcon_core.package_identification:_identify(src/handpose_publisher) by extensions ['ros']
[0.759s] Level 1:colcon.colcon_core.package_identification:_identify(src/handpose_publisher) by extension 'ros'
[0.761s] DEBUG:colcon.colcon_core.package_identification:Package 'src/handpose_publisher' with type 'ros.ament_cmake' and name 'handpose_publisher'
[0.762s] Level 1:colcon.colcon_core.package_identification:_identify(src/handpose_visualizer) by extensions ['ignore', 'ignore_ament_install']
[0.762s] Level 1:colcon.colcon_core.package_identification:_identify(src/handpose_visualizer) by extension 'ignore'
[0.762s] Level 1:colcon.colcon_core.package_identification:_identify(src/handpose_visualizer) by extension 'ignore_ament_install'
[0.762s] Level 1:colcon.colcon_core.package_identification:_identify(src/handpose_visualizer) by extensions ['colcon_pkg']
[0.762s] Level 1:colcon.colcon_core.package_identification:_identify(src/handpose_visualizer) by extension 'colcon_pkg'
[0.762s] Level 1:colcon.colcon_core.package_identification:_identify(src/handpose_visualizer) by extensions ['colcon_meta']
[0.763s] Level 1:colcon.colcon_core.package_identification:_identify(src/handpose_visualizer) by extension 'colcon_meta'
[0.763s] Level 1:colcon.colcon_core.package_identification:_identify(src/handpose_visualizer) by extensions ['ros']
[0.763s] Level 1:colcon.colcon_core.package_identification:_identify(src/handpose_visualizer) by extension 'ros'
[0.764s] DEBUG:colcon.colcon_core.package_identification:Failed to parse potential ROS package manifest in'src/handpose_visualizer': Error(s) in package 'src/handpose_visualizer/package.xml':
The manifest contains invalid XML:
no element found: line 1, column 0
[0.764s] Level 1:colcon.colcon_core.package_identification:_identify(src/handpose_visualizer) by extensions ['cmake', 'python']
[0.764s] Level 1:colcon.colcon_core.package_identification:_identify(src/handpose_visualizer) by extension 'cmake'
[0.764s] Level 1:colcon.colcon_core.package_identification:_identify(src/handpose_visualizer) by extension 'python'
[0.764s] DEBUG:colcon.colcon_core.package_identification:Python package in 'src/handpose_visualizer' passes arguments to the setup() function which requires a different identification extension than 'python'
[0.764s] Level 1:colcon.colcon_core.package_identification:_identify(src/handpose_visualizer) by extensions ['python_setup_py']
[0.765s] Level 1:colcon.colcon_core.package_identification:_identify(src/handpose_visualizer) by extension 'python_setup_py'
[1.328s] DEBUG:colcon.colcon_core.package_identification:Package 'src/handpose_visualizer' with type 'python' and name 'handpose_visualizer'
[1.329s] Level 1:colcon.colcon_core.package_identification:_identify(src/piper_handpose_controller) by extensions ['ignore', 'ignore_ament_install']
[1.329s] Level 1:colcon.colcon_core.package_identification:_identify(src/piper_handpose_controller) by extension 'ignore'
[1.329s] Level 1:colcon.colcon_core.package_identification:_identify(src/piper_handpose_controller) by extension 'ignore_ament_install'
[1.329s] Level 1:colcon.colcon_core.package_identification:_identify(src/piper_handpose_controller) by extensions ['colcon_pkg']
[1.329s] Level 1:colcon.colcon_core.package_identification:_identify(src/piper_handpose_controller) by extension 'colcon_pkg'
[1.329s] Level 1:colcon.colcon_core.package_identification:_identify(src/piper_handpose_controller) by extensions ['colcon_meta']
[1.330s] Level 1:colcon.colcon_core.package_identification:_identify(src/piper_handpose_controller) by extension 'colcon_meta'
[1.330s] Level 1:colcon.colcon_core.package_identification:_identify(src/piper_handpose_controller) by extensions ['ros']
[1.330s] Level 1:colcon.colcon_core.package_identification:_identify(src/piper_handpose_controller) by extension 'ros'
[1.333s] DEBUG:colcon.colcon_core.package_identification:Package 'src/piper_handpose_controller' with type 'ros.ament_python' and name 'piper_handpose_controller'
[1.334s] Level 1:colcon.colcon_core.package_discovery:discover_packages(recursive) using defaults
[1.334s] Level 1:colcon.colcon_core.package_discovery:discover_packages(ignore) discover
[1.334s] Level 1:colcon.colcon_core.package_discovery:discover_packages(ignore) using defaults
[1.334s] Level 1:colcon.colcon_core.package_discovery:discover_packages(path) discover
[1.334s] Level 1:colcon.colcon_core.package_discovery:discover_packages(path) using defaults
[1.434s] INFO:colcon.colcon_core.package_selection:Skipping not selected package 'handpose_publisher' in 'src/handpose_publisher'
[1.434s] INFO:colcon.colcon_core.package_selection:Skipping not selected package 'handpose_visualizer' in 'src/handpose_visualizer'
[1.434s] INFO:colcon.colcon_core.package_selection:Skipping not selected package 'piper' in 'src/Piper_ros/src/piper'
[1.434s] INFO:colcon.colcon_core.package_selection:Skipping not selected package 'piper_description' in 'src/Piper_ros/src/piper_description'
[1.434s] INFO:colcon.colcon_core.package_selection:Skipping not selected package 'piper_gazebo' in 'src/Piper_ros/src/piper_sim/piper_gazebo'
[1.434s] INFO:colcon.colcon_core.package_selection:Skipping not selected package 'piper_humble' in 'src/Piper_ros/src/piper_humble'
[1.434s] INFO:colcon.colcon_core.package_selection:Skipping not selected package 'piper_msgs' in 'src/Piper_ros/src/piper_msgs'
[1.434s] INFO:colcon.colcon_core.package_selection:Skipping not selected package 'piper_mujoco' in 'src/Piper_ros/src/piper_sim/piper_mujoco'
[1.434s] INFO:colcon.colcon_core.package_selection:Skipping not selected package 'piper_no_gripper_moveit' in 'src/Piper_ros/src/piper_moveit/piper_no_gripper_moveit'
[1.434s] INFO:colcon.colcon_core.package_selection:Skipping not selected package 'piper_with_gripper_moveit' in 'src/Piper_ros/src/piper_moveit/piper_with_gripper_moveit'
[1.436s] Level 1:colcon.colcon_core.package_discovery:discover_packages(prefix_path) check parameters
[1.436s] Level 1:colcon.colcon_core.package_discovery:discover_packages(prefix_path) discover
[1.441s] DEBUG:colcon.colcon_installed_package_information.package_discovery:Found 2 installed packages in /home/yue/robot/install
[1.444s] DEBUG:colcon.colcon_installed_package_information.package_discovery:Found 313 installed packages in /opt/ros/humble
[1.447s] Level 1:colcon.colcon_core.package_discovery:discover_packages(prefix_path) using defaults
[1.525s] Level 5:colcon.colcon_core.verb:set package 'piper_handpose_controller' build argument 'cmake_args' from command line to 'None'
[1.525s] Level 5:colcon.colcon_core.verb:set package 'piper_handpose_controller' build argument 'cmake_target' from command line to 'None'
[1.525s] Level 5:colcon.colcon_core.verb:set package 'piper_handpose_controller' build argument 'cmake_target_skip_unavailable' from command line to 'False'
[1.525s] Level 5:colcon.colcon_core.verb:set package 'piper_handpose_controller' build argument 'cmake_clean_cache' from command line to 'False'
[1.525s] Level 5:colcon.colcon_core.verb:set package 'piper_handpose_controller' build argument 'cmake_clean_first' from command line to 'False'
[1.525s] Level 5:colcon.colcon_core.verb:set package 'piper_handpose_controller' build argument 'cmake_force_configure' from command line to 'False'
[1.525s] Level 5:colcon.colcon_core.verb:set package 'piper_handpose_controller' build argument 'ament_cmake_args' from command line to 'None'
[1.525s] Level 5:colcon.colcon_core.verb:set package 'piper_handpose_controller' build argument 'catkin_cmake_args' from command line to 'None'
[1.525s] Level 5:colcon.colcon_core.verb:set package 'piper_handpose_controller' build argument 'catkin_skip_building_tests' from command line to 'False'
[1.525s] DEBUG:colcon.colcon_core.verb:Building package 'piper_handpose_controller' with the following arguments: {'ament_cmake_args': None, 'build_base': '/home/yue/robot/build/piper_handpose_controller', 'catkin_cmake_args': None, 'catkin_skip_building_tests': False, 'cmake_args': None, 'cmake_clean_cache': False, 'cmake_clean_first': False, 'cmake_force_configure': False, 'cmake_target': None, 'cmake_target_skip_unavailable': False, 'install_base': '/home/yue/robot/install/piper_handpose_controller', 'merge_install': False, 'path': '/home/yue/robot/src/piper_handpose_controller', 'symlink_install': False, 'test_result_base': None}
[1.526s] INFO:colcon.colcon_core.executor:Executing jobs using 'parallel' executor
[1.528s] DEBUG:colcon.colcon_parallel_executor.executor.parallel:run_until_complete
[1.528s] INFO:colcon.colcon_ros.task.ament_python.build:Building ROS package in '/home/yue/robot/src/piper_handpose_controller' with build type 'ament_python'
[1.529s] Level 1:colcon.colcon_core.shell:create_environment_hook('piper_handpose_controller', 'ament_prefix_path')
[1.534s] INFO:colcon.colcon_core.plugin_system:Skipping extension 'colcon_core.shell.bat': Not used on non-Windows systems
[1.534s] INFO:colcon.colcon_core.shell:Creating environment hook '/home/yue/robot/install/piper_handpose_controller/share/piper_handpose_controller/hook/ament_prefix_path.ps1'
[1.536s] INFO:colcon.colcon_core.shell:Creating environment descriptor '/home/yue/robot/install/piper_handpose_controller/share/piper_handpose_controller/hook/ament_prefix_path.dsv'
[1.537s] INFO:colcon.colcon_core.shell:Creating environment hook '/home/yue/robot/install/piper_handpose_controller/share/piper_handpose_controller/hook/ament_prefix_path.sh'
[1.539s] INFO:colcon.colcon_core.shell:Skip shell extension 'powershell' for command environment: Not usable outside of PowerShell
[1.539s] DEBUG:colcon.colcon_core.shell:Skip shell extension 'dsv' for command environment
[1.542s] ERROR:colcon.colcon_ros.task.ament_python.build:Failed to find the following files:
- /home/yue/robot/install/piper_msgs/share/piper_msgs/package.sh
Check that the following packages have been built:
- piper_msgs
[1.553s] DEBUG:colcon.colcon_parallel_executor.executor.parallel:closing loop
[1.553s] DEBUG:colcon.colcon_parallel_executor.executor.parallel:loop closed
[1.553s] DEBUG:colcon.colcon_parallel_executor.executor.parallel:run_until_complete finished with '1'
[1.553s] DEBUG:colcon.colcon_core.event_reactor:joining thread
[1.566s] INFO:colcon.colcon_core.plugin_system:Skipping extension 'colcon_notification.desktop_notification.terminal_notifier': Not used on non-Darwin systems
[1.567s] INFO:colcon.colcon_core.plugin_system:Skipping extension 'colcon_notification.desktop_notification.win32': Not used on non-Windows systems
[1.567s] INFO:colcon.colcon_notification.desktop_notification:Sending desktop notification using 'notify2'
[1.670s] DEBUG:colcon.colcon_core.event_reactor:joined thread
[1.673s] INFO:colcon.colcon_core.shell:Creating prefix script '/home/yue/robot/install/local_setup.ps1'
[1.679s] INFO:colcon.colcon_core.shell:Creating prefix util module '/home/yue/robot/install/_local_setup_util_ps1.py'
[1.686s] INFO:colcon.colcon_core.shell:Creating prefix chain script '/home/yue/robot/install/setup.ps1'
[1.693s] INFO:colcon.colcon_core.shell:Creating prefix script '/home/yue/robot/install/local_setup.sh'
[1.695s] INFO:colcon.colcon_core.shell:Creating prefix util module '/home/yue/robot/install/_local_setup_util_sh.py'
[1.697s] INFO:colcon.colcon_core.shell:Creating prefix chain script '/home/yue/robot/install/setup.sh'
[1.701s] INFO:colcon.colcon_core.shell:Creating prefix script '/home/yue/robot/install/local_setup.bash'
[1.703s] INFO:colcon.colcon_core.shell:Creating prefix chain script '/home/yue/robot/install/setup.bash'
[1.706s] INFO:colcon.colcon_core.shell:Creating prefix script '/home/yue/robot/install/local_setup.zsh'
[1.708s] INFO:colcon.colcon_core.shell:Creating prefix chain script '/home/yue/robot/install/setup.zsh'
