[1.340s] Invoking command in '/home/yue/robot/build/piper_gazebo': CMAKE_PREFIX_PATH=${CMAKE_PREFIX_PATH}:/opt/ros/humble /usr/bin/cmake /home/yue/robot/src/Piper_ros/src/piper_sim/piper_gazebo -DCMAKE_INSTALL_PREFIX=/home/yue/robot/install/piper_gazebo
[1.488s] -- The C compiler identification is GNU 11.4.0
[1.624s] -- The CXX compiler identification is GNU 11.4.0
[1.642s] -- Detecting C compiler ABI info
[1.833s] -- Detecting C compiler ABI info - done
[1.842s] -- Check for working C compiler: /usr/bin/cc - skipped
[1.843s] -- Detecting C compile features
[1.844s] -- Detecting C compile features - done
[1.858s] -- Detecting CXX compiler ABI info
[2.183s] -- Detecting CXX compiler ABI info - done
[2.193s] -- Check for working CXX compiler: /usr/bin/c++ - skipped
[2.194s] -- Detecting CXX compile features
[2.194s] -- Detecting CXX compile features - done
[2.199s] -- Found ament_cmake: 1.3.12 (/opt/ros/humble/share/ament_cmake/cmake)
[2.674s] -- Found Python3: /usr/bin/python3 (found version "3.10.12") found components: Interpreter 
[2.897s] -- Found ament_lint_auto: 0.12.14 (/opt/ros/humble/share/ament_lint_auto/cmake)
[3.147s] -- Added test 'copyright' to check source files copyright and LICENSE
[3.151s] -- Added test 'flake8' to check Python code syntax and style conventions
[3.152s] -- Added test 'lint_cmake' to check CMake code style
[3.153s] -- Added test 'pep257' to check Python code against some of the docstring style conventions in PEP 257
[3.155s] -- Added test 'xmllint' to check XML markup files
[3.166s] -- Configuring done
[3.178s] -- Generating done
[3.181s] -- Build files have been written to: /home/yue/robot/build/piper_gazebo
[3.225s] Invoked command in '/home/yue/robot/build/piper_gazebo' returned '0': CMAKE_PREFIX_PATH=${CMAKE_PREFIX_PATH}:/opt/ros/humble /usr/bin/cmake /home/yue/robot/src/Piper_ros/src/piper_sim/piper_gazebo -DCMAKE_INSTALL_PREFIX=/home/yue/robot/install/piper_gazebo
[3.226s] Invoking command in '/home/yue/robot/build/piper_gazebo': CMAKE_PREFIX_PATH=${CMAKE_PREFIX_PATH}:/opt/ros/humble /usr/bin/cmake --build /home/yue/robot/build/piper_gazebo -- -j6 -l6
[3.391s] Invoked command in '/home/yue/robot/build/piper_gazebo' returned '0': CMAKE_PREFIX_PATH=${CMAKE_PREFIX_PATH}:/opt/ros/humble /usr/bin/cmake --build /home/yue/robot/build/piper_gazebo -- -j6 -l6
[3.392s] Invoking command in '/home/yue/robot/build/piper_gazebo': CMAKE_PREFIX_PATH=${CMAKE_PREFIX_PATH}:/opt/ros/humble /usr/bin/cmake --install /home/yue/robot/build/piper_gazebo
[3.424s] -- Install configuration: ""
[3.424s] -- Installing: /home/yue/robot/install/piper_gazebo/share/piper_gazebo/launch
[3.424s] -- Installing: /home/yue/robot/install/piper_gazebo/share/piper_gazebo/launch/piper_no_gripper
[3.425s] -- Installing: /home/yue/robot/install/piper_gazebo/share/piper_gazebo/launch/piper_no_gripper/piper_no_gripper_gazebo.launch.py
[3.425s] -- Installing: /home/yue/robot/install/piper_gazebo/share/piper_gazebo/launch/piper_with_gripper
[3.425s] -- Installing: /home/yue/robot/install/piper_gazebo/share/piper_gazebo/launch/piper_with_gripper/piper_gazebo.launch.py
[3.425s] -- Installing: /home/yue/robot/install/piper_gazebo/share/piper_gazebo/config
[3.425s] -- Installing: /home/yue/robot/install/piper_gazebo/share/piper_gazebo/config/ros2_controllers.yaml
[3.456s] -- Installing: /home/yue/robot/install/piper_gazebo/share/piper_gazebo/config/ros2_no_gripper_controllers.yaml
[3.457s] -- Installing: /home/yue/robot/install/piper_gazebo/share/piper_gazebo/scripts
[3.457s] -- Installing: /home/yue/robot/install/piper_gazebo/share/piper_gazebo/scripts/joint8_ctrl.py
[3.457s] -- Installing: /home/yue/robot/install/piper_gazebo/lib/piper_gazebo/joint8_ctrl.py
[3.458s] -- Installing: /home/yue/robot/install/piper_gazebo/share/ament_index/resource_index/package_run_dependencies/piper_gazebo
[3.459s] -- Installing: /home/yue/robot/install/piper_gazebo/share/ament_index/resource_index/parent_prefix_path/piper_gazebo
[3.459s] -- Installing: /home/yue/robot/install/piper_gazebo/share/piper_gazebo/environment/ament_prefix_path.sh
[3.459s] -- Installing: /home/yue/robot/install/piper_gazebo/share/piper_gazebo/environment/ament_prefix_path.dsv
[3.459s] -- Installing: /home/yue/robot/install/piper_gazebo/share/piper_gazebo/environment/path.sh
[3.459s] -- Installing: /home/yue/robot/install/piper_gazebo/share/piper_gazebo/environment/path.dsv
[3.462s] -- Installing: /home/yue/robot/install/piper_gazebo/share/piper_gazebo/local_setup.bash
[3.462s] -- Installing: /home/yue/robot/install/piper_gazebo/share/piper_gazebo/local_setup.sh
[3.462s] -- Installing: /home/yue/robot/install/piper_gazebo/share/piper_gazebo/local_setup.zsh
[3.462s] -- Installing: /home/yue/robot/install/piper_gazebo/share/piper_gazebo/local_setup.dsv
[3.462s] -- Installing: /home/yue/robot/install/piper_gazebo/share/piper_gazebo/package.dsv
[3.462s] -- Installing: /home/yue/robot/install/piper_gazebo/share/ament_index/resource_index/packages/piper_gazebo
[3.463s] -- Installing: /home/yue/robot/install/piper_gazebo/share/piper_gazebo/cmake/piper_gazeboConfig.cmake
[3.468s] -- Installing: /home/yue/robot/install/piper_gazebo/share/piper_gazebo/cmake/piper_gazeboConfig-version.cmake
[3.469s] -- Installing: /home/yue/robot/install/piper_gazebo/share/piper_gazebo/package.xml
[3.478s] Invoked command in '/home/yue/robot/build/piper_gazebo' returned '0': CMAKE_PREFIX_PATH=${CMAKE_PREFIX_PATH}:/opt/ros/humble /usr/bin/cmake --install /home/yue/robot/build/piper_gazebo
