[0.028s] Invoking command in '/home/yue/robot/build/handpose_publisher': CMAKE_PREFIX_PATH=${CMAKE_PREFIX_PATH}:/opt/ros/humble /usr/bin/cmake --build /home/yue/robot/build/handpose_publisher -- -j6 -l6
[0.121s] [35m[1mConsolidate compiler generated dependencies of target handpose_publisher__rosidl_generator_c[0m
[0.144s] [ 12%] Built target handpose_publisher__rosidl_generator_c
[0.144s] [ 12%] Built target handpose_publisher__cpp
[0.183s] [35m[1mConsolidate compiler generated dependencies of target handpose_publisher__rosidl_typesupport_fastrtps_c[0m
[0.189s] [ 12%] Built target ament_cmake_python_copy_handpose_publisher
[0.190s] [35m[1mConsolidate compiler generated dependencies of target handpose_publisher__rosidl_typesupport_c[0m
[0.204s] [35m[1mConsolidate compiler generated dependencies of target handpose_publisher__rosidl_typesupport_introspection_c[0m
[0.205s] [35m[1mConsolidate compiler generated dependencies of target handpose_publisher__rosidl_typesupport_fastrtps_cpp[0m
[0.206s] [35m[1mConsolidate compiler generated dependencies of target handpose_publisher__rosidl_typesupport_cpp[0m
[0.228s] [35m[1mConsolidate compiler generated dependencies of target handpose_publisher__rosidl_typesupport_introspection_cpp[0m
[0.230s] [ 21%] Built target handpose_publisher__rosidl_typesupport_fastrtps_c
[0.252s] [ 30%] Built target handpose_publisher__rosidl_typesupport_c
[0.259s] [ 48%] Built target handpose_publisher__rosidl_typesupport_fastrtps_cpp
[0.260s] [ 48%] Built target handpose_publisher__rosidl_typesupport_introspection_c
[0.267s] [ 57%] Built target handpose_publisher__rosidl_typesupport_cpp
[0.276s] [ 66%] Built target handpose_publisher__rosidl_typesupport_introspection_cpp
[0.300s] [35m[1mConsolidate compiler generated dependencies of target leap_handpose_publisher[0m
[0.340s] [ 66%] Built target handpose_publisher
[0.350s] [ 69%] [32mBuilding CXX object CMakeFiles/leap_handpose_publisher.dir/src/leap_handpose_publisher.cpp.o[0m
[0.388s] [ 72%] Built target handpose_publisher__py
[0.431s] [35m[1mConsolidate compiler generated dependencies of target handpose_publisher__rosidl_generator_py[0m
[0.478s] [ 78%] Built target handpose_publisher__rosidl_generator_py
[0.515s] [35m[1mConsolidate compiler generated dependencies of target handpose_publisher__rosidl_typesupport_introspection_c__pyext[0m
[0.547s] [35m[1mConsolidate compiler generated dependencies of target handpose_publisher__rosidl_typesupport_fastrtps_c__pyext[0m
[0.554s] [35m[1mConsolidate compiler generated dependencies of target handpose_publisher__rosidl_typesupport_c__pyext[0m
[0.593s] [ 84%] Built target handpose_publisher__rosidl_typesupport_fastrtps_c__pyext
[0.595s] [ 90%] Built target handpose_publisher__rosidl_typesupport_introspection_c__pyext
[0.604s] [ 96%] Built target handpose_publisher__rosidl_typesupport_c__pyext
[0.775s] running egg_info
[0.777s] writing handpose_publisher.egg-info/PKG-INFO
[0.779s] writing dependency_links to handpose_publisher.egg-info/dependency_links.txt
[0.779s] writing top-level names to handpose_publisher.egg-info/top_level.txt
[0.783s] reading manifest file 'handpose_publisher.egg-info/SOURCES.txt'
[0.784s] writing manifest file 'handpose_publisher.egg-info/SOURCES.txt'
[0.865s] [ 96%] Built target ament_cmake_python_build_handpose_publisher_egg
[10.576s] [100%] [32m[1mLinking CXX executable leap_handpose_publisher[0m
[11.023s] [100%] Built target leap_handpose_publisher
[11.050s] Invoked command in '/home/yue/robot/build/handpose_publisher' returned '0': CMAKE_PREFIX_PATH=${CMAKE_PREFIX_PATH}:/opt/ros/humble /usr/bin/cmake --build /home/yue/robot/build/handpose_publisher -- -j6 -l6
[11.078s] Invoking command in '/home/yue/robot/build/handpose_publisher': CMAKE_PREFIX_PATH=${CMAKE_PREFIX_PATH}:/opt/ros/humble /usr/bin/cmake --install /home/yue/robot/build/handpose_publisher
[11.100s] -- Install configuration: ""
[11.101s] -- Up-to-date: /home/yue/robot/install/handpose_publisher/share/ament_index/resource_index/rosidl_interfaces/handpose_publisher
[11.102s] -- Up-to-date: /home/yue/robot/install/handpose_publisher/include/handpose_publisher/handpose_publisher
[11.102s] -- Up-to-date: /home/yue/robot/install/handpose_publisher/include/handpose_publisher/handpose_publisher/msg
[11.103s] -- Up-to-date: /home/yue/robot/install/handpose_publisher/include/handpose_publisher/handpose_publisher/msg/detail
[11.103s] -- Installing: /home/yue/robot/install/handpose_publisher/include/handpose_publisher/handpose_publisher/msg/detail/hand_flange__struct.h
[11.103s] -- Installing: /home/yue/robot/install/handpose_publisher/include/handpose_publisher/handpose_publisher/msg/detail/hand_flange__functions.h
[11.103s] -- Installing: /home/yue/robot/install/handpose_publisher/include/handpose_publisher/handpose_publisher/msg/detail/hand_flange__functions.c
[11.104s] -- Installing: /home/yue/robot/install/handpose_publisher/include/handpose_publisher/handpose_publisher/msg/detail/hand_flange__type_support.h
[11.104s] -- Up-to-date: /home/yue/robot/install/handpose_publisher/include/handpose_publisher/handpose_publisher/msg/rosidl_generator_c__visibility_control.h
[11.105s] -- Installing: /home/yue/robot/install/handpose_publisher/include/handpose_publisher/handpose_publisher/msg/hand_flange.h
[11.105s] -- Up-to-date: /home/yue/robot/install/handpose_publisher/share/handpose_publisher/environment/library_path.sh
[11.105s] -- Installing: /home/yue/robot/install/handpose_publisher/share/handpose_publisher/environment/library_path.dsv
[11.107s] -- Installing: /home/yue/robot/install/handpose_publisher/lib/libhandpose_publisher__rosidl_generator_c.so
[11.108s] -- Set runtime path of "/home/yue/robot/install/handpose_publisher/lib/libhandpose_publisher__rosidl_generator_c.so" to ""
[11.109s] -- Up-to-date: /home/yue/robot/install/handpose_publisher/include/handpose_publisher/handpose_publisher
[11.109s] -- Up-to-date: /home/yue/robot/install/handpose_publisher/include/handpose_publisher/handpose_publisher/msg
[11.109s] -- Up-to-date: /home/yue/robot/install/handpose_publisher/include/handpose_publisher/handpose_publisher/msg/detail
[11.109s] -- Installing: /home/yue/robot/install/handpose_publisher/include/handpose_publisher/handpose_publisher/msg/detail/hand_flange__rosidl_typesupport_fastrtps_c.h
[11.110s] -- Up-to-date: /home/yue/robot/install/handpose_publisher/include/handpose_publisher/handpose_publisher/msg/rosidl_typesupport_fastrtps_c__visibility_control.h
[11.110s] -- Installing: /home/yue/robot/install/handpose_publisher/lib/libhandpose_publisher__rosidl_typesupport_fastrtps_c.so
[11.111s] -- Set runtime path of "/home/yue/robot/install/handpose_publisher/lib/libhandpose_publisher__rosidl_typesupport_fastrtps_c.so" to ""
[11.112s] -- Up-to-date: /home/yue/robot/install/handpose_publisher/include/handpose_publisher/handpose_publisher
[11.112s] -- Up-to-date: /home/yue/robot/install/handpose_publisher/include/handpose_publisher/handpose_publisher/msg
[11.112s] -- Up-to-date: /home/yue/robot/install/handpose_publisher/include/handpose_publisher/handpose_publisher/msg/detail
[11.112s] -- Installing: /home/yue/robot/install/handpose_publisher/include/handpose_publisher/handpose_publisher/msg/detail/hand_flange__type_support.hpp
[11.113s] -- Installing: /home/yue/robot/install/handpose_publisher/include/handpose_publisher/handpose_publisher/msg/detail/hand_flange__traits.hpp
[11.113s] -- Installing: /home/yue/robot/install/handpose_publisher/include/handpose_publisher/handpose_publisher/msg/detail/hand_flange__builder.hpp
[11.113s] -- Installing: /home/yue/robot/install/handpose_publisher/include/handpose_publisher/handpose_publisher/msg/detail/hand_flange__struct.hpp
[11.113s] -- Up-to-date: /home/yue/robot/install/handpose_publisher/include/handpose_publisher/handpose_publisher/msg/rosidl_generator_cpp__visibility_control.hpp
[11.113s] -- Installing: /home/yue/robot/install/handpose_publisher/include/handpose_publisher/handpose_publisher/msg/hand_flange.hpp
[11.114s] -- Up-to-date: /home/yue/robot/install/handpose_publisher/include/handpose_publisher/handpose_publisher
[11.114s] -- Up-to-date: /home/yue/robot/install/handpose_publisher/include/handpose_publisher/handpose_publisher/msg
[11.114s] -- Up-to-date: /home/yue/robot/install/handpose_publisher/include/handpose_publisher/handpose_publisher/msg/detail
[11.115s] -- Installing: /home/yue/robot/install/handpose_publisher/include/handpose_publisher/handpose_publisher/msg/detail/hand_flange__rosidl_typesupport_fastrtps_cpp.hpp
[11.115s] -- Up-to-date: /home/yue/robot/install/handpose_publisher/include/handpose_publisher/handpose_publisher/msg/detail/dds_fastrtps
[11.115s] -- Up-to-date: /home/yue/robot/install/handpose_publisher/include/handpose_publisher/handpose_publisher/msg/rosidl_typesupport_fastrtps_cpp__visibility_control.h
[11.115s] -- Installing: /home/yue/robot/install/handpose_publisher/lib/libhandpose_publisher__rosidl_typesupport_fastrtps_cpp.so
[11.115s] -- Set runtime path of "/home/yue/robot/install/handpose_publisher/lib/libhandpose_publisher__rosidl_typesupport_fastrtps_cpp.so" to ""
[11.116s] -- Up-to-date: /home/yue/robot/install/handpose_publisher/include/handpose_publisher/handpose_publisher
[11.116s] -- Up-to-date: /home/yue/robot/install/handpose_publisher/include/handpose_publisher/handpose_publisher/msg
[11.116s] -- Up-to-date: /home/yue/robot/install/handpose_publisher/include/handpose_publisher/handpose_publisher/msg/detail
[11.116s] -- Installing: /home/yue/robot/install/handpose_publisher/include/handpose_publisher/handpose_publisher/msg/detail/hand_flange__rosidl_typesupport_introspection_c.h
[11.117s] -- Installing: /home/yue/robot/install/handpose_publisher/include/handpose_publisher/handpose_publisher/msg/detail/hand_flange__type_support.c
[11.117s] -- Up-to-date: /home/yue/robot/install/handpose_publisher/include/handpose_publisher/handpose_publisher/msg/rosidl_typesupport_introspection_c__visibility_control.h
[11.118s] -- Installing: /home/yue/robot/install/handpose_publisher/lib/libhandpose_publisher__rosidl_typesupport_introspection_c.so
[11.120s] -- Set runtime path of "/home/yue/robot/install/handpose_publisher/lib/libhandpose_publisher__rosidl_typesupport_introspection_c.so" to ""
[11.121s] -- Installing: /home/yue/robot/install/handpose_publisher/lib/libhandpose_publisher__rosidl_typesupport_c.so
[11.122s] -- Set runtime path of "/home/yue/robot/install/handpose_publisher/lib/libhandpose_publisher__rosidl_typesupport_c.so" to ""
[11.122s] -- Up-to-date: /home/yue/robot/install/handpose_publisher/include/handpose_publisher/handpose_publisher
[11.123s] -- Up-to-date: /home/yue/robot/install/handpose_publisher/include/handpose_publisher/handpose_publisher/msg
[11.123s] -- Up-to-date: /home/yue/robot/install/handpose_publisher/include/handpose_publisher/handpose_publisher/msg/detail
[11.123s] -- Installing: /home/yue/robot/install/handpose_publisher/include/handpose_publisher/handpose_publisher/msg/detail/hand_flange__rosidl_typesupport_introspection_cpp.hpp
[11.123s] -- Installing: /home/yue/robot/install/handpose_publisher/include/handpose_publisher/handpose_publisher/msg/detail/hand_flange__type_support.cpp
[11.123s] -- Installing: /home/yue/robot/install/handpose_publisher/lib/libhandpose_publisher__rosidl_typesupport_introspection_cpp.so
[11.124s] -- Set runtime path of "/home/yue/robot/install/handpose_publisher/lib/libhandpose_publisher__rosidl_typesupport_introspection_cpp.so" to ""
[11.125s] -- Installing: /home/yue/robot/install/handpose_publisher/lib/libhandpose_publisher__rosidl_typesupport_cpp.so
[11.125s] -- Set runtime path of "/home/yue/robot/install/handpose_publisher/lib/libhandpose_publisher__rosidl_typesupport_cpp.so" to ""
[11.126s] -- Up-to-date: /home/yue/robot/install/handpose_publisher/share/handpose_publisher/environment/pythonpath.sh
[11.126s] -- Installing: /home/yue/robot/install/handpose_publisher/share/handpose_publisher/environment/pythonpath.dsv
[11.127s] -- Up-to-date: /home/yue/robot/install/handpose_publisher/local/lib/python3.10/dist-packages/handpose_publisher-0.1.0-py3.10.egg-info
[11.127s] -- Installing: /home/yue/robot/install/handpose_publisher/local/lib/python3.10/dist-packages/handpose_publisher-0.1.0-py3.10.egg-info/dependency_links.txt
[11.127s] -- Installing: /home/yue/robot/install/handpose_publisher/local/lib/python3.10/dist-packages/handpose_publisher-0.1.0-py3.10.egg-info/top_level.txt
[11.128s] -- Installing: /home/yue/robot/install/handpose_publisher/local/lib/python3.10/dist-packages/handpose_publisher-0.1.0-py3.10.egg-info/PKG-INFO
[11.128s] -- Installing: /home/yue/robot/install/handpose_publisher/local/lib/python3.10/dist-packages/handpose_publisher-0.1.0-py3.10.egg-info/SOURCES.txt
[11.128s] -- Up-to-date: /home/yue/robot/install/handpose_publisher/local/lib/python3.10/dist-packages/handpose_publisher
[11.129s] -- Installing: /home/yue/robot/install/handpose_publisher/local/lib/python3.10/dist-packages/handpose_publisher/libhandpose_publisher__rosidl_generator_py.so
[11.129s] -- Installing: /home/yue/robot/install/handpose_publisher/local/lib/python3.10/dist-packages/handpose_publisher/handpose_publisher_s__rosidl_typesupport_introspection_c.cpython-310-aarch64-linux-gnu.so
[11.130s] -- Installing: /home/yue/robot/install/handpose_publisher/local/lib/python3.10/dist-packages/handpose_publisher/_handpose_publisher_s.ep.rosidl_typesupport_introspection_c.c
[11.131s] -- Installing: /home/yue/robot/install/handpose_publisher/local/lib/python3.10/dist-packages/handpose_publisher/_handpose_publisher_s.ep.rosidl_typesupport_c.c
[11.132s] -- Installing: /home/yue/robot/install/handpose_publisher/local/lib/python3.10/dist-packages/handpose_publisher/__init__.py
[11.132s] -- Installing: /home/yue/robot/install/handpose_publisher/local/lib/python3.10/dist-packages/handpose_publisher/_handpose_publisher_s.ep.rosidl_typesupport_fastrtps_c.c
[11.132s] -- Installing: /home/yue/robot/install/handpose_publisher/local/lib/python3.10/dist-packages/handpose_publisher/handpose_publisher_s__rosidl_typesupport_c.cpython-310-aarch64-linux-gnu.so
[11.132s] -- Installing: /home/yue/robot/install/handpose_publisher/local/lib/python3.10/dist-packages/handpose_publisher/handpose_publisher_s__rosidl_typesupport_fastrtps_c.cpython-310-aarch64-linux-gnu.so
[11.133s] -- Up-to-date: /home/yue/robot/install/handpose_publisher/local/lib/python3.10/dist-packages/handpose_publisher/msg
[11.133s] -- Installing: /home/yue/robot/install/handpose_publisher/local/lib/python3.10/dist-packages/handpose_publisher/msg/_hand_flange_s.c
[11.134s] -- Installing: /home/yue/robot/install/handpose_publisher/local/lib/python3.10/dist-packages/handpose_publisher/msg/_hand_flange.py
[11.134s] -- Installing: /home/yue/robot/install/handpose_publisher/local/lib/python3.10/dist-packages/handpose_publisher/msg/__init__.py
[11.221s] Listing '/home/yue/robot/install/handpose_publisher/local/lib/python3.10/dist-packages/handpose_publisher'...
[11.221s] Compiling '/home/yue/robot/install/handpose_publisher/local/lib/python3.10/dist-packages/handpose_publisher/__init__.py'...
[11.221s] Listing '/home/yue/robot/install/handpose_publisher/local/lib/python3.10/dist-packages/handpose_publisher/msg'...
[11.221s] Compiling '/home/yue/robot/install/handpose_publisher/local/lib/python3.10/dist-packages/handpose_publisher/msg/__init__.py'...
[11.221s] Compiling '/home/yue/robot/install/handpose_publisher/local/lib/python3.10/dist-packages/handpose_publisher/msg/_hand_flange.py'...
[11.234s] -- Installing: /home/yue/robot/install/handpose_publisher/local/lib/python3.10/dist-packages/handpose_publisher/handpose_publisher_s__rosidl_typesupport_fastrtps_c.cpython-310-aarch64-linux-gnu.so
[11.235s] -- Set runtime path of "/home/yue/robot/install/handpose_publisher/local/lib/python3.10/dist-packages/handpose_publisher/handpose_publisher_s__rosidl_typesupport_fastrtps_c.cpython-310-aarch64-linux-gnu.so" to ""
[11.235s] -- Installing: /home/yue/robot/install/handpose_publisher/local/lib/python3.10/dist-packages/handpose_publisher/handpose_publisher_s__rosidl_typesupport_introspection_c.cpython-310-aarch64-linux-gnu.so
[11.236s] -- Set runtime path of "/home/yue/robot/install/handpose_publisher/local/lib/python3.10/dist-packages/handpose_publisher/handpose_publisher_s__rosidl_typesupport_introspection_c.cpython-310-aarch64-linux-gnu.so" to ""
[11.237s] -- Installing: /home/yue/robot/install/handpose_publisher/local/lib/python3.10/dist-packages/handpose_publisher/handpose_publisher_s__rosidl_typesupport_c.cpython-310-aarch64-linux-gnu.so
[11.237s] -- Set runtime path of "/home/yue/robot/install/handpose_publisher/local/lib/python3.10/dist-packages/handpose_publisher/handpose_publisher_s__rosidl_typesupport_c.cpython-310-aarch64-linux-gnu.so" to ""
[11.238s] -- Installing: /home/yue/robot/install/handpose_publisher/lib/libhandpose_publisher__rosidl_generator_py.so
[11.239s] -- Set runtime path of "/home/yue/robot/install/handpose_publisher/lib/libhandpose_publisher__rosidl_generator_py.so" to ""
[11.240s] -- Installing: /home/yue/robot/install/handpose_publisher/share/handpose_publisher/msg/HandFlange.idl
[11.240s] -- Installing: /home/yue/robot/install/handpose_publisher/share/handpose_publisher/msg/HandFlange.msg
[11.242s] -- Installing: /home/yue/robot/install/handpose_publisher/lib/handpose_publisher/leap_handpose_publisher
[11.247s] -- Set runtime path of "/home/yue/robot/install/handpose_publisher/lib/handpose_publisher/leap_handpose_publisher" to "/opt/ultraleap/LeapSDK/lib"
[11.248s] -- Up-to-date: /home/yue/robot/install/handpose_publisher/share/handpose_publisher/msg
[11.248s] -- Up-to-date: /home/yue/robot/install/handpose_publisher/share/handpose_publisher/msg/HandFlange.msg
[11.248s] -- Up-to-date: /home/yue/robot/install/handpose_publisher/share/ament_index/resource_index/package_run_dependencies/handpose_publisher
[11.250s] -- Installing: /home/yue/robot/install/handpose_publisher/share/ament_index/resource_index/parent_prefix_path/handpose_publisher
[11.250s] -- Up-to-date: /home/yue/robot/install/handpose_publisher/share/handpose_publisher/environment/ament_prefix_path.sh
[11.251s] -- Installing: /home/yue/robot/install/handpose_publisher/share/handpose_publisher/environment/ament_prefix_path.dsv
[11.252s] -- Up-to-date: /home/yue/robot/install/handpose_publisher/share/handpose_publisher/environment/path.sh
[11.252s] -- Installing: /home/yue/robot/install/handpose_publisher/share/handpose_publisher/environment/path.dsv
[11.253s] -- Up-to-date: /home/yue/robot/install/handpose_publisher/share/handpose_publisher/local_setup.bash
[11.253s] -- Up-to-date: /home/yue/robot/install/handpose_publisher/share/handpose_publisher/local_setup.sh
[11.253s] -- Up-to-date: /home/yue/robot/install/handpose_publisher/share/handpose_publisher/local_setup.zsh
[11.254s] -- Installing: /home/yue/robot/install/handpose_publisher/share/handpose_publisher/local_setup.dsv
[11.254s] -- Installing: /home/yue/robot/install/handpose_publisher/share/handpose_publisher/package.dsv
[11.255s] -- Up-to-date: /home/yue/robot/install/handpose_publisher/share/ament_index/resource_index/packages/handpose_publisher
[11.255s] -- Up-to-date: /home/yue/robot/install/handpose_publisher/share/handpose_publisher/cmake/export_handpose_publisher__rosidl_generator_cExport.cmake
[11.256s] -- Up-to-date: /home/yue/robot/install/handpose_publisher/share/handpose_publisher/cmake/export_handpose_publisher__rosidl_generator_cExport-noconfig.cmake
[11.256s] -- Up-to-date: /home/yue/robot/install/handpose_publisher/share/handpose_publisher/cmake/export_handpose_publisher__rosidl_typesupport_fastrtps_cExport.cmake
[11.256s] -- Up-to-date: /home/yue/robot/install/handpose_publisher/share/handpose_publisher/cmake/export_handpose_publisher__rosidl_typesupport_fastrtps_cExport-noconfig.cmake
[11.257s] -- Up-to-date: /home/yue/robot/install/handpose_publisher/share/handpose_publisher/cmake/export_handpose_publisher__rosidl_generator_cppExport.cmake
[11.257s] -- Up-to-date: /home/yue/robot/install/handpose_publisher/share/handpose_publisher/cmake/export_handpose_publisher__rosidl_typesupport_fastrtps_cppExport.cmake
[11.257s] -- Up-to-date: /home/yue/robot/install/handpose_publisher/share/handpose_publisher/cmake/export_handpose_publisher__rosidl_typesupport_fastrtps_cppExport-noconfig.cmake
[11.257s] -- Up-to-date: /home/yue/robot/install/handpose_publisher/share/handpose_publisher/cmake/handpose_publisher__rosidl_typesupport_introspection_cExport.cmake
[11.258s] -- Up-to-date: /home/yue/robot/install/handpose_publisher/share/handpose_publisher/cmake/handpose_publisher__rosidl_typesupport_introspection_cExport-noconfig.cmake
[11.259s] -- Up-to-date: /home/yue/robot/install/handpose_publisher/share/handpose_publisher/cmake/handpose_publisher__rosidl_typesupport_cExport.cmake
[11.259s] -- Up-to-date: /home/yue/robot/install/handpose_publisher/share/handpose_publisher/cmake/handpose_publisher__rosidl_typesupport_cExport-noconfig.cmake
[11.259s] -- Up-to-date: /home/yue/robot/install/handpose_publisher/share/handpose_publisher/cmake/handpose_publisher__rosidl_typesupport_introspection_cppExport.cmake
[11.259s] -- Up-to-date: /home/yue/robot/install/handpose_publisher/share/handpose_publisher/cmake/handpose_publisher__rosidl_typesupport_introspection_cppExport-noconfig.cmake
[11.260s] -- Up-to-date: /home/yue/robot/install/handpose_publisher/share/handpose_publisher/cmake/handpose_publisher__rosidl_typesupport_cppExport.cmake
[11.260s] -- Up-to-date: /home/yue/robot/install/handpose_publisher/share/handpose_publisher/cmake/handpose_publisher__rosidl_typesupport_cppExport-noconfig.cmake
[11.260s] -- Up-to-date: /home/yue/robot/install/handpose_publisher/share/handpose_publisher/cmake/export_handpose_publisher__rosidl_generator_pyExport.cmake
[11.261s] -- Up-to-date: /home/yue/robot/install/handpose_publisher/share/handpose_publisher/cmake/export_handpose_publisher__rosidl_generator_pyExport-noconfig.cmake
[11.261s] -- Up-to-date: /home/yue/robot/install/handpose_publisher/share/handpose_publisher/cmake/rosidl_cmake-extras.cmake
[11.261s] -- Up-to-date: /home/yue/robot/install/handpose_publisher/share/handpose_publisher/cmake/ament_cmake_export_dependencies-extras.cmake
[11.261s] -- Up-to-date: /home/yue/robot/install/handpose_publisher/share/handpose_publisher/cmake/ament_cmake_export_include_directories-extras.cmake
[11.261s] -- Up-to-date: /home/yue/robot/install/handpose_publisher/share/handpose_publisher/cmake/ament_cmake_export_libraries-extras.cmake
[11.261s] -- Up-to-date: /home/yue/robot/install/handpose_publisher/share/handpose_publisher/cmake/ament_cmake_export_targets-extras.cmake
[11.262s] -- Up-to-date: /home/yue/robot/install/handpose_publisher/share/handpose_publisher/cmake/rosidl_cmake_export_typesupport_targets-extras.cmake
[11.262s] -- Up-to-date: /home/yue/robot/install/handpose_publisher/share/handpose_publisher/cmake/rosidl_cmake_export_typesupport_libraries-extras.cmake
[11.262s] -- Up-to-date: /home/yue/robot/install/handpose_publisher/share/handpose_publisher/cmake/handpose_publisherConfig.cmake
[11.262s] -- Up-to-date: /home/yue/robot/install/handpose_publisher/share/handpose_publisher/cmake/handpose_publisherConfig-version.cmake
[11.262s] -- Up-to-date: /home/yue/robot/install/handpose_publisher/share/handpose_publisher/package.xml
[11.269s] Invoked command in '/home/yue/robot/build/handpose_publisher' returned '0': CMAKE_PREFIX_PATH=${CMAKE_PREFIX_PATH}:/opt/ros/humble /usr/bin/cmake --install /home/yue/robot/build/handpose_publisher
